INFO [2018-04-03 14:53:18] $x
INFO [2018-04-03 14:53:18] nrow(sort_humans_heart_kidney_DMRs_bed_hypo)
INFO [2018-04-03 14:53:18] 
INFO [2018-04-03 14:53:18] [[2]]
INFO [2018-04-03 14:53:18] nrow(sort_chimps_heart_kidney_DMRs_bed_hypo)
INFO [2018-04-03 14:53:18] 
INFO [2018-04-03 14:53:18] [[3]]
INFO [2018-04-03 14:53:18] nrow(sort_rhesus_heart_kidney_DMRs_bed_hypo)
INFO [2018-04-03 14:53:18] 
INFO [2018-04-03 14:53:18] [[4]]
INFO [2018-04-03 14:53:18] 1964 + 825
INFO [2018-04-03 14:53:18] 
INFO [2018-04-03 14:53:18] [[5]]
INFO [2018-04-03 14:53:18] 669 + 825
INFO [2018-04-03 14:53:18] 
INFO [2018-04-03 14:53:18] [[6]]
INFO [2018-04-03 14:53:18] 1038 + 825
INFO [2018-04-03 14:53:18] 
INFO [2018-04-03 14:53:18] [[7]]
INFO [2018-04-03 14:53:18] [1] 825
INFO [2018-04-03 14:53:18] 
INFO [2018-04-03 14:53:18] $category.names
INFO [2018-04-03 14:53:18] c("SNP pop 1", "SNP pop 2 ", "SNP pop 3")
INFO [2018-04-03 14:53:18] 
INFO [2018-04-03 14:53:18] $output
INFO [2018-04-03 14:53:18] [1] TRUE
INFO [2018-04-03 14:53:18] 
INFO [2018-04-03 14:53:18] $imagetype
INFO [2018-04-03 14:53:18] [1] "png"
INFO [2018-04-03 14:53:18] 
INFO [2018-04-03 14:53:18] $height
INFO [2018-04-03 14:53:18] [1] 480
INFO [2018-04-03 14:53:18] 
INFO [2018-04-03 14:53:18] $width
INFO [2018-04-03 14:53:18] [1] 480
INFO [2018-04-03 14:53:18] 
INFO [2018-04-03 14:53:18] $resolution
INFO [2018-04-03 14:53:18] [1] 300
INFO [2018-04-03 14:53:18] 
INFO [2018-04-03 14:53:18] $compression
INFO [2018-04-03 14:53:18] [1] "lzw"
INFO [2018-04-03 14:53:18] 
INFO [2018-04-03 14:53:18] $lwd
INFO [2018-04-03 14:53:18] [1] 2
INFO [2018-04-03 14:53:18] 
INFO [2018-04-03 14:53:18] $lty
INFO [2018-04-03 14:53:18] [1] "blank"
INFO [2018-04-03 14:53:18] 
INFO [2018-04-03 14:53:18] $fill
INFO [2018-04-03 14:53:18] c("yellow", "purple", "green")
INFO [2018-04-03 14:53:18] 
INFO [2018-04-03 14:53:18] $cex
INFO [2018-04-03 14:53:18] [1] 1
INFO [2018-04-03 14:53:18] 
INFO [2018-04-03 14:53:18] $fontface
INFO [2018-04-03 14:53:18] [1] "bold"
INFO [2018-04-03 14:53:18] 
INFO [2018-04-03 14:53:18] $fontfamily
INFO [2018-04-03 14:53:18] [1] "sans"
INFO [2018-04-03 14:53:18] 
INFO [2018-04-03 14:53:18] $cat.cex
INFO [2018-04-03 14:53:18] [1] 0.6
INFO [2018-04-03 14:53:18] 
INFO [2018-04-03 14:53:18] $cat.fontface
INFO [2018-04-03 14:53:18] [1] "bold"
INFO [2018-04-03 14:53:18] 
INFO [2018-04-03 14:53:18] $cat.default.pos
INFO [2018-04-03 14:53:18] [1] "outer"
INFO [2018-04-03 14:53:18] 
INFO [2018-04-03 14:53:18] $cat.pos
INFO [2018-04-03 14:53:18] c(-27, 27, 135)
INFO [2018-04-03 14:53:18] 
INFO [2018-04-03 14:53:18] $cat.dist
INFO [2018-04-03 14:53:18] c(0.055, 0.055, 0.085)
INFO [2018-04-03 14:53:18] 
INFO [2018-04-03 14:53:18] $cat.fontfamily
INFO [2018-04-03 14:53:18] [1] "sans"
INFO [2018-04-03 14:53:18] 
INFO [2018-04-03 14:53:18] $rotation
INFO [2018-04-03 14:53:18] [1] 1
INFO [2018-04-03 14:53:18] 
ERROR [2018-04-03 14:53:18] Invalid na option: valid options are "none", "stop", and "remove"
