INFO [2018-04-03 14:53:42] [[1]]
INFO [2018-04-03 14:53:42] nrow(sort_humans_heart_kidney_DMRs_bed_hypo)
INFO [2018-04-03 14:53:42] 
INFO [2018-04-03 14:53:42] [[2]]
INFO [2018-04-03 14:53:42] nrow(sort_chimps_heart_kidney_DMRs_bed_hypo)
INFO [2018-04-03 14:53:42] 
INFO [2018-04-03 14:53:42] [[3]]
INFO [2018-04-03 14:53:42] nrow(sort_rhesus_heart_kidney_DMRs_bed_hypo)
INFO [2018-04-03 14:53:42] 
INFO [2018-04-03 14:53:42] [[4]]
INFO [2018-04-03 14:53:42] 1964 + 825
INFO [2018-04-03 14:53:42] 
INFO [2018-04-03 14:53:42] [[5]]
INFO [2018-04-03 14:53:42] 669 + 825
INFO [2018-04-03 14:53:42] 
INFO [2018-04-03 14:53:42] [[6]]
INFO [2018-04-03 14:53:42] 1038 + 825
INFO [2018-04-03 14:53:42] 
INFO [2018-04-03 14:53:42] [[7]]
INFO [2018-04-03 14:53:42] [1] 825
INFO [2018-04-03 14:53:42] 
INFO [2018-04-03 14:53:42] $category.names
INFO [2018-04-03 14:53:42] c("SNP pop 1", "SNP pop 2 ", "SNP pop 3")
INFO [2018-04-03 14:53:42] 
INFO [2018-04-03 14:53:42] $output
INFO [2018-04-03 14:53:42] [1] TRUE
INFO [2018-04-03 14:53:42] 
INFO [2018-04-03 14:53:42] $imagetype
INFO [2018-04-03 14:53:42] [1] "png"
INFO [2018-04-03 14:53:42] 
INFO [2018-04-03 14:53:42] $height
INFO [2018-04-03 14:53:42] [1] 480
INFO [2018-04-03 14:53:42] 
INFO [2018-04-03 14:53:42] $width
INFO [2018-04-03 14:53:42] [1] 480
INFO [2018-04-03 14:53:42] 
INFO [2018-04-03 14:53:42] $resolution
INFO [2018-04-03 14:53:42] [1] 300
INFO [2018-04-03 14:53:42] 
INFO [2018-04-03 14:53:42] $compression
INFO [2018-04-03 14:53:42] [1] "lzw"
INFO [2018-04-03 14:53:42] 
INFO [2018-04-03 14:53:42] $lwd
INFO [2018-04-03 14:53:42] [1] 2
INFO [2018-04-03 14:53:42] 
INFO [2018-04-03 14:53:42] $lty
INFO [2018-04-03 14:53:42] [1] "blank"
INFO [2018-04-03 14:53:42] 
INFO [2018-04-03 14:53:42] $fill
INFO [2018-04-03 14:53:42] c("yellow", "purple", "green")
INFO [2018-04-03 14:53:42] 
INFO [2018-04-03 14:53:42] $cex
INFO [2018-04-03 14:53:42] [1] 1
INFO [2018-04-03 14:53:42] 
INFO [2018-04-03 14:53:42] $fontface
INFO [2018-04-03 14:53:42] [1] "bold"
INFO [2018-04-03 14:53:42] 
INFO [2018-04-03 14:53:42] $fontfamily
INFO [2018-04-03 14:53:42] [1] "sans"
INFO [2018-04-03 14:53:42] 
INFO [2018-04-03 14:53:42] $cat.cex
INFO [2018-04-03 14:53:42] [1] 0.6
INFO [2018-04-03 14:53:42] 
INFO [2018-04-03 14:53:42] $cat.fontface
INFO [2018-04-03 14:53:42] [1] "bold"
INFO [2018-04-03 14:53:42] 
INFO [2018-04-03 14:53:42] $cat.default.pos
INFO [2018-04-03 14:53:42] [1] "outer"
INFO [2018-04-03 14:53:42] 
INFO [2018-04-03 14:53:42] $cat.pos
INFO [2018-04-03 14:53:42] c(-27, 27, 135)
INFO [2018-04-03 14:53:42] 
INFO [2018-04-03 14:53:42] $cat.dist
INFO [2018-04-03 14:53:42] c(0.055, 0.055, 0.085)
INFO [2018-04-03 14:53:42] 
INFO [2018-04-03 14:53:42] $cat.fontfamily
INFO [2018-04-03 14:53:42] [1] "sans"
INFO [2018-04-03 14:53:42] 
INFO [2018-04-03 14:53:42] $rotation
INFO [2018-04-03 14:53:42] [1] 1
INFO [2018-04-03 14:53:42] 
ERROR [2018-04-03 14:53:42] Invalid na option: valid options are "none", "stop", and "remove"
