INFO [2018-04-26 15:07:58] [[1]]
INFO [2018-04-26 15:07:58] mylist
INFO [2018-04-26 15:07:58] 
INFO [2018-04-26 15:07:58] $filename
INFO [2018-04-26 15:07:58] [1] "name_file"
INFO [2018-04-26 15:07:58] 
INFO [2018-04-26 15:07:58] $main.cex
INFO [2018-04-26 15:07:58] [1] 3
INFO [2018-04-26 15:07:58] 
INFO [2018-04-26 15:07:58] $cat.cex
INFO [2018-04-26 15:07:58] [1] 2.5
INFO [2018-04-26 15:07:58] 
INFO [2018-04-26 15:07:58] $cex
INFO [2018-04-26 15:07:58] [1] 2.5
INFO [2018-04-26 15:07:58] 
INFO [2018-04-26 15:07:58] $fill
INFO [2018-04-26 15:07:58] pal[1:3]
INFO [2018-04-26 15:07:58] 
INFO [2018-04-26 15:07:58] $lty
INFO [2018-04-26 15:07:58] [1] 1
INFO [2018-04-26 15:07:58] 
INFO [2018-04-26 15:07:58] $height
INFO [2018-04-26 15:07:58] [1] 20000
INFO [2018-04-26 15:07:58] 
INFO [2018-04-26 15:07:58] $width
INFO [2018-04-26 15:07:58] [1] 2e+05
INFO [2018-04-26 15:07:58] 
INFO [2018-04-26 15:07:58] $fontfamily
INFO [2018-04-26 15:07:58] [1] "sans"
INFO [2018-04-26 15:07:58] 
INFO [2018-04-26 15:07:58] $cat.fontfamily
INFO [2018-04-26 15:07:58] [1] "sans"
INFO [2018-04-26 15:07:58] 
INFO [2018-04-26 15:07:58] $main.fontfamily
INFO [2018-04-26 15:07:58] [1] "sans"
INFO [2018-04-26 15:07:58] 
INFO [2018-04-26 15:07:58] $cat.fontface
INFO [2018-04-26 15:07:58] [1] "bold"
INFO [2018-04-26 15:07:58] 
INFO [2018-04-26 15:07:58] $main.fontface
INFO [2018-04-26 15:07:58] [1] "bold"
INFO [2018-04-26 15:07:58] 
INFO [2018-04-26 15:07:58] $cat.dist
INFO [2018-04-26 15:07:58] -0.045
INFO [2018-04-26 15:07:58] 
