INFO [2018-04-26 11:13:22] [[1]]
INFO [2018-04-26 11:13:22] mylist
INFO [2018-04-26 11:13:22] 
INFO [2018-04-26 11:13:22] $filename
INFO [2018-04-26 11:13:22] [1] "name_file"
INFO [2018-04-26 11:13:22] 
INFO [2018-04-26 11:13:22] $main.cex
INFO [2018-04-26 11:13:22] [1] 3
INFO [2018-04-26 11:13:22] 
INFO [2018-04-26 11:13:22] $cat.cex
INFO [2018-04-26 11:13:22] [1] 2.5
INFO [2018-04-26 11:13:22] 
INFO [2018-04-26 11:13:22] $cex
INFO [2018-04-26 11:13:22] [1] 2.5
INFO [2018-04-26 11:13:22] 
INFO [2018-04-26 11:13:22] $fill
INFO [2018-04-26 11:13:22] pal[1:3]
INFO [2018-04-26 11:13:22] 
INFO [2018-04-26 11:13:22] $lty
INFO [2018-04-26 11:13:22] [1] 1
INFO [2018-04-26 11:13:22] 
INFO [2018-04-26 11:13:22] $height
INFO [2018-04-26 11:13:22] [1] 20000
INFO [2018-04-26 11:13:22] 
INFO [2018-04-26 11:13:22] $width
INFO [2018-04-26 11:13:22] [1] 2e+05
INFO [2018-04-26 11:13:22] 
INFO [2018-04-26 11:13:22] $fontfamily
INFO [2018-04-26 11:13:22] [1] "sans"
INFO [2018-04-26 11:13:22] 
INFO [2018-04-26 11:13:22] $cat.fontfamily
INFO [2018-04-26 11:13:22] [1] "sans"
INFO [2018-04-26 11:13:22] 
INFO [2018-04-26 11:13:22] $main.fontfamily
INFO [2018-04-26 11:13:22] [1] "sans"
INFO [2018-04-26 11:13:22] 
INFO [2018-04-26 11:13:22] $cat.fontface
INFO [2018-04-26 11:13:22] [1] "bold"
INFO [2018-04-26 11:13:22] 
INFO [2018-04-26 11:13:22] $main.fontface
INFO [2018-04-26 11:13:22] [1] "bold"
INFO [2018-04-26 11:13:22] 
INFO [2018-04-26 11:13:22] $cat.dist
INFO [2018-04-26 11:13:22] -0.045
INFO [2018-04-26 11:13:22] 
