INFO [2018-04-26 11:12:28] [[1]]
INFO [2018-04-26 11:12:28] mylist
INFO [2018-04-26 11:12:28] 
INFO [2018-04-26 11:12:28] $filename
INFO [2018-04-26 11:12:28] [1] "name_file"
INFO [2018-04-26 11:12:28] 
INFO [2018-04-26 11:12:28] $main.cex
INFO [2018-04-26 11:12:28] [1] 3
INFO [2018-04-26 11:12:28] 
INFO [2018-04-26 11:12:28] $cat.cex
INFO [2018-04-26 11:12:28] [1] 2.5
INFO [2018-04-26 11:12:28] 
INFO [2018-04-26 11:12:28] $cex
INFO [2018-04-26 11:12:28] [1] 2.5
INFO [2018-04-26 11:12:28] 
INFO [2018-04-26 11:12:28] $fill
INFO [2018-04-26 11:12:28] pal[1:3]
INFO [2018-04-26 11:12:28] 
INFO [2018-04-26 11:12:28] $lty
INFO [2018-04-26 11:12:28] [1] 1
INFO [2018-04-26 11:12:28] 
INFO [2018-04-26 11:12:28] $height
INFO [2018-04-26 11:12:28] [1] 20000
INFO [2018-04-26 11:12:28] 
INFO [2018-04-26 11:12:28] $width
INFO [2018-04-26 11:12:28] [1] 2e+05
INFO [2018-04-26 11:12:28] 
INFO [2018-04-26 11:12:28] $fontfamily
INFO [2018-04-26 11:12:28] [1] "sans"
INFO [2018-04-26 11:12:28] 
INFO [2018-04-26 11:12:28] $cat.fontfamily
INFO [2018-04-26 11:12:28] [1] "sans"
INFO [2018-04-26 11:12:28] 
INFO [2018-04-26 11:12:28] $main.fontfamily
INFO [2018-04-26 11:12:28] [1] "sans"
INFO [2018-04-26 11:12:28] 
INFO [2018-04-26 11:12:28] $cat.fontface
INFO [2018-04-26 11:12:28] [1] "bold"
INFO [2018-04-26 11:12:28] 
INFO [2018-04-26 11:12:28] $main.fontface
INFO [2018-04-26 11:12:28] [1] "bold"
INFO [2018-04-26 11:12:28] 
INFO [2018-04-26 11:12:28] $cat.dist
INFO [2018-04-26 11:12:28] -0.045
INFO [2018-04-26 11:12:28] 
ERROR [2018-04-26 11:12:28] Unexpected parameter length for 'fill'
