INFO [2018-04-26 15:01:06] [[1]]
INFO [2018-04-26 15:01:06] mylist
INFO [2018-04-26 15:01:06] 
INFO [2018-04-26 15:01:06] $filename
INFO [2018-04-26 15:01:06] [1] "name_file"
INFO [2018-04-26 15:01:06] 
INFO [2018-04-26 15:01:06] $fill
INFO [2018-04-26 15:01:06] pal[1:3]
INFO [2018-04-26 15:01:06] 
INFO [2018-04-26 15:01:06] $main.cex
INFO [2018-04-26 15:01:06] [1] 3
INFO [2018-04-26 15:01:06] 
INFO [2018-04-26 15:01:06] $cat.cex
INFO [2018-04-26 15:01:06] [1] 3
INFO [2018-04-26 15:01:06] 
INFO [2018-04-26 15:01:06] $cex
INFO [2018-04-26 15:01:06] [1] 3
INFO [2018-04-26 15:01:06] 
INFO [2018-04-26 15:01:06] $lty
INFO [2018-04-26 15:01:06] [1] 1
INFO [2018-04-26 15:01:06] 
INFO [2018-04-26 15:01:06] $height
INFO [2018-04-26 15:01:06] [1] 2000
INFO [2018-04-26 15:01:06] 
INFO [2018-04-26 15:01:06] $width
INFO [2018-04-26 15:01:06] [1] 2000
INFO [2018-04-26 15:01:06] 
INFO [2018-04-26 15:01:06] $fontfamily
INFO [2018-04-26 15:01:06] [1] "sans"
INFO [2018-04-26 15:01:06] 
INFO [2018-04-26 15:01:06] $cat.fontfamily
INFO [2018-04-26 15:01:06] [1] "sans"
INFO [2018-04-26 15:01:06] 
INFO [2018-04-26 15:01:06] $main.fontfamily
INFO [2018-04-26 15:01:06] [1] "sans"
INFO [2018-04-26 15:01:06] 
INFO [2018-04-26 15:01:06] $cat.fontface
INFO [2018-04-26 15:01:06] [1] "bold"
INFO [2018-04-26 15:01:06] 
INFO [2018-04-26 15:01:06] $main.fontface
INFO [2018-04-26 15:01:06] [1] "bold"
INFO [2018-04-26 15:01:06] 
