INFO [2018-04-26 10:06:51] [[1]]
INFO [2018-04-26 10:06:51] mylist
INFO [2018-04-26 10:06:51] 
INFO [2018-04-26 10:06:51] $filename
INFO [2018-04-26 10:06:51] [1] "name_file"
INFO [2018-04-26 10:06:51] 
INFO [2018-04-26 10:06:51] $main.cex
INFO [2018-04-26 10:06:51] [1] 3
INFO [2018-04-26 10:06:51] 
INFO [2018-04-26 10:06:51] $cat.cex
INFO [2018-04-26 10:06:51] [1] 2.5
INFO [2018-04-26 10:06:51] 
INFO [2018-04-26 10:06:51] $cex
INFO [2018-04-26 10:06:51] [1] 2.5
INFO [2018-04-26 10:06:51] 
INFO [2018-04-26 10:06:51] $fill
INFO [2018-04-26 10:06:51] pal[1:3]
INFO [2018-04-26 10:06:51] 
INFO [2018-04-26 10:06:51] $lty
INFO [2018-04-26 10:06:51] [1] 1
INFO [2018-04-26 10:06:51] 
INFO [2018-04-26 10:06:51] $height
INFO [2018-04-26 10:06:51] [1] 20000
INFO [2018-04-26 10:06:51] 
INFO [2018-04-26 10:06:51] $width
INFO [2018-04-26 10:06:51] [1] 2e+05
INFO [2018-04-26 10:06:51] 
INFO [2018-04-26 10:06:51] $fontfamily
INFO [2018-04-26 10:06:51] [1] "sans"
INFO [2018-04-26 10:06:51] 
INFO [2018-04-26 10:06:51] $cat.fontfamily
INFO [2018-04-26 10:06:51] [1] "sans"
INFO [2018-04-26 10:06:51] 
INFO [2018-04-26 10:06:51] $main.fontfamily
INFO [2018-04-26 10:06:51] [1] "sans"
INFO [2018-04-26 10:06:51] 
INFO [2018-04-26 10:06:51] $cat.fontface
INFO [2018-04-26 10:06:51] [1] "bold"
INFO [2018-04-26 10:06:51] 
INFO [2018-04-26 10:06:51] $main.fontface
INFO [2018-04-26 10:06:51] [1] "bold"
INFO [2018-04-26 10:06:51] 
INFO [2018-04-26 10:06:51] $cat.dist
INFO [2018-04-26 10:06:51] -0.045
INFO [2018-04-26 10:06:51] 
