INFO [2018-04-26 11:34:16] [[1]]
INFO [2018-04-26 11:34:16] mylist
INFO [2018-04-26 11:34:16] 
INFO [2018-04-26 11:34:16] $filename
INFO [2018-04-26 11:34:16] [1] "name_file"
INFO [2018-04-26 11:34:16] 
INFO [2018-04-26 11:34:16] $main.cex
INFO [2018-04-26 11:34:16] [1] 3
INFO [2018-04-26 11:34:16] 
INFO [2018-04-26 11:34:16] $cat.cex
INFO [2018-04-26 11:34:16] [1] 2.5
INFO [2018-04-26 11:34:16] 
INFO [2018-04-26 11:34:16] $cex
INFO [2018-04-26 11:34:16] [1] 2.5
INFO [2018-04-26 11:34:16] 
INFO [2018-04-26 11:34:16] $fill
INFO [2018-04-26 11:34:16] pal[1:3]
INFO [2018-04-26 11:34:16] 
INFO [2018-04-26 11:34:16] $lty
INFO [2018-04-26 11:34:16] [1] 1
INFO [2018-04-26 11:34:16] 
INFO [2018-04-26 11:34:16] $height
INFO [2018-04-26 11:34:16] [1] 20000
INFO [2018-04-26 11:34:16] 
INFO [2018-04-26 11:34:16] $width
INFO [2018-04-26 11:34:16] [1] 2e+05
INFO [2018-04-26 11:34:16] 
INFO [2018-04-26 11:34:16] $fontfamily
INFO [2018-04-26 11:34:16] [1] "sans"
INFO [2018-04-26 11:34:16] 
INFO [2018-04-26 11:34:16] $cat.fontfamily
INFO [2018-04-26 11:34:16] [1] "sans"
INFO [2018-04-26 11:34:16] 
INFO [2018-04-26 11:34:16] $main.fontfamily
INFO [2018-04-26 11:34:16] [1] "sans"
INFO [2018-04-26 11:34:16] 
INFO [2018-04-26 11:34:16] $cat.fontface
INFO [2018-04-26 11:34:16] [1] "bold"
INFO [2018-04-26 11:34:16] 
INFO [2018-04-26 11:34:16] $main.fontface
INFO [2018-04-26 11:34:16] [1] "bold"
INFO [2018-04-26 11:34:16] 
INFO [2018-04-26 11:34:16] $cat.dist
INFO [2018-04-26 11:34:16] -0.045
INFO [2018-04-26 11:34:16] 
ERROR [2018-04-26 11:34:16] Unexpected parameter length for 'fill'
