INFO [2018-04-26 11:14:21] [[1]]
INFO [2018-04-26 11:14:21] mylist
INFO [2018-04-26 11:14:21] 
INFO [2018-04-26 11:14:21] $filename
INFO [2018-04-26 11:14:21] [1] "name_file"
INFO [2018-04-26 11:14:21] 
INFO [2018-04-26 11:14:21] $main.cex
INFO [2018-04-26 11:14:21] [1] 3
INFO [2018-04-26 11:14:21] 
INFO [2018-04-26 11:14:21] $cat.cex
INFO [2018-04-26 11:14:21] [1] 2.5
INFO [2018-04-26 11:14:21] 
INFO [2018-04-26 11:14:21] $cex
INFO [2018-04-26 11:14:21] [1] 2.5
INFO [2018-04-26 11:14:21] 
INFO [2018-04-26 11:14:21] $fill
INFO [2018-04-26 11:14:21] pal[1:3]
INFO [2018-04-26 11:14:21] 
INFO [2018-04-26 11:14:21] $lty
INFO [2018-04-26 11:14:21] [1] 1
INFO [2018-04-26 11:14:21] 
INFO [2018-04-26 11:14:21] $height
INFO [2018-04-26 11:14:21] [1] 20000
INFO [2018-04-26 11:14:21] 
INFO [2018-04-26 11:14:21] $width
INFO [2018-04-26 11:14:21] [1] 2e+05
INFO [2018-04-26 11:14:21] 
INFO [2018-04-26 11:14:21] $fontfamily
INFO [2018-04-26 11:14:21] [1] "sans"
INFO [2018-04-26 11:14:21] 
INFO [2018-04-26 11:14:21] $cat.fontfamily
INFO [2018-04-26 11:14:21] [1] "sans"
INFO [2018-04-26 11:14:21] 
INFO [2018-04-26 11:14:21] $main.fontfamily
INFO [2018-04-26 11:14:21] [1] "sans"
INFO [2018-04-26 11:14:21] 
INFO [2018-04-26 11:14:21] $cat.fontface
INFO [2018-04-26 11:14:21] [1] "bold"
INFO [2018-04-26 11:14:21] 
INFO [2018-04-26 11:14:21] $main.fontface
INFO [2018-04-26 11:14:21] [1] "bold"
INFO [2018-04-26 11:14:21] 
INFO [2018-04-26 11:14:21] $cat.dist
INFO [2018-04-26 11:14:21] -0.045
INFO [2018-04-26 11:14:21] 
