INFO [2018-04-26 10:56:54] [[1]]
INFO [2018-04-26 10:56:54] mylist
INFO [2018-04-26 10:56:54] 
INFO [2018-04-26 10:56:54] $filename
INFO [2018-04-26 10:56:54] [1] "name_file"
INFO [2018-04-26 10:56:54] 
INFO [2018-04-26 10:56:54] $main.cex
INFO [2018-04-26 10:56:54] [1] 3
INFO [2018-04-26 10:56:54] 
INFO [2018-04-26 10:56:54] $cat.cex
INFO [2018-04-26 10:56:54] [1] 2.5
INFO [2018-04-26 10:56:54] 
INFO [2018-04-26 10:56:54] $cex
INFO [2018-04-26 10:56:54] [1] 2.5
INFO [2018-04-26 10:56:54] 
INFO [2018-04-26 10:56:54] $fill
INFO [2018-04-26 10:56:54] pal[1:3]
INFO [2018-04-26 10:56:54] 
INFO [2018-04-26 10:56:54] $lty
INFO [2018-04-26 10:56:54] [1] 1
INFO [2018-04-26 10:56:54] 
INFO [2018-04-26 10:56:54] $height
INFO [2018-04-26 10:56:54] [1] 20000
INFO [2018-04-26 10:56:54] 
INFO [2018-04-26 10:56:54] $width
INFO [2018-04-26 10:56:54] [1] 2e+05
INFO [2018-04-26 10:56:54] 
INFO [2018-04-26 10:56:54] $fontfamily
INFO [2018-04-26 10:56:54] [1] "sans"
INFO [2018-04-26 10:56:54] 
INFO [2018-04-26 10:56:54] $cat.fontfamily
INFO [2018-04-26 10:56:54] [1] "sans"
INFO [2018-04-26 10:56:54] 
INFO [2018-04-26 10:56:54] $main.fontfamily
INFO [2018-04-26 10:56:54] [1] "sans"
INFO [2018-04-26 10:56:54] 
INFO [2018-04-26 10:56:54] $cat.fontface
INFO [2018-04-26 10:56:54] [1] "bold"
INFO [2018-04-26 10:56:54] 
INFO [2018-04-26 10:56:54] $main.fontface
INFO [2018-04-26 10:56:54] [1] "bold"
INFO [2018-04-26 10:56:54] 
INFO [2018-04-26 10:56:54] $cat.dist
INFO [2018-04-26 10:56:54] -0.045
INFO [2018-04-26 10:56:54] 
