INFO [2018-04-26 15:05:18] [[1]]
INFO [2018-04-26 15:05:18] mylist
INFO [2018-04-26 15:05:18] 
INFO [2018-04-26 15:05:18] $filename
INFO [2018-04-26 15:05:18] [1] "name_file"
INFO [2018-04-26 15:05:18] 
INFO [2018-04-26 15:05:18] $fill
INFO [2018-04-26 15:05:18] pal[1:3]
INFO [2018-04-26 15:05:18] 
INFO [2018-04-26 15:05:18] $main.cex
INFO [2018-04-26 15:05:18] [1] 3
INFO [2018-04-26 15:05:18] 
INFO [2018-04-26 15:05:18] $cat.cex
INFO [2018-04-26 15:05:18] [1] 3
INFO [2018-04-26 15:05:18] 
INFO [2018-04-26 15:05:18] $cex
INFO [2018-04-26 15:05:18] [1] 3
INFO [2018-04-26 15:05:18] 
INFO [2018-04-26 15:05:18] $lty
INFO [2018-04-26 15:05:18] [1] 1
INFO [2018-04-26 15:05:18] 
INFO [2018-04-26 15:05:18] $height
INFO [2018-04-26 15:05:18] [1] 2000
INFO [2018-04-26 15:05:18] 
INFO [2018-04-26 15:05:18] $width
INFO [2018-04-26 15:05:18] [1] 2000
INFO [2018-04-26 15:05:18] 
INFO [2018-04-26 15:05:18] $fontfamily
INFO [2018-04-26 15:05:18] [1] "sans"
INFO [2018-04-26 15:05:18] 
INFO [2018-04-26 15:05:18] $cat.fontfamily
INFO [2018-04-26 15:05:18] [1] "sans"
INFO [2018-04-26 15:05:18] 
INFO [2018-04-26 15:05:18] $main.fontfamily
INFO [2018-04-26 15:05:18] [1] "sans"
INFO [2018-04-26 15:05:18] 
INFO [2018-04-26 15:05:18] $cat.fontface
INFO [2018-04-26 15:05:18] [1] "bold"
INFO [2018-04-26 15:05:18] 
INFO [2018-04-26 15:05:18] $main.fontface
INFO [2018-04-26 15:05:18] [1] "bold"
INFO [2018-04-26 15:05:18] 
