INFO [2018-04-26 13:58:47] [[1]]
INFO [2018-04-26 13:58:47] mylist
INFO [2018-04-26 13:58:47] 
INFO [2018-04-26 13:58:47] $filename
INFO [2018-04-26 13:58:47] name_file
INFO [2018-04-26 13:58:47] 
INFO [2018-04-26 13:58:47] $fill
INFO [2018-04-26 13:58:47] pal[1:3]
INFO [2018-04-26 13:58:47] 
INFO [2018-04-26 13:58:47] $main.cex
INFO [2018-04-26 13:58:47] [1] 3
INFO [2018-04-26 13:58:47] 
INFO [2018-04-26 13:58:47] $cat.cex
INFO [2018-04-26 13:58:47] [1] 2.5
INFO [2018-04-26 13:58:47] 
INFO [2018-04-26 13:58:47] $cex
INFO [2018-04-26 13:58:47] [1] 2.5
INFO [2018-04-26 13:58:47] 
INFO [2018-04-26 13:58:47] $lty
INFO [2018-04-26 13:58:47] [1] 1
INFO [2018-04-26 13:58:47] 
INFO [2018-04-26 13:58:47] $height
INFO [2018-04-26 13:58:47] [1] 20000
INFO [2018-04-26 13:58:47] 
INFO [2018-04-26 13:58:47] $width
INFO [2018-04-26 13:58:47] [1] 2e+05
INFO [2018-04-26 13:58:47] 
INFO [2018-04-26 13:58:47] $fontfamily
INFO [2018-04-26 13:58:47] [1] "sans"
INFO [2018-04-26 13:58:47] 
INFO [2018-04-26 13:58:47] $cat.fontfamily
INFO [2018-04-26 13:58:47] [1] "sans"
INFO [2018-04-26 13:58:47] 
INFO [2018-04-26 13:58:47] $main.fontfamily
INFO [2018-04-26 13:58:47] [1] "sans"
INFO [2018-04-26 13:58:47] 
INFO [2018-04-26 13:58:47] $cat.fontface
INFO [2018-04-26 13:58:47] [1] "bold"
INFO [2018-04-26 13:58:47] 
INFO [2018-04-26 13:58:47] $main.fontface
INFO [2018-04-26 13:58:47] [1] "bold"
INFO [2018-04-26 13:58:47] 
