INFO [2018-11-17 16:29:03] [[1]]
INFO [2018-11-17 16:29:03] mylist
INFO [2018-11-17 16:29:03] 
INFO [2018-11-17 16:29:03] $filename
INFO [2018-11-17 16:29:03] NULL
INFO [2018-11-17 16:29:03] 
INFO [2018-11-17 16:29:03] $main
INFO [2018-11-17 16:29:03] [1] "DE genes between Humans and Chimps (FDR 1%)"
INFO [2018-11-17 16:29:03] 
INFO [2018-11-17 16:29:03] $cex
INFO [2018-11-17 16:29:03] [1] 1.5
INFO [2018-11-17 16:29:03] 
INFO [2018-11-17 16:29:03] $fill
INFO [2018-11-17 16:29:03] pal[1:4]
INFO [2018-11-17 16:29:03] 
INFO [2018-11-17 16:29:03] $lty
INFO [2018-11-17 16:29:03] [1] 1
INFO [2018-11-17 16:29:03] 
INFO [2018-11-17 16:29:03] $height
INFO [2018-11-17 16:29:03] [1] 2000
INFO [2018-11-17 16:29:03] 
INFO [2018-11-17 16:29:03] $width
INFO [2018-11-17 16:29:03] [1] 3000
INFO [2018-11-17 16:29:03] 
INFO [2018-11-17 16:29:03] $fontfamily
INFO [2018-11-17 16:29:03] [1] "sans"
INFO [2018-11-17 16:29:03] 
INFO [2018-11-17 16:29:03] $cat.fontfamily
INFO [2018-11-17 16:29:03] [1] "sans"
INFO [2018-11-17 16:29:03] 
INFO [2018-11-17 16:29:03] $main.fontfamily
INFO [2018-11-17 16:29:03] [1] "sans"
INFO [2018-11-17 16:29:03] 
INFO [2018-11-17 16:29:03] $cat.fontface
INFO [2018-11-17 16:29:03] [1] "bold"
INFO [2018-11-17 16:29:03] 
INFO [2018-11-17 16:29:03] $main.fontface
INFO [2018-11-17 16:29:03] [1] "bold"
INFO [2018-11-17 16:29:03] 
INFO [2018-11-17 16:29:03] $cat.cex
INFO [2018-11-17 16:29:03] [1] 1.2
INFO [2018-11-17 16:29:03] 
INFO [2018-11-17 16:29:03] $main.cex
INFO [2018-11-17 16:29:03] [1] 1.5
INFO [2018-11-17 16:29:03] 
