INFO [2018-02-23 17:58:12] [[1]]
INFO [2018-02-23 17:58:12] mylist
INFO [2018-02-23 17:58:12] 
INFO [2018-02-23 17:58:12] $filename
INFO [2018-02-23 17:58:12] NULL
INFO [2018-02-23 17:58:12] 
INFO [2018-02-23 17:58:12] $main
INFO [2018-02-23 17:58:12] name_file
INFO [2018-02-23 17:58:12] 
INFO [2018-02-23 17:58:12] $main.cex
INFO [2018-02-23 17:58:12] [1] 2
INFO [2018-02-23 17:58:12] 
INFO [2018-02-23 17:58:12] $cat.cex
INFO [2018-02-23 17:58:12] [1] 1.5
INFO [2018-02-23 17:58:12] 
INFO [2018-02-23 17:58:12] $cex
INFO [2018-02-23 17:58:12] [1] 2.5
INFO [2018-02-23 17:58:12] 
INFO [2018-02-23 17:58:12] $fill
INFO [2018-02-23 17:58:12] pal[1:3]
INFO [2018-02-23 17:58:12] 
INFO [2018-02-23 17:58:12] $lty
INFO [2018-02-23 17:58:12] [1] 1
INFO [2018-02-23 17:58:12] 
INFO [2018-02-23 17:58:12] $height
INFO [2018-02-23 17:58:12] [1] 2000
INFO [2018-02-23 17:58:12] 
INFO [2018-02-23 17:58:12] $width
INFO [2018-02-23 17:58:12] [1] 3000
INFO [2018-02-23 17:58:12] 
