INFO [2019-06-24 16:14:10] [[1]]
INFO [2019-06-24 16:14:10] mylist
INFO [2019-06-24 16:14:10] 
INFO [2019-06-24 16:14:10] $filename
INFO [2019-06-24 16:14:10] NULL
INFO [2019-06-24 16:14:10] 
INFO [2019-06-24 16:14:10] $main
INFO [2019-06-24 16:14:10] [1] "Significant interactions in Humans (FDR 1%)"
INFO [2019-06-24 16:14:10] 
INFO [2019-06-24 16:14:10] $cex
INFO [2019-06-24 16:14:10] [1] 1.5
INFO [2019-06-24 16:14:10] 
INFO [2019-06-24 16:14:10] $fill
INFO [2019-06-24 16:14:10] pal[1:3]
INFO [2019-06-24 16:14:10] 
INFO [2019-06-24 16:14:10] $lty
INFO [2019-06-24 16:14:10] [1] 1
INFO [2019-06-24 16:14:10] 
INFO [2019-06-24 16:14:10] $height
INFO [2019-06-24 16:14:10] [1] 2000
INFO [2019-06-24 16:14:10] 
INFO [2019-06-24 16:14:10] $width
INFO [2019-06-24 16:14:10] [1] 3000
INFO [2019-06-24 16:14:10] 
INFO [2019-06-24 16:14:10] [[1]]
INFO [2019-06-24 16:14:10] mylist
INFO [2019-06-24 16:14:10] 
INFO [2019-06-24 16:14:10] $filename
INFO [2019-06-24 16:14:10] NULL
INFO [2019-06-24 16:14:10] 
INFO [2019-06-24 16:14:10] $main
INFO [2019-06-24 16:14:10] [1] "Significant interactions in Rhesus (FDR 1%)"
INFO [2019-06-24 16:14:10] 
INFO [2019-06-24 16:14:10] $cex
INFO [2019-06-24 16:14:10] [1] 1.5
INFO [2019-06-24 16:14:10] 
INFO [2019-06-24 16:14:10] $fill
INFO [2019-06-24 16:14:10] pal[1:3]
INFO [2019-06-24 16:14:10] 
INFO [2019-06-24 16:14:10] $lty
INFO [2019-06-24 16:14:10] [1] 1
INFO [2019-06-24 16:14:10] 
INFO [2019-06-24 16:14:10] $height
INFO [2019-06-24 16:14:10] [1] 2000
INFO [2019-06-24 16:14:10] 
INFO [2019-06-24 16:14:10] $width
INFO [2019-06-24 16:14:10] [1] 3000
INFO [2019-06-24 16:14:10] 
