INFO [2018-05-08 16:15:42] [[1]]
INFO [2018-05-08 16:15:42] mylist
INFO [2018-05-08 16:15:42] 
INFO [2018-05-08 16:15:42] $filename
INFO [2018-05-08 16:15:42] NULL
INFO [2018-05-08 16:15:42] 
INFO [2018-05-08 16:15:42] $fill
INFO [2018-05-08 16:15:42] pal[1:3]
INFO [2018-05-08 16:15:42] 
INFO [2018-05-08 16:15:42] $main.cex
INFO [2018-05-08 16:15:42] [1] 3
INFO [2018-05-08 16:15:42] 
INFO [2018-05-08 16:15:42] $cat.cex
INFO [2018-05-08 16:15:42] [1] 3
INFO [2018-05-08 16:15:42] 
INFO [2018-05-08 16:15:42] $cex
INFO [2018-05-08 16:15:42] [1] 3.5
INFO [2018-05-08 16:15:42] 
INFO [2018-05-08 16:15:42] $lty
INFO [2018-05-08 16:15:42] [1] 1
INFO [2018-05-08 16:15:42] 
INFO [2018-05-08 16:15:42] $height
INFO [2018-05-08 16:15:42] [1] 2000
INFO [2018-05-08 16:15:42] 
INFO [2018-05-08 16:15:42] $width
INFO [2018-05-08 16:15:42] [1] 2000
INFO [2018-05-08 16:15:42] 
INFO [2018-05-08 16:15:42] $fontfamily
INFO [2018-05-08 16:15:42] [1] "sans"
INFO [2018-05-08 16:15:42] 
INFO [2018-05-08 16:15:42] $cat.fontfamily
INFO [2018-05-08 16:15:42] [1] "sans"
INFO [2018-05-08 16:15:42] 
INFO [2018-05-08 16:15:42] $main.fontfamily
INFO [2018-05-08 16:15:42] [1] "sans"
INFO [2018-05-08 16:15:42] 
INFO [2018-05-08 16:15:42] $cat.fontface
INFO [2018-05-08 16:15:42] [1] "bold"
INFO [2018-05-08 16:15:42] 
INFO [2018-05-08 16:15:42] $main.fontface
INFO [2018-05-08 16:15:42] [1] "bold"
INFO [2018-05-08 16:15:42] 
INFO [2018-05-08 16:15:42] $cat.dist
INFO [2018-05-08 16:15:42] [1] 0.05
INFO [2018-05-08 16:15:42] 
