INFO [2018-05-30 19:36:37] [[1]]
INFO [2018-05-30 19:36:37] mylist
INFO [2018-05-30 19:36:37] 
INFO [2018-05-30 19:36:37] $filename
INFO [2018-05-30 19:36:37] NULL
INFO [2018-05-30 19:36:37] 
INFO [2018-05-30 19:36:37] $fill
INFO [2018-05-30 19:36:37] pal[1:3]
INFO [2018-05-30 19:36:37] 
INFO [2018-05-30 19:36:37] $main.cex
INFO [2018-05-30 19:36:37] [1] 3
INFO [2018-05-30 19:36:37] 
INFO [2018-05-30 19:36:37] $cat.cex
INFO [2018-05-30 19:36:37] [1] 2.7
INFO [2018-05-30 19:36:37] 
INFO [2018-05-30 19:36:37] $cex
INFO [2018-05-30 19:36:37] [1] 2.7
INFO [2018-05-30 19:36:37] 
INFO [2018-05-30 19:36:37] $lty
INFO [2018-05-30 19:36:37] [1] 1
INFO [2018-05-30 19:36:37] 
INFO [2018-05-30 19:36:37] $height
INFO [2018-05-30 19:36:37] [1] 2000
INFO [2018-05-30 19:36:37] 
INFO [2018-05-30 19:36:37] $width
INFO [2018-05-30 19:36:37] [1] 2000
INFO [2018-05-30 19:36:37] 
INFO [2018-05-30 19:36:37] $fontfamily
INFO [2018-05-30 19:36:37] [1] "sans"
INFO [2018-05-30 19:36:37] 
INFO [2018-05-30 19:36:37] $cat.fontfamily
INFO [2018-05-30 19:36:37] [1] "sans"
INFO [2018-05-30 19:36:37] 
INFO [2018-05-30 19:36:37] $main.fontfamily
INFO [2018-05-30 19:36:37] [1] "sans"
INFO [2018-05-30 19:36:37] 
INFO [2018-05-30 19:36:37] $cat.fontface
INFO [2018-05-30 19:36:37] [1] "bold"
INFO [2018-05-30 19:36:37] 
INFO [2018-05-30 19:36:37] $main.fontface
INFO [2018-05-30 19:36:37] [1] "bold"
INFO [2018-05-30 19:36:37] 
