INFO [2018-02-23 11:28:12] [[1]]
INFO [2018-02-23 11:28:12] mylist
INFO [2018-02-23 11:28:12] 
INFO [2018-02-23 11:28:12] $filename
INFO [2018-02-23 11:28:12] NULL
INFO [2018-02-23 11:28:12] 
INFO [2018-02-23 11:28:12] $main
INFO [2018-02-23 11:28:12] [1] "DE genes between Humans and Rhesus (FDR 1%)"
INFO [2018-02-23 11:28:12] 
INFO [2018-02-23 11:28:12] $cex
INFO [2018-02-23 11:28:12] [1] 1.5
INFO [2018-02-23 11:28:12] 
INFO [2018-02-23 11:28:12] $fill
INFO [2018-02-23 11:28:12] pal[1:4]
INFO [2018-02-23 11:28:12] 
INFO [2018-02-23 11:28:12] $lty
INFO [2018-02-23 11:28:12] [1] 1
INFO [2018-02-23 11:28:12] 
INFO [2018-02-23 11:28:12] $height
INFO [2018-02-23 11:28:12] [1] 2000
INFO [2018-02-23 11:28:12] 
INFO [2018-02-23 11:28:12] $width
INFO [2018-02-23 11:28:12] [1] 3000
INFO [2018-02-23 11:28:12] 
