INFO [2018-05-08 16:31:46] [[1]]
INFO [2018-05-08 16:31:46] mylist
INFO [2018-05-08 16:31:46] 
INFO [2018-05-08 16:31:46] $filename
INFO [2018-05-08 16:31:46] NULL
INFO [2018-05-08 16:31:46] 
INFO [2018-05-08 16:31:46] $main
INFO [2018-05-08 16:31:46] [1] "DE genes between Humans and Chimps (FDR 1%)"
INFO [2018-05-08 16:31:46] 
INFO [2018-05-08 16:31:46] $cex
INFO [2018-05-08 16:31:46] [1] 1.5
INFO [2018-05-08 16:31:46] 
INFO [2018-05-08 16:31:46] $fill
INFO [2018-05-08 16:31:46] pal[1:4]
INFO [2018-05-08 16:31:46] 
INFO [2018-05-08 16:31:46] $lty
INFO [2018-05-08 16:31:46] [1] 1
INFO [2018-05-08 16:31:46] 
INFO [2018-05-08 16:31:46] $height
INFO [2018-05-08 16:31:46] [1] 2000
INFO [2018-05-08 16:31:46] 
INFO [2018-05-08 16:31:46] $width
INFO [2018-05-08 16:31:46] [1] 3000
INFO [2018-05-08 16:31:46] 
INFO [2018-05-08 16:31:46] $fontfamily
INFO [2018-05-08 16:31:46] [1] "sans"
INFO [2018-05-08 16:31:46] 
INFO [2018-05-08 16:31:46] $cat.fontfamily
INFO [2018-05-08 16:31:46] [1] "sans"
INFO [2018-05-08 16:31:46] 
INFO [2018-05-08 16:31:46] $main.fontfamily
INFO [2018-05-08 16:31:46] [1] "sans"
INFO [2018-05-08 16:31:46] 
INFO [2018-05-08 16:31:46] $cat.fontface
INFO [2018-05-08 16:31:46] [1] "bold"
INFO [2018-05-08 16:31:46] 
INFO [2018-05-08 16:31:46] $main.fontface
INFO [2018-05-08 16:31:46] [1] "bold"
INFO [2018-05-08 16:31:46] 
INFO [2018-05-08 16:31:46] $cat.cex
INFO [2018-05-08 16:31:46] [1] 1.2
INFO [2018-05-08 16:31:46] 
INFO [2018-05-08 16:31:46] $main.cex
INFO [2018-05-08 16:31:46] [1] 1.5
INFO [2018-05-08 16:31:46] 
