INFO [2018-05-04 17:09:10] [[1]]
INFO [2018-05-04 17:09:10] mylist
INFO [2018-05-04 17:09:10] 
INFO [2018-05-04 17:09:10] $filename
INFO [2018-05-04 17:09:10] NULL
INFO [2018-05-04 17:09:10] 
INFO [2018-05-04 17:09:10] $main
INFO [2018-05-04 17:09:10] [1] "DE genes between Humans and Chimps (FDR 1%)"
INFO [2018-05-04 17:09:10] 
INFO [2018-05-04 17:09:10] $cex
INFO [2018-05-04 17:09:10] [1] 1.5
INFO [2018-05-04 17:09:10] 
INFO [2018-05-04 17:09:10] $fill
INFO [2018-05-04 17:09:10] pal[1:4]
INFO [2018-05-04 17:09:10] 
INFO [2018-05-04 17:09:10] $lty
INFO [2018-05-04 17:09:10] [1] 1
INFO [2018-05-04 17:09:10] 
INFO [2018-05-04 17:09:10] $height
INFO [2018-05-04 17:09:10] [1] 2000
INFO [2018-05-04 17:09:10] 
INFO [2018-05-04 17:09:10] $width
INFO [2018-05-04 17:09:10] [1] 3000
INFO [2018-05-04 17:09:10] 
INFO [2018-05-04 17:09:10] $fontfamily
INFO [2018-05-04 17:09:10] [1] "sans"
INFO [2018-05-04 17:09:10] 
INFO [2018-05-04 17:09:10] $cat.fontfamily
INFO [2018-05-04 17:09:10] [1] "sans"
INFO [2018-05-04 17:09:10] 
INFO [2018-05-04 17:09:10] $main.fontfamily
INFO [2018-05-04 17:09:10] [1] "sans"
INFO [2018-05-04 17:09:10] 
INFO [2018-05-04 17:09:10] $cat.fontface
INFO [2018-05-04 17:09:10] [1] "bold"
INFO [2018-05-04 17:09:10] 
INFO [2018-05-04 17:09:10] $main.fontface
INFO [2018-05-04 17:09:10] [1] "bold"
INFO [2018-05-04 17:09:10] 
INFO [2018-05-04 17:09:10] $cat.cex
INFO [2018-05-04 17:09:10] [1] 1.2
INFO [2018-05-04 17:09:10] 
INFO [2018-05-04 17:09:10] $main.cex
INFO [2018-05-04 17:09:10] [1] 1.5
INFO [2018-05-04 17:09:10] 
INFO [2018-05-04 17:09:10] [[1]]
INFO [2018-05-04 17:09:10] mylist
INFO [2018-05-04 17:09:10] 
INFO [2018-05-04 17:09:10] $filename
INFO [2018-05-04 17:09:10] NULL
INFO [2018-05-04 17:09:10] 
INFO [2018-05-04 17:09:10] $main
INFO [2018-05-04 17:09:10] [1] "DE genes between Humans and Rhesus (FDR 1%)"
INFO [2018-05-04 17:09:10] 
INFO [2018-05-04 17:09:10] $cex
INFO [2018-05-04 17:09:10] [1] 1.5
INFO [2018-05-04 17:09:10] 
INFO [2018-05-04 17:09:10] $fill
INFO [2018-05-04 17:09:10] pal[1:4]
INFO [2018-05-04 17:09:10] 
INFO [2018-05-04 17:09:10] $lty
INFO [2018-05-04 17:09:10] [1] 1
INFO [2018-05-04 17:09:10] 
INFO [2018-05-04 17:09:10] $height
INFO [2018-05-04 17:09:10] [1] 2000
INFO [2018-05-04 17:09:10] 
INFO [2018-05-04 17:09:10] $width
INFO [2018-05-04 17:09:10] [1] 3000
INFO [2018-05-04 17:09:10] 
