INFO [2018-04-28 10:05:57] [[1]]
INFO [2018-04-28 10:05:57] mylist
INFO [2018-04-28 10:05:57] 
INFO [2018-04-28 10:05:57] $filename
INFO [2018-04-28 10:05:57] NULL
INFO [2018-04-28 10:05:57] 
INFO [2018-04-28 10:05:57] $fill
INFO [2018-04-28 10:05:57] pal[1:4]
INFO [2018-04-28 10:05:57] 
INFO [2018-04-28 10:05:57] $main.cex
INFO [2018-04-28 10:05:57] [1] 3
INFO [2018-04-28 10:05:57] 
INFO [2018-04-28 10:05:57] $cat.cex
INFO [2018-04-28 10:05:57] [1] 2.7
INFO [2018-04-28 10:05:57] 
INFO [2018-04-28 10:05:57] $cex
INFO [2018-04-28 10:05:57] [1] 2.7
INFO [2018-04-28 10:05:57] 
INFO [2018-04-28 10:05:57] $lty
INFO [2018-04-28 10:05:57] [1] 1
INFO [2018-04-28 10:05:57] 
INFO [2018-04-28 10:05:57] $height
INFO [2018-04-28 10:05:57] [1] 2000
INFO [2018-04-28 10:05:57] 
INFO [2018-04-28 10:05:57] $width
INFO [2018-04-28 10:05:57] [1] 2000
INFO [2018-04-28 10:05:57] 
INFO [2018-04-28 10:05:57] $fontfamily
INFO [2018-04-28 10:05:57] [1] "sans"
INFO [2018-04-28 10:05:57] 
INFO [2018-04-28 10:05:57] $cat.fontfamily
INFO [2018-04-28 10:05:57] [1] "sans"
INFO [2018-04-28 10:05:57] 
INFO [2018-04-28 10:05:57] $main.fontfamily
INFO [2018-04-28 10:05:57] [1] "sans"
INFO [2018-04-28 10:05:57] 
INFO [2018-04-28 10:05:57] $cat.fontface
INFO [2018-04-28 10:05:57] [1] "bold"
INFO [2018-04-28 10:05:57] 
INFO [2018-04-28 10:05:57] $main.fontface
INFO [2018-04-28 10:05:57] [1] "bold"
INFO [2018-04-28 10:05:57] 
INFO [2018-04-28 10:05:57] [[1]]
INFO [2018-04-28 10:05:57] mylist
INFO [2018-04-28 10:05:57] 
INFO [2018-04-28 10:05:57] $filename
INFO [2018-04-28 10:05:57] NULL
INFO [2018-04-28 10:05:57] 
INFO [2018-04-28 10:05:57] $fill
INFO [2018-04-28 10:05:57] pal[1:4]
INFO [2018-04-28 10:05:57] 
INFO [2018-04-28 10:05:57] $main.cex
INFO [2018-04-28 10:05:57] [1] 3
INFO [2018-04-28 10:05:57] 
INFO [2018-04-28 10:05:57] $cat.cex
INFO [2018-04-28 10:05:57] [1] 2.7
INFO [2018-04-28 10:05:57] 
INFO [2018-04-28 10:05:57] $cex
INFO [2018-04-28 10:05:57] [1] 2.7
INFO [2018-04-28 10:05:57] 
INFO [2018-04-28 10:05:57] $lty
INFO [2018-04-28 10:05:57] [1] 1
INFO [2018-04-28 10:05:57] 
INFO [2018-04-28 10:05:57] $height
INFO [2018-04-28 10:05:57] [1] 2000
INFO [2018-04-28 10:05:57] 
INFO [2018-04-28 10:05:57] $width
INFO [2018-04-28 10:05:57] [1] 2000
INFO [2018-04-28 10:05:57] 
INFO [2018-04-28 10:05:57] $fontfamily
INFO [2018-04-28 10:05:57] [1] "sans"
INFO [2018-04-28 10:05:57] 
INFO [2018-04-28 10:05:57] $cat.fontfamily
INFO [2018-04-28 10:05:57] [1] "sans"
INFO [2018-04-28 10:05:57] 
INFO [2018-04-28 10:05:57] $main.fontfamily
INFO [2018-04-28 10:05:57] [1] "sans"
INFO [2018-04-28 10:05:57] 
INFO [2018-04-28 10:05:57] $cat.fontface
INFO [2018-04-28 10:05:57] [1] "bold"
INFO [2018-04-28 10:05:57] 
INFO [2018-04-28 10:05:57] $main.fontface
INFO [2018-04-28 10:05:57] [1] "bold"
INFO [2018-04-28 10:05:57] 
INFO [2018-04-28 10:05:57] [[1]]
INFO [2018-04-28 10:05:57] mylist
INFO [2018-04-28 10:05:57] 
INFO [2018-04-28 10:05:57] $filename
INFO [2018-04-28 10:05:57] NULL
INFO [2018-04-28 10:05:57] 
INFO [2018-04-28 10:05:57] $fill
INFO [2018-04-28 10:05:57] pal[1:4]
INFO [2018-04-28 10:05:57] 
INFO [2018-04-28 10:05:57] $main.cex
INFO [2018-04-28 10:05:57] [1] 3
INFO [2018-04-28 10:05:57] 
INFO [2018-04-28 10:05:57] $cat.cex
INFO [2018-04-28 10:05:57] [1] 2.7
INFO [2018-04-28 10:05:57] 
INFO [2018-04-28 10:05:57] $cex
INFO [2018-04-28 10:05:57] [1] 2.7
INFO [2018-04-28 10:05:57] 
INFO [2018-04-28 10:05:57] $lty
INFO [2018-04-28 10:05:57] [1] 1
INFO [2018-04-28 10:05:57] 
INFO [2018-04-28 10:05:57] $height
INFO [2018-04-28 10:05:57] [1] 2000
INFO [2018-04-28 10:05:57] 
INFO [2018-04-28 10:05:57] $width
INFO [2018-04-28 10:05:57] [1] 2000
INFO [2018-04-28 10:05:57] 
INFO [2018-04-28 10:05:57] $fontfamily
INFO [2018-04-28 10:05:57] [1] "sans"
INFO [2018-04-28 10:05:57] 
INFO [2018-04-28 10:05:57] $cat.fontfamily
INFO [2018-04-28 10:05:57] [1] "sans"
INFO [2018-04-28 10:05:57] 
INFO [2018-04-28 10:05:57] $main.fontfamily
INFO [2018-04-28 10:05:57] [1] "sans"
INFO [2018-04-28 10:05:57] 
INFO [2018-04-28 10:05:57] $cat.fontface
INFO [2018-04-28 10:05:57] [1] "bold"
INFO [2018-04-28 10:05:57] 
INFO [2018-04-28 10:05:57] $main.fontface
INFO [2018-04-28 10:05:57] [1] "bold"
INFO [2018-04-28 10:05:57] 
INFO [2018-04-28 10:05:57] [[1]]
INFO [2018-04-28 10:05:57] mylist
INFO [2018-04-28 10:05:57] 
INFO [2018-04-28 10:05:57] $filename
INFO [2018-04-28 10:05:57] NULL
INFO [2018-04-28 10:05:57] 
INFO [2018-04-28 10:05:57] $fill
INFO [2018-04-28 10:05:57] pal[1:4]
INFO [2018-04-28 10:05:57] 
INFO [2018-04-28 10:05:57] $main.cex
INFO [2018-04-28 10:05:57] [1] 3
INFO [2018-04-28 10:05:57] 
INFO [2018-04-28 10:05:57] $cat.cex
INFO [2018-04-28 10:05:57] [1] 2.7
INFO [2018-04-28 10:05:57] 
INFO [2018-04-28 10:05:57] $cex
INFO [2018-04-28 10:05:57] [1] 2.7
INFO [2018-04-28 10:05:57] 
INFO [2018-04-28 10:05:57] $lty
INFO [2018-04-28 10:05:57] [1] 1
INFO [2018-04-28 10:05:57] 
INFO [2018-04-28 10:05:57] $height
INFO [2018-04-28 10:05:57] [1] 2000
INFO [2018-04-28 10:05:57] 
INFO [2018-04-28 10:05:57] $width
INFO [2018-04-28 10:05:57] [1] 2000
INFO [2018-04-28 10:05:57] 
INFO [2018-04-28 10:05:57] $fontfamily
INFO [2018-04-28 10:05:57] [1] "sans"
INFO [2018-04-28 10:05:57] 
INFO [2018-04-28 10:05:57] $cat.fontfamily
INFO [2018-04-28 10:05:57] [1] "sans"
INFO [2018-04-28 10:05:57] 
INFO [2018-04-28 10:05:57] $main.fontfamily
INFO [2018-04-28 10:05:57] [1] "sans"
INFO [2018-04-28 10:05:57] 
INFO [2018-04-28 10:05:57] $cat.fontface
INFO [2018-04-28 10:05:57] [1] "bold"
INFO [2018-04-28 10:05:57] 
INFO [2018-04-28 10:05:57] $main.fontface
INFO [2018-04-28 10:05:57] [1] "bold"
INFO [2018-04-28 10:05:57] 
