INFO [2018-02-23 17:30:56] [[1]]
INFO [2018-02-23 17:30:56] mylist
INFO [2018-02-23 17:30:56] 
INFO [2018-02-23 17:30:56] $filename
INFO [2018-02-23 17:30:56] NULL
INFO [2018-02-23 17:30:56] 
INFO [2018-02-23 17:30:56] $main
INFO [2018-02-23 17:30:56] name_file
INFO [2018-02-23 17:30:56] 
INFO [2018-02-23 17:30:56] $main.cex
INFO [2018-02-23 17:30:56] [1] 2
INFO [2018-02-23 17:30:56] 
INFO [2018-02-23 17:30:56] $cat.cex
INFO [2018-02-23 17:30:56] [1] 1.5
INFO [2018-02-23 17:30:56] 
INFO [2018-02-23 17:30:56] $cex
INFO [2018-02-23 17:30:56] [1] 2.5
INFO [2018-02-23 17:30:56] 
INFO [2018-02-23 17:30:56] $fill
INFO [2018-02-23 17:30:56] pal[1:3]
INFO [2018-02-23 17:30:56] 
INFO [2018-02-23 17:30:56] $lty
INFO [2018-02-23 17:30:56] [1] 1
INFO [2018-02-23 17:30:56] 
INFO [2018-02-23 17:30:56] $height
INFO [2018-02-23 17:30:56] [1] 2000
INFO [2018-02-23 17:30:56] 
INFO [2018-02-23 17:30:56] $width
INFO [2018-02-23 17:30:56] [1] 3000
INFO [2018-02-23 17:30:56] 
