INFO [2018-02-25 16:13:05] [[1]]
INFO [2018-02-25 16:13:05] mylist
INFO [2018-02-25 16:13:05] 
INFO [2018-02-25 16:13:05] $filename
INFO [2018-02-25 16:13:05] NULL
INFO [2018-02-25 16:13:05] 
INFO [2018-02-25 16:13:05] $main
INFO [2018-02-25 16:13:05] [1] "DE genes between Liver and Kidney (FDR 1%)"
INFO [2018-02-25 16:13:05] 
INFO [2018-02-25 16:13:05] $cex
INFO [2018-02-25 16:13:05] [1] 1.5
INFO [2018-02-25 16:13:05] 
INFO [2018-02-25 16:13:05] $lty
INFO [2018-02-25 16:13:05] [1] 1
INFO [2018-02-25 16:13:05] 
INFO [2018-02-25 16:13:05] $height
INFO [2018-02-25 16:13:05] [1] 2000
INFO [2018-02-25 16:13:05] 
INFO [2018-02-25 16:13:05] $width
INFO [2018-02-25 16:13:05] [1] 3000
INFO [2018-02-25 16:13:05] 
