INFO [2018-04-26 10:08:45] [[1]]
INFO [2018-04-26 10:08:45] mylist
INFO [2018-04-26 10:08:45] 
INFO [2018-04-26 10:08:45] $filename
INFO [2018-04-26 10:08:45] NULL
INFO [2018-04-26 10:08:45] 
INFO [2018-04-26 10:08:45] $main
INFO [2018-04-26 10:08:45] [1] "Upregulated in Liver compared to Lung (FSR 1%)"
INFO [2018-04-26 10:08:45] 
INFO [2018-04-26 10:08:45] $main.cex
INFO [2018-04-26 10:08:45] [1] 2
INFO [2018-04-26 10:08:45] 
INFO [2018-04-26 10:08:45] $cat.cex
INFO [2018-04-26 10:08:45] [1] 1.5
INFO [2018-04-26 10:08:45] 
INFO [2018-04-26 10:08:45] $cex
INFO [2018-04-26 10:08:45] [1] 2.5
INFO [2018-04-26 10:08:45] 
INFO [2018-04-26 10:08:45] $fill
INFO [2018-04-26 10:08:45] pal[1:3]
INFO [2018-04-26 10:08:45] 
INFO [2018-04-26 10:08:45] $lty
INFO [2018-04-26 10:08:45] [1] 1
INFO [2018-04-26 10:08:45] 
INFO [2018-04-26 10:08:45] $height
INFO [2018-04-26 10:08:45] [1] 2000
INFO [2018-04-26 10:08:45] 
INFO [2018-04-26 10:08:45] $width
INFO [2018-04-26 10:08:45] [1] 3000
INFO [2018-04-26 10:08:45] 
