INFO [2018-02-23 17:36:52] [[1]]
INFO [2018-02-23 17:36:52] mylist
INFO [2018-02-23 17:36:52] 
INFO [2018-02-23 17:36:52] $filename
INFO [2018-02-23 17:36:52] NULL
INFO [2018-02-23 17:36:52] 
INFO [2018-02-23 17:36:52] $main
INFO [2018-02-23 17:36:52] name_file
INFO [2018-02-23 17:36:52] 
INFO [2018-02-23 17:36:52] $main.cex
INFO [2018-02-23 17:36:52] [1] 2
INFO [2018-02-23 17:36:52] 
INFO [2018-02-23 17:36:52] $cat.cex
INFO [2018-02-23 17:36:52] [1] 1.5
INFO [2018-02-23 17:36:52] 
INFO [2018-02-23 17:36:52] $cex
INFO [2018-02-23 17:36:52] [1] 2.5
INFO [2018-02-23 17:36:52] 
INFO [2018-02-23 17:36:52] $fill
INFO [2018-02-23 17:36:52] pal[1:3]
INFO [2018-02-23 17:36:52] 
INFO [2018-02-23 17:36:52] $lty
INFO [2018-02-23 17:36:52] [1] 1
INFO [2018-02-23 17:36:52] 
INFO [2018-02-23 17:36:52] $height
INFO [2018-02-23 17:36:52] [1] 2000
INFO [2018-02-23 17:36:52] 
INFO [2018-02-23 17:36:52] $width
INFO [2018-02-23 17:36:52] [1] 3000
INFO [2018-02-23 17:36:52] 
INFO [2018-02-23 17:36:52] [[1]]
INFO [2018-02-23 17:36:52] mylist
INFO [2018-02-23 17:36:52] 
INFO [2018-02-23 17:36:52] $filename
INFO [2018-02-23 17:36:52] NULL
INFO [2018-02-23 17:36:52] 
INFO [2018-02-23 17:36:52] $main
INFO [2018-02-23 17:36:52] name_file
INFO [2018-02-23 17:36:52] 
INFO [2018-02-23 17:36:52] $main.cex
INFO [2018-02-23 17:36:52] [1] 2
INFO [2018-02-23 17:36:52] 
INFO [2018-02-23 17:36:52] $cat.cex
INFO [2018-02-23 17:36:52] [1] 1.5
INFO [2018-02-23 17:36:52] 
INFO [2018-02-23 17:36:52] $cex
INFO [2018-02-23 17:36:52] [1] 2.5
INFO [2018-02-23 17:36:52] 
INFO [2018-02-23 17:36:52] $fill
INFO [2018-02-23 17:36:52] pal[1:3]
INFO [2018-02-23 17:36:52] 
INFO [2018-02-23 17:36:52] $lty
INFO [2018-02-23 17:36:52] [1] 1
INFO [2018-02-23 17:36:52] 
INFO [2018-02-23 17:36:52] $height
INFO [2018-02-23 17:36:52] [1] 2000
INFO [2018-02-23 17:36:52] 
INFO [2018-02-23 17:36:52] $width
INFO [2018-02-23 17:36:52] [1] 3000
INFO [2018-02-23 17:36:52] 
INFO [2018-02-23 17:36:52] [[1]]
INFO [2018-02-23 17:36:52] mylist
INFO [2018-02-23 17:36:52] 
INFO [2018-02-23 17:36:52] $filename
INFO [2018-02-23 17:36:52] NULL
INFO [2018-02-23 17:36:52] 
INFO [2018-02-23 17:36:52] $main
INFO [2018-02-23 17:36:52] name_file
INFO [2018-02-23 17:36:52] 
INFO [2018-02-23 17:36:52] $main.cex
INFO [2018-02-23 17:36:52] [1] 2
INFO [2018-02-23 17:36:52] 
INFO [2018-02-23 17:36:52] $cat.cex
INFO [2018-02-23 17:36:52] [1] 1.5
INFO [2018-02-23 17:36:52] 
INFO [2018-02-23 17:36:52] $cex
INFO [2018-02-23 17:36:52] [1] 2.5
INFO [2018-02-23 17:36:52] 
INFO [2018-02-23 17:36:52] $fill
INFO [2018-02-23 17:36:52] pal[1:3]
INFO [2018-02-23 17:36:52] 
INFO [2018-02-23 17:36:52] $lty
INFO [2018-02-23 17:36:52] [1] 1
INFO [2018-02-23 17:36:52] 
INFO [2018-02-23 17:36:52] $height
INFO [2018-02-23 17:36:52] [1] 2000
INFO [2018-02-23 17:36:52] 
INFO [2018-02-23 17:36:52] $width
INFO [2018-02-23 17:36:52] [1] 3000
INFO [2018-02-23 17:36:52] 
INFO [2018-02-23 17:36:52] [[1]]
INFO [2018-02-23 17:36:52] mylist
INFO [2018-02-23 17:36:52] 
INFO [2018-02-23 17:36:52] $filename
INFO [2018-02-23 17:36:52] NULL
INFO [2018-02-23 17:36:52] 
INFO [2018-02-23 17:36:52] $main
INFO [2018-02-23 17:36:52] name_file
INFO [2018-02-23 17:36:52] 
INFO [2018-02-23 17:36:52] $main.cex
INFO [2018-02-23 17:36:52] [1] 2
INFO [2018-02-23 17:36:52] 
INFO [2018-02-23 17:36:52] $cat.cex
INFO [2018-02-23 17:36:52] [1] 1.5
INFO [2018-02-23 17:36:52] 
INFO [2018-02-23 17:36:52] $cex
INFO [2018-02-23 17:36:52] [1] 2.5
INFO [2018-02-23 17:36:52] 
INFO [2018-02-23 17:36:52] $fill
INFO [2018-02-23 17:36:52] pal[1:3]
INFO [2018-02-23 17:36:52] 
INFO [2018-02-23 17:36:52] $lty
INFO [2018-02-23 17:36:52] [1] 1
INFO [2018-02-23 17:36:52] 
INFO [2018-02-23 17:36:52] $height
INFO [2018-02-23 17:36:52] [1] 2000
INFO [2018-02-23 17:36:52] 
INFO [2018-02-23 17:36:52] $width
INFO [2018-02-23 17:36:52] [1] 3000
INFO [2018-02-23 17:36:52] 
INFO [2018-02-23 17:36:52] [[1]]
INFO [2018-02-23 17:36:52] mylist
INFO [2018-02-23 17:36:52] 
INFO [2018-02-23 17:36:52] $filename
INFO [2018-02-23 17:36:52] NULL
INFO [2018-02-23 17:36:52] 
INFO [2018-02-23 17:36:52] $main
INFO [2018-02-23 17:36:52] name_file
INFO [2018-02-23 17:36:52] 
INFO [2018-02-23 17:36:52] $main.cex
INFO [2018-02-23 17:36:52] [1] 2
INFO [2018-02-23 17:36:52] 
INFO [2018-02-23 17:36:52] $cat.cex
INFO [2018-02-23 17:36:52] [1] 1.5
INFO [2018-02-23 17:36:52] 
INFO [2018-02-23 17:36:52] $cex
INFO [2018-02-23 17:36:52] [1] 2.5
INFO [2018-02-23 17:36:52] 
INFO [2018-02-23 17:36:52] $fill
INFO [2018-02-23 17:36:52] pal[1:3]
INFO [2018-02-23 17:36:52] 
INFO [2018-02-23 17:36:52] $lty
INFO [2018-02-23 17:36:52] [1] 1
INFO [2018-02-23 17:36:52] 
INFO [2018-02-23 17:36:52] $height
INFO [2018-02-23 17:36:52] [1] 2000
INFO [2018-02-23 17:36:52] 
INFO [2018-02-23 17:36:52] $width
INFO [2018-02-23 17:36:52] [1] 3000
INFO [2018-02-23 17:36:52] 
INFO [2018-02-23 17:36:52] [[1]]
INFO [2018-02-23 17:36:52] mylist
INFO [2018-02-23 17:36:52] 
INFO [2018-02-23 17:36:52] $filename
INFO [2018-02-23 17:36:52] NULL
INFO [2018-02-23 17:36:52] 
INFO [2018-02-23 17:36:52] $main
INFO [2018-02-23 17:36:52] name_file
INFO [2018-02-23 17:36:52] 
INFO [2018-02-23 17:36:52] $main.cex
INFO [2018-02-23 17:36:52] [1] 2
INFO [2018-02-23 17:36:52] 
INFO [2018-02-23 17:36:52] $cat.cex
INFO [2018-02-23 17:36:52] [1] 1.5
INFO [2018-02-23 17:36:52] 
INFO [2018-02-23 17:36:52] $cex
INFO [2018-02-23 17:36:52] [1] 2.5
INFO [2018-02-23 17:36:52] 
INFO [2018-02-23 17:36:52] $fill
INFO [2018-02-23 17:36:52] pal[1:3]
INFO [2018-02-23 17:36:52] 
INFO [2018-02-23 17:36:52] $lty
INFO [2018-02-23 17:36:52] [1] 1
INFO [2018-02-23 17:36:52] 
INFO [2018-02-23 17:36:52] $height
INFO [2018-02-23 17:36:52] [1] 2000
INFO [2018-02-23 17:36:52] 
INFO [2018-02-23 17:36:52] $width
INFO [2018-02-23 17:36:52] [1] 3000
INFO [2018-02-23 17:36:52] 
INFO [2018-02-23 17:36:52] [[1]]
INFO [2018-02-23 17:36:52] mylist
INFO [2018-02-23 17:36:52] 
INFO [2018-02-23 17:36:52] $filename
INFO [2018-02-23 17:36:52] NULL
INFO [2018-02-23 17:36:52] 
INFO [2018-02-23 17:36:52] $main
INFO [2018-02-23 17:36:52] name_file
INFO [2018-02-23 17:36:52] 
INFO [2018-02-23 17:36:52] $main.cex
INFO [2018-02-23 17:36:52] [1] 2
INFO [2018-02-23 17:36:52] 
INFO [2018-02-23 17:36:52] $cat.cex
INFO [2018-02-23 17:36:52] [1] 1.5
INFO [2018-02-23 17:36:52] 
INFO [2018-02-23 17:36:52] $cex
INFO [2018-02-23 17:36:52] [1] 2.5
INFO [2018-02-23 17:36:52] 
INFO [2018-02-23 17:36:52] $fill
INFO [2018-02-23 17:36:52] pal[1:3]
INFO [2018-02-23 17:36:52] 
INFO [2018-02-23 17:36:52] $lty
INFO [2018-02-23 17:36:52] [1] 1
INFO [2018-02-23 17:36:52] 
INFO [2018-02-23 17:36:52] $height
INFO [2018-02-23 17:36:52] [1] 2000
INFO [2018-02-23 17:36:52] 
INFO [2018-02-23 17:36:52] $width
INFO [2018-02-23 17:36:52] [1] 3000
INFO [2018-02-23 17:36:52] 
INFO [2018-02-23 17:36:52] [[1]]
INFO [2018-02-23 17:36:52] mylist
INFO [2018-02-23 17:36:52] 
INFO [2018-02-23 17:36:52] $filename
INFO [2018-02-23 17:36:52] NULL
INFO [2018-02-23 17:36:52] 
INFO [2018-02-23 17:36:52] $main
INFO [2018-02-23 17:36:52] name_file
INFO [2018-02-23 17:36:52] 
INFO [2018-02-23 17:36:52] $main.cex
INFO [2018-02-23 17:36:52] [1] 2
INFO [2018-02-23 17:36:52] 
INFO [2018-02-23 17:36:52] $cat.cex
INFO [2018-02-23 17:36:52] [1] 1.5
INFO [2018-02-23 17:36:52] 
INFO [2018-02-23 17:36:52] $cex
INFO [2018-02-23 17:36:52] [1] 2.5
INFO [2018-02-23 17:36:52] 
INFO [2018-02-23 17:36:52] $fill
INFO [2018-02-23 17:36:52] pal[1:3]
INFO [2018-02-23 17:36:52] 
INFO [2018-02-23 17:36:52] $lty
INFO [2018-02-23 17:36:52] [1] 1
INFO [2018-02-23 17:36:52] 
INFO [2018-02-23 17:36:52] $height
INFO [2018-02-23 17:36:52] [1] 2000
INFO [2018-02-23 17:36:52] 
INFO [2018-02-23 17:36:52] $width
INFO [2018-02-23 17:36:52] [1] 3000
INFO [2018-02-23 17:36:52] 
