INFO [2018-05-01 19:31:43] [[1]]
INFO [2018-05-01 19:31:43] mylist
INFO [2018-05-01 19:31:43] 
INFO [2018-05-01 19:31:43] $filename
INFO [2018-05-01 19:31:43] NULL
INFO [2018-05-01 19:31:43] 
INFO [2018-05-01 19:31:43] $fill
INFO [2018-05-01 19:31:43] pal[1:3]
INFO [2018-05-01 19:31:43] 
INFO [2018-05-01 19:31:43] $main.cex
INFO [2018-05-01 19:31:43] [1] 3
INFO [2018-05-01 19:31:43] 
INFO [2018-05-01 19:31:43] $cat.cex
INFO [2018-05-01 19:31:43] [1] 3
INFO [2018-05-01 19:31:43] 
INFO [2018-05-01 19:31:43] $cex
INFO [2018-05-01 19:31:43] [1] 3.5
INFO [2018-05-01 19:31:43] 
INFO [2018-05-01 19:31:43] $lty
INFO [2018-05-01 19:31:43] [1] 1
INFO [2018-05-01 19:31:43] 
INFO [2018-05-01 19:31:43] $height
INFO [2018-05-01 19:31:43] [1] 2000
INFO [2018-05-01 19:31:43] 
INFO [2018-05-01 19:31:43] $width
INFO [2018-05-01 19:31:43] [1] 2000
INFO [2018-05-01 19:31:43] 
INFO [2018-05-01 19:31:43] $fontfamily
INFO [2018-05-01 19:31:43] [1] "sans"
INFO [2018-05-01 19:31:43] 
INFO [2018-05-01 19:31:43] $cat.fontfamily
INFO [2018-05-01 19:31:43] [1] "sans"
INFO [2018-05-01 19:31:43] 
INFO [2018-05-01 19:31:43] $main.fontfamily
INFO [2018-05-01 19:31:43] [1] "sans"
INFO [2018-05-01 19:31:43] 
INFO [2018-05-01 19:31:43] $cat.fontface
INFO [2018-05-01 19:31:43] [1] "bold"
INFO [2018-05-01 19:31:43] 
INFO [2018-05-01 19:31:43] $main.fontface
INFO [2018-05-01 19:31:43] [1] "bold"
INFO [2018-05-01 19:31:43] 
INFO [2018-05-01 19:31:43] $cat.dist
INFO [2018-05-01 19:31:43] [1] 0.05
INFO [2018-05-01 19:31:43] 
INFO [2018-05-01 19:31:43] [[1]]
INFO [2018-05-01 19:31:43] mylist
INFO [2018-05-01 19:31:43] 
INFO [2018-05-01 19:31:43] $filename
INFO [2018-05-01 19:31:43] NULL
INFO [2018-05-01 19:31:43] 
INFO [2018-05-01 19:31:43] $fill
INFO [2018-05-01 19:31:43] pal[1:3]
INFO [2018-05-01 19:31:43] 
INFO [2018-05-01 19:31:43] $main.cex
INFO [2018-05-01 19:31:43] [1] 3
INFO [2018-05-01 19:31:43] 
INFO [2018-05-01 19:31:43] $cat.cex
INFO [2018-05-01 19:31:43] [1] 3
INFO [2018-05-01 19:31:43] 
INFO [2018-05-01 19:31:43] $cex
INFO [2018-05-01 19:31:43] [1] 3.5
INFO [2018-05-01 19:31:43] 
INFO [2018-05-01 19:31:43] $lty
INFO [2018-05-01 19:31:43] [1] 1
INFO [2018-05-01 19:31:43] 
INFO [2018-05-01 19:31:43] $height
INFO [2018-05-01 19:31:43] [1] 2000
INFO [2018-05-01 19:31:43] 
INFO [2018-05-01 19:31:43] $width
INFO [2018-05-01 19:31:43] [1] 2000
INFO [2018-05-01 19:31:43] 
INFO [2018-05-01 19:31:43] $fontfamily
INFO [2018-05-01 19:31:43] [1] "sans"
INFO [2018-05-01 19:31:43] 
INFO [2018-05-01 19:31:43] $cat.fontfamily
INFO [2018-05-01 19:31:43] [1] "sans"
INFO [2018-05-01 19:31:43] 
INFO [2018-05-01 19:31:43] $main.fontfamily
INFO [2018-05-01 19:31:43] [1] "sans"
INFO [2018-05-01 19:31:43] 
INFO [2018-05-01 19:31:43] $cat.fontface
INFO [2018-05-01 19:31:43] [1] "bold"
INFO [2018-05-01 19:31:43] 
INFO [2018-05-01 19:31:43] $main.fontface
INFO [2018-05-01 19:31:43] [1] "bold"
INFO [2018-05-01 19:31:43] 
INFO [2018-05-01 19:31:43] $cat.dist
INFO [2018-05-01 19:31:43] [1] 0.05
INFO [2018-05-01 19:31:43] 
INFO [2018-05-01 19:31:43] [[1]]
INFO [2018-05-01 19:31:43] mylist
INFO [2018-05-01 19:31:43] 
INFO [2018-05-01 19:31:43] $filename
INFO [2018-05-01 19:31:43] NULL
INFO [2018-05-01 19:31:43] 
INFO [2018-05-01 19:31:43] $fill
INFO [2018-05-01 19:31:43] pal[1:3]
INFO [2018-05-01 19:31:43] 
INFO [2018-05-01 19:31:43] $main.cex
INFO [2018-05-01 19:31:43] [1] 3
INFO [2018-05-01 19:31:43] 
INFO [2018-05-01 19:31:43] $cat.cex
INFO [2018-05-01 19:31:43] [1] 3
INFO [2018-05-01 19:31:43] 
INFO [2018-05-01 19:31:43] $cex
INFO [2018-05-01 19:31:43] [1] 3.5
INFO [2018-05-01 19:31:43] 
INFO [2018-05-01 19:31:43] $lty
INFO [2018-05-01 19:31:43] [1] 1
INFO [2018-05-01 19:31:43] 
INFO [2018-05-01 19:31:43] $height
INFO [2018-05-01 19:31:43] [1] 2000
INFO [2018-05-01 19:31:43] 
INFO [2018-05-01 19:31:43] $width
INFO [2018-05-01 19:31:43] [1] 2000
INFO [2018-05-01 19:31:43] 
INFO [2018-05-01 19:31:43] $fontfamily
INFO [2018-05-01 19:31:43] [1] "sans"
INFO [2018-05-01 19:31:43] 
INFO [2018-05-01 19:31:43] $cat.fontfamily
INFO [2018-05-01 19:31:43] [1] "sans"
INFO [2018-05-01 19:31:43] 
INFO [2018-05-01 19:31:43] $main.fontfamily
INFO [2018-05-01 19:31:43] [1] "sans"
INFO [2018-05-01 19:31:43] 
INFO [2018-05-01 19:31:43] $cat.fontface
INFO [2018-05-01 19:31:43] [1] "bold"
INFO [2018-05-01 19:31:43] 
INFO [2018-05-01 19:31:43] $main.fontface
INFO [2018-05-01 19:31:43] [1] "bold"
INFO [2018-05-01 19:31:43] 
INFO [2018-05-01 19:31:43] $cat.dist
INFO [2018-05-01 19:31:43] [1] 0.05
INFO [2018-05-01 19:31:43] 
INFO [2018-05-01 19:31:43] [[1]]
INFO [2018-05-01 19:31:43] mylist
INFO [2018-05-01 19:31:43] 
INFO [2018-05-01 19:31:43] $filename
INFO [2018-05-01 19:31:43] NULL
INFO [2018-05-01 19:31:43] 
INFO [2018-05-01 19:31:43] $fill
INFO [2018-05-01 19:31:43] pal[1:3]
INFO [2018-05-01 19:31:43] 
INFO [2018-05-01 19:31:43] $main.cex
INFO [2018-05-01 19:31:43] [1] 3
INFO [2018-05-01 19:31:43] 
INFO [2018-05-01 19:31:43] $cat.cex
INFO [2018-05-01 19:31:43] [1] 3
INFO [2018-05-01 19:31:43] 
INFO [2018-05-01 19:31:43] $cex
INFO [2018-05-01 19:31:43] [1] 3.5
INFO [2018-05-01 19:31:43] 
INFO [2018-05-01 19:31:43] $lty
INFO [2018-05-01 19:31:43] [1] 1
INFO [2018-05-01 19:31:43] 
INFO [2018-05-01 19:31:43] $height
INFO [2018-05-01 19:31:43] [1] 2000
INFO [2018-05-01 19:31:43] 
INFO [2018-05-01 19:31:43] $width
INFO [2018-05-01 19:31:43] [1] 2000
INFO [2018-05-01 19:31:43] 
INFO [2018-05-01 19:31:43] $fontfamily
INFO [2018-05-01 19:31:43] [1] "sans"
INFO [2018-05-01 19:31:43] 
INFO [2018-05-01 19:31:43] $cat.fontfamily
INFO [2018-05-01 19:31:43] [1] "sans"
INFO [2018-05-01 19:31:43] 
INFO [2018-05-01 19:31:43] $main.fontfamily
INFO [2018-05-01 19:31:43] [1] "sans"
INFO [2018-05-01 19:31:43] 
INFO [2018-05-01 19:31:43] $cat.fontface
INFO [2018-05-01 19:31:43] [1] "bold"
INFO [2018-05-01 19:31:43] 
INFO [2018-05-01 19:31:43] $main.fontface
INFO [2018-05-01 19:31:43] [1] "bold"
INFO [2018-05-01 19:31:43] 
INFO [2018-05-01 19:31:43] $cat.dist
INFO [2018-05-01 19:31:43] [1] 0.05
INFO [2018-05-01 19:31:43] 
INFO [2018-05-01 19:31:43] [[1]]
INFO [2018-05-01 19:31:43] mylist
INFO [2018-05-01 19:31:43] 
INFO [2018-05-01 19:31:43] $filename
INFO [2018-05-01 19:31:43] NULL
INFO [2018-05-01 19:31:43] 
INFO [2018-05-01 19:31:43] $fill
INFO [2018-05-01 19:31:43] pal[1:3]
INFO [2018-05-01 19:31:43] 
INFO [2018-05-01 19:31:43] $main.cex
INFO [2018-05-01 19:31:43] [1] 3
INFO [2018-05-01 19:31:43] 
INFO [2018-05-01 19:31:43] $cat.cex
INFO [2018-05-01 19:31:43] [1] 3
INFO [2018-05-01 19:31:43] 
INFO [2018-05-01 19:31:43] $cex
INFO [2018-05-01 19:31:43] [1] 3.5
INFO [2018-05-01 19:31:43] 
INFO [2018-05-01 19:31:43] $lty
INFO [2018-05-01 19:31:43] [1] 1
INFO [2018-05-01 19:31:43] 
INFO [2018-05-01 19:31:43] $height
INFO [2018-05-01 19:31:43] [1] 2000
INFO [2018-05-01 19:31:43] 
INFO [2018-05-01 19:31:43] $width
INFO [2018-05-01 19:31:43] [1] 2000
INFO [2018-05-01 19:31:43] 
INFO [2018-05-01 19:31:43] $fontfamily
INFO [2018-05-01 19:31:43] [1] "sans"
INFO [2018-05-01 19:31:43] 
INFO [2018-05-01 19:31:43] $cat.fontfamily
INFO [2018-05-01 19:31:43] [1] "sans"
INFO [2018-05-01 19:31:43] 
INFO [2018-05-01 19:31:43] $main.fontfamily
INFO [2018-05-01 19:31:43] [1] "sans"
INFO [2018-05-01 19:31:43] 
INFO [2018-05-01 19:31:43] $cat.fontface
INFO [2018-05-01 19:31:43] [1] "bold"
INFO [2018-05-01 19:31:43] 
INFO [2018-05-01 19:31:43] $main.fontface
INFO [2018-05-01 19:31:43] [1] "bold"
INFO [2018-05-01 19:31:43] 
INFO [2018-05-01 19:31:43] $cat.dist
INFO [2018-05-01 19:31:43] [1] 0.05
INFO [2018-05-01 19:31:43] 
