INFO [2018-02-25 16:06:10] [[1]]
INFO [2018-02-25 16:06:10] mylist
INFO [2018-02-25 16:06:10] 
INFO [2018-02-25 16:06:10] $filename
INFO [2018-02-25 16:06:10] NULL
INFO [2018-02-25 16:06:10] 
INFO [2018-02-25 16:06:10] $main
INFO [2018-02-25 16:06:10] [1] "DE genes between Lung and Kidney (FDR 1%)"
INFO [2018-02-25 16:06:10] 
INFO [2018-02-25 16:06:10] $cex
INFO [2018-02-25 16:06:10] [1] 1.5
INFO [2018-02-25 16:06:10] 
INFO [2018-02-25 16:06:10] $fill
INFO [2018-02-25 16:06:10] pal[1:3]
INFO [2018-02-25 16:06:10] 
INFO [2018-02-25 16:06:10] $lty
INFO [2018-02-25 16:06:10] [1] 1
INFO [2018-02-25 16:06:10] 
INFO [2018-02-25 16:06:10] $height
INFO [2018-02-25 16:06:10] [1] 2000
INFO [2018-02-25 16:06:10] 
INFO [2018-02-25 16:06:10] $width
INFO [2018-02-25 16:06:10] [1] 3000
INFO [2018-02-25 16:06:10] 
ERROR [2018-02-25 16:06:10] Unexpected parameter length for 'fill'
