INFO [2018-04-26 17:28:31] [[1]]
INFO [2018-04-26 17:28:31] mylist
INFO [2018-04-26 17:28:31] 
INFO [2018-04-26 17:28:31] $filename
INFO [2018-04-26 17:28:31] NULL
INFO [2018-04-26 17:28:31] 
INFO [2018-04-26 17:28:31] $fill
INFO [2018-04-26 17:28:31] pal[1:4]
INFO [2018-04-26 17:28:31] 
INFO [2018-04-26 17:28:31] $main.cex
INFO [2018-04-26 17:28:31] [1] 3
INFO [2018-04-26 17:28:31] 
INFO [2018-04-26 17:28:31] $cat.cex
INFO [2018-04-26 17:28:31] [1] 2.7
INFO [2018-04-26 17:28:31] 
INFO [2018-04-26 17:28:31] $cex
INFO [2018-04-26 17:28:31] [1] 2.7
INFO [2018-04-26 17:28:31] 
INFO [2018-04-26 17:28:31] $lty
INFO [2018-04-26 17:28:31] [1] 1
INFO [2018-04-26 17:28:31] 
INFO [2018-04-26 17:28:31] $height
INFO [2018-04-26 17:28:31] [1] 2000
INFO [2018-04-26 17:28:31] 
INFO [2018-04-26 17:28:31] $width
INFO [2018-04-26 17:28:31] [1] 2000
INFO [2018-04-26 17:28:31] 
INFO [2018-04-26 17:28:31] $fontfamily
INFO [2018-04-26 17:28:31] [1] "sans"
INFO [2018-04-26 17:28:31] 
INFO [2018-04-26 17:28:31] $cat.fontfamily
INFO [2018-04-26 17:28:31] [1] "sans"
INFO [2018-04-26 17:28:31] 
INFO [2018-04-26 17:28:31] $main.fontfamily
INFO [2018-04-26 17:28:31] [1] "sans"
INFO [2018-04-26 17:28:31] 
INFO [2018-04-26 17:28:31] $cat.fontface
INFO [2018-04-26 17:28:31] [1] "bold"
INFO [2018-04-26 17:28:31] 
INFO [2018-04-26 17:28:31] $main.fontface
INFO [2018-04-26 17:28:31] [1] "bold"
INFO [2018-04-26 17:28:31] 
