INFO [2018-05-29 15:58:44] [[1]]
INFO [2018-05-29 15:58:44] mylist
INFO [2018-05-29 15:58:44] 
INFO [2018-05-29 15:58:44] $filename
INFO [2018-05-29 15:58:44] NULL
INFO [2018-05-29 15:58:44] 
INFO [2018-05-29 15:58:44] $fill
INFO [2018-05-29 15:58:44] pal[1:3]
INFO [2018-05-29 15:58:44] 
INFO [2018-05-29 15:58:44] $main.cex
INFO [2018-05-29 15:58:44] [1] 3
INFO [2018-05-29 15:58:44] 
INFO [2018-05-29 15:58:44] $cat.cex
INFO [2018-05-29 15:58:44] [1] 2.7
INFO [2018-05-29 15:58:44] 
INFO [2018-05-29 15:58:44] $cex
INFO [2018-05-29 15:58:44] [1] 2.7
INFO [2018-05-29 15:58:44] 
INFO [2018-05-29 15:58:44] $lty
INFO [2018-05-29 15:58:44] [1] 2
INFO [2018-05-29 15:58:44] 
INFO [2018-05-29 15:58:44] $height
INFO [2018-05-29 15:58:44] [1] 2000
INFO [2018-05-29 15:58:44] 
INFO [2018-05-29 15:58:44] $width
INFO [2018-05-29 15:58:44] [1] 2000
INFO [2018-05-29 15:58:44] 
INFO [2018-05-29 15:58:44] $fontfamily
INFO [2018-05-29 15:58:44] [1] "sans"
INFO [2018-05-29 15:58:44] 
INFO [2018-05-29 15:58:44] $cat.fontfamily
INFO [2018-05-29 15:58:44] [1] "sans"
INFO [2018-05-29 15:58:44] 
INFO [2018-05-29 15:58:44] $main.fontfamily
INFO [2018-05-29 15:58:44] [1] "sans"
INFO [2018-05-29 15:58:44] 
INFO [2018-05-29 15:58:44] $cat.fontface
INFO [2018-05-29 15:58:44] [1] "bold"
INFO [2018-05-29 15:58:44] 
INFO [2018-05-29 15:58:44] $main.fontface
INFO [2018-05-29 15:58:44] [1] "bold"
INFO [2018-05-29 15:58:44] 
