INFO [2018-11-17 16:34:28] [[1]]
INFO [2018-11-17 16:34:28] mylist
INFO [2018-11-17 16:34:28] 
INFO [2018-11-17 16:34:28] $filename
INFO [2018-11-17 16:34:28] NULL
INFO [2018-11-17 16:34:28] 
INFO [2018-11-17 16:34:28] $main
INFO [2018-11-17 16:34:28] [1] "Upregulated in Humans compared to Chimps (FSR 1%)"
INFO [2018-11-17 16:34:28] 
INFO [2018-11-17 16:34:28] $main.cex
INFO [2018-11-17 16:34:28] [1] 2
INFO [2018-11-17 16:34:28] 
INFO [2018-11-17 16:34:28] $cat.cex
INFO [2018-11-17 16:34:28] [1] 1.5
INFO [2018-11-17 16:34:28] 
INFO [2018-11-17 16:34:28] $cex
INFO [2018-11-17 16:34:28] [1] 2.5
INFO [2018-11-17 16:34:28] 
INFO [2018-11-17 16:34:28] $fill
INFO [2018-11-17 16:34:28] pal[1:4]
INFO [2018-11-17 16:34:28] 
INFO [2018-11-17 16:34:28] $lty
INFO [2018-11-17 16:34:28] [1] 1
INFO [2018-11-17 16:34:28] 
INFO [2018-11-17 16:34:28] $height
INFO [2018-11-17 16:34:28] [1] 2000
INFO [2018-11-17 16:34:28] 
INFO [2018-11-17 16:34:28] $width
INFO [2018-11-17 16:34:28] [1] 3000
INFO [2018-11-17 16:34:28] 
INFO [2018-11-17 16:34:28] [[1]]
INFO [2018-11-17 16:34:28] mylist
INFO [2018-11-17 16:34:28] 
INFO [2018-11-17 16:34:28] $filename
INFO [2018-11-17 16:34:28] NULL
INFO [2018-11-17 16:34:28] 
INFO [2018-11-17 16:34:28] $main
INFO [2018-11-17 16:34:28] [1] "Upregulated in Humans compared to Rhesus (FSR 1%)"
INFO [2018-11-17 16:34:28] 
INFO [2018-11-17 16:34:28] $main.cex
INFO [2018-11-17 16:34:28] [1] 2
INFO [2018-11-17 16:34:28] 
INFO [2018-11-17 16:34:28] $cat.cex
INFO [2018-11-17 16:34:28] [1] 1.5
INFO [2018-11-17 16:34:28] 
INFO [2018-11-17 16:34:28] $cex
INFO [2018-11-17 16:34:28] [1] 2.5
INFO [2018-11-17 16:34:28] 
INFO [2018-11-17 16:34:28] $fill
INFO [2018-11-17 16:34:28] pal[1:4]
INFO [2018-11-17 16:34:28] 
INFO [2018-11-17 16:34:28] $lty
INFO [2018-11-17 16:34:28] [1] 1
INFO [2018-11-17 16:34:28] 
INFO [2018-11-17 16:34:28] $height
INFO [2018-11-17 16:34:28] [1] 2000
INFO [2018-11-17 16:34:28] 
INFO [2018-11-17 16:34:28] $width
INFO [2018-11-17 16:34:28] [1] 3000
INFO [2018-11-17 16:34:28] 
