INFO [2018-05-29 16:00:06] [[1]]
INFO [2018-05-29 16:00:06] mylist
INFO [2018-05-29 16:00:06] 
INFO [2018-05-29 16:00:06] $filename
INFO [2018-05-29 16:00:06] NULL
INFO [2018-05-29 16:00:06] 
INFO [2018-05-29 16:00:06] $fill
INFO [2018-05-29 16:00:06] pal[1:3]
INFO [2018-05-29 16:00:06] 
INFO [2018-05-29 16:00:06] $main.cex
INFO [2018-05-29 16:00:06] [1] 3
INFO [2018-05-29 16:00:06] 
INFO [2018-05-29 16:00:06] $cat.cex
INFO [2018-05-29 16:00:06] [1] 2.7
INFO [2018-05-29 16:00:06] 
INFO [2018-05-29 16:00:06] $cex
INFO [2018-05-29 16:00:06] [1] 2.7
INFO [2018-05-29 16:00:06] 
INFO [2018-05-29 16:00:06] $lty
INFO [2018-05-29 16:00:06] [1] 1
INFO [2018-05-29 16:00:06] 
INFO [2018-05-29 16:00:06] $height
INFO [2018-05-29 16:00:06] [1] 2000
INFO [2018-05-29 16:00:06] 
INFO [2018-05-29 16:00:06] $width
INFO [2018-05-29 16:00:06] [1] 2000
INFO [2018-05-29 16:00:06] 
INFO [2018-05-29 16:00:06] $fontfamily
INFO [2018-05-29 16:00:06] [1] "sans"
INFO [2018-05-29 16:00:06] 
INFO [2018-05-29 16:00:06] $cat.fontfamily
INFO [2018-05-29 16:00:06] [1] "sans"
INFO [2018-05-29 16:00:06] 
INFO [2018-05-29 16:00:06] $main.fontfamily
INFO [2018-05-29 16:00:06] [1] "sans"
INFO [2018-05-29 16:00:06] 
INFO [2018-05-29 16:00:06] $cat.fontface
INFO [2018-05-29 16:00:06] [1] "bold"
INFO [2018-05-29 16:00:06] 
INFO [2018-05-29 16:00:06] $main.fontface
INFO [2018-05-29 16:00:06] [1] "bold"
INFO [2018-05-29 16:00:06] 
