INFO [2018-04-26 17:09:01] [[1]]
INFO [2018-04-26 17:09:01] mylist
INFO [2018-04-26 17:09:01] 
INFO [2018-04-26 17:09:01] $filename
INFO [2018-04-26 17:09:01] NULL
INFO [2018-04-26 17:09:01] 
INFO [2018-04-26 17:09:01] $fill
INFO [2018-04-26 17:09:01] pal[1:4]
INFO [2018-04-26 17:09:01] 
INFO [2018-04-26 17:09:01] $main.cex
INFO [2018-04-26 17:09:01] [1] 3
INFO [2018-04-26 17:09:01] 
INFO [2018-04-26 17:09:01] $cat.cex
INFO [2018-04-26 17:09:01] [1] 3
INFO [2018-04-26 17:09:01] 
INFO [2018-04-26 17:09:01] $cex
INFO [2018-04-26 17:09:01] [1] 3.5
INFO [2018-04-26 17:09:01] 
INFO [2018-04-26 17:09:01] $lty
INFO [2018-04-26 17:09:01] [1] 1
INFO [2018-04-26 17:09:01] 
INFO [2018-04-26 17:09:01] $height
INFO [2018-04-26 17:09:01] [1] 2000
INFO [2018-04-26 17:09:01] 
INFO [2018-04-26 17:09:01] $width
INFO [2018-04-26 17:09:01] [1] 2000
INFO [2018-04-26 17:09:01] 
INFO [2018-04-26 17:09:01] $fontfamily
INFO [2018-04-26 17:09:01] [1] "sans"
INFO [2018-04-26 17:09:01] 
INFO [2018-04-26 17:09:01] $cat.fontfamily
INFO [2018-04-26 17:09:01] [1] "sans"
INFO [2018-04-26 17:09:01] 
INFO [2018-04-26 17:09:01] $main.fontfamily
INFO [2018-04-26 17:09:01] [1] "sans"
INFO [2018-04-26 17:09:01] 
INFO [2018-04-26 17:09:01] $cat.fontface
INFO [2018-04-26 17:09:01] [1] "bold"
INFO [2018-04-26 17:09:01] 
INFO [2018-04-26 17:09:01] $main.fontface
INFO [2018-04-26 17:09:01] [1] "bold"
INFO [2018-04-26 17:09:01] 
