INFO [2018-05-04 17:11:49] [[1]]
INFO [2018-05-04 17:11:49] mylist
INFO [2018-05-04 17:11:49] 
INFO [2018-05-04 17:11:49] $filename
INFO [2018-05-04 17:11:49] NULL
INFO [2018-05-04 17:11:49] 
INFO [2018-05-04 17:11:49] $fill
INFO [2018-05-04 17:11:49] pal[1:3]
INFO [2018-05-04 17:11:49] 
INFO [2018-05-04 17:11:49] $main.cex
INFO [2018-05-04 17:11:49] [1] 3
INFO [2018-05-04 17:11:49] 
INFO [2018-05-04 17:11:49] $cat.cex
INFO [2018-05-04 17:11:49] [1] 3
INFO [2018-05-04 17:11:49] 
INFO [2018-05-04 17:11:49] $cex
INFO [2018-05-04 17:11:49] [1] 3.5
INFO [2018-05-04 17:11:49] 
INFO [2018-05-04 17:11:49] $lty
INFO [2018-05-04 17:11:49] [1] 1
INFO [2018-05-04 17:11:49] 
INFO [2018-05-04 17:11:49] $height
INFO [2018-05-04 17:11:49] [1] 2000
INFO [2018-05-04 17:11:49] 
INFO [2018-05-04 17:11:49] $width
INFO [2018-05-04 17:11:49] [1] 2000
INFO [2018-05-04 17:11:49] 
INFO [2018-05-04 17:11:49] $fontfamily
INFO [2018-05-04 17:11:49] [1] "sans"
INFO [2018-05-04 17:11:49] 
INFO [2018-05-04 17:11:49] $cat.fontfamily
INFO [2018-05-04 17:11:49] [1] "sans"
INFO [2018-05-04 17:11:49] 
INFO [2018-05-04 17:11:49] $main.fontfamily
INFO [2018-05-04 17:11:49] [1] "sans"
INFO [2018-05-04 17:11:49] 
INFO [2018-05-04 17:11:49] $cat.fontface
INFO [2018-05-04 17:11:49] [1] "bold"
INFO [2018-05-04 17:11:49] 
INFO [2018-05-04 17:11:49] $main.fontface
INFO [2018-05-04 17:11:49] [1] "bold"
INFO [2018-05-04 17:11:49] 
INFO [2018-05-04 17:11:49] $cat.dist
INFO [2018-05-04 17:11:49] [1] 0.05
INFO [2018-05-04 17:11:49] 
