INFO [2018-04-05 08:56:58] [[1]]
INFO [2018-04-05 08:56:58] mylist
INFO [2018-04-05 08:56:58] 
INFO [2018-04-05 08:56:58] $filename
INFO [2018-04-05 08:56:58] NULL
INFO [2018-04-05 08:56:58] 
INFO [2018-04-05 08:56:58] $main
INFO [2018-04-05 08:56:58] [1] "DE genes between Humans and Rhesus (FDR 1%)"
INFO [2018-04-05 08:56:58] 
INFO [2018-04-05 08:56:58] $cex
INFO [2018-04-05 08:56:58] [1] 1.5
INFO [2018-04-05 08:56:58] 
INFO [2018-04-05 08:56:58] $fill
INFO [2018-04-05 08:56:58] pal[1:4]
INFO [2018-04-05 08:56:58] 
INFO [2018-04-05 08:56:58] $lty
INFO [2018-04-05 08:56:58] [1] 1
INFO [2018-04-05 08:56:58] 
INFO [2018-04-05 08:56:58] $height
INFO [2018-04-05 08:56:58] [1] 2000
INFO [2018-04-05 08:56:58] 
INFO [2018-04-05 08:56:58] $width
INFO [2018-04-05 08:56:58] [1] 3000
INFO [2018-04-05 08:56:58] 
INFO [2018-04-05 08:56:58] [[1]]
INFO [2018-04-05 08:56:58] mylist
INFO [2018-04-05 08:56:58] 
INFO [2018-04-05 08:56:58] $filename
INFO [2018-04-05 08:56:58] NULL
INFO [2018-04-05 08:56:58] 
INFO [2018-04-05 08:56:58] $main
INFO [2018-04-05 08:56:58] [1] "DE genes between Chimps and Rhesus (FDR 1%)"
INFO [2018-04-05 08:56:58] 
INFO [2018-04-05 08:56:58] $cex
INFO [2018-04-05 08:56:58] [1] 1.5
INFO [2018-04-05 08:56:58] 
INFO [2018-04-05 08:56:58] $fill
INFO [2018-04-05 08:56:58] pal[1:4]
INFO [2018-04-05 08:56:58] 
INFO [2018-04-05 08:56:58] $lty
INFO [2018-04-05 08:56:58] [1] 1
INFO [2018-04-05 08:56:58] 
INFO [2018-04-05 08:56:58] $height
INFO [2018-04-05 08:56:58] [1] 2000
INFO [2018-04-05 08:56:58] 
INFO [2018-04-05 08:56:58] $width
INFO [2018-04-05 08:56:58] [1] 3000
INFO [2018-04-05 08:56:58] 
