INFO [2019-07-25 17:41:09] [[1]]
INFO [2019-07-25 17:41:09] mylist
INFO [2019-07-25 17:41:09] 
INFO [2019-07-25 17:41:09] $filename
INFO [2019-07-25 17:41:09] NULL
INFO [2019-07-25 17:41:09] 
INFO [2019-07-25 17:41:09] $main
INFO [2019-07-25 17:41:09] [1] "Significant interactions in Rhesus (FDR 1%)"
INFO [2019-07-25 17:41:09] 
INFO [2019-07-25 17:41:09] $cex
INFO [2019-07-25 17:41:09] [1] 1.5
INFO [2019-07-25 17:41:09] 
INFO [2019-07-25 17:41:09] $fill
INFO [2019-07-25 17:41:09] pal[1:3]
INFO [2019-07-25 17:41:09] 
INFO [2019-07-25 17:41:09] $lty
INFO [2019-07-25 17:41:09] [1] 1
INFO [2019-07-25 17:41:09] 
INFO [2019-07-25 17:41:09] $height
INFO [2019-07-25 17:41:09] [1] 2000
INFO [2019-07-25 17:41:09] 
INFO [2019-07-25 17:41:09] $width
INFO [2019-07-25 17:41:09] [1] 3000
INFO [2019-07-25 17:41:09] 
