INFO [2018-04-29 13:44:04] [[1]]
INFO [2018-04-29 13:44:04] mylist
INFO [2018-04-29 13:44:04] 
INFO [2018-04-29 13:44:04] $filename
INFO [2018-04-29 13:44:04] NULL
INFO [2018-04-29 13:44:04] 
INFO [2018-04-29 13:44:04] $fill
INFO [2018-04-29 13:44:04] pal[1:3]
INFO [2018-04-29 13:44:04] 
INFO [2018-04-29 13:44:04] $main.cex
INFO [2018-04-29 13:44:04] [1] 3
INFO [2018-04-29 13:44:04] 
INFO [2018-04-29 13:44:04] $cat.cex
INFO [2018-04-29 13:44:04] [1] 3
INFO [2018-04-29 13:44:04] 
INFO [2018-04-29 13:44:04] $cex
INFO [2018-04-29 13:44:04] [1] 3.5
INFO [2018-04-29 13:44:04] 
INFO [2018-04-29 13:44:04] $lty
INFO [2018-04-29 13:44:04] [1] 1
INFO [2018-04-29 13:44:04] 
INFO [2018-04-29 13:44:04] $height
INFO [2018-04-29 13:44:04] [1] 2000
INFO [2018-04-29 13:44:04] 
INFO [2018-04-29 13:44:04] $width
INFO [2018-04-29 13:44:04] [1] 2000
INFO [2018-04-29 13:44:04] 
INFO [2018-04-29 13:44:04] $fontfamily
INFO [2018-04-29 13:44:04] [1] "sans"
INFO [2018-04-29 13:44:04] 
INFO [2018-04-29 13:44:04] $cat.fontfamily
INFO [2018-04-29 13:44:04] [1] "sans"
INFO [2018-04-29 13:44:04] 
INFO [2018-04-29 13:44:04] $main.fontfamily
INFO [2018-04-29 13:44:04] [1] "sans"
INFO [2018-04-29 13:44:04] 
INFO [2018-04-29 13:44:04] $cat.fontface
INFO [2018-04-29 13:44:04] [1] "bold"
INFO [2018-04-29 13:44:04] 
INFO [2018-04-29 13:44:04] $main.fontface
INFO [2018-04-29 13:44:04] [1] "bold"
INFO [2018-04-29 13:44:04] 
INFO [2018-04-29 13:44:04] $cat.dist
INFO [2018-04-29 13:44:04] [1] 0.05
INFO [2018-04-29 13:44:04] 
INFO [2018-04-29 13:44:04] [[1]]
INFO [2018-04-29 13:44:04] mylist
INFO [2018-04-29 13:44:04] 
INFO [2018-04-29 13:44:04] $filename
INFO [2018-04-29 13:44:04] NULL
INFO [2018-04-29 13:44:04] 
INFO [2018-04-29 13:44:04] $fill
INFO [2018-04-29 13:44:04] pal[1:3]
INFO [2018-04-29 13:44:04] 
INFO [2018-04-29 13:44:04] $main.cex
INFO [2018-04-29 13:44:04] [1] 3
INFO [2018-04-29 13:44:04] 
INFO [2018-04-29 13:44:04] $cat.cex
INFO [2018-04-29 13:44:04] [1] 3
INFO [2018-04-29 13:44:04] 
INFO [2018-04-29 13:44:04] $cex
INFO [2018-04-29 13:44:04] [1] 3.5
INFO [2018-04-29 13:44:04] 
INFO [2018-04-29 13:44:04] $lty
INFO [2018-04-29 13:44:04] [1] 1
INFO [2018-04-29 13:44:04] 
INFO [2018-04-29 13:44:04] $height
INFO [2018-04-29 13:44:04] [1] 2000
INFO [2018-04-29 13:44:04] 
INFO [2018-04-29 13:44:04] $width
INFO [2018-04-29 13:44:04] [1] 2000
INFO [2018-04-29 13:44:04] 
INFO [2018-04-29 13:44:04] $fontfamily
INFO [2018-04-29 13:44:04] [1] "sans"
INFO [2018-04-29 13:44:04] 
INFO [2018-04-29 13:44:04] $cat.fontfamily
INFO [2018-04-29 13:44:04] [1] "sans"
INFO [2018-04-29 13:44:04] 
INFO [2018-04-29 13:44:04] $main.fontfamily
INFO [2018-04-29 13:44:04] [1] "sans"
INFO [2018-04-29 13:44:04] 
INFO [2018-04-29 13:44:04] $cat.fontface
INFO [2018-04-29 13:44:04] [1] "bold"
INFO [2018-04-29 13:44:04] 
INFO [2018-04-29 13:44:04] $main.fontface
INFO [2018-04-29 13:44:04] [1] "bold"
INFO [2018-04-29 13:44:04] 
INFO [2018-04-29 13:44:04] $cat.dist
INFO [2018-04-29 13:44:04] [1] 0.05
INFO [2018-04-29 13:44:04] 
INFO [2018-04-29 13:44:04] [[1]]
INFO [2018-04-29 13:44:04] mylist
INFO [2018-04-29 13:44:04] 
INFO [2018-04-29 13:44:04] $filename
INFO [2018-04-29 13:44:04] NULL
INFO [2018-04-29 13:44:04] 
INFO [2018-04-29 13:44:04] $fill
INFO [2018-04-29 13:44:04] pal[1:3]
INFO [2018-04-29 13:44:04] 
INFO [2018-04-29 13:44:04] $main.cex
INFO [2018-04-29 13:44:04] [1] 3
INFO [2018-04-29 13:44:04] 
INFO [2018-04-29 13:44:04] $cat.cex
INFO [2018-04-29 13:44:04] [1] 3
INFO [2018-04-29 13:44:04] 
INFO [2018-04-29 13:44:04] $cex
INFO [2018-04-29 13:44:04] [1] 3.5
INFO [2018-04-29 13:44:04] 
INFO [2018-04-29 13:44:04] $lty
INFO [2018-04-29 13:44:04] [1] 1
INFO [2018-04-29 13:44:04] 
INFO [2018-04-29 13:44:04] $height
INFO [2018-04-29 13:44:04] [1] 2000
INFO [2018-04-29 13:44:04] 
INFO [2018-04-29 13:44:04] $width
INFO [2018-04-29 13:44:04] [1] 2000
INFO [2018-04-29 13:44:04] 
INFO [2018-04-29 13:44:04] $fontfamily
INFO [2018-04-29 13:44:04] [1] "sans"
INFO [2018-04-29 13:44:04] 
INFO [2018-04-29 13:44:04] $cat.fontfamily
INFO [2018-04-29 13:44:04] [1] "sans"
INFO [2018-04-29 13:44:04] 
INFO [2018-04-29 13:44:04] $main.fontfamily
INFO [2018-04-29 13:44:04] [1] "sans"
INFO [2018-04-29 13:44:04] 
INFO [2018-04-29 13:44:04] $cat.fontface
INFO [2018-04-29 13:44:04] [1] "bold"
INFO [2018-04-29 13:44:04] 
INFO [2018-04-29 13:44:04] $main.fontface
INFO [2018-04-29 13:44:04] [1] "bold"
INFO [2018-04-29 13:44:04] 
INFO [2018-04-29 13:44:04] $cat.dist
INFO [2018-04-29 13:44:04] [1] 0.05
INFO [2018-04-29 13:44:04] 
INFO [2018-04-29 13:44:04] [[1]]
INFO [2018-04-29 13:44:04] mylist
INFO [2018-04-29 13:44:04] 
INFO [2018-04-29 13:44:04] $filename
INFO [2018-04-29 13:44:04] NULL
INFO [2018-04-29 13:44:04] 
INFO [2018-04-29 13:44:04] $fill
INFO [2018-04-29 13:44:04] pal[1:3]
INFO [2018-04-29 13:44:04] 
INFO [2018-04-29 13:44:04] $main.cex
INFO [2018-04-29 13:44:04] [1] 3
INFO [2018-04-29 13:44:04] 
INFO [2018-04-29 13:44:04] $cat.cex
INFO [2018-04-29 13:44:04] [1] 3
INFO [2018-04-29 13:44:04] 
INFO [2018-04-29 13:44:04] $cex
INFO [2018-04-29 13:44:04] [1] 3.5
INFO [2018-04-29 13:44:04] 
INFO [2018-04-29 13:44:04] $lty
INFO [2018-04-29 13:44:04] [1] 1
INFO [2018-04-29 13:44:04] 
INFO [2018-04-29 13:44:04] $height
INFO [2018-04-29 13:44:04] [1] 2000
INFO [2018-04-29 13:44:04] 
INFO [2018-04-29 13:44:04] $width
INFO [2018-04-29 13:44:04] [1] 2000
INFO [2018-04-29 13:44:04] 
INFO [2018-04-29 13:44:04] $fontfamily
INFO [2018-04-29 13:44:04] [1] "sans"
INFO [2018-04-29 13:44:04] 
INFO [2018-04-29 13:44:04] $cat.fontfamily
INFO [2018-04-29 13:44:04] [1] "sans"
INFO [2018-04-29 13:44:04] 
INFO [2018-04-29 13:44:04] $main.fontfamily
INFO [2018-04-29 13:44:04] [1] "sans"
INFO [2018-04-29 13:44:04] 
INFO [2018-04-29 13:44:04] $cat.fontface
INFO [2018-04-29 13:44:04] [1] "bold"
INFO [2018-04-29 13:44:04] 
INFO [2018-04-29 13:44:04] $main.fontface
INFO [2018-04-29 13:44:04] [1] "bold"
INFO [2018-04-29 13:44:04] 
INFO [2018-04-29 13:44:04] $cat.dist
INFO [2018-04-29 13:44:04] [1] 0.05
INFO [2018-04-29 13:44:04] 
INFO [2018-04-29 13:44:04] [[1]]
INFO [2018-04-29 13:44:04] mylist
INFO [2018-04-29 13:44:04] 
INFO [2018-04-29 13:44:04] $filename
INFO [2018-04-29 13:44:04] NULL
INFO [2018-04-29 13:44:04] 
INFO [2018-04-29 13:44:04] $fill
INFO [2018-04-29 13:44:04] pal[1:3]
INFO [2018-04-29 13:44:04] 
INFO [2018-04-29 13:44:04] $main.cex
INFO [2018-04-29 13:44:04] [1] 3
INFO [2018-04-29 13:44:04] 
INFO [2018-04-29 13:44:04] $cat.cex
INFO [2018-04-29 13:44:04] [1] 3
INFO [2018-04-29 13:44:04] 
INFO [2018-04-29 13:44:04] $cex
INFO [2018-04-29 13:44:04] [1] 3.5
INFO [2018-04-29 13:44:04] 
INFO [2018-04-29 13:44:04] $lty
INFO [2018-04-29 13:44:04] [1] 1
INFO [2018-04-29 13:44:04] 
INFO [2018-04-29 13:44:04] $height
INFO [2018-04-29 13:44:04] [1] 2000
INFO [2018-04-29 13:44:04] 
INFO [2018-04-29 13:44:04] $width
INFO [2018-04-29 13:44:04] [1] 2000
INFO [2018-04-29 13:44:04] 
INFO [2018-04-29 13:44:04] $fontfamily
INFO [2018-04-29 13:44:04] [1] "sans"
INFO [2018-04-29 13:44:04] 
INFO [2018-04-29 13:44:04] $cat.fontfamily
INFO [2018-04-29 13:44:04] [1] "sans"
INFO [2018-04-29 13:44:04] 
INFO [2018-04-29 13:44:04] $main.fontfamily
INFO [2018-04-29 13:44:04] [1] "sans"
INFO [2018-04-29 13:44:04] 
INFO [2018-04-29 13:44:04] $cat.fontface
INFO [2018-04-29 13:44:04] [1] "bold"
INFO [2018-04-29 13:44:04] 
INFO [2018-04-29 13:44:04] $main.fontface
INFO [2018-04-29 13:44:04] [1] "bold"
INFO [2018-04-29 13:44:04] 
INFO [2018-04-29 13:44:04] $cat.dist
INFO [2018-04-29 13:44:04] [1] 0.05
INFO [2018-04-29 13:44:04] 
INFO [2018-04-29 13:44:04] [[1]]
INFO [2018-04-29 13:44:04] mylist
INFO [2018-04-29 13:44:04] 
INFO [2018-04-29 13:44:04] $filename
INFO [2018-04-29 13:44:04] NULL
INFO [2018-04-29 13:44:04] 
INFO [2018-04-29 13:44:04] $fill
INFO [2018-04-29 13:44:04] pal[1:3]
INFO [2018-04-29 13:44:04] 
INFO [2018-04-29 13:44:04] $main.cex
INFO [2018-04-29 13:44:04] [1] 3
INFO [2018-04-29 13:44:04] 
INFO [2018-04-29 13:44:04] $cat.cex
INFO [2018-04-29 13:44:04] [1] 3
INFO [2018-04-29 13:44:04] 
INFO [2018-04-29 13:44:04] $cex
INFO [2018-04-29 13:44:04] [1] 3.5
INFO [2018-04-29 13:44:04] 
INFO [2018-04-29 13:44:04] $lty
INFO [2018-04-29 13:44:04] [1] 1
INFO [2018-04-29 13:44:04] 
INFO [2018-04-29 13:44:04] $height
INFO [2018-04-29 13:44:04] [1] 2000
INFO [2018-04-29 13:44:04] 
INFO [2018-04-29 13:44:04] $width
INFO [2018-04-29 13:44:04] [1] 2000
INFO [2018-04-29 13:44:04] 
INFO [2018-04-29 13:44:04] $fontfamily
INFO [2018-04-29 13:44:04] [1] "sans"
INFO [2018-04-29 13:44:04] 
INFO [2018-04-29 13:44:04] $cat.fontfamily
INFO [2018-04-29 13:44:04] [1] "sans"
INFO [2018-04-29 13:44:04] 
INFO [2018-04-29 13:44:04] $main.fontfamily
INFO [2018-04-29 13:44:04] [1] "sans"
INFO [2018-04-29 13:44:04] 
INFO [2018-04-29 13:44:04] $cat.fontface
INFO [2018-04-29 13:44:04] [1] "bold"
INFO [2018-04-29 13:44:04] 
INFO [2018-04-29 13:44:04] $main.fontface
INFO [2018-04-29 13:44:04] [1] "bold"
INFO [2018-04-29 13:44:04] 
INFO [2018-04-29 13:44:04] $cat.dist
INFO [2018-04-29 13:44:04] [1] 0.05
INFO [2018-04-29 13:44:04] 
INFO [2018-04-29 13:44:04] [[1]]
INFO [2018-04-29 13:44:04] mylist
INFO [2018-04-29 13:44:04] 
INFO [2018-04-29 13:44:04] $filename
INFO [2018-04-29 13:44:04] NULL
INFO [2018-04-29 13:44:04] 
INFO [2018-04-29 13:44:04] $fill
INFO [2018-04-29 13:44:04] pal[1:3]
INFO [2018-04-29 13:44:04] 
INFO [2018-04-29 13:44:04] $main.cex
INFO [2018-04-29 13:44:04] [1] 3
INFO [2018-04-29 13:44:04] 
INFO [2018-04-29 13:44:04] $cat.cex
INFO [2018-04-29 13:44:04] [1] 3
INFO [2018-04-29 13:44:04] 
INFO [2018-04-29 13:44:04] $cex
INFO [2018-04-29 13:44:04] [1] 3.5
INFO [2018-04-29 13:44:04] 
INFO [2018-04-29 13:44:04] $lty
INFO [2018-04-29 13:44:04] [1] 1
INFO [2018-04-29 13:44:04] 
INFO [2018-04-29 13:44:04] $height
INFO [2018-04-29 13:44:04] [1] 2000
INFO [2018-04-29 13:44:04] 
INFO [2018-04-29 13:44:04] $width
INFO [2018-04-29 13:44:04] [1] 2000
INFO [2018-04-29 13:44:04] 
INFO [2018-04-29 13:44:04] $fontfamily
INFO [2018-04-29 13:44:04] [1] "sans"
INFO [2018-04-29 13:44:04] 
INFO [2018-04-29 13:44:04] $cat.fontfamily
INFO [2018-04-29 13:44:04] [1] "sans"
INFO [2018-04-29 13:44:04] 
INFO [2018-04-29 13:44:04] $main.fontfamily
INFO [2018-04-29 13:44:04] [1] "sans"
INFO [2018-04-29 13:44:04] 
INFO [2018-04-29 13:44:04] $cat.fontface
INFO [2018-04-29 13:44:04] [1] "bold"
INFO [2018-04-29 13:44:04] 
INFO [2018-04-29 13:44:04] $main.fontface
INFO [2018-04-29 13:44:04] [1] "bold"
INFO [2018-04-29 13:44:04] 
INFO [2018-04-29 13:44:04] $cat.dist
INFO [2018-04-29 13:44:04] [1] 0.05
INFO [2018-04-29 13:44:04] 
