INFO [2018-05-04 17:09:12] [[1]]
INFO [2018-05-04 17:09:12] mylist
INFO [2018-05-04 17:09:12] 
INFO [2018-05-04 17:09:12] $filename
INFO [2018-05-04 17:09:12] NULL
INFO [2018-05-04 17:09:12] 
INFO [2018-05-04 17:09:12] $main
INFO [2018-05-04 17:09:12] [1] "DE genes between Heart and Liver (FDR 1%)"
INFO [2018-05-04 17:09:12] 
INFO [2018-05-04 17:09:12] $cex
INFO [2018-05-04 17:09:12] [1] 1.5
INFO [2018-05-04 17:09:12] 
INFO [2018-05-04 17:09:12] $fill
INFO [2018-05-04 17:09:12] pal[1:3]
INFO [2018-05-04 17:09:12] 
INFO [2018-05-04 17:09:12] $lty
INFO [2018-05-04 17:09:12] [1] 1
INFO [2018-05-04 17:09:12] 
INFO [2018-05-04 17:09:12] $height
INFO [2018-05-04 17:09:12] [1] 2000
INFO [2018-05-04 17:09:12] 
INFO [2018-05-04 17:09:12] $width
INFO [2018-05-04 17:09:12] [1] 3000
INFO [2018-05-04 17:09:12] 
INFO [2018-05-04 17:09:12] [[1]]
INFO [2018-05-04 17:09:12] mylist
INFO [2018-05-04 17:09:12] 
INFO [2018-05-04 17:09:12] $filename
INFO [2018-05-04 17:09:12] NULL
INFO [2018-05-04 17:09:12] 
INFO [2018-05-04 17:09:12] $main
INFO [2018-05-04 17:09:12] [1] "DE genes between Heart and Lung (FDR 1%)"
INFO [2018-05-04 17:09:12] 
INFO [2018-05-04 17:09:12] $cex
INFO [2018-05-04 17:09:12] [1] 1.5
INFO [2018-05-04 17:09:12] 
INFO [2018-05-04 17:09:12] $fill
INFO [2018-05-04 17:09:12] pal[1:3]
INFO [2018-05-04 17:09:12] 
INFO [2018-05-04 17:09:12] $lty
INFO [2018-05-04 17:09:12] [1] 1
INFO [2018-05-04 17:09:12] 
INFO [2018-05-04 17:09:12] $height
INFO [2018-05-04 17:09:12] [1] 2000
INFO [2018-05-04 17:09:12] 
INFO [2018-05-04 17:09:12] $width
INFO [2018-05-04 17:09:12] [1] 3000
INFO [2018-05-04 17:09:12] 
INFO [2018-05-04 17:09:12] [[1]]
INFO [2018-05-04 17:09:12] mylist
INFO [2018-05-04 17:09:12] 
INFO [2018-05-04 17:09:12] $filename
INFO [2018-05-04 17:09:12] NULL
INFO [2018-05-04 17:09:12] 
INFO [2018-05-04 17:09:12] $main
INFO [2018-05-04 17:09:12] [1] "DE genes between Heart and Kidney (FDR 1%)"
INFO [2018-05-04 17:09:12] 
INFO [2018-05-04 17:09:12] $cex
INFO [2018-05-04 17:09:12] [1] 1.5
INFO [2018-05-04 17:09:12] 
INFO [2018-05-04 17:09:12] $fill
INFO [2018-05-04 17:09:12] pal[1:3]
INFO [2018-05-04 17:09:12] 
INFO [2018-05-04 17:09:12] $lty
INFO [2018-05-04 17:09:12] [1] 1
INFO [2018-05-04 17:09:12] 
INFO [2018-05-04 17:09:12] $height
INFO [2018-05-04 17:09:12] [1] 2000
INFO [2018-05-04 17:09:12] 
INFO [2018-05-04 17:09:12] $width
INFO [2018-05-04 17:09:12] [1] 3000
INFO [2018-05-04 17:09:12] 
INFO [2018-05-04 17:09:12] [[1]]
INFO [2018-05-04 17:09:12] mylist
INFO [2018-05-04 17:09:12] 
INFO [2018-05-04 17:09:12] $filename
INFO [2018-05-04 17:09:12] NULL
INFO [2018-05-04 17:09:12] 
INFO [2018-05-04 17:09:12] $main
INFO [2018-05-04 17:09:12] [1] "DE genes between Liver and Lung (FDR 1%)"
INFO [2018-05-04 17:09:12] 
INFO [2018-05-04 17:09:12] $cex
INFO [2018-05-04 17:09:12] [1] 1.5
INFO [2018-05-04 17:09:12] 
INFO [2018-05-04 17:09:12] $fill
INFO [2018-05-04 17:09:12] pal[1:3]
INFO [2018-05-04 17:09:12] 
INFO [2018-05-04 17:09:12] $lty
INFO [2018-05-04 17:09:12] [1] 1
INFO [2018-05-04 17:09:12] 
INFO [2018-05-04 17:09:12] $height
INFO [2018-05-04 17:09:12] [1] 2000
INFO [2018-05-04 17:09:12] 
INFO [2018-05-04 17:09:12] $width
INFO [2018-05-04 17:09:12] [1] 3000
INFO [2018-05-04 17:09:12] 
INFO [2018-05-04 17:09:12] [[1]]
INFO [2018-05-04 17:09:12] mylist
INFO [2018-05-04 17:09:12] 
INFO [2018-05-04 17:09:12] $filename
INFO [2018-05-04 17:09:12] NULL
INFO [2018-05-04 17:09:12] 
INFO [2018-05-04 17:09:12] $main
INFO [2018-05-04 17:09:12] [1] "DE genes between Liver and Kidney (FDR 1%)"
INFO [2018-05-04 17:09:12] 
INFO [2018-05-04 17:09:12] $cex
INFO [2018-05-04 17:09:12] [1] 1.5
INFO [2018-05-04 17:09:12] 
INFO [2018-05-04 17:09:12] $lty
INFO [2018-05-04 17:09:12] [1] 1
INFO [2018-05-04 17:09:12] 
INFO [2018-05-04 17:09:12] $height
INFO [2018-05-04 17:09:12] [1] 2000
INFO [2018-05-04 17:09:12] 
INFO [2018-05-04 17:09:12] $width
INFO [2018-05-04 17:09:12] [1] 3000
INFO [2018-05-04 17:09:12] 
INFO [2018-05-04 17:09:12] [[1]]
INFO [2018-05-04 17:09:12] mylist
INFO [2018-05-04 17:09:12] 
INFO [2018-05-04 17:09:12] $filename
INFO [2018-05-04 17:09:12] NULL
INFO [2018-05-04 17:09:12] 
INFO [2018-05-04 17:09:12] $main
INFO [2018-05-04 17:09:12] [1] "DE genes between Lung and Kidney (FDR 1%)"
INFO [2018-05-04 17:09:12] 
INFO [2018-05-04 17:09:12] $cex
INFO [2018-05-04 17:09:12] [1] 1.5
INFO [2018-05-04 17:09:12] 
INFO [2018-05-04 17:09:12] $fill
INFO [2018-05-04 17:09:12] pal[1:3]
INFO [2018-05-04 17:09:12] 
INFO [2018-05-04 17:09:12] $lty
INFO [2018-05-04 17:09:12] [1] 1
INFO [2018-05-04 17:09:12] 
INFO [2018-05-04 17:09:12] $height
INFO [2018-05-04 17:09:12] [1] 2000
INFO [2018-05-04 17:09:12] 
INFO [2018-05-04 17:09:12] $width
INFO [2018-05-04 17:09:12] [1] 3000
INFO [2018-05-04 17:09:12] 
