INFO [2018-02-25 15:47:53] [[1]]
INFO [2018-02-25 15:47:53] mylist
INFO [2018-02-25 15:47:53] 
INFO [2018-02-25 15:47:53] $filename
INFO [2018-02-25 15:47:53] NULL
INFO [2018-02-25 15:47:53] 
INFO [2018-02-25 15:47:53] $main
INFO [2018-02-25 15:47:53] name_file
INFO [2018-02-25 15:47:53] 
INFO [2018-02-25 15:47:53] $main.cex
INFO [2018-02-25 15:47:53] [1] 2
INFO [2018-02-25 15:47:53] 
INFO [2018-02-25 15:47:53] $cat.cex
INFO [2018-02-25 15:47:53] [1] 1.5
INFO [2018-02-25 15:47:53] 
INFO [2018-02-25 15:47:53] $cex
INFO [2018-02-25 15:47:53] [1] 2.5
INFO [2018-02-25 15:47:53] 
INFO [2018-02-25 15:47:53] $fill
INFO [2018-02-25 15:47:53] pal[1:3]
INFO [2018-02-25 15:47:53] 
INFO [2018-02-25 15:47:53] $lty
INFO [2018-02-25 15:47:53] [1] 1
INFO [2018-02-25 15:47:53] 
INFO [2018-02-25 15:47:53] $height
INFO [2018-02-25 15:47:53] [1] 2000
INFO [2018-02-25 15:47:53] 
INFO [2018-02-25 15:47:53] $width
INFO [2018-02-25 15:47:53] [1] 3000
INFO [2018-02-25 15:47:53] 
