INFO [2018-04-26 12:18:02] [[1]]
INFO [2018-04-26 12:18:02] mylist
INFO [2018-04-26 12:18:02] 
INFO [2018-04-26 12:18:02] $filename
INFO [2018-04-26 12:18:02] NULL
INFO [2018-04-26 12:18:02] 
INFO [2018-04-26 12:18:02] $main.cex
INFO [2018-04-26 12:18:02] [1] 3
INFO [2018-04-26 12:18:02] 
INFO [2018-04-26 12:18:02] $cat.cex
INFO [2018-04-26 12:18:02] [1] 2.5
INFO [2018-04-26 12:18:02] 
INFO [2018-04-26 12:18:02] $cex
INFO [2018-04-26 12:18:02] [1] 2.5
INFO [2018-04-26 12:18:02] 
INFO [2018-04-26 12:18:02] $fill
INFO [2018-04-26 12:18:02] NULL
INFO [2018-04-26 12:18:02] 
INFO [2018-04-26 12:18:02] $lty
INFO [2018-04-26 12:18:02] [1] 1
INFO [2018-04-26 12:18:02] 
INFO [2018-04-26 12:18:02] $height
INFO [2018-04-26 12:18:02] [1] 20000
INFO [2018-04-26 12:18:02] 
INFO [2018-04-26 12:18:02] $width
INFO [2018-04-26 12:18:02] [1] 2e+05
INFO [2018-04-26 12:18:02] 
INFO [2018-04-26 12:18:02] $fontfamily
INFO [2018-04-26 12:18:02] [1] "sans"
INFO [2018-04-26 12:18:02] 
INFO [2018-04-26 12:18:02] $cat.fontfamily
INFO [2018-04-26 12:18:02] [1] "sans"
INFO [2018-04-26 12:18:02] 
INFO [2018-04-26 12:18:02] $main.fontfamily
INFO [2018-04-26 12:18:02] [1] "sans"
INFO [2018-04-26 12:18:02] 
INFO [2018-04-26 12:18:02] $cat.fontface
INFO [2018-04-26 12:18:02] [1] "bold"
INFO [2018-04-26 12:18:02] 
INFO [2018-04-26 12:18:02] $main.fontface
INFO [2018-04-26 12:18:02] [1] "bold"
INFO [2018-04-26 12:18:02] 
INFO [2018-04-26 12:18:02] $cat.dist
INFO [2018-04-26 12:18:02] -0.045
INFO [2018-04-26 12:18:02] 
