INFO [2018-04-26 11:40:55] [[1]]
INFO [2018-04-26 11:40:55] mylist
INFO [2018-04-26 11:40:55] 
INFO [2018-04-26 11:40:55] $filename
INFO [2018-04-26 11:40:55] NULL
INFO [2018-04-26 11:40:55] 
INFO [2018-04-26 11:40:55] $main.cex
INFO [2018-04-26 11:40:55] [1] 3
INFO [2018-04-26 11:40:55] 
INFO [2018-04-26 11:40:55] $cat.cex
INFO [2018-04-26 11:40:55] [1] 2.5
INFO [2018-04-26 11:40:55] 
INFO [2018-04-26 11:40:55] $cex
INFO [2018-04-26 11:40:55] [1] 2.5
INFO [2018-04-26 11:40:55] 
INFO [2018-04-26 11:40:55] $fill
INFO [2018-04-26 11:40:55] NULL
INFO [2018-04-26 11:40:55] 
INFO [2018-04-26 11:40:55] $lty
INFO [2018-04-26 11:40:55] [1] 1
INFO [2018-04-26 11:40:55] 
INFO [2018-04-26 11:40:55] $height
INFO [2018-04-26 11:40:55] [1] 20000
INFO [2018-04-26 11:40:55] 
INFO [2018-04-26 11:40:55] $width
INFO [2018-04-26 11:40:55] [1] 2e+05
INFO [2018-04-26 11:40:55] 
INFO [2018-04-26 11:40:55] $fontfamily
INFO [2018-04-26 11:40:55] [1] "sans"
INFO [2018-04-26 11:40:55] 
INFO [2018-04-26 11:40:55] $cat.fontfamily
INFO [2018-04-26 11:40:55] [1] "sans"
INFO [2018-04-26 11:40:55] 
INFO [2018-04-26 11:40:55] $main.fontfamily
INFO [2018-04-26 11:40:55] [1] "sans"
INFO [2018-04-26 11:40:55] 
INFO [2018-04-26 11:40:55] $cat.fontface
INFO [2018-04-26 11:40:55] [1] "bold"
INFO [2018-04-26 11:40:55] 
INFO [2018-04-26 11:40:55] $main.fontface
INFO [2018-04-26 11:40:55] [1] "bold"
INFO [2018-04-26 11:40:55] 
INFO [2018-04-26 11:40:55] $cat.dist
INFO [2018-04-26 11:40:55] -0.045
INFO [2018-04-26 11:40:55] 
