INFO [2018-04-29 14:49:41] [[1]]
INFO [2018-04-29 14:49:41] mylist
INFO [2018-04-29 14:49:41] 
INFO [2018-04-29 14:49:41] $filename
INFO [2018-04-29 14:49:41] NULL
INFO [2018-04-29 14:49:41] 
INFO [2018-04-29 14:49:41] $fill
INFO [2018-04-29 14:49:41] pal[1:3]
INFO [2018-04-29 14:49:41] 
INFO [2018-04-29 14:49:41] $main.cex
INFO [2018-04-29 14:49:41] [1] 3
INFO [2018-04-29 14:49:41] 
INFO [2018-04-29 14:49:41] $cat.cex
INFO [2018-04-29 14:49:41] [1] 3
INFO [2018-04-29 14:49:41] 
INFO [2018-04-29 14:49:41] $cex
INFO [2018-04-29 14:49:41] [1] 3.5
INFO [2018-04-29 14:49:41] 
INFO [2018-04-29 14:49:41] $lty
INFO [2018-04-29 14:49:41] [1] 1
INFO [2018-04-29 14:49:41] 
INFO [2018-04-29 14:49:41] $height
INFO [2018-04-29 14:49:41] [1] 2000
INFO [2018-04-29 14:49:41] 
INFO [2018-04-29 14:49:41] $width
INFO [2018-04-29 14:49:41] [1] 2000
INFO [2018-04-29 14:49:41] 
INFO [2018-04-29 14:49:41] $fontfamily
INFO [2018-04-29 14:49:41] [1] "sans"
INFO [2018-04-29 14:49:41] 
INFO [2018-04-29 14:49:41] $cat.fontfamily
INFO [2018-04-29 14:49:41] [1] "sans"
INFO [2018-04-29 14:49:41] 
INFO [2018-04-29 14:49:41] $main.fontfamily
INFO [2018-04-29 14:49:41] [1] "sans"
INFO [2018-04-29 14:49:41] 
INFO [2018-04-29 14:49:41] $cat.fontface
INFO [2018-04-29 14:49:41] [1] "bold"
INFO [2018-04-29 14:49:41] 
INFO [2018-04-29 14:49:41] $main.fontface
INFO [2018-04-29 14:49:41] [1] "bold"
INFO [2018-04-29 14:49:41] 
INFO [2018-04-29 14:49:41] $cat.dist
INFO [2018-04-29 14:49:41] [1] 0.05
INFO [2018-04-29 14:49:41] 
INFO [2018-04-29 14:49:41] [[1]]
INFO [2018-04-29 14:49:41] mylist
INFO [2018-04-29 14:49:41] 
INFO [2018-04-29 14:49:41] $filename
INFO [2018-04-29 14:49:41] NULL
INFO [2018-04-29 14:49:41] 
INFO [2018-04-29 14:49:41] $fill
INFO [2018-04-29 14:49:41] pal[1:3]
INFO [2018-04-29 14:49:41] 
INFO [2018-04-29 14:49:41] $main.cex
INFO [2018-04-29 14:49:41] [1] 3
INFO [2018-04-29 14:49:41] 
INFO [2018-04-29 14:49:41] $cat.cex
INFO [2018-04-29 14:49:41] [1] 3
INFO [2018-04-29 14:49:41] 
INFO [2018-04-29 14:49:41] $cex
INFO [2018-04-29 14:49:41] [1] 3.5
INFO [2018-04-29 14:49:41] 
INFO [2018-04-29 14:49:41] $lty
INFO [2018-04-29 14:49:41] [1] 1
INFO [2018-04-29 14:49:41] 
INFO [2018-04-29 14:49:41] $height
INFO [2018-04-29 14:49:41] [1] 2000
INFO [2018-04-29 14:49:41] 
INFO [2018-04-29 14:49:41] $width
INFO [2018-04-29 14:49:41] [1] 2000
INFO [2018-04-29 14:49:41] 
INFO [2018-04-29 14:49:41] $fontfamily
INFO [2018-04-29 14:49:41] [1] "sans"
INFO [2018-04-29 14:49:41] 
INFO [2018-04-29 14:49:41] $cat.fontfamily
INFO [2018-04-29 14:49:41] [1] "sans"
INFO [2018-04-29 14:49:41] 
INFO [2018-04-29 14:49:41] $main.fontfamily
INFO [2018-04-29 14:49:41] [1] "sans"
INFO [2018-04-29 14:49:41] 
INFO [2018-04-29 14:49:41] $cat.fontface
INFO [2018-04-29 14:49:41] [1] "bold"
INFO [2018-04-29 14:49:41] 
INFO [2018-04-29 14:49:41] $main.fontface
INFO [2018-04-29 14:49:41] [1] "bold"
INFO [2018-04-29 14:49:41] 
INFO [2018-04-29 14:49:41] $cat.dist
INFO [2018-04-29 14:49:41] [1] 0.05
INFO [2018-04-29 14:49:41] 
