INFO [2018-02-25 16:10:33] [[1]]
INFO [2018-02-25 16:10:33] mylist
INFO [2018-02-25 16:10:33] 
INFO [2018-02-25 16:10:33] $filename
INFO [2018-02-25 16:10:33] NULL
INFO [2018-02-25 16:10:33] 
INFO [2018-02-25 16:10:33] $main
INFO [2018-02-25 16:10:33] [1] "DE genes between Liver and Kidney (FDR 1%)"
INFO [2018-02-25 16:10:33] 
INFO [2018-02-25 16:10:33] $cex
INFO [2018-02-25 16:10:33] [1] 1.5
INFO [2018-02-25 16:10:33] 
INFO [2018-02-25 16:10:33] $lty
INFO [2018-02-25 16:10:33] [1] 1
INFO [2018-02-25 16:10:33] 
INFO [2018-02-25 16:10:33] $height
INFO [2018-02-25 16:10:33] [1] 2000
INFO [2018-02-25 16:10:33] 
INFO [2018-02-25 16:10:33] $width
INFO [2018-02-25 16:10:33] [1] 3000
INFO [2018-02-25 16:10:33] 
