INFO [2018-04-05 08:57:00] [[1]]
INFO [2018-04-05 08:57:00] mylist
INFO [2018-04-05 08:57:00] 
INFO [2018-04-05 08:57:00] $filename
INFO [2018-04-05 08:57:00] NULL
INFO [2018-04-05 08:57:00] 
INFO [2018-04-05 08:57:00] $main
INFO [2018-04-05 08:57:00] [1] "DE genes between Liver and Lung (FDR 1%)"
INFO [2018-04-05 08:57:00] 
INFO [2018-04-05 08:57:00] $cex
INFO [2018-04-05 08:57:00] [1] 1.5
INFO [2018-04-05 08:57:00] 
INFO [2018-04-05 08:57:00] $fill
INFO [2018-04-05 08:57:00] pal[1:3]
INFO [2018-04-05 08:57:00] 
INFO [2018-04-05 08:57:00] $lty
INFO [2018-04-05 08:57:00] [1] 1
INFO [2018-04-05 08:57:00] 
INFO [2018-04-05 08:57:00] $height
INFO [2018-04-05 08:57:00] [1] 2000
INFO [2018-04-05 08:57:00] 
INFO [2018-04-05 08:57:00] $width
INFO [2018-04-05 08:57:00] [1] 3000
INFO [2018-04-05 08:57:00] 
INFO [2018-04-05 08:57:00] [[1]]
INFO [2018-04-05 08:57:00] mylist
INFO [2018-04-05 08:57:00] 
INFO [2018-04-05 08:57:00] $filename
INFO [2018-04-05 08:57:00] NULL
INFO [2018-04-05 08:57:00] 
INFO [2018-04-05 08:57:00] $main
INFO [2018-04-05 08:57:00] [1] "DE genes between Liver and Kidney (FDR 1%)"
INFO [2018-04-05 08:57:00] 
INFO [2018-04-05 08:57:00] $cex
INFO [2018-04-05 08:57:00] [1] 1.5
INFO [2018-04-05 08:57:00] 
INFO [2018-04-05 08:57:00] $lty
INFO [2018-04-05 08:57:00] [1] 1
INFO [2018-04-05 08:57:00] 
INFO [2018-04-05 08:57:00] $height
INFO [2018-04-05 08:57:00] [1] 2000
INFO [2018-04-05 08:57:00] 
INFO [2018-04-05 08:57:00] $width
INFO [2018-04-05 08:57:00] [1] 3000
INFO [2018-04-05 08:57:00] 
INFO [2018-04-05 08:57:00] [[1]]
INFO [2018-04-05 08:57:00] mylist
INFO [2018-04-05 08:57:00] 
INFO [2018-04-05 08:57:00] $filename
INFO [2018-04-05 08:57:00] NULL
INFO [2018-04-05 08:57:00] 
INFO [2018-04-05 08:57:00] $main
INFO [2018-04-05 08:57:00] [1] "DE genes between Lung and Kidney (FDR 1%)"
INFO [2018-04-05 08:57:00] 
INFO [2018-04-05 08:57:00] $cex
INFO [2018-04-05 08:57:00] [1] 1.5
INFO [2018-04-05 08:57:00] 
INFO [2018-04-05 08:57:00] $fill
INFO [2018-04-05 08:57:00] pal[1:3]
INFO [2018-04-05 08:57:00] 
INFO [2018-04-05 08:57:00] $lty
INFO [2018-04-05 08:57:00] [1] 1
INFO [2018-04-05 08:57:00] 
INFO [2018-04-05 08:57:00] $height
INFO [2018-04-05 08:57:00] [1] 2000
INFO [2018-04-05 08:57:00] 
INFO [2018-04-05 08:57:00] $width
INFO [2018-04-05 08:57:00] [1] 3000
INFO [2018-04-05 08:57:00] 
