INFO [2018-05-01 19:27:32] [[1]]
INFO [2018-05-01 19:27:32] mylist
INFO [2018-05-01 19:27:32] 
INFO [2018-05-01 19:27:32] $filename
INFO [2018-05-01 19:27:32] NULL
INFO [2018-05-01 19:27:32] 
INFO [2018-05-01 19:27:32] $fill
INFO [2018-05-01 19:27:32] pal[1:3]
INFO [2018-05-01 19:27:32] 
INFO [2018-05-01 19:27:32] $main.cex
INFO [2018-05-01 19:27:32] [1] 3
INFO [2018-05-01 19:27:32] 
INFO [2018-05-01 19:27:32] $cat.cex
INFO [2018-05-01 19:27:32] [1] 3
INFO [2018-05-01 19:27:32] 
INFO [2018-05-01 19:27:32] $cex
INFO [2018-05-01 19:27:32] [1] 3.5
INFO [2018-05-01 19:27:32] 
INFO [2018-05-01 19:27:32] $lty
INFO [2018-05-01 19:27:32] [1] 1
INFO [2018-05-01 19:27:32] 
INFO [2018-05-01 19:27:32] $height
INFO [2018-05-01 19:27:32] [1] 2000
INFO [2018-05-01 19:27:32] 
INFO [2018-05-01 19:27:32] $width
INFO [2018-05-01 19:27:32] [1] 2000
INFO [2018-05-01 19:27:32] 
INFO [2018-05-01 19:27:32] $fontfamily
INFO [2018-05-01 19:27:32] [1] "sans"
INFO [2018-05-01 19:27:32] 
INFO [2018-05-01 19:27:32] $cat.fontfamily
INFO [2018-05-01 19:27:32] [1] "sans"
INFO [2018-05-01 19:27:32] 
INFO [2018-05-01 19:27:32] $main.fontfamily
INFO [2018-05-01 19:27:32] [1] "sans"
INFO [2018-05-01 19:27:32] 
INFO [2018-05-01 19:27:32] $cat.fontface
INFO [2018-05-01 19:27:32] [1] "bold"
INFO [2018-05-01 19:27:32] 
INFO [2018-05-01 19:27:32] $main.fontface
INFO [2018-05-01 19:27:32] [1] "bold"
INFO [2018-05-01 19:27:32] 
INFO [2018-05-01 19:27:32] $cat.dist
INFO [2018-05-01 19:27:32] [1] 0.05
INFO [2018-05-01 19:27:32] 
INFO [2018-05-01 19:27:32] [[1]]
INFO [2018-05-01 19:27:32] mylist
INFO [2018-05-01 19:27:32] 
INFO [2018-05-01 19:27:32] $filename
INFO [2018-05-01 19:27:32] NULL
INFO [2018-05-01 19:27:32] 
INFO [2018-05-01 19:27:32] $fill
INFO [2018-05-01 19:27:32] pal[1:3]
INFO [2018-05-01 19:27:32] 
INFO [2018-05-01 19:27:32] $main.cex
INFO [2018-05-01 19:27:32] [1] 3
INFO [2018-05-01 19:27:32] 
INFO [2018-05-01 19:27:32] $cat.cex
INFO [2018-05-01 19:27:32] [1] 3
INFO [2018-05-01 19:27:32] 
INFO [2018-05-01 19:27:32] $cex
INFO [2018-05-01 19:27:32] [1] 3.5
INFO [2018-05-01 19:27:32] 
INFO [2018-05-01 19:27:32] $lty
INFO [2018-05-01 19:27:32] [1] 1
INFO [2018-05-01 19:27:32] 
INFO [2018-05-01 19:27:32] $height
INFO [2018-05-01 19:27:32] [1] 2000
INFO [2018-05-01 19:27:32] 
INFO [2018-05-01 19:27:32] $width
INFO [2018-05-01 19:27:32] [1] 2000
INFO [2018-05-01 19:27:32] 
INFO [2018-05-01 19:27:32] $fontfamily
INFO [2018-05-01 19:27:32] [1] "sans"
INFO [2018-05-01 19:27:32] 
INFO [2018-05-01 19:27:32] $cat.fontfamily
INFO [2018-05-01 19:27:32] [1] "sans"
INFO [2018-05-01 19:27:32] 
INFO [2018-05-01 19:27:32] $main.fontfamily
INFO [2018-05-01 19:27:32] [1] "sans"
INFO [2018-05-01 19:27:32] 
INFO [2018-05-01 19:27:32] $cat.fontface
INFO [2018-05-01 19:27:32] [1] "bold"
INFO [2018-05-01 19:27:32] 
INFO [2018-05-01 19:27:32] $main.fontface
INFO [2018-05-01 19:27:32] [1] "bold"
INFO [2018-05-01 19:27:32] 
INFO [2018-05-01 19:27:32] $cat.dist
INFO [2018-05-01 19:27:32] [1] 0.05
INFO [2018-05-01 19:27:32] 
INFO [2018-05-01 19:27:32] [[1]]
INFO [2018-05-01 19:27:32] mylist
INFO [2018-05-01 19:27:32] 
INFO [2018-05-01 19:27:32] $filename
INFO [2018-05-01 19:27:32] NULL
INFO [2018-05-01 19:27:32] 
INFO [2018-05-01 19:27:32] $fill
INFO [2018-05-01 19:27:32] pal[1:3]
INFO [2018-05-01 19:27:32] 
INFO [2018-05-01 19:27:32] $main.cex
INFO [2018-05-01 19:27:32] [1] 3
INFO [2018-05-01 19:27:32] 
INFO [2018-05-01 19:27:32] $cat.cex
INFO [2018-05-01 19:27:32] [1] 3
INFO [2018-05-01 19:27:32] 
INFO [2018-05-01 19:27:32] $cex
INFO [2018-05-01 19:27:32] [1] 3.5
INFO [2018-05-01 19:27:32] 
INFO [2018-05-01 19:27:32] $lty
INFO [2018-05-01 19:27:32] [1] 1
INFO [2018-05-01 19:27:32] 
INFO [2018-05-01 19:27:32] $height
INFO [2018-05-01 19:27:32] [1] 2000
INFO [2018-05-01 19:27:32] 
INFO [2018-05-01 19:27:32] $width
INFO [2018-05-01 19:27:32] [1] 2000
INFO [2018-05-01 19:27:32] 
INFO [2018-05-01 19:27:32] $fontfamily
INFO [2018-05-01 19:27:32] [1] "sans"
INFO [2018-05-01 19:27:32] 
INFO [2018-05-01 19:27:32] $cat.fontfamily
INFO [2018-05-01 19:27:32] [1] "sans"
INFO [2018-05-01 19:27:32] 
INFO [2018-05-01 19:27:32] $main.fontfamily
INFO [2018-05-01 19:27:32] [1] "sans"
INFO [2018-05-01 19:27:32] 
INFO [2018-05-01 19:27:32] $cat.fontface
INFO [2018-05-01 19:27:32] [1] "bold"
INFO [2018-05-01 19:27:32] 
INFO [2018-05-01 19:27:32] $main.fontface
INFO [2018-05-01 19:27:32] [1] "bold"
INFO [2018-05-01 19:27:32] 
INFO [2018-05-01 19:27:32] $cat.dist
INFO [2018-05-01 19:27:32] [1] 0.05
INFO [2018-05-01 19:27:32] 
INFO [2018-05-01 19:27:32] [[1]]
INFO [2018-05-01 19:27:32] mylist
INFO [2018-05-01 19:27:32] 
INFO [2018-05-01 19:27:32] $filename
INFO [2018-05-01 19:27:32] NULL
INFO [2018-05-01 19:27:32] 
INFO [2018-05-01 19:27:32] $fill
INFO [2018-05-01 19:27:32] pal[1:3]
INFO [2018-05-01 19:27:32] 
INFO [2018-05-01 19:27:32] $main.cex
INFO [2018-05-01 19:27:32] [1] 3
INFO [2018-05-01 19:27:32] 
INFO [2018-05-01 19:27:32] $cat.cex
INFO [2018-05-01 19:27:32] [1] 3
INFO [2018-05-01 19:27:32] 
INFO [2018-05-01 19:27:32] $cex
INFO [2018-05-01 19:27:32] [1] 3.5
INFO [2018-05-01 19:27:32] 
INFO [2018-05-01 19:27:32] $lty
INFO [2018-05-01 19:27:32] [1] 1
INFO [2018-05-01 19:27:32] 
INFO [2018-05-01 19:27:32] $height
INFO [2018-05-01 19:27:32] [1] 2000
INFO [2018-05-01 19:27:32] 
INFO [2018-05-01 19:27:32] $width
INFO [2018-05-01 19:27:32] [1] 2000
INFO [2018-05-01 19:27:32] 
INFO [2018-05-01 19:27:32] $fontfamily
INFO [2018-05-01 19:27:32] [1] "sans"
INFO [2018-05-01 19:27:32] 
INFO [2018-05-01 19:27:32] $cat.fontfamily
INFO [2018-05-01 19:27:32] [1] "sans"
INFO [2018-05-01 19:27:32] 
INFO [2018-05-01 19:27:32] $main.fontfamily
INFO [2018-05-01 19:27:32] [1] "sans"
INFO [2018-05-01 19:27:32] 
INFO [2018-05-01 19:27:32] $cat.fontface
INFO [2018-05-01 19:27:32] [1] "bold"
INFO [2018-05-01 19:27:32] 
INFO [2018-05-01 19:27:32] $main.fontface
INFO [2018-05-01 19:27:32] [1] "bold"
INFO [2018-05-01 19:27:32] 
INFO [2018-05-01 19:27:32] $cat.dist
INFO [2018-05-01 19:27:32] [1] 0.05
INFO [2018-05-01 19:27:32] 
INFO [2018-05-01 19:27:32] [[1]]
INFO [2018-05-01 19:27:32] mylist
INFO [2018-05-01 19:27:32] 
INFO [2018-05-01 19:27:32] $filename
INFO [2018-05-01 19:27:32] NULL
INFO [2018-05-01 19:27:32] 
INFO [2018-05-01 19:27:32] $fill
INFO [2018-05-01 19:27:32] pal[1:3]
INFO [2018-05-01 19:27:32] 
INFO [2018-05-01 19:27:32] $main.cex
INFO [2018-05-01 19:27:32] [1] 3
INFO [2018-05-01 19:27:32] 
INFO [2018-05-01 19:27:32] $cat.cex
INFO [2018-05-01 19:27:32] [1] 3
INFO [2018-05-01 19:27:32] 
INFO [2018-05-01 19:27:32] $cex
INFO [2018-05-01 19:27:32] [1] 3.5
INFO [2018-05-01 19:27:32] 
INFO [2018-05-01 19:27:32] $lty
INFO [2018-05-01 19:27:32] [1] 1
INFO [2018-05-01 19:27:32] 
INFO [2018-05-01 19:27:32] $height
INFO [2018-05-01 19:27:32] [1] 2000
INFO [2018-05-01 19:27:32] 
INFO [2018-05-01 19:27:32] $width
INFO [2018-05-01 19:27:32] [1] 2000
INFO [2018-05-01 19:27:32] 
INFO [2018-05-01 19:27:32] $fontfamily
INFO [2018-05-01 19:27:32] [1] "sans"
INFO [2018-05-01 19:27:32] 
INFO [2018-05-01 19:27:32] $cat.fontfamily
INFO [2018-05-01 19:27:32] [1] "sans"
INFO [2018-05-01 19:27:32] 
INFO [2018-05-01 19:27:32] $main.fontfamily
INFO [2018-05-01 19:27:32] [1] "sans"
INFO [2018-05-01 19:27:32] 
INFO [2018-05-01 19:27:32] $cat.fontface
INFO [2018-05-01 19:27:32] [1] "bold"
INFO [2018-05-01 19:27:32] 
INFO [2018-05-01 19:27:32] $main.fontface
INFO [2018-05-01 19:27:32] [1] "bold"
INFO [2018-05-01 19:27:32] 
INFO [2018-05-01 19:27:32] $cat.dist
INFO [2018-05-01 19:27:32] [1] 0.05
INFO [2018-05-01 19:27:32] 
INFO [2018-05-01 19:27:32] [[1]]
INFO [2018-05-01 19:27:32] mylist
INFO [2018-05-01 19:27:32] 
INFO [2018-05-01 19:27:32] $filename
INFO [2018-05-01 19:27:32] NULL
INFO [2018-05-01 19:27:32] 
INFO [2018-05-01 19:27:32] $fill
INFO [2018-05-01 19:27:32] pal[1:3]
INFO [2018-05-01 19:27:32] 
INFO [2018-05-01 19:27:32] $main.cex
INFO [2018-05-01 19:27:32] [1] 3
INFO [2018-05-01 19:27:32] 
INFO [2018-05-01 19:27:32] $cat.cex
INFO [2018-05-01 19:27:32] [1] 3
INFO [2018-05-01 19:27:32] 
INFO [2018-05-01 19:27:32] $cex
INFO [2018-05-01 19:27:32] [1] 3.5
INFO [2018-05-01 19:27:32] 
INFO [2018-05-01 19:27:32] $lty
INFO [2018-05-01 19:27:32] [1] 1
INFO [2018-05-01 19:27:32] 
INFO [2018-05-01 19:27:32] $height
INFO [2018-05-01 19:27:32] [1] 2000
INFO [2018-05-01 19:27:32] 
INFO [2018-05-01 19:27:32] $width
INFO [2018-05-01 19:27:32] [1] 2000
INFO [2018-05-01 19:27:32] 
INFO [2018-05-01 19:27:32] $fontfamily
INFO [2018-05-01 19:27:32] [1] "sans"
INFO [2018-05-01 19:27:32] 
INFO [2018-05-01 19:27:32] $cat.fontfamily
INFO [2018-05-01 19:27:32] [1] "sans"
INFO [2018-05-01 19:27:32] 
INFO [2018-05-01 19:27:32] $main.fontfamily
INFO [2018-05-01 19:27:32] [1] "sans"
INFO [2018-05-01 19:27:32] 
INFO [2018-05-01 19:27:32] $cat.fontface
INFO [2018-05-01 19:27:32] [1] "bold"
INFO [2018-05-01 19:27:32] 
INFO [2018-05-01 19:27:32] $main.fontface
INFO [2018-05-01 19:27:32] [1] "bold"
INFO [2018-05-01 19:27:32] 
INFO [2018-05-01 19:27:32] $cat.dist
INFO [2018-05-01 19:27:32] [1] 0.05
INFO [2018-05-01 19:27:32] 
