INFO [2018-05-08 16:15:57] [[1]]
INFO [2018-05-08 16:15:57] mylist
INFO [2018-05-08 16:15:57] 
INFO [2018-05-08 16:15:57] $filename
INFO [2018-05-08 16:15:57] NULL
INFO [2018-05-08 16:15:57] 
INFO [2018-05-08 16:15:57] $main
INFO [2018-05-08 16:15:57] [1] "Downregulated in Heart compared to Kidney (FSR 1%)"
INFO [2018-05-08 16:15:57] 
INFO [2018-05-08 16:15:57] $main.cex
INFO [2018-05-08 16:15:57] [1] 2
INFO [2018-05-08 16:15:57] 
INFO [2018-05-08 16:15:57] $cat.cex
INFO [2018-05-08 16:15:57] [1] 1.5
INFO [2018-05-08 16:15:57] 
INFO [2018-05-08 16:15:57] $cex
INFO [2018-05-08 16:15:57] [1] 2.5
INFO [2018-05-08 16:15:57] 
INFO [2018-05-08 16:15:57] $fill
INFO [2018-05-08 16:15:57] pal[1:3]
INFO [2018-05-08 16:15:57] 
INFO [2018-05-08 16:15:57] $lty
INFO [2018-05-08 16:15:57] [1] 1
INFO [2018-05-08 16:15:57] 
INFO [2018-05-08 16:15:57] $height
INFO [2018-05-08 16:15:57] [1] 2000
INFO [2018-05-08 16:15:57] 
INFO [2018-05-08 16:15:57] $width
INFO [2018-05-08 16:15:57] [1] 3000
INFO [2018-05-08 16:15:57] 
INFO [2018-05-08 16:15:57] [[1]]
INFO [2018-05-08 16:15:57] mylist
INFO [2018-05-08 16:15:57] 
INFO [2018-05-08 16:15:57] $filename
INFO [2018-05-08 16:15:57] NULL
INFO [2018-05-08 16:15:57] 
INFO [2018-05-08 16:15:57] $main
INFO [2018-05-08 16:15:57] [1] "Upregulated in Heart compared to Liver (FSR 1%)"
INFO [2018-05-08 16:15:57] 
INFO [2018-05-08 16:15:57] $main.cex
INFO [2018-05-08 16:15:57] [1] 2
INFO [2018-05-08 16:15:57] 
INFO [2018-05-08 16:15:57] $cat.cex
INFO [2018-05-08 16:15:57] [1] 1.5
INFO [2018-05-08 16:15:57] 
INFO [2018-05-08 16:15:57] $cex
INFO [2018-05-08 16:15:57] [1] 2.5
INFO [2018-05-08 16:15:57] 
INFO [2018-05-08 16:15:57] $fill
INFO [2018-05-08 16:15:57] pal[1:3]
INFO [2018-05-08 16:15:57] 
INFO [2018-05-08 16:15:57] $lty
INFO [2018-05-08 16:15:57] [1] 1
INFO [2018-05-08 16:15:57] 
INFO [2018-05-08 16:15:57] $height
INFO [2018-05-08 16:15:57] [1] 2000
INFO [2018-05-08 16:15:57] 
INFO [2018-05-08 16:15:57] $width
INFO [2018-05-08 16:15:57] [1] 3000
INFO [2018-05-08 16:15:57] 
INFO [2018-05-08 16:15:57] [[1]]
INFO [2018-05-08 16:15:57] mylist
INFO [2018-05-08 16:15:57] 
INFO [2018-05-08 16:15:57] $filename
INFO [2018-05-08 16:15:57] NULL
INFO [2018-05-08 16:15:57] 
INFO [2018-05-08 16:15:57] $main
INFO [2018-05-08 16:15:57] [1] "Upregulated in Heart compared to Lung (FSR 1%)"
INFO [2018-05-08 16:15:57] 
INFO [2018-05-08 16:15:57] $main.cex
INFO [2018-05-08 16:15:57] [1] 2
INFO [2018-05-08 16:15:57] 
INFO [2018-05-08 16:15:57] $cat.cex
INFO [2018-05-08 16:15:57] [1] 1.5
INFO [2018-05-08 16:15:57] 
INFO [2018-05-08 16:15:57] $cex
INFO [2018-05-08 16:15:57] [1] 2.5
INFO [2018-05-08 16:15:57] 
INFO [2018-05-08 16:15:57] $fill
INFO [2018-05-08 16:15:57] pal[1:3]
INFO [2018-05-08 16:15:57] 
INFO [2018-05-08 16:15:57] $lty
INFO [2018-05-08 16:15:57] [1] 1
INFO [2018-05-08 16:15:57] 
INFO [2018-05-08 16:15:57] $height
INFO [2018-05-08 16:15:57] [1] 2000
INFO [2018-05-08 16:15:57] 
INFO [2018-05-08 16:15:57] $width
INFO [2018-05-08 16:15:57] [1] 3000
INFO [2018-05-08 16:15:57] 
INFO [2018-05-08 16:15:57] [[1]]
INFO [2018-05-08 16:15:57] mylist
INFO [2018-05-08 16:15:57] 
INFO [2018-05-08 16:15:57] $filename
INFO [2018-05-08 16:15:57] NULL
INFO [2018-05-08 16:15:57] 
INFO [2018-05-08 16:15:57] $main
INFO [2018-05-08 16:15:57] [1] "Upregulated in Liver compared to Lung (FSR 1%)"
INFO [2018-05-08 16:15:57] 
INFO [2018-05-08 16:15:57] $main.cex
INFO [2018-05-08 16:15:57] [1] 2
INFO [2018-05-08 16:15:57] 
INFO [2018-05-08 16:15:57] $cat.cex
INFO [2018-05-08 16:15:57] [1] 1.5
INFO [2018-05-08 16:15:57] 
INFO [2018-05-08 16:15:57] $cex
INFO [2018-05-08 16:15:57] [1] 2.5
INFO [2018-05-08 16:15:57] 
INFO [2018-05-08 16:15:57] $fill
INFO [2018-05-08 16:15:57] pal[1:3]
INFO [2018-05-08 16:15:57] 
INFO [2018-05-08 16:15:57] $lty
INFO [2018-05-08 16:15:57] [1] 1
INFO [2018-05-08 16:15:57] 
INFO [2018-05-08 16:15:57] $height
INFO [2018-05-08 16:15:57] [1] 2000
INFO [2018-05-08 16:15:57] 
INFO [2018-05-08 16:15:57] $width
INFO [2018-05-08 16:15:57] [1] 3000
INFO [2018-05-08 16:15:57] 
INFO [2018-05-08 16:15:57] [[1]]
INFO [2018-05-08 16:15:57] mylist
INFO [2018-05-08 16:15:57] 
INFO [2018-05-08 16:15:57] $filename
INFO [2018-05-08 16:15:57] NULL
INFO [2018-05-08 16:15:57] 
INFO [2018-05-08 16:15:57] $main
INFO [2018-05-08 16:15:57] [1] "Upregulated in Liver compared to Kidney (FSR 1%)"
INFO [2018-05-08 16:15:57] 
INFO [2018-05-08 16:15:57] $main.cex
INFO [2018-05-08 16:15:57] [1] 2
INFO [2018-05-08 16:15:57] 
INFO [2018-05-08 16:15:57] $cat.cex
INFO [2018-05-08 16:15:57] [1] 1.5
INFO [2018-05-08 16:15:57] 
INFO [2018-05-08 16:15:57] $cex
INFO [2018-05-08 16:15:57] [1] 2.5
INFO [2018-05-08 16:15:57] 
INFO [2018-05-08 16:15:57] $fill
INFO [2018-05-08 16:15:57] pal[1:3]
INFO [2018-05-08 16:15:57] 
INFO [2018-05-08 16:15:57] $lty
INFO [2018-05-08 16:15:57] [1] 1
INFO [2018-05-08 16:15:57] 
INFO [2018-05-08 16:15:57] $height
INFO [2018-05-08 16:15:57] [1] 2000
INFO [2018-05-08 16:15:57] 
INFO [2018-05-08 16:15:57] $width
INFO [2018-05-08 16:15:57] [1] 3000
INFO [2018-05-08 16:15:57] 
INFO [2018-05-08 16:15:57] [[1]]
INFO [2018-05-08 16:15:57] mylist
INFO [2018-05-08 16:15:57] 
INFO [2018-05-08 16:15:57] $filename
INFO [2018-05-08 16:15:57] NULL
INFO [2018-05-08 16:15:57] 
INFO [2018-05-08 16:15:57] $main
INFO [2018-05-08 16:15:57] [1] "Upregulated in Lung compared to Kidney (FSR 1%)"
INFO [2018-05-08 16:15:57] 
INFO [2018-05-08 16:15:57] $main.cex
INFO [2018-05-08 16:15:57] [1] 2
INFO [2018-05-08 16:15:57] 
INFO [2018-05-08 16:15:57] $cat.cex
INFO [2018-05-08 16:15:57] [1] 1.5
INFO [2018-05-08 16:15:57] 
INFO [2018-05-08 16:15:57] $cex
INFO [2018-05-08 16:15:57] [1] 2.5
INFO [2018-05-08 16:15:57] 
INFO [2018-05-08 16:15:57] $fill
INFO [2018-05-08 16:15:57] pal[1:3]
INFO [2018-05-08 16:15:57] 
INFO [2018-05-08 16:15:57] $lty
INFO [2018-05-08 16:15:57] [1] 1
INFO [2018-05-08 16:15:57] 
INFO [2018-05-08 16:15:57] $height
INFO [2018-05-08 16:15:57] [1] 2000
INFO [2018-05-08 16:15:57] 
INFO [2018-05-08 16:15:57] $width
INFO [2018-05-08 16:15:57] [1] 3000
INFO [2018-05-08 16:15:57] 
