INFO [2018-04-26 13:54:40] [[1]]
INFO [2018-04-26 13:54:40] mylist
INFO [2018-04-26 13:54:40] 
INFO [2018-04-26 13:54:40] $filename
INFO [2018-04-26 13:54:40] NULL
INFO [2018-04-26 13:54:40] 
INFO [2018-04-26 13:54:40] $fill
INFO [2018-04-26 13:54:40] pal[1:3]
INFO [2018-04-26 13:54:40] 
INFO [2018-04-26 13:54:40] $main.cex
INFO [2018-04-26 13:54:40] [1] 3
INFO [2018-04-26 13:54:40] 
INFO [2018-04-26 13:54:40] $cat.cex
INFO [2018-04-26 13:54:40] [1] 2.5
INFO [2018-04-26 13:54:40] 
INFO [2018-04-26 13:54:40] $cex
INFO [2018-04-26 13:54:40] [1] 2.5
INFO [2018-04-26 13:54:40] 
INFO [2018-04-26 13:54:40] $lty
INFO [2018-04-26 13:54:40] [1] 1
INFO [2018-04-26 13:54:40] 
INFO [2018-04-26 13:54:40] $height
INFO [2018-04-26 13:54:40] [1] 20000
INFO [2018-04-26 13:54:40] 
INFO [2018-04-26 13:54:40] $width
INFO [2018-04-26 13:54:40] [1] 2e+05
INFO [2018-04-26 13:54:40] 
INFO [2018-04-26 13:54:40] $fontfamily
INFO [2018-04-26 13:54:40] [1] "sans"
INFO [2018-04-26 13:54:40] 
INFO [2018-04-26 13:54:40] $cat.fontfamily
INFO [2018-04-26 13:54:40] [1] "sans"
INFO [2018-04-26 13:54:40] 
INFO [2018-04-26 13:54:40] $main.fontfamily
INFO [2018-04-26 13:54:40] [1] "sans"
INFO [2018-04-26 13:54:40] 
INFO [2018-04-26 13:54:40] $cat.fontface
INFO [2018-04-26 13:54:40] [1] "bold"
INFO [2018-04-26 13:54:40] 
INFO [2018-04-26 13:54:40] $main.fontface
INFO [2018-04-26 13:54:40] [1] "bold"
INFO [2018-04-26 13:54:40] 
ERROR [2018-04-26 13:54:40] Unexpected parameter length for 'fill'
