INFO [2018-05-08 16:15:54] [[1]]
INFO [2018-05-08 16:15:54] mylist
INFO [2018-05-08 16:15:54] 
INFO [2018-05-08 16:15:54] $filename
INFO [2018-05-08 16:15:54] NULL
INFO [2018-05-08 16:15:54] 
INFO [2018-05-08 16:15:54] $fill
INFO [2018-05-08 16:15:54] pal[1:4]
INFO [2018-05-08 16:15:54] 
INFO [2018-05-08 16:15:54] $main.cex
INFO [2018-05-08 16:15:54] [1] 3
INFO [2018-05-08 16:15:54] 
INFO [2018-05-08 16:15:54] $cat.cex
INFO [2018-05-08 16:15:54] [1] 2.7
INFO [2018-05-08 16:15:54] 
INFO [2018-05-08 16:15:54] $cex
INFO [2018-05-08 16:15:54] [1] 2.7
INFO [2018-05-08 16:15:54] 
INFO [2018-05-08 16:15:54] $lty
INFO [2018-05-08 16:15:54] [1] 1
INFO [2018-05-08 16:15:54] 
INFO [2018-05-08 16:15:54] $height
INFO [2018-05-08 16:15:54] [1] 2000
INFO [2018-05-08 16:15:54] 
INFO [2018-05-08 16:15:54] $width
INFO [2018-05-08 16:15:54] [1] 2000
INFO [2018-05-08 16:15:54] 
INFO [2018-05-08 16:15:54] $fontfamily
INFO [2018-05-08 16:15:54] [1] "sans"
INFO [2018-05-08 16:15:54] 
INFO [2018-05-08 16:15:54] $cat.fontfamily
INFO [2018-05-08 16:15:54] [1] "sans"
INFO [2018-05-08 16:15:54] 
INFO [2018-05-08 16:15:54] $main.fontfamily
INFO [2018-05-08 16:15:54] [1] "sans"
INFO [2018-05-08 16:15:54] 
INFO [2018-05-08 16:15:54] $cat.fontface
INFO [2018-05-08 16:15:54] [1] "bold"
INFO [2018-05-08 16:15:54] 
INFO [2018-05-08 16:15:54] $main.fontface
INFO [2018-05-08 16:15:54] [1] "bold"
INFO [2018-05-08 16:15:54] 
INFO [2018-05-08 16:15:54] [[1]]
INFO [2018-05-08 16:15:54] mylist
INFO [2018-05-08 16:15:54] 
INFO [2018-05-08 16:15:54] $filename
INFO [2018-05-08 16:15:54] NULL
INFO [2018-05-08 16:15:54] 
INFO [2018-05-08 16:15:54] $fill
INFO [2018-05-08 16:15:54] pal[1:4]
INFO [2018-05-08 16:15:54] 
INFO [2018-05-08 16:15:54] $main.cex
INFO [2018-05-08 16:15:54] [1] 3
INFO [2018-05-08 16:15:54] 
INFO [2018-05-08 16:15:54] $cat.cex
INFO [2018-05-08 16:15:54] [1] 2.7
INFO [2018-05-08 16:15:54] 
INFO [2018-05-08 16:15:54] $cex
INFO [2018-05-08 16:15:54] [1] 2.7
INFO [2018-05-08 16:15:54] 
INFO [2018-05-08 16:15:54] $lty
INFO [2018-05-08 16:15:54] [1] 1
INFO [2018-05-08 16:15:54] 
INFO [2018-05-08 16:15:54] $height
INFO [2018-05-08 16:15:54] [1] 2000
INFO [2018-05-08 16:15:54] 
INFO [2018-05-08 16:15:54] $width
INFO [2018-05-08 16:15:54] [1] 2000
INFO [2018-05-08 16:15:54] 
INFO [2018-05-08 16:15:54] $fontfamily
INFO [2018-05-08 16:15:54] [1] "sans"
INFO [2018-05-08 16:15:54] 
INFO [2018-05-08 16:15:54] $cat.fontfamily
INFO [2018-05-08 16:15:54] [1] "sans"
INFO [2018-05-08 16:15:54] 
INFO [2018-05-08 16:15:54] $main.fontfamily
INFO [2018-05-08 16:15:54] [1] "sans"
INFO [2018-05-08 16:15:54] 
INFO [2018-05-08 16:15:54] $cat.fontface
INFO [2018-05-08 16:15:54] [1] "bold"
INFO [2018-05-08 16:15:54] 
INFO [2018-05-08 16:15:54] $main.fontface
INFO [2018-05-08 16:15:54] [1] "bold"
INFO [2018-05-08 16:15:54] 
INFO [2018-05-08 16:15:54] [[1]]
INFO [2018-05-08 16:15:54] mylist
INFO [2018-05-08 16:15:54] 
INFO [2018-05-08 16:15:54] $filename
INFO [2018-05-08 16:15:54] NULL
INFO [2018-05-08 16:15:54] 
INFO [2018-05-08 16:15:54] $fill
INFO [2018-05-08 16:15:54] pal[1:4]
INFO [2018-05-08 16:15:54] 
INFO [2018-05-08 16:15:54] $main.cex
INFO [2018-05-08 16:15:54] [1] 3
INFO [2018-05-08 16:15:54] 
INFO [2018-05-08 16:15:54] $cat.cex
INFO [2018-05-08 16:15:54] [1] 2.7
INFO [2018-05-08 16:15:54] 
INFO [2018-05-08 16:15:54] $cex
INFO [2018-05-08 16:15:54] [1] 2.7
INFO [2018-05-08 16:15:54] 
INFO [2018-05-08 16:15:54] $lty
INFO [2018-05-08 16:15:54] [1] 1
INFO [2018-05-08 16:15:54] 
INFO [2018-05-08 16:15:54] $height
INFO [2018-05-08 16:15:54] [1] 2000
INFO [2018-05-08 16:15:54] 
INFO [2018-05-08 16:15:54] $width
INFO [2018-05-08 16:15:54] [1] 2000
INFO [2018-05-08 16:15:54] 
INFO [2018-05-08 16:15:54] $fontfamily
INFO [2018-05-08 16:15:54] [1] "sans"
INFO [2018-05-08 16:15:54] 
INFO [2018-05-08 16:15:54] $cat.fontfamily
INFO [2018-05-08 16:15:54] [1] "sans"
INFO [2018-05-08 16:15:54] 
INFO [2018-05-08 16:15:54] $main.fontfamily
INFO [2018-05-08 16:15:54] [1] "sans"
INFO [2018-05-08 16:15:54] 
INFO [2018-05-08 16:15:54] $cat.fontface
INFO [2018-05-08 16:15:54] [1] "bold"
INFO [2018-05-08 16:15:54] 
INFO [2018-05-08 16:15:54] $main.fontface
INFO [2018-05-08 16:15:54] [1] "bold"
INFO [2018-05-08 16:15:54] 
INFO [2018-05-08 16:15:54] [[1]]
INFO [2018-05-08 16:15:54] mylist
INFO [2018-05-08 16:15:54] 
INFO [2018-05-08 16:15:54] $filename
INFO [2018-05-08 16:15:54] NULL
INFO [2018-05-08 16:15:54] 
INFO [2018-05-08 16:15:54] $fill
INFO [2018-05-08 16:15:54] pal[1:4]
INFO [2018-05-08 16:15:54] 
INFO [2018-05-08 16:15:54] $main.cex
INFO [2018-05-08 16:15:54] [1] 3
INFO [2018-05-08 16:15:54] 
INFO [2018-05-08 16:15:54] $cat.cex
INFO [2018-05-08 16:15:54] [1] 2.7
INFO [2018-05-08 16:15:54] 
INFO [2018-05-08 16:15:54] $cex
INFO [2018-05-08 16:15:54] [1] 2.7
INFO [2018-05-08 16:15:54] 
INFO [2018-05-08 16:15:54] $lty
INFO [2018-05-08 16:15:54] [1] 1
INFO [2018-05-08 16:15:54] 
INFO [2018-05-08 16:15:54] $height
INFO [2018-05-08 16:15:54] [1] 2000
INFO [2018-05-08 16:15:54] 
INFO [2018-05-08 16:15:54] $width
INFO [2018-05-08 16:15:54] [1] 2000
INFO [2018-05-08 16:15:54] 
INFO [2018-05-08 16:15:54] $fontfamily
INFO [2018-05-08 16:15:54] [1] "sans"
INFO [2018-05-08 16:15:54] 
INFO [2018-05-08 16:15:54] $cat.fontfamily
INFO [2018-05-08 16:15:54] [1] "sans"
INFO [2018-05-08 16:15:54] 
INFO [2018-05-08 16:15:54] $main.fontfamily
INFO [2018-05-08 16:15:54] [1] "sans"
INFO [2018-05-08 16:15:54] 
INFO [2018-05-08 16:15:54] $cat.fontface
INFO [2018-05-08 16:15:54] [1] "bold"
INFO [2018-05-08 16:15:54] 
INFO [2018-05-08 16:15:54] $main.fontface
INFO [2018-05-08 16:15:54] [1] "bold"
INFO [2018-05-08 16:15:54] 
INFO [2018-05-08 16:15:54] [[1]]
INFO [2018-05-08 16:15:54] mylist
INFO [2018-05-08 16:15:54] 
INFO [2018-05-08 16:15:54] $filename
INFO [2018-05-08 16:15:54] NULL
INFO [2018-05-08 16:15:54] 
INFO [2018-05-08 16:15:54] $fill
INFO [2018-05-08 16:15:54] pal[1:4]
INFO [2018-05-08 16:15:54] 
INFO [2018-05-08 16:15:54] $main.cex
INFO [2018-05-08 16:15:54] [1] 3
INFO [2018-05-08 16:15:54] 
INFO [2018-05-08 16:15:54] $cat.cex
INFO [2018-05-08 16:15:54] [1] 2.7
INFO [2018-05-08 16:15:54] 
INFO [2018-05-08 16:15:54] $cex
INFO [2018-05-08 16:15:54] [1] 2.7
INFO [2018-05-08 16:15:54] 
INFO [2018-05-08 16:15:54] $lty
INFO [2018-05-08 16:15:54] [1] 1
INFO [2018-05-08 16:15:54] 
INFO [2018-05-08 16:15:54] $height
INFO [2018-05-08 16:15:54] [1] 2000
INFO [2018-05-08 16:15:54] 
INFO [2018-05-08 16:15:54] $width
INFO [2018-05-08 16:15:54] [1] 2000
INFO [2018-05-08 16:15:54] 
INFO [2018-05-08 16:15:54] $fontfamily
INFO [2018-05-08 16:15:54] [1] "sans"
INFO [2018-05-08 16:15:54] 
INFO [2018-05-08 16:15:54] $cat.fontfamily
INFO [2018-05-08 16:15:54] [1] "sans"
INFO [2018-05-08 16:15:54] 
INFO [2018-05-08 16:15:54] $main.fontfamily
INFO [2018-05-08 16:15:54] [1] "sans"
INFO [2018-05-08 16:15:54] 
INFO [2018-05-08 16:15:54] $cat.fontface
INFO [2018-05-08 16:15:54] [1] "bold"
INFO [2018-05-08 16:15:54] 
INFO [2018-05-08 16:15:54] $main.fontface
INFO [2018-05-08 16:15:54] [1] "bold"
INFO [2018-05-08 16:15:54] 
