INFO [2018-04-26 10:11:02] [[1]]
INFO [2018-04-26 10:11:02] mylist
INFO [2018-04-26 10:11:02] 
INFO [2018-04-26 10:11:02] $filename
INFO [2018-04-26 10:11:02] NULL
INFO [2018-04-26 10:11:02] 
INFO [2018-04-26 10:11:02] $main
INFO [2018-04-26 10:11:02] [1] "Upregulated in Heart compared to Kidney (FSR 1%)"
INFO [2018-04-26 10:11:02] 
INFO [2018-04-26 10:11:02] $main.cex
INFO [2018-04-26 10:11:02] [1] 2
INFO [2018-04-26 10:11:02] 
INFO [2018-04-26 10:11:02] $cat.cex
INFO [2018-04-26 10:11:02] [1] 1.5
INFO [2018-04-26 10:11:02] 
INFO [2018-04-26 10:11:02] $cex
INFO [2018-04-26 10:11:02] [1] 2.5
INFO [2018-04-26 10:11:02] 
INFO [2018-04-26 10:11:02] $fill
INFO [2018-04-26 10:11:02] pal[1:3]
INFO [2018-04-26 10:11:02] 
INFO [2018-04-26 10:11:02] $lty
INFO [2018-04-26 10:11:02] [1] 1
INFO [2018-04-26 10:11:02] 
INFO [2018-04-26 10:11:02] $height
INFO [2018-04-26 10:11:02] [1] 2000
INFO [2018-04-26 10:11:02] 
INFO [2018-04-26 10:11:02] $width
INFO [2018-04-26 10:11:02] [1] 3000
INFO [2018-04-26 10:11:02] 
