INFO [2019-06-24 20:53:20] [[1]]
INFO [2019-06-24 20:53:20] mylist
INFO [2019-06-24 20:53:20] 
INFO [2019-06-24 20:53:20] $filename
INFO [2019-06-24 20:53:20] NULL
INFO [2019-06-24 20:53:20] 
INFO [2019-06-24 20:53:20] $main
INFO [2019-06-24 20:53:20] [1] "Significant interactions in Humans (FDR 1%)"
INFO [2019-06-24 20:53:20] 
INFO [2019-06-24 20:53:20] $cex
INFO [2019-06-24 20:53:20] [1] 1.5
INFO [2019-06-24 20:53:20] 
INFO [2019-06-24 20:53:20] $fill
INFO [2019-06-24 20:53:20] pal[1:3]
INFO [2019-06-24 20:53:20] 
INFO [2019-06-24 20:53:20] $lty
INFO [2019-06-24 20:53:20] [1] 1
INFO [2019-06-24 20:53:20] 
INFO [2019-06-24 20:53:20] $height
INFO [2019-06-24 20:53:20] [1] 2000
INFO [2019-06-24 20:53:20] 
INFO [2019-06-24 20:53:20] $width
INFO [2019-06-24 20:53:20] [1] 3000
INFO [2019-06-24 20:53:20] 
