INFO [2018-04-26 13:54:48] [[1]]
INFO [2018-04-26 13:54:48] mylist
INFO [2018-04-26 13:54:48] 
INFO [2018-04-26 13:54:48] $filename
INFO [2018-04-26 13:54:48] NULL
INFO [2018-04-26 13:54:48] 
INFO [2018-04-26 13:54:48] $fill
INFO [2018-04-26 13:54:48] pal[1:4]
INFO [2018-04-26 13:54:48] 
INFO [2018-04-26 13:54:48] $main.cex
INFO [2018-04-26 13:54:48] [1] 3
INFO [2018-04-26 13:54:48] 
INFO [2018-04-26 13:54:48] $cat.cex
INFO [2018-04-26 13:54:48] [1] 2.5
INFO [2018-04-26 13:54:48] 
INFO [2018-04-26 13:54:48] $cex
INFO [2018-04-26 13:54:48] [1] 2.5
INFO [2018-04-26 13:54:48] 
INFO [2018-04-26 13:54:48] $lty
INFO [2018-04-26 13:54:48] [1] 1
INFO [2018-04-26 13:54:48] 
INFO [2018-04-26 13:54:48] $height
INFO [2018-04-26 13:54:48] [1] 20000
INFO [2018-04-26 13:54:48] 
INFO [2018-04-26 13:54:48] $width
INFO [2018-04-26 13:54:48] [1] 2e+05
INFO [2018-04-26 13:54:48] 
INFO [2018-04-26 13:54:48] $fontfamily
INFO [2018-04-26 13:54:48] [1] "sans"
INFO [2018-04-26 13:54:48] 
INFO [2018-04-26 13:54:48] $cat.fontfamily
INFO [2018-04-26 13:54:48] [1] "sans"
INFO [2018-04-26 13:54:48] 
INFO [2018-04-26 13:54:48] $main.fontfamily
INFO [2018-04-26 13:54:48] [1] "sans"
INFO [2018-04-26 13:54:48] 
INFO [2018-04-26 13:54:48] $cat.fontface
INFO [2018-04-26 13:54:48] [1] "bold"
INFO [2018-04-26 13:54:48] 
INFO [2018-04-26 13:54:48] $main.fontface
INFO [2018-04-26 13:54:48] [1] "bold"
INFO [2018-04-26 13:54:48] 
