INFO [2018-04-28 10:16:29] [[1]]
INFO [2018-04-28 10:16:29] mylist
INFO [2018-04-28 10:16:29] 
INFO [2018-04-28 10:16:29] $filename
INFO [2018-04-28 10:16:29] NULL
INFO [2018-04-28 10:16:29] 
INFO [2018-04-28 10:16:29] $fill
INFO [2018-04-28 10:16:29] pal[1:4]
INFO [2018-04-28 10:16:29] 
INFO [2018-04-28 10:16:29] $main.cex
INFO [2018-04-28 10:16:29] [1] 3
INFO [2018-04-28 10:16:29] 
INFO [2018-04-28 10:16:29] $cat.cex
INFO [2018-04-28 10:16:29] [1] 2.7
INFO [2018-04-28 10:16:29] 
INFO [2018-04-28 10:16:29] $cex
INFO [2018-04-28 10:16:29] [1] 2.7
INFO [2018-04-28 10:16:29] 
INFO [2018-04-28 10:16:29] $lty
INFO [2018-04-28 10:16:29] [1] 1
INFO [2018-04-28 10:16:29] 
INFO [2018-04-28 10:16:29] $height
INFO [2018-04-28 10:16:29] [1] 2000
INFO [2018-04-28 10:16:29] 
INFO [2018-04-28 10:16:29] $width
INFO [2018-04-28 10:16:29] [1] 2000
INFO [2018-04-28 10:16:29] 
INFO [2018-04-28 10:16:29] $fontfamily
INFO [2018-04-28 10:16:29] [1] "sans"
INFO [2018-04-28 10:16:29] 
INFO [2018-04-28 10:16:29] $cat.fontfamily
INFO [2018-04-28 10:16:29] [1] "sans"
INFO [2018-04-28 10:16:29] 
INFO [2018-04-28 10:16:29] $main.fontfamily
INFO [2018-04-28 10:16:29] [1] "sans"
INFO [2018-04-28 10:16:29] 
INFO [2018-04-28 10:16:29] $cat.fontface
INFO [2018-04-28 10:16:29] [1] "bold"
INFO [2018-04-28 10:16:29] 
INFO [2018-04-28 10:16:29] $main.fontface
INFO [2018-04-28 10:16:29] [1] "bold"
INFO [2018-04-28 10:16:29] 
INFO [2018-04-28 10:16:29] [[1]]
INFO [2018-04-28 10:16:29] mylist
INFO [2018-04-28 10:16:29] 
INFO [2018-04-28 10:16:29] $filename
INFO [2018-04-28 10:16:29] NULL
INFO [2018-04-28 10:16:29] 
INFO [2018-04-28 10:16:29] $fill
INFO [2018-04-28 10:16:29] pal[1:4]
INFO [2018-04-28 10:16:29] 
INFO [2018-04-28 10:16:29] $main.cex
INFO [2018-04-28 10:16:29] [1] 3
INFO [2018-04-28 10:16:29] 
INFO [2018-04-28 10:16:29] $cat.cex
INFO [2018-04-28 10:16:29] [1] 2.7
INFO [2018-04-28 10:16:29] 
INFO [2018-04-28 10:16:29] $cex
INFO [2018-04-28 10:16:29] [1] 2.7
INFO [2018-04-28 10:16:29] 
INFO [2018-04-28 10:16:29] $lty
INFO [2018-04-28 10:16:29] [1] 1
INFO [2018-04-28 10:16:29] 
INFO [2018-04-28 10:16:29] $height
INFO [2018-04-28 10:16:29] [1] 2000
INFO [2018-04-28 10:16:29] 
INFO [2018-04-28 10:16:29] $width
INFO [2018-04-28 10:16:29] [1] 2000
INFO [2018-04-28 10:16:29] 
INFO [2018-04-28 10:16:29] $fontfamily
INFO [2018-04-28 10:16:29] [1] "sans"
INFO [2018-04-28 10:16:29] 
INFO [2018-04-28 10:16:29] $cat.fontfamily
INFO [2018-04-28 10:16:29] [1] "sans"
INFO [2018-04-28 10:16:29] 
INFO [2018-04-28 10:16:29] $main.fontfamily
INFO [2018-04-28 10:16:29] [1] "sans"
INFO [2018-04-28 10:16:29] 
INFO [2018-04-28 10:16:29] $cat.fontface
INFO [2018-04-28 10:16:29] [1] "bold"
INFO [2018-04-28 10:16:29] 
INFO [2018-04-28 10:16:29] $main.fontface
INFO [2018-04-28 10:16:29] [1] "bold"
INFO [2018-04-28 10:16:29] 
INFO [2018-04-28 10:16:29] [[1]]
INFO [2018-04-28 10:16:29] mylist
INFO [2018-04-28 10:16:29] 
INFO [2018-04-28 10:16:29] $filename
INFO [2018-04-28 10:16:29] NULL
INFO [2018-04-28 10:16:29] 
INFO [2018-04-28 10:16:29] $fill
INFO [2018-04-28 10:16:29] pal[1:4]
INFO [2018-04-28 10:16:29] 
INFO [2018-04-28 10:16:29] $main.cex
INFO [2018-04-28 10:16:29] [1] 3
INFO [2018-04-28 10:16:29] 
INFO [2018-04-28 10:16:29] $cat.cex
INFO [2018-04-28 10:16:29] [1] 2.7
INFO [2018-04-28 10:16:29] 
INFO [2018-04-28 10:16:29] $cex
INFO [2018-04-28 10:16:29] [1] 2.7
INFO [2018-04-28 10:16:29] 
INFO [2018-04-28 10:16:29] $lty
INFO [2018-04-28 10:16:29] [1] 1
INFO [2018-04-28 10:16:29] 
INFO [2018-04-28 10:16:29] $height
INFO [2018-04-28 10:16:29] [1] 2000
INFO [2018-04-28 10:16:29] 
INFO [2018-04-28 10:16:29] $width
INFO [2018-04-28 10:16:29] [1] 2000
INFO [2018-04-28 10:16:29] 
INFO [2018-04-28 10:16:29] $fontfamily
INFO [2018-04-28 10:16:29] [1] "sans"
INFO [2018-04-28 10:16:29] 
INFO [2018-04-28 10:16:29] $cat.fontfamily
INFO [2018-04-28 10:16:29] [1] "sans"
INFO [2018-04-28 10:16:29] 
INFO [2018-04-28 10:16:29] $main.fontfamily
INFO [2018-04-28 10:16:29] [1] "sans"
INFO [2018-04-28 10:16:29] 
INFO [2018-04-28 10:16:29] $cat.fontface
INFO [2018-04-28 10:16:29] [1] "bold"
INFO [2018-04-28 10:16:29] 
INFO [2018-04-28 10:16:29] $main.fontface
INFO [2018-04-28 10:16:29] [1] "bold"
INFO [2018-04-28 10:16:29] 
