INFO [2018-04-26 13:52:23] [[1]]
INFO [2018-04-26 13:52:23] mylist
INFO [2018-04-26 13:52:23] 
INFO [2018-04-26 13:52:23] $filename
INFO [2018-04-26 13:52:23] NULL
INFO [2018-04-26 13:52:23] 
INFO [2018-04-26 13:52:23] $main.cex
INFO [2018-04-26 13:52:23] [1] 3
INFO [2018-04-26 13:52:23] 
INFO [2018-04-26 13:52:23] $cat.cex
INFO [2018-04-26 13:52:23] [1] 2.5
INFO [2018-04-26 13:52:23] 
INFO [2018-04-26 13:52:23] $cex
INFO [2018-04-26 13:52:23] [1] 2.5
INFO [2018-04-26 13:52:23] 
INFO [2018-04-26 13:52:23] $fill
INFO [2018-04-26 13:52:23] NULL
INFO [2018-04-26 13:52:23] 
INFO [2018-04-26 13:52:23] $lty
INFO [2018-04-26 13:52:23] [1] 1
INFO [2018-04-26 13:52:23] 
INFO [2018-04-26 13:52:23] $height
INFO [2018-04-26 13:52:23] [1] 20000
INFO [2018-04-26 13:52:23] 
INFO [2018-04-26 13:52:23] $width
INFO [2018-04-26 13:52:23] [1] 2e+05
INFO [2018-04-26 13:52:23] 
INFO [2018-04-26 13:52:23] $fontfamily
INFO [2018-04-26 13:52:23] [1] "sans"
INFO [2018-04-26 13:52:23] 
INFO [2018-04-26 13:52:23] $cat.fontfamily
INFO [2018-04-26 13:52:23] [1] "sans"
INFO [2018-04-26 13:52:23] 
INFO [2018-04-26 13:52:23] $main.fontfamily
INFO [2018-04-26 13:52:23] [1] "sans"
INFO [2018-04-26 13:52:23] 
INFO [2018-04-26 13:52:23] $cat.fontface
INFO [2018-04-26 13:52:23] [1] "bold"
INFO [2018-04-26 13:52:23] 
INFO [2018-04-26 13:52:23] $main.fontface
INFO [2018-04-26 13:52:23] [1] "bold"
INFO [2018-04-26 13:52:23] 
INFO [2018-04-26 13:52:23] $cat.dist
INFO [2018-04-26 13:52:23] -0.045
INFO [2018-04-26 13:52:23] 
