INFO [2018-05-30 21:03:13] [[1]]
INFO [2018-05-30 21:03:13] mylist
INFO [2018-05-30 21:03:13] 
INFO [2018-05-30 21:03:13] $filename
INFO [2018-05-30 21:03:13] NULL
INFO [2018-05-30 21:03:13] 
INFO [2018-05-30 21:03:13] $category
INFO [2018-05-30 21:03:13] c("Hu", "Ch", "Rh")
INFO [2018-05-30 21:03:13] 
INFO [2018-05-30 21:03:13] $fill
INFO [2018-05-30 21:03:13] pal[1:3]
INFO [2018-05-30 21:03:13] 
INFO [2018-05-30 21:03:13] $main.cex
INFO [2018-05-30 21:03:13] [1] 3
INFO [2018-05-30 21:03:13] 
INFO [2018-05-30 21:03:13] $cat.cex
INFO [2018-05-30 21:03:13] [1] 3
INFO [2018-05-30 21:03:13] 
INFO [2018-05-30 21:03:13] $cex
INFO [2018-05-30 21:03:13] [1] 3.5
INFO [2018-05-30 21:03:13] 
INFO [2018-05-30 21:03:13] $lty
INFO [2018-05-30 21:03:13] [1] 1
INFO [2018-05-30 21:03:13] 
INFO [2018-05-30 21:03:13] $height
INFO [2018-05-30 21:03:13] [1] 2000
INFO [2018-05-30 21:03:13] 
INFO [2018-05-30 21:03:13] $width
INFO [2018-05-30 21:03:13] [1] 2000
INFO [2018-05-30 21:03:13] 
INFO [2018-05-30 21:03:13] $fontfamily
INFO [2018-05-30 21:03:13] [1] "sans"
INFO [2018-05-30 21:03:13] 
INFO [2018-05-30 21:03:13] $cat.fontfamily
INFO [2018-05-30 21:03:13] [1] "sans"
INFO [2018-05-30 21:03:13] 
INFO [2018-05-30 21:03:13] $main.fontfamily
INFO [2018-05-30 21:03:13] [1] "sans"
INFO [2018-05-30 21:03:13] 
INFO [2018-05-30 21:03:13] $cat.fontface
INFO [2018-05-30 21:03:13] [1] "bold"
INFO [2018-05-30 21:03:13] 
INFO [2018-05-30 21:03:13] $main.fontface
INFO [2018-05-30 21:03:13] [1] "bold"
INFO [2018-05-30 21:03:13] 
INFO [2018-05-30 21:03:13] $cat.dist
INFO [2018-05-30 21:03:13] [1] 0.05
INFO [2018-05-30 21:03:13] 
