INFO [2018-02-23 17:24:04] [[1]]
INFO [2018-02-23 17:24:04] mylist
INFO [2018-02-23 17:24:04] 
INFO [2018-02-23 17:24:04] $filename
INFO [2018-02-23 17:24:04] NULL
INFO [2018-02-23 17:24:04] 
INFO [2018-02-23 17:24:04] $main
INFO [2018-02-23 17:24:04] name_file
INFO [2018-02-23 17:24:04] 
INFO [2018-02-23 17:24:04] $main.cex
INFO [2018-02-23 17:24:04] [1] 2
INFO [2018-02-23 17:24:04] 
INFO [2018-02-23 17:24:04] $cat.cex
INFO [2018-02-23 17:24:04] [1] 1.5
INFO [2018-02-23 17:24:04] 
INFO [2018-02-23 17:24:04] $cex
INFO [2018-02-23 17:24:04] [1] 2.5
INFO [2018-02-23 17:24:04] 
INFO [2018-02-23 17:24:04] $fill
INFO [2018-02-23 17:24:04] pal[1:3]
INFO [2018-02-23 17:24:04] 
INFO [2018-02-23 17:24:04] $lty
INFO [2018-02-23 17:24:04] [1] 1
INFO [2018-02-23 17:24:04] 
INFO [2018-02-23 17:24:04] $height
INFO [2018-02-23 17:24:04] [1] 2000
INFO [2018-02-23 17:24:04] 
INFO [2018-02-23 17:24:04] $width
INFO [2018-02-23 17:24:04] [1] 3000
INFO [2018-02-23 17:24:04] 
