INFO [2018-04-28 10:16:30] [[1]]
INFO [2018-04-28 10:16:30] mylist
INFO [2018-04-28 10:16:30] 
INFO [2018-04-28 10:16:30] $filename
INFO [2018-04-28 10:16:30] NULL
INFO [2018-04-28 10:16:30] 
INFO [2018-04-28 10:16:30] $fill
INFO [2018-04-28 10:16:30] pal[1:4]
INFO [2018-04-28 10:16:30] 
INFO [2018-04-28 10:16:30] $main.cex
INFO [2018-04-28 10:16:30] [1] 3
INFO [2018-04-28 10:16:30] 
INFO [2018-04-28 10:16:30] $cat.cex
INFO [2018-04-28 10:16:30] [1] 2.7
INFO [2018-04-28 10:16:30] 
INFO [2018-04-28 10:16:30] $cex
INFO [2018-04-28 10:16:30] [1] 2.7
INFO [2018-04-28 10:16:30] 
INFO [2018-04-28 10:16:30] $lty
INFO [2018-04-28 10:16:30] [1] 1
INFO [2018-04-28 10:16:30] 
INFO [2018-04-28 10:16:30] $height
INFO [2018-04-28 10:16:30] [1] 2000
INFO [2018-04-28 10:16:30] 
INFO [2018-04-28 10:16:30] $width
INFO [2018-04-28 10:16:30] [1] 2000
INFO [2018-04-28 10:16:30] 
INFO [2018-04-28 10:16:30] $fontfamily
INFO [2018-04-28 10:16:30] [1] "sans"
INFO [2018-04-28 10:16:30] 
INFO [2018-04-28 10:16:30] $cat.fontfamily
INFO [2018-04-28 10:16:30] [1] "sans"
INFO [2018-04-28 10:16:30] 
INFO [2018-04-28 10:16:30] $main.fontfamily
INFO [2018-04-28 10:16:30] [1] "sans"
INFO [2018-04-28 10:16:30] 
INFO [2018-04-28 10:16:30] $cat.fontface
INFO [2018-04-28 10:16:30] [1] "bold"
INFO [2018-04-28 10:16:30] 
INFO [2018-04-28 10:16:30] $main.fontface
INFO [2018-04-28 10:16:30] [1] "bold"
INFO [2018-04-28 10:16:30] 
INFO [2018-04-28 10:16:30] [[1]]
INFO [2018-04-28 10:16:30] mylist
INFO [2018-04-28 10:16:30] 
INFO [2018-04-28 10:16:30] $filename
INFO [2018-04-28 10:16:30] NULL
INFO [2018-04-28 10:16:30] 
INFO [2018-04-28 10:16:30] $fill
INFO [2018-04-28 10:16:30] pal[1:4]
INFO [2018-04-28 10:16:30] 
INFO [2018-04-28 10:16:30] $main.cex
INFO [2018-04-28 10:16:30] [1] 3
INFO [2018-04-28 10:16:30] 
INFO [2018-04-28 10:16:30] $cat.cex
INFO [2018-04-28 10:16:30] [1] 2.7
INFO [2018-04-28 10:16:30] 
INFO [2018-04-28 10:16:30] $cex
INFO [2018-04-28 10:16:30] [1] 2.7
INFO [2018-04-28 10:16:30] 
INFO [2018-04-28 10:16:30] $lty
INFO [2018-04-28 10:16:30] [1] 1
INFO [2018-04-28 10:16:30] 
INFO [2018-04-28 10:16:30] $height
INFO [2018-04-28 10:16:30] [1] 2000
INFO [2018-04-28 10:16:30] 
INFO [2018-04-28 10:16:30] $width
INFO [2018-04-28 10:16:30] [1] 2000
INFO [2018-04-28 10:16:30] 
INFO [2018-04-28 10:16:30] $fontfamily
INFO [2018-04-28 10:16:30] [1] "sans"
INFO [2018-04-28 10:16:30] 
INFO [2018-04-28 10:16:30] $cat.fontfamily
INFO [2018-04-28 10:16:30] [1] "sans"
INFO [2018-04-28 10:16:30] 
INFO [2018-04-28 10:16:30] $main.fontfamily
INFO [2018-04-28 10:16:30] [1] "sans"
INFO [2018-04-28 10:16:30] 
INFO [2018-04-28 10:16:30] $cat.fontface
INFO [2018-04-28 10:16:30] [1] "bold"
INFO [2018-04-28 10:16:30] 
INFO [2018-04-28 10:16:30] $main.fontface
INFO [2018-04-28 10:16:30] [1] "bold"
INFO [2018-04-28 10:16:30] 
INFO [2018-04-28 10:16:30] [[1]]
INFO [2018-04-28 10:16:30] mylist
INFO [2018-04-28 10:16:30] 
INFO [2018-04-28 10:16:30] $filename
INFO [2018-04-28 10:16:30] NULL
INFO [2018-04-28 10:16:30] 
INFO [2018-04-28 10:16:30] $fill
INFO [2018-04-28 10:16:30] pal[1:4]
INFO [2018-04-28 10:16:30] 
INFO [2018-04-28 10:16:30] $main.cex
INFO [2018-04-28 10:16:30] [1] 3
INFO [2018-04-28 10:16:30] 
INFO [2018-04-28 10:16:30] $cat.cex
INFO [2018-04-28 10:16:30] [1] 2.7
INFO [2018-04-28 10:16:30] 
INFO [2018-04-28 10:16:30] $cex
INFO [2018-04-28 10:16:30] [1] 2.7
INFO [2018-04-28 10:16:30] 
INFO [2018-04-28 10:16:30] $lty
INFO [2018-04-28 10:16:30] [1] 1
INFO [2018-04-28 10:16:30] 
INFO [2018-04-28 10:16:30] $height
INFO [2018-04-28 10:16:30] [1] 2000
INFO [2018-04-28 10:16:30] 
INFO [2018-04-28 10:16:30] $width
INFO [2018-04-28 10:16:30] [1] 2000
INFO [2018-04-28 10:16:30] 
INFO [2018-04-28 10:16:30] $fontfamily
INFO [2018-04-28 10:16:30] [1] "sans"
INFO [2018-04-28 10:16:30] 
INFO [2018-04-28 10:16:30] $cat.fontfamily
INFO [2018-04-28 10:16:30] [1] "sans"
INFO [2018-04-28 10:16:30] 
INFO [2018-04-28 10:16:30] $main.fontfamily
INFO [2018-04-28 10:16:30] [1] "sans"
INFO [2018-04-28 10:16:30] 
INFO [2018-04-28 10:16:30] $cat.fontface
INFO [2018-04-28 10:16:30] [1] "bold"
INFO [2018-04-28 10:16:30] 
INFO [2018-04-28 10:16:30] $main.fontface
INFO [2018-04-28 10:16:30] [1] "bold"
INFO [2018-04-28 10:16:30] 
