INFO [2018-05-29 11:57:20] [[1]]
INFO [2018-05-29 11:57:20] mylist
INFO [2018-05-29 11:57:20] 
INFO [2018-05-29 11:57:20] $filename
INFO [2018-05-29 11:57:20] NULL
INFO [2018-05-29 11:57:20] 
INFO [2018-05-29 11:57:20] $fill
INFO [2018-05-29 11:57:20] pal[1:3]
INFO [2018-05-29 11:57:20] 
INFO [2018-05-29 11:57:20] $main.cex
INFO [2018-05-29 11:57:20] [1] 3
INFO [2018-05-29 11:57:20] 
INFO [2018-05-29 11:57:20] $cat.cex
INFO [2018-05-29 11:57:20] [1] 2.7
INFO [2018-05-29 11:57:20] 
INFO [2018-05-29 11:57:20] $cex
INFO [2018-05-29 11:57:20] [1] 2.7
INFO [2018-05-29 11:57:20] 
INFO [2018-05-29 11:57:20] $lty
INFO [2018-05-29 11:57:20] [1] 1
INFO [2018-05-29 11:57:20] 
INFO [2018-05-29 11:57:20] $height
INFO [2018-05-29 11:57:20] [1] 2000
INFO [2018-05-29 11:57:20] 
INFO [2018-05-29 11:57:20] $width
INFO [2018-05-29 11:57:20] [1] 2000
INFO [2018-05-29 11:57:20] 
INFO [2018-05-29 11:57:20] $fontfamily
INFO [2018-05-29 11:57:20] [1] "sans"
INFO [2018-05-29 11:57:20] 
INFO [2018-05-29 11:57:20] $cat.fontfamily
INFO [2018-05-29 11:57:20] [1] "sans"
INFO [2018-05-29 11:57:20] 
INFO [2018-05-29 11:57:20] $main.fontfamily
INFO [2018-05-29 11:57:20] [1] "sans"
INFO [2018-05-29 11:57:20] 
INFO [2018-05-29 11:57:20] $cat.fontface
INFO [2018-05-29 11:57:20] [1] "bold"
INFO [2018-05-29 11:57:20] 
INFO [2018-05-29 11:57:20] $main.fontface
INFO [2018-05-29 11:57:20] [1] "bold"
INFO [2018-05-29 11:57:20] 
