INFO [2018-04-28 12:56:05] [[1]]
INFO [2018-04-28 12:56:05] mylist
INFO [2018-04-28 12:56:05] 
INFO [2018-04-28 12:56:05] $filename
INFO [2018-04-28 12:56:05] NULL
INFO [2018-04-28 12:56:05] 
INFO [2018-04-28 12:56:05] $fill
INFO [2018-04-28 12:56:05] pal[1:3]
INFO [2018-04-28 12:56:05] 
INFO [2018-04-28 12:56:05] $main.cex
INFO [2018-04-28 12:56:05] [1] 3
INFO [2018-04-28 12:56:05] 
INFO [2018-04-28 12:56:05] $cat.cex
INFO [2018-04-28 12:56:05] [1] 3
INFO [2018-04-28 12:56:05] 
INFO [2018-04-28 12:56:05] $cex
INFO [2018-04-28 12:56:05] [1] 3.5
INFO [2018-04-28 12:56:05] 
INFO [2018-04-28 12:56:05] $lty
INFO [2018-04-28 12:56:05] [1] 1
INFO [2018-04-28 12:56:05] 
INFO [2018-04-28 12:56:05] $height
INFO [2018-04-28 12:56:05] [1] 2000
INFO [2018-04-28 12:56:05] 
INFO [2018-04-28 12:56:05] $width
INFO [2018-04-28 12:56:05] [1] 2000
INFO [2018-04-28 12:56:05] 
INFO [2018-04-28 12:56:05] $fontfamily
INFO [2018-04-28 12:56:05] [1] "sans"
INFO [2018-04-28 12:56:05] 
INFO [2018-04-28 12:56:05] $cat.fontfamily
INFO [2018-04-28 12:56:05] [1] "sans"
INFO [2018-04-28 12:56:05] 
INFO [2018-04-28 12:56:05] $main.fontfamily
INFO [2018-04-28 12:56:05] [1] "sans"
INFO [2018-04-28 12:56:05] 
INFO [2018-04-28 12:56:05] $cat.fontface
INFO [2018-04-28 12:56:05] [1] "bold"
INFO [2018-04-28 12:56:05] 
INFO [2018-04-28 12:56:05] $main.fontface
INFO [2018-04-28 12:56:05] [1] "bold"
INFO [2018-04-28 12:56:05] 
INFO [2018-04-28 12:56:05] $cat.dist
INFO [2018-04-28 12:56:05] [1] 0.05
INFO [2018-04-28 12:56:05] 
INFO [2018-04-28 12:56:05] [[1]]
INFO [2018-04-28 12:56:05] mylist
INFO [2018-04-28 12:56:05] 
INFO [2018-04-28 12:56:05] $filename
INFO [2018-04-28 12:56:05] NULL
INFO [2018-04-28 12:56:05] 
INFO [2018-04-28 12:56:05] $fill
INFO [2018-04-28 12:56:05] pal[1:3]
INFO [2018-04-28 12:56:05] 
INFO [2018-04-28 12:56:05] $main.cex
INFO [2018-04-28 12:56:05] [1] 3
INFO [2018-04-28 12:56:05] 
INFO [2018-04-28 12:56:05] $cat.cex
INFO [2018-04-28 12:56:05] [1] 3
INFO [2018-04-28 12:56:05] 
INFO [2018-04-28 12:56:05] $cex
INFO [2018-04-28 12:56:05] [1] 3.5
INFO [2018-04-28 12:56:05] 
INFO [2018-04-28 12:56:05] $lty
INFO [2018-04-28 12:56:05] [1] 1
INFO [2018-04-28 12:56:05] 
INFO [2018-04-28 12:56:05] $height
INFO [2018-04-28 12:56:05] [1] 2000
INFO [2018-04-28 12:56:05] 
INFO [2018-04-28 12:56:05] $width
INFO [2018-04-28 12:56:05] [1] 2000
INFO [2018-04-28 12:56:05] 
INFO [2018-04-28 12:56:05] $fontfamily
INFO [2018-04-28 12:56:05] [1] "sans"
INFO [2018-04-28 12:56:05] 
INFO [2018-04-28 12:56:05] $cat.fontfamily
INFO [2018-04-28 12:56:05] [1] "sans"
INFO [2018-04-28 12:56:05] 
INFO [2018-04-28 12:56:05] $main.fontfamily
INFO [2018-04-28 12:56:05] [1] "sans"
INFO [2018-04-28 12:56:05] 
INFO [2018-04-28 12:56:05] $cat.fontface
INFO [2018-04-28 12:56:05] [1] "bold"
INFO [2018-04-28 12:56:05] 
INFO [2018-04-28 12:56:05] $main.fontface
INFO [2018-04-28 12:56:05] [1] "bold"
INFO [2018-04-28 12:56:05] 
INFO [2018-04-28 12:56:05] $cat.dist
INFO [2018-04-28 12:56:05] [1] 0.05
INFO [2018-04-28 12:56:05] 
INFO [2018-04-28 12:56:05] [[1]]
INFO [2018-04-28 12:56:05] mylist
INFO [2018-04-28 12:56:05] 
INFO [2018-04-28 12:56:05] $filename
INFO [2018-04-28 12:56:05] NULL
INFO [2018-04-28 12:56:05] 
INFO [2018-04-28 12:56:05] $fill
INFO [2018-04-28 12:56:05] pal[1:3]
INFO [2018-04-28 12:56:05] 
INFO [2018-04-28 12:56:05] $main.cex
INFO [2018-04-28 12:56:05] [1] 3
INFO [2018-04-28 12:56:05] 
INFO [2018-04-28 12:56:05] $cat.cex
INFO [2018-04-28 12:56:05] [1] 3
INFO [2018-04-28 12:56:05] 
INFO [2018-04-28 12:56:05] $cex
INFO [2018-04-28 12:56:05] [1] 3.5
INFO [2018-04-28 12:56:05] 
INFO [2018-04-28 12:56:05] $lty
INFO [2018-04-28 12:56:05] [1] 1
INFO [2018-04-28 12:56:05] 
INFO [2018-04-28 12:56:05] $height
INFO [2018-04-28 12:56:05] [1] 2000
INFO [2018-04-28 12:56:05] 
INFO [2018-04-28 12:56:05] $width
INFO [2018-04-28 12:56:05] [1] 2000
INFO [2018-04-28 12:56:05] 
INFO [2018-04-28 12:56:05] $fontfamily
INFO [2018-04-28 12:56:05] [1] "sans"
INFO [2018-04-28 12:56:05] 
INFO [2018-04-28 12:56:05] $cat.fontfamily
INFO [2018-04-28 12:56:05] [1] "sans"
INFO [2018-04-28 12:56:05] 
INFO [2018-04-28 12:56:05] $main.fontfamily
INFO [2018-04-28 12:56:05] [1] "sans"
INFO [2018-04-28 12:56:05] 
INFO [2018-04-28 12:56:05] $cat.fontface
INFO [2018-04-28 12:56:05] [1] "bold"
INFO [2018-04-28 12:56:05] 
INFO [2018-04-28 12:56:05] $main.fontface
INFO [2018-04-28 12:56:05] [1] "bold"
INFO [2018-04-28 12:56:05] 
INFO [2018-04-28 12:56:05] $cat.dist
INFO [2018-04-28 12:56:05] [1] 0.05
INFO [2018-04-28 12:56:05] 
INFO [2018-04-28 12:56:05] [[1]]
INFO [2018-04-28 12:56:05] mylist
INFO [2018-04-28 12:56:05] 
INFO [2018-04-28 12:56:05] $filename
INFO [2018-04-28 12:56:05] NULL
INFO [2018-04-28 12:56:05] 
INFO [2018-04-28 12:56:05] $fill
INFO [2018-04-28 12:56:05] pal[1:3]
INFO [2018-04-28 12:56:05] 
INFO [2018-04-28 12:56:05] $main.cex
INFO [2018-04-28 12:56:05] [1] 3
INFO [2018-04-28 12:56:05] 
INFO [2018-04-28 12:56:05] $cat.cex
INFO [2018-04-28 12:56:05] [1] 3
INFO [2018-04-28 12:56:05] 
INFO [2018-04-28 12:56:05] $cex
INFO [2018-04-28 12:56:05] [1] 3.5
INFO [2018-04-28 12:56:05] 
INFO [2018-04-28 12:56:05] $lty
INFO [2018-04-28 12:56:05] [1] 1
INFO [2018-04-28 12:56:05] 
INFO [2018-04-28 12:56:05] $height
INFO [2018-04-28 12:56:05] [1] 2000
INFO [2018-04-28 12:56:05] 
INFO [2018-04-28 12:56:05] $width
INFO [2018-04-28 12:56:05] [1] 2000
INFO [2018-04-28 12:56:05] 
INFO [2018-04-28 12:56:05] $fontfamily
INFO [2018-04-28 12:56:05] [1] "sans"
INFO [2018-04-28 12:56:05] 
INFO [2018-04-28 12:56:05] $cat.fontfamily
INFO [2018-04-28 12:56:05] [1] "sans"
INFO [2018-04-28 12:56:05] 
INFO [2018-04-28 12:56:05] $main.fontfamily
INFO [2018-04-28 12:56:05] [1] "sans"
INFO [2018-04-28 12:56:05] 
INFO [2018-04-28 12:56:05] $cat.fontface
INFO [2018-04-28 12:56:05] [1] "bold"
INFO [2018-04-28 12:56:05] 
INFO [2018-04-28 12:56:05] $main.fontface
INFO [2018-04-28 12:56:05] [1] "bold"
INFO [2018-04-28 12:56:05] 
INFO [2018-04-28 12:56:05] $cat.dist
INFO [2018-04-28 12:56:05] [1] 0.05
INFO [2018-04-28 12:56:05] 
