INFO [2018-04-05 10:20:24] [[1]]
INFO [2018-04-05 10:20:24] mylist
INFO [2018-04-05 10:20:24] 
INFO [2018-04-05 10:20:24] $filename
INFO [2018-04-05 10:20:24] NULL
INFO [2018-04-05 10:20:24] 
INFO [2018-04-05 10:20:24] $filetype
INFO [2018-04-05 10:20:24] [1] "tiff"
INFO [2018-04-05 10:20:24] 
INFO [2018-04-05 10:20:24] $lwd
INFO [2018-04-05 10:20:24] [1] 0.5
INFO [2018-04-05 10:20:24] 
INFO [2018-04-05 10:20:24] $main
INFO [2018-04-05 10:20:24] name_file
INFO [2018-04-05 10:20:24] 
INFO [2018-04-05 10:20:24] $main.cex
INFO [2018-04-05 10:20:24] [1] 3
INFO [2018-04-05 10:20:24] 
INFO [2018-04-05 10:20:24] $cat.cex
INFO [2018-04-05 10:20:24] [1] 2.5
INFO [2018-04-05 10:20:24] 
INFO [2018-04-05 10:20:24] $cex
INFO [2018-04-05 10:20:24] [1] 2.5
INFO [2018-04-05 10:20:24] 
INFO [2018-04-05 10:20:24] $fill
INFO [2018-04-05 10:20:24] pal[1:3]
INFO [2018-04-05 10:20:24] 
INFO [2018-04-05 10:20:24] $lty
INFO [2018-04-05 10:20:24] [1] 1
INFO [2018-04-05 10:20:24] 
INFO [2018-04-05 10:20:24] $height
INFO [2018-04-05 10:20:24] [1] 20000
INFO [2018-04-05 10:20:24] 
INFO [2018-04-05 10:20:24] $width
INFO [2018-04-05 10:20:24] [1] 2e+05
INFO [2018-04-05 10:20:24] 
INFO [2018-04-05 10:20:24] $fontfamily
INFO [2018-04-05 10:20:24] [1] "sans"
INFO [2018-04-05 10:20:24] 
INFO [2018-04-05 10:20:24] $cat.fontfamily
INFO [2018-04-05 10:20:24] [1] "sans"
INFO [2018-04-05 10:20:24] 
INFO [2018-04-05 10:20:24] $main.fontfamily
INFO [2018-04-05 10:20:24] [1] "sans"
INFO [2018-04-05 10:20:24] 
INFO [2018-04-05 10:20:24] $cat.fontface
INFO [2018-04-05 10:20:24] [1] "bold"
INFO [2018-04-05 10:20:24] 
INFO [2018-04-05 10:20:24] $main.fontface
INFO [2018-04-05 10:20:24] [1] "bold"
INFO [2018-04-05 10:20:24] 
INFO [2018-04-05 10:20:24] $cat.dist
INFO [2018-04-05 10:20:24] -0.045
INFO [2018-04-05 10:20:24] 
