INFO [2018-02-25 15:48:23] [[1]]
INFO [2018-02-25 15:48:23] mylist
INFO [2018-02-25 15:48:23] 
INFO [2018-02-25 15:48:23] $filename
INFO [2018-02-25 15:48:23] NULL
INFO [2018-02-25 15:48:23] 
INFO [2018-02-25 15:48:23] $main
INFO [2018-02-25 15:48:23] name_file
INFO [2018-02-25 15:48:23] 
INFO [2018-02-25 15:48:23] $main.cex
INFO [2018-02-25 15:48:23] [1] 2
INFO [2018-02-25 15:48:23] 
INFO [2018-02-25 15:48:23] $cat.cex
INFO [2018-02-25 15:48:23] [1] 1.5
INFO [2018-02-25 15:48:23] 
INFO [2018-02-25 15:48:23] $cex
INFO [2018-02-25 15:48:23] [1] 2.5
INFO [2018-02-25 15:48:23] 
INFO [2018-02-25 15:48:23] $fill
INFO [2018-02-25 15:48:23] pal[1:3]
INFO [2018-02-25 15:48:23] 
INFO [2018-02-25 15:48:23] $lty
INFO [2018-02-25 15:48:23] [1] 1
INFO [2018-02-25 15:48:23] 
INFO [2018-02-25 15:48:23] $height
INFO [2018-02-25 15:48:23] [1] 2000
INFO [2018-02-25 15:48:23] 
INFO [2018-02-25 15:48:23] $width
INFO [2018-02-25 15:48:23] [1] 3000
INFO [2018-02-25 15:48:23] 
