INFO [2018-04-29 13:43:10] [[1]]
INFO [2018-04-29 13:43:10] mylist
INFO [2018-04-29 13:43:10] 
INFO [2018-04-29 13:43:10] $filename
INFO [2018-04-29 13:43:10] NULL
INFO [2018-04-29 13:43:10] 
INFO [2018-04-29 13:43:10] $fill
INFO [2018-04-29 13:43:10] pal[1:3]
INFO [2018-04-29 13:43:10] 
INFO [2018-04-29 13:43:10] $main.cex
INFO [2018-04-29 13:43:10] [1] 3
INFO [2018-04-29 13:43:10] 
INFO [2018-04-29 13:43:10] $cat.cex
INFO [2018-04-29 13:43:10] [1] 3
INFO [2018-04-29 13:43:10] 
INFO [2018-04-29 13:43:10] $cex
INFO [2018-04-29 13:43:10] [1] 3.5
INFO [2018-04-29 13:43:10] 
INFO [2018-04-29 13:43:10] $lty
INFO [2018-04-29 13:43:10] [1] 1
INFO [2018-04-29 13:43:10] 
INFO [2018-04-29 13:43:10] $height
INFO [2018-04-29 13:43:10] [1] 2000
INFO [2018-04-29 13:43:10] 
INFO [2018-04-29 13:43:10] $width
INFO [2018-04-29 13:43:10] [1] 2000
INFO [2018-04-29 13:43:10] 
INFO [2018-04-29 13:43:10] $fontfamily
INFO [2018-04-29 13:43:10] [1] "sans"
INFO [2018-04-29 13:43:10] 
INFO [2018-04-29 13:43:10] $cat.fontfamily
INFO [2018-04-29 13:43:10] [1] "sans"
INFO [2018-04-29 13:43:10] 
INFO [2018-04-29 13:43:10] $main.fontfamily
INFO [2018-04-29 13:43:10] [1] "sans"
INFO [2018-04-29 13:43:10] 
INFO [2018-04-29 13:43:10] $cat.fontface
INFO [2018-04-29 13:43:10] [1] "bold"
INFO [2018-04-29 13:43:10] 
INFO [2018-04-29 13:43:10] $main.fontface
INFO [2018-04-29 13:43:10] [1] "bold"
INFO [2018-04-29 13:43:10] 
INFO [2018-04-29 13:43:10] $cat.dist
INFO [2018-04-29 13:43:10] [1] 0.05
INFO [2018-04-29 13:43:10] 
