INFO [2018-05-01 19:35:24] [[1]]
INFO [2018-05-01 19:35:24] mylist
INFO [2018-05-01 19:35:24] 
INFO [2018-05-01 19:35:24] $filename
INFO [2018-05-01 19:35:24] NULL
INFO [2018-05-01 19:35:24] 
INFO [2018-05-01 19:35:24] $fill
INFO [2018-05-01 19:35:24] pal[1:3]
INFO [2018-05-01 19:35:24] 
INFO [2018-05-01 19:35:24] $main.cex
INFO [2018-05-01 19:35:24] [1] 3
INFO [2018-05-01 19:35:24] 
INFO [2018-05-01 19:35:24] $cat.cex
INFO [2018-05-01 19:35:24] [1] 3
INFO [2018-05-01 19:35:24] 
INFO [2018-05-01 19:35:24] $cex
INFO [2018-05-01 19:35:24] [1] 3.5
INFO [2018-05-01 19:35:24] 
INFO [2018-05-01 19:35:24] $lty
INFO [2018-05-01 19:35:24] [1] 1
INFO [2018-05-01 19:35:24] 
INFO [2018-05-01 19:35:24] $height
INFO [2018-05-01 19:35:24] [1] 2000
INFO [2018-05-01 19:35:24] 
INFO [2018-05-01 19:35:24] $width
INFO [2018-05-01 19:35:24] [1] 2000
INFO [2018-05-01 19:35:24] 
INFO [2018-05-01 19:35:24] $fontfamily
INFO [2018-05-01 19:35:24] [1] "sans"
INFO [2018-05-01 19:35:24] 
INFO [2018-05-01 19:35:24] $cat.fontfamily
INFO [2018-05-01 19:35:24] [1] "sans"
INFO [2018-05-01 19:35:24] 
INFO [2018-05-01 19:35:24] $main.fontfamily
INFO [2018-05-01 19:35:24] [1] "sans"
INFO [2018-05-01 19:35:24] 
INFO [2018-05-01 19:35:24] $cat.fontface
INFO [2018-05-01 19:35:24] [1] "bold"
INFO [2018-05-01 19:35:24] 
INFO [2018-05-01 19:35:24] $main.fontface
INFO [2018-05-01 19:35:24] [1] "bold"
INFO [2018-05-01 19:35:24] 
INFO [2018-05-01 19:35:24] $cat.dist
INFO [2018-05-01 19:35:24] [1] 0.05
INFO [2018-05-01 19:35:24] 
INFO [2018-05-01 19:35:24] [[1]]
INFO [2018-05-01 19:35:24] mylist
INFO [2018-05-01 19:35:24] 
INFO [2018-05-01 19:35:24] $filename
INFO [2018-05-01 19:35:24] NULL
INFO [2018-05-01 19:35:24] 
INFO [2018-05-01 19:35:24] $fill
INFO [2018-05-01 19:35:24] pal[1:3]
INFO [2018-05-01 19:35:24] 
INFO [2018-05-01 19:35:24] $main.cex
INFO [2018-05-01 19:35:24] [1] 3
INFO [2018-05-01 19:35:24] 
INFO [2018-05-01 19:35:24] $cat.cex
INFO [2018-05-01 19:35:24] [1] 3
INFO [2018-05-01 19:35:24] 
INFO [2018-05-01 19:35:24] $cex
INFO [2018-05-01 19:35:24] [1] 3.5
INFO [2018-05-01 19:35:24] 
INFO [2018-05-01 19:35:24] $lty
INFO [2018-05-01 19:35:24] [1] 1
INFO [2018-05-01 19:35:24] 
INFO [2018-05-01 19:35:24] $height
INFO [2018-05-01 19:35:24] [1] 2000
INFO [2018-05-01 19:35:24] 
INFO [2018-05-01 19:35:24] $width
INFO [2018-05-01 19:35:24] [1] 2000
INFO [2018-05-01 19:35:24] 
INFO [2018-05-01 19:35:24] $fontfamily
INFO [2018-05-01 19:35:24] [1] "sans"
INFO [2018-05-01 19:35:24] 
INFO [2018-05-01 19:35:24] $cat.fontfamily
INFO [2018-05-01 19:35:24] [1] "sans"
INFO [2018-05-01 19:35:24] 
INFO [2018-05-01 19:35:24] $main.fontfamily
INFO [2018-05-01 19:35:24] [1] "sans"
INFO [2018-05-01 19:35:24] 
INFO [2018-05-01 19:35:24] $cat.fontface
INFO [2018-05-01 19:35:24] [1] "bold"
INFO [2018-05-01 19:35:24] 
INFO [2018-05-01 19:35:24] $main.fontface
INFO [2018-05-01 19:35:24] [1] "bold"
INFO [2018-05-01 19:35:24] 
INFO [2018-05-01 19:35:24] $cat.dist
INFO [2018-05-01 19:35:24] [1] 0.05
INFO [2018-05-01 19:35:24] 
INFO [2018-05-01 19:35:24] [[1]]
INFO [2018-05-01 19:35:24] mylist
INFO [2018-05-01 19:35:24] 
INFO [2018-05-01 19:35:24] $filename
INFO [2018-05-01 19:35:24] NULL
INFO [2018-05-01 19:35:24] 
INFO [2018-05-01 19:35:24] $fill
INFO [2018-05-01 19:35:24] pal[1:3]
INFO [2018-05-01 19:35:24] 
INFO [2018-05-01 19:35:24] $main.cex
INFO [2018-05-01 19:35:24] [1] 3
INFO [2018-05-01 19:35:24] 
INFO [2018-05-01 19:35:24] $cat.cex
INFO [2018-05-01 19:35:24] [1] 3
INFO [2018-05-01 19:35:24] 
INFO [2018-05-01 19:35:24] $cex
INFO [2018-05-01 19:35:24] [1] 3.5
INFO [2018-05-01 19:35:24] 
INFO [2018-05-01 19:35:24] $lty
INFO [2018-05-01 19:35:24] [1] 1
INFO [2018-05-01 19:35:24] 
INFO [2018-05-01 19:35:24] $height
INFO [2018-05-01 19:35:24] [1] 2000
INFO [2018-05-01 19:35:24] 
INFO [2018-05-01 19:35:24] $width
INFO [2018-05-01 19:35:24] [1] 2000
INFO [2018-05-01 19:35:24] 
INFO [2018-05-01 19:35:24] $fontfamily
INFO [2018-05-01 19:35:24] [1] "sans"
INFO [2018-05-01 19:35:24] 
INFO [2018-05-01 19:35:24] $cat.fontfamily
INFO [2018-05-01 19:35:24] [1] "sans"
INFO [2018-05-01 19:35:24] 
INFO [2018-05-01 19:35:24] $main.fontfamily
INFO [2018-05-01 19:35:24] [1] "sans"
INFO [2018-05-01 19:35:24] 
INFO [2018-05-01 19:35:24] $cat.fontface
INFO [2018-05-01 19:35:24] [1] "bold"
INFO [2018-05-01 19:35:24] 
INFO [2018-05-01 19:35:24] $main.fontface
INFO [2018-05-01 19:35:24] [1] "bold"
INFO [2018-05-01 19:35:24] 
INFO [2018-05-01 19:35:24] $cat.dist
INFO [2018-05-01 19:35:24] [1] 0.05
INFO [2018-05-01 19:35:24] 
INFO [2018-05-01 19:35:24] [[1]]
INFO [2018-05-01 19:35:24] mylist
INFO [2018-05-01 19:35:24] 
INFO [2018-05-01 19:35:24] $filename
INFO [2018-05-01 19:35:24] NULL
INFO [2018-05-01 19:35:24] 
INFO [2018-05-01 19:35:24] $fill
INFO [2018-05-01 19:35:24] pal[1:3]
INFO [2018-05-01 19:35:24] 
INFO [2018-05-01 19:35:24] $main.cex
INFO [2018-05-01 19:35:24] [1] 3
INFO [2018-05-01 19:35:24] 
INFO [2018-05-01 19:35:24] $cat.cex
INFO [2018-05-01 19:35:24] [1] 3
INFO [2018-05-01 19:35:24] 
INFO [2018-05-01 19:35:24] $cex
INFO [2018-05-01 19:35:24] [1] 3.5
INFO [2018-05-01 19:35:24] 
INFO [2018-05-01 19:35:24] $lty
INFO [2018-05-01 19:35:24] [1] 1
INFO [2018-05-01 19:35:24] 
INFO [2018-05-01 19:35:24] $height
INFO [2018-05-01 19:35:24] [1] 2000
INFO [2018-05-01 19:35:24] 
INFO [2018-05-01 19:35:24] $width
INFO [2018-05-01 19:35:24] [1] 2000
INFO [2018-05-01 19:35:24] 
INFO [2018-05-01 19:35:24] $fontfamily
INFO [2018-05-01 19:35:24] [1] "sans"
INFO [2018-05-01 19:35:24] 
INFO [2018-05-01 19:35:24] $cat.fontfamily
INFO [2018-05-01 19:35:24] [1] "sans"
INFO [2018-05-01 19:35:24] 
INFO [2018-05-01 19:35:24] $main.fontfamily
INFO [2018-05-01 19:35:24] [1] "sans"
INFO [2018-05-01 19:35:24] 
INFO [2018-05-01 19:35:24] $cat.fontface
INFO [2018-05-01 19:35:24] [1] "bold"
INFO [2018-05-01 19:35:24] 
INFO [2018-05-01 19:35:24] $main.fontface
INFO [2018-05-01 19:35:24] [1] "bold"
INFO [2018-05-01 19:35:24] 
INFO [2018-05-01 19:35:24] $cat.dist
INFO [2018-05-01 19:35:24] [1] 0.05
INFO [2018-05-01 19:35:24] 
INFO [2018-05-01 19:35:24] [[1]]
INFO [2018-05-01 19:35:24] mylist
INFO [2018-05-01 19:35:24] 
INFO [2018-05-01 19:35:24] $filename
INFO [2018-05-01 19:35:24] NULL
INFO [2018-05-01 19:35:24] 
INFO [2018-05-01 19:35:24] $fill
INFO [2018-05-01 19:35:24] pal[1:3]
INFO [2018-05-01 19:35:24] 
INFO [2018-05-01 19:35:24] $main.cex
INFO [2018-05-01 19:35:24] [1] 3
INFO [2018-05-01 19:35:24] 
INFO [2018-05-01 19:35:24] $cat.cex
INFO [2018-05-01 19:35:24] [1] 3
INFO [2018-05-01 19:35:24] 
INFO [2018-05-01 19:35:24] $cex
INFO [2018-05-01 19:35:24] [1] 3.5
INFO [2018-05-01 19:35:24] 
INFO [2018-05-01 19:35:24] $lty
INFO [2018-05-01 19:35:24] [1] 1
INFO [2018-05-01 19:35:24] 
INFO [2018-05-01 19:35:24] $height
INFO [2018-05-01 19:35:24] [1] 2000
INFO [2018-05-01 19:35:24] 
INFO [2018-05-01 19:35:24] $width
INFO [2018-05-01 19:35:24] [1] 2000
INFO [2018-05-01 19:35:24] 
INFO [2018-05-01 19:35:24] $fontfamily
INFO [2018-05-01 19:35:24] [1] "sans"
INFO [2018-05-01 19:35:24] 
INFO [2018-05-01 19:35:24] $cat.fontfamily
INFO [2018-05-01 19:35:24] [1] "sans"
INFO [2018-05-01 19:35:24] 
INFO [2018-05-01 19:35:24] $main.fontfamily
INFO [2018-05-01 19:35:24] [1] "sans"
INFO [2018-05-01 19:35:24] 
INFO [2018-05-01 19:35:24] $cat.fontface
INFO [2018-05-01 19:35:24] [1] "bold"
INFO [2018-05-01 19:35:24] 
INFO [2018-05-01 19:35:24] $main.fontface
INFO [2018-05-01 19:35:24] [1] "bold"
INFO [2018-05-01 19:35:24] 
INFO [2018-05-01 19:35:24] $cat.dist
INFO [2018-05-01 19:35:24] [1] 0.05
INFO [2018-05-01 19:35:24] 
INFO [2018-05-01 19:35:24] [[1]]
INFO [2018-05-01 19:35:24] mylist
INFO [2018-05-01 19:35:24] 
INFO [2018-05-01 19:35:24] $filename
INFO [2018-05-01 19:35:24] NULL
INFO [2018-05-01 19:35:24] 
INFO [2018-05-01 19:35:24] $fill
INFO [2018-05-01 19:35:24] pal[1:3]
INFO [2018-05-01 19:35:24] 
INFO [2018-05-01 19:35:24] $main.cex
INFO [2018-05-01 19:35:24] [1] 3
INFO [2018-05-01 19:35:24] 
INFO [2018-05-01 19:35:24] $cat.cex
INFO [2018-05-01 19:35:24] [1] 3
INFO [2018-05-01 19:35:24] 
INFO [2018-05-01 19:35:24] $cex
INFO [2018-05-01 19:35:24] [1] 3.5
INFO [2018-05-01 19:35:24] 
INFO [2018-05-01 19:35:24] $lty
INFO [2018-05-01 19:35:24] [1] 1
INFO [2018-05-01 19:35:24] 
INFO [2018-05-01 19:35:24] $height
INFO [2018-05-01 19:35:24] [1] 2000
INFO [2018-05-01 19:35:24] 
INFO [2018-05-01 19:35:24] $width
INFO [2018-05-01 19:35:24] [1] 2000
INFO [2018-05-01 19:35:24] 
INFO [2018-05-01 19:35:24] $fontfamily
INFO [2018-05-01 19:35:24] [1] "sans"
INFO [2018-05-01 19:35:24] 
INFO [2018-05-01 19:35:24] $cat.fontfamily
INFO [2018-05-01 19:35:24] [1] "sans"
INFO [2018-05-01 19:35:24] 
INFO [2018-05-01 19:35:24] $main.fontfamily
INFO [2018-05-01 19:35:24] [1] "sans"
INFO [2018-05-01 19:35:24] 
INFO [2018-05-01 19:35:24] $cat.fontface
INFO [2018-05-01 19:35:24] [1] "bold"
INFO [2018-05-01 19:35:24] 
INFO [2018-05-01 19:35:24] $main.fontface
INFO [2018-05-01 19:35:24] [1] "bold"
INFO [2018-05-01 19:35:24] 
INFO [2018-05-01 19:35:24] $cat.dist
INFO [2018-05-01 19:35:24] [1] 0.05
INFO [2018-05-01 19:35:24] 
