INFO [2018-02-25 15:57:22] [[1]]
INFO [2018-02-25 15:57:22] mylist
INFO [2018-02-25 15:57:22] 
INFO [2018-02-25 15:57:22] $filename
INFO [2018-02-25 15:57:22] NULL
INFO [2018-02-25 15:57:22] 
INFO [2018-02-25 15:57:22] $main
INFO [2018-02-25 15:57:22] [1] "Upregulated heart specific (FDR 1%)"
INFO [2018-02-25 15:57:22] 
INFO [2018-02-25 15:57:22] $main.cex
INFO [2018-02-25 15:57:22] [1] 2
INFO [2018-02-25 15:57:22] 
INFO [2018-02-25 15:57:22] $cat.cex
INFO [2018-02-25 15:57:22] [1] 1.5
INFO [2018-02-25 15:57:22] 
INFO [2018-02-25 15:57:22] $cex
INFO [2018-02-25 15:57:22] [1] 2.5
INFO [2018-02-25 15:57:22] 
INFO [2018-02-25 15:57:22] $fill
INFO [2018-02-25 15:57:22] pal[1:3]
INFO [2018-02-25 15:57:22] 
INFO [2018-02-25 15:57:22] $lty
INFO [2018-02-25 15:57:22] [1] 1
INFO [2018-02-25 15:57:22] 
INFO [2018-02-25 15:57:22] $height
INFO [2018-02-25 15:57:22] [1] 2000
INFO [2018-02-25 15:57:22] 
INFO [2018-02-25 15:57:22] $width
INFO [2018-02-25 15:57:22] [1] 3000
INFO [2018-02-25 15:57:22] 
