INFO [2018-04-28 10:12:14] [[1]]
INFO [2018-04-28 10:12:14] mylist
INFO [2018-04-28 10:12:14] 
INFO [2018-04-28 10:12:14] $filename
INFO [2018-04-28 10:12:14] NULL
INFO [2018-04-28 10:12:14] 
INFO [2018-04-28 10:12:14] $fill
INFO [2018-04-28 10:12:14] pal[1:4]
INFO [2018-04-28 10:12:14] 
INFO [2018-04-28 10:12:14] $main.cex
INFO [2018-04-28 10:12:14] [1] 3
INFO [2018-04-28 10:12:14] 
INFO [2018-04-28 10:12:14] $cat.cex
INFO [2018-04-28 10:12:14] [1] 2.7
INFO [2018-04-28 10:12:14] 
INFO [2018-04-28 10:12:14] $cex
INFO [2018-04-28 10:12:14] [1] 2.7
INFO [2018-04-28 10:12:14] 
INFO [2018-04-28 10:12:14] $lty
INFO [2018-04-28 10:12:14] [1] 1
INFO [2018-04-28 10:12:14] 
INFO [2018-04-28 10:12:14] $height
INFO [2018-04-28 10:12:14] [1] 2000
INFO [2018-04-28 10:12:14] 
INFO [2018-04-28 10:12:14] $width
INFO [2018-04-28 10:12:14] [1] 2000
INFO [2018-04-28 10:12:14] 
INFO [2018-04-28 10:12:14] $fontfamily
INFO [2018-04-28 10:12:14] [1] "sans"
INFO [2018-04-28 10:12:14] 
INFO [2018-04-28 10:12:14] $cat.fontfamily
INFO [2018-04-28 10:12:14] [1] "sans"
INFO [2018-04-28 10:12:14] 
INFO [2018-04-28 10:12:14] $main.fontfamily
INFO [2018-04-28 10:12:14] [1] "sans"
INFO [2018-04-28 10:12:14] 
INFO [2018-04-28 10:12:14] $cat.fontface
INFO [2018-04-28 10:12:14] [1] "bold"
INFO [2018-04-28 10:12:14] 
INFO [2018-04-28 10:12:14] $main.fontface
INFO [2018-04-28 10:12:14] [1] "bold"
INFO [2018-04-28 10:12:14] 
