INFO [2018-05-08 16:15:58] [[1]]
INFO [2018-05-08 16:15:58] mylist
INFO [2018-05-08 16:15:58] 
INFO [2018-05-08 16:15:58] $filename
INFO [2018-05-08 16:15:58] NULL
INFO [2018-05-08 16:15:58] 
INFO [2018-05-08 16:15:58] $main
INFO [2018-05-08 16:15:58] [1] "Upregulated in Humans compared to Chimps (FSR 1%)"
INFO [2018-05-08 16:15:58] 
INFO [2018-05-08 16:15:58] $main.cex
INFO [2018-05-08 16:15:58] [1] 2
INFO [2018-05-08 16:15:58] 
INFO [2018-05-08 16:15:58] $cat.cex
INFO [2018-05-08 16:15:58] [1] 1.5
INFO [2018-05-08 16:15:58] 
INFO [2018-05-08 16:15:58] $cex
INFO [2018-05-08 16:15:58] [1] 2.5
INFO [2018-05-08 16:15:58] 
INFO [2018-05-08 16:15:58] $fill
INFO [2018-05-08 16:15:58] pal[1:4]
INFO [2018-05-08 16:15:58] 
INFO [2018-05-08 16:15:58] $lty
INFO [2018-05-08 16:15:58] [1] 1
INFO [2018-05-08 16:15:58] 
INFO [2018-05-08 16:15:58] $height
INFO [2018-05-08 16:15:58] [1] 2000
INFO [2018-05-08 16:15:58] 
INFO [2018-05-08 16:15:58] $width
INFO [2018-05-08 16:15:58] [1] 3000
INFO [2018-05-08 16:15:58] 
INFO [2018-05-08 16:15:58] [[1]]
INFO [2018-05-08 16:15:58] mylist
INFO [2018-05-08 16:15:58] 
INFO [2018-05-08 16:15:58] $filename
INFO [2018-05-08 16:15:58] NULL
INFO [2018-05-08 16:15:58] 
INFO [2018-05-08 16:15:58] $main
INFO [2018-05-08 16:15:58] [1] "Upregulated in Humans compared to Rhesus (FSR 1%)"
INFO [2018-05-08 16:15:58] 
INFO [2018-05-08 16:15:58] $main.cex
INFO [2018-05-08 16:15:58] [1] 2
INFO [2018-05-08 16:15:58] 
INFO [2018-05-08 16:15:58] $cat.cex
INFO [2018-05-08 16:15:58] [1] 1.5
INFO [2018-05-08 16:15:58] 
INFO [2018-05-08 16:15:58] $cex
INFO [2018-05-08 16:15:58] [1] 2.5
INFO [2018-05-08 16:15:58] 
INFO [2018-05-08 16:15:58] $fill
INFO [2018-05-08 16:15:58] pal[1:4]
INFO [2018-05-08 16:15:58] 
INFO [2018-05-08 16:15:58] $lty
INFO [2018-05-08 16:15:58] [1] 1
INFO [2018-05-08 16:15:58] 
INFO [2018-05-08 16:15:58] $height
INFO [2018-05-08 16:15:58] [1] 2000
INFO [2018-05-08 16:15:58] 
INFO [2018-05-08 16:15:58] $width
INFO [2018-05-08 16:15:58] [1] 3000
INFO [2018-05-08 16:15:58] 
INFO [2018-05-08 16:15:58] [[1]]
INFO [2018-05-08 16:15:58] mylist
INFO [2018-05-08 16:15:58] 
INFO [2018-05-08 16:15:58] $filename
INFO [2018-05-08 16:15:58] NULL
INFO [2018-05-08 16:15:58] 
INFO [2018-05-08 16:15:58] $main
INFO [2018-05-08 16:15:58] [1] "Upregulated in Chimps relative to Rhesus (FSR 1%)"
INFO [2018-05-08 16:15:58] 
INFO [2018-05-08 16:15:58] $main.cex
INFO [2018-05-08 16:15:58] [1] 2
INFO [2018-05-08 16:15:58] 
INFO [2018-05-08 16:15:58] $cat.cex
INFO [2018-05-08 16:15:58] [1] 1.5
INFO [2018-05-08 16:15:58] 
INFO [2018-05-08 16:15:58] $cex
INFO [2018-05-08 16:15:58] [1] 2.5
INFO [2018-05-08 16:15:58] 
INFO [2018-05-08 16:15:58] $fill
INFO [2018-05-08 16:15:58] pal[1:4]
INFO [2018-05-08 16:15:58] 
INFO [2018-05-08 16:15:58] $lty
INFO [2018-05-08 16:15:58] [1] 1
INFO [2018-05-08 16:15:58] 
INFO [2018-05-08 16:15:58] $height
INFO [2018-05-08 16:15:58] [1] 2000
INFO [2018-05-08 16:15:58] 
INFO [2018-05-08 16:15:58] $width
INFO [2018-05-08 16:15:58] [1] 3000
INFO [2018-05-08 16:15:58] 
INFO [2018-05-08 16:15:58] [[1]]
INFO [2018-05-08 16:15:58] mylist
INFO [2018-05-08 16:15:58] 
INFO [2018-05-08 16:15:58] $filename
INFO [2018-05-08 16:15:58] NULL
INFO [2018-05-08 16:15:58] 
INFO [2018-05-08 16:15:58] $main
INFO [2018-05-08 16:15:58] [1] "Downregulated in Humans compared to Chimps (FSR 1%)"
INFO [2018-05-08 16:15:58] 
INFO [2018-05-08 16:15:58] $main.cex
INFO [2018-05-08 16:15:58] [1] 2
INFO [2018-05-08 16:15:58] 
INFO [2018-05-08 16:15:58] $cat.cex
INFO [2018-05-08 16:15:58] [1] 1.5
INFO [2018-05-08 16:15:58] 
INFO [2018-05-08 16:15:58] $cex
INFO [2018-05-08 16:15:58] [1] 2.5
INFO [2018-05-08 16:15:58] 
INFO [2018-05-08 16:15:58] $fill
INFO [2018-05-08 16:15:58] pal[1:4]
INFO [2018-05-08 16:15:58] 
INFO [2018-05-08 16:15:58] $lty
INFO [2018-05-08 16:15:58] [1] 1
INFO [2018-05-08 16:15:58] 
INFO [2018-05-08 16:15:58] $height
INFO [2018-05-08 16:15:58] [1] 2000
INFO [2018-05-08 16:15:58] 
INFO [2018-05-08 16:15:58] $width
INFO [2018-05-08 16:15:58] [1] 3000
INFO [2018-05-08 16:15:58] 
INFO [2018-05-08 16:15:58] [[1]]
INFO [2018-05-08 16:15:58] mylist
INFO [2018-05-08 16:15:58] 
INFO [2018-05-08 16:15:58] $filename
INFO [2018-05-08 16:15:58] NULL
INFO [2018-05-08 16:15:58] 
INFO [2018-05-08 16:15:58] $main
INFO [2018-05-08 16:15:58] [1] "Downregulated in Humans compared to Rhesus (FSR 1%)"
INFO [2018-05-08 16:15:58] 
INFO [2018-05-08 16:15:58] $main.cex
INFO [2018-05-08 16:15:58] [1] 2
INFO [2018-05-08 16:15:58] 
INFO [2018-05-08 16:15:58] $cat.cex
INFO [2018-05-08 16:15:58] [1] 1.5
INFO [2018-05-08 16:15:58] 
INFO [2018-05-08 16:15:58] $cex
INFO [2018-05-08 16:15:58] [1] 2.5
INFO [2018-05-08 16:15:58] 
INFO [2018-05-08 16:15:58] $fill
INFO [2018-05-08 16:15:58] pal[1:4]
INFO [2018-05-08 16:15:58] 
INFO [2018-05-08 16:15:58] $lty
INFO [2018-05-08 16:15:58] [1] 1
INFO [2018-05-08 16:15:58] 
INFO [2018-05-08 16:15:58] $height
INFO [2018-05-08 16:15:58] [1] 2000
INFO [2018-05-08 16:15:58] 
INFO [2018-05-08 16:15:58] $width
INFO [2018-05-08 16:15:58] [1] 3000
INFO [2018-05-08 16:15:58] 
