INFO [2018-05-08 16:36:03] [[1]]
INFO [2018-05-08 16:36:03] mylist
INFO [2018-05-08 16:36:03] 
INFO [2018-05-08 16:36:03] $filename
INFO [2018-05-08 16:36:03] NULL
INFO [2018-05-08 16:36:03] 
INFO [2018-05-08 16:36:03] $fill
INFO [2018-05-08 16:36:03] pal[1:3]
INFO [2018-05-08 16:36:03] 
INFO [2018-05-08 16:36:03] $main.cex
INFO [2018-05-08 16:36:03] [1] 3
INFO [2018-05-08 16:36:03] 
INFO [2018-05-08 16:36:03] $cat.cex
INFO [2018-05-08 16:36:03] [1] 3
INFO [2018-05-08 16:36:03] 
INFO [2018-05-08 16:36:03] $cex
INFO [2018-05-08 16:36:03] [1] 3.5
INFO [2018-05-08 16:36:03] 
INFO [2018-05-08 16:36:03] $lty
INFO [2018-05-08 16:36:03] [1] 1
INFO [2018-05-08 16:36:03] 
INFO [2018-05-08 16:36:03] $height
INFO [2018-05-08 16:36:03] [1] 2000
INFO [2018-05-08 16:36:03] 
INFO [2018-05-08 16:36:03] $width
INFO [2018-05-08 16:36:03] [1] 2000
INFO [2018-05-08 16:36:03] 
INFO [2018-05-08 16:36:03] $fontfamily
INFO [2018-05-08 16:36:03] [1] "sans"
INFO [2018-05-08 16:36:03] 
INFO [2018-05-08 16:36:03] $cat.fontfamily
INFO [2018-05-08 16:36:03] [1] "sans"
INFO [2018-05-08 16:36:03] 
INFO [2018-05-08 16:36:03] $main.fontfamily
INFO [2018-05-08 16:36:03] [1] "sans"
INFO [2018-05-08 16:36:03] 
INFO [2018-05-08 16:36:03] $cat.fontface
INFO [2018-05-08 16:36:03] [1] "bold"
INFO [2018-05-08 16:36:03] 
INFO [2018-05-08 16:36:03] $main.fontface
INFO [2018-05-08 16:36:03] [1] "bold"
INFO [2018-05-08 16:36:03] 
INFO [2018-05-08 16:36:03] $cat.dist
INFO [2018-05-08 16:36:03] [1] 0.05
INFO [2018-05-08 16:36:03] 
INFO [2018-05-08 16:36:03] [[1]]
INFO [2018-05-08 16:36:03] mylist
INFO [2018-05-08 16:36:03] 
INFO [2018-05-08 16:36:03] $filename
INFO [2018-05-08 16:36:03] NULL
INFO [2018-05-08 16:36:03] 
INFO [2018-05-08 16:36:03] $fill
INFO [2018-05-08 16:36:03] pal[1:3]
INFO [2018-05-08 16:36:03] 
INFO [2018-05-08 16:36:03] $main.cex
INFO [2018-05-08 16:36:03] [1] 3
INFO [2018-05-08 16:36:03] 
INFO [2018-05-08 16:36:03] $cat.cex
INFO [2018-05-08 16:36:03] [1] 3
INFO [2018-05-08 16:36:03] 
INFO [2018-05-08 16:36:03] $cex
INFO [2018-05-08 16:36:03] [1] 3.5
INFO [2018-05-08 16:36:03] 
INFO [2018-05-08 16:36:03] $lty
INFO [2018-05-08 16:36:03] [1] 1
INFO [2018-05-08 16:36:03] 
INFO [2018-05-08 16:36:03] $height
INFO [2018-05-08 16:36:03] [1] 2000
INFO [2018-05-08 16:36:03] 
INFO [2018-05-08 16:36:03] $width
INFO [2018-05-08 16:36:03] [1] 2000
INFO [2018-05-08 16:36:03] 
INFO [2018-05-08 16:36:03] $fontfamily
INFO [2018-05-08 16:36:03] [1] "sans"
INFO [2018-05-08 16:36:03] 
INFO [2018-05-08 16:36:03] $cat.fontfamily
INFO [2018-05-08 16:36:03] [1] "sans"
INFO [2018-05-08 16:36:03] 
INFO [2018-05-08 16:36:03] $main.fontfamily
INFO [2018-05-08 16:36:03] [1] "sans"
INFO [2018-05-08 16:36:03] 
INFO [2018-05-08 16:36:03] $cat.fontface
INFO [2018-05-08 16:36:03] [1] "bold"
INFO [2018-05-08 16:36:03] 
INFO [2018-05-08 16:36:03] $main.fontface
INFO [2018-05-08 16:36:03] [1] "bold"
INFO [2018-05-08 16:36:03] 
INFO [2018-05-08 16:36:03] $cat.dist
INFO [2018-05-08 16:36:03] [1] 0.05
INFO [2018-05-08 16:36:03] 
INFO [2018-05-08 16:36:03] [[1]]
INFO [2018-05-08 16:36:03] mylist
INFO [2018-05-08 16:36:03] 
INFO [2018-05-08 16:36:03] $filename
INFO [2018-05-08 16:36:03] NULL
INFO [2018-05-08 16:36:03] 
INFO [2018-05-08 16:36:03] $fill
INFO [2018-05-08 16:36:03] pal[1:3]
INFO [2018-05-08 16:36:03] 
INFO [2018-05-08 16:36:03] $main.cex
INFO [2018-05-08 16:36:03] [1] 3
INFO [2018-05-08 16:36:03] 
INFO [2018-05-08 16:36:03] $cat.cex
INFO [2018-05-08 16:36:03] [1] 3
INFO [2018-05-08 16:36:03] 
INFO [2018-05-08 16:36:03] $cex
INFO [2018-05-08 16:36:03] [1] 3.5
INFO [2018-05-08 16:36:03] 
INFO [2018-05-08 16:36:03] $lty
INFO [2018-05-08 16:36:03] [1] 1
INFO [2018-05-08 16:36:03] 
INFO [2018-05-08 16:36:03] $height
INFO [2018-05-08 16:36:03] [1] 2000
INFO [2018-05-08 16:36:03] 
INFO [2018-05-08 16:36:03] $width
INFO [2018-05-08 16:36:03] [1] 2000
INFO [2018-05-08 16:36:03] 
INFO [2018-05-08 16:36:03] $fontfamily
INFO [2018-05-08 16:36:03] [1] "sans"
INFO [2018-05-08 16:36:03] 
INFO [2018-05-08 16:36:03] $cat.fontfamily
INFO [2018-05-08 16:36:03] [1] "sans"
INFO [2018-05-08 16:36:03] 
INFO [2018-05-08 16:36:03] $main.fontfamily
INFO [2018-05-08 16:36:03] [1] "sans"
INFO [2018-05-08 16:36:03] 
INFO [2018-05-08 16:36:03] $cat.fontface
INFO [2018-05-08 16:36:03] [1] "bold"
INFO [2018-05-08 16:36:03] 
INFO [2018-05-08 16:36:03] $main.fontface
INFO [2018-05-08 16:36:03] [1] "bold"
INFO [2018-05-08 16:36:03] 
INFO [2018-05-08 16:36:03] $cat.dist
INFO [2018-05-08 16:36:03] [1] 0.05
INFO [2018-05-08 16:36:03] 
INFO [2018-05-08 16:36:03] [[1]]
INFO [2018-05-08 16:36:03] mylist
INFO [2018-05-08 16:36:03] 
INFO [2018-05-08 16:36:03] $filename
INFO [2018-05-08 16:36:03] NULL
INFO [2018-05-08 16:36:03] 
INFO [2018-05-08 16:36:03] $fill
INFO [2018-05-08 16:36:03] pal[1:3]
INFO [2018-05-08 16:36:03] 
INFO [2018-05-08 16:36:03] $main.cex
INFO [2018-05-08 16:36:03] [1] 3
INFO [2018-05-08 16:36:03] 
INFO [2018-05-08 16:36:03] $cat.cex
INFO [2018-05-08 16:36:03] [1] 3
INFO [2018-05-08 16:36:03] 
INFO [2018-05-08 16:36:03] $cex
INFO [2018-05-08 16:36:03] [1] 3.5
INFO [2018-05-08 16:36:03] 
INFO [2018-05-08 16:36:03] $lty
INFO [2018-05-08 16:36:03] [1] 1
INFO [2018-05-08 16:36:03] 
INFO [2018-05-08 16:36:03] $height
INFO [2018-05-08 16:36:03] [1] 2000
INFO [2018-05-08 16:36:03] 
INFO [2018-05-08 16:36:03] $width
INFO [2018-05-08 16:36:03] [1] 2000
INFO [2018-05-08 16:36:03] 
INFO [2018-05-08 16:36:03] $fontfamily
INFO [2018-05-08 16:36:03] [1] "sans"
INFO [2018-05-08 16:36:03] 
INFO [2018-05-08 16:36:03] $cat.fontfamily
INFO [2018-05-08 16:36:03] [1] "sans"
INFO [2018-05-08 16:36:03] 
INFO [2018-05-08 16:36:03] $main.fontfamily
INFO [2018-05-08 16:36:03] [1] "sans"
INFO [2018-05-08 16:36:03] 
INFO [2018-05-08 16:36:03] $cat.fontface
INFO [2018-05-08 16:36:03] [1] "bold"
INFO [2018-05-08 16:36:03] 
INFO [2018-05-08 16:36:03] $main.fontface
INFO [2018-05-08 16:36:03] [1] "bold"
INFO [2018-05-08 16:36:03] 
INFO [2018-05-08 16:36:03] $cat.dist
INFO [2018-05-08 16:36:03] [1] 0.05
INFO [2018-05-08 16:36:03] 
INFO [2018-05-08 16:36:03] [[1]]
INFO [2018-05-08 16:36:03] mylist
INFO [2018-05-08 16:36:03] 
INFO [2018-05-08 16:36:03] $filename
INFO [2018-05-08 16:36:03] NULL
INFO [2018-05-08 16:36:03] 
INFO [2018-05-08 16:36:03] $fill
INFO [2018-05-08 16:36:03] pal[1:3]
INFO [2018-05-08 16:36:03] 
INFO [2018-05-08 16:36:03] $main.cex
INFO [2018-05-08 16:36:03] [1] 3
INFO [2018-05-08 16:36:03] 
INFO [2018-05-08 16:36:03] $cat.cex
INFO [2018-05-08 16:36:03] [1] 3
INFO [2018-05-08 16:36:03] 
INFO [2018-05-08 16:36:03] $cex
INFO [2018-05-08 16:36:03] [1] 3.5
INFO [2018-05-08 16:36:03] 
INFO [2018-05-08 16:36:03] $lty
INFO [2018-05-08 16:36:03] [1] 1
INFO [2018-05-08 16:36:03] 
INFO [2018-05-08 16:36:03] $height
INFO [2018-05-08 16:36:03] [1] 2000
INFO [2018-05-08 16:36:03] 
INFO [2018-05-08 16:36:03] $width
INFO [2018-05-08 16:36:03] [1] 2000
INFO [2018-05-08 16:36:03] 
INFO [2018-05-08 16:36:03] $fontfamily
INFO [2018-05-08 16:36:03] [1] "sans"
INFO [2018-05-08 16:36:03] 
INFO [2018-05-08 16:36:03] $cat.fontfamily
INFO [2018-05-08 16:36:03] [1] "sans"
INFO [2018-05-08 16:36:03] 
INFO [2018-05-08 16:36:03] $main.fontfamily
INFO [2018-05-08 16:36:03] [1] "sans"
INFO [2018-05-08 16:36:03] 
INFO [2018-05-08 16:36:03] $cat.fontface
INFO [2018-05-08 16:36:03] [1] "bold"
INFO [2018-05-08 16:36:03] 
INFO [2018-05-08 16:36:03] $main.fontface
INFO [2018-05-08 16:36:03] [1] "bold"
INFO [2018-05-08 16:36:03] 
INFO [2018-05-08 16:36:03] $cat.dist
INFO [2018-05-08 16:36:03] [1] 0.05
INFO [2018-05-08 16:36:03] 
INFO [2018-05-08 16:36:03] [[1]]
INFO [2018-05-08 16:36:03] mylist
INFO [2018-05-08 16:36:03] 
INFO [2018-05-08 16:36:03] $filename
INFO [2018-05-08 16:36:03] NULL
INFO [2018-05-08 16:36:03] 
INFO [2018-05-08 16:36:03] $fill
INFO [2018-05-08 16:36:03] pal[1:3]
INFO [2018-05-08 16:36:03] 
INFO [2018-05-08 16:36:03] $main.cex
INFO [2018-05-08 16:36:03] [1] 3
INFO [2018-05-08 16:36:03] 
INFO [2018-05-08 16:36:03] $cat.cex
INFO [2018-05-08 16:36:03] [1] 3
INFO [2018-05-08 16:36:03] 
INFO [2018-05-08 16:36:03] $cex
INFO [2018-05-08 16:36:03] [1] 3.5
INFO [2018-05-08 16:36:03] 
INFO [2018-05-08 16:36:03] $lty
INFO [2018-05-08 16:36:03] [1] 1
INFO [2018-05-08 16:36:03] 
INFO [2018-05-08 16:36:03] $height
INFO [2018-05-08 16:36:03] [1] 2000
INFO [2018-05-08 16:36:03] 
INFO [2018-05-08 16:36:03] $width
INFO [2018-05-08 16:36:03] [1] 2000
INFO [2018-05-08 16:36:03] 
INFO [2018-05-08 16:36:03] $fontfamily
INFO [2018-05-08 16:36:03] [1] "sans"
INFO [2018-05-08 16:36:03] 
INFO [2018-05-08 16:36:03] $cat.fontfamily
INFO [2018-05-08 16:36:03] [1] "sans"
INFO [2018-05-08 16:36:03] 
INFO [2018-05-08 16:36:03] $main.fontfamily
INFO [2018-05-08 16:36:03] [1] "sans"
INFO [2018-05-08 16:36:03] 
INFO [2018-05-08 16:36:03] $cat.fontface
INFO [2018-05-08 16:36:03] [1] "bold"
INFO [2018-05-08 16:36:03] 
INFO [2018-05-08 16:36:03] $main.fontface
INFO [2018-05-08 16:36:03] [1] "bold"
INFO [2018-05-08 16:36:03] 
INFO [2018-05-08 16:36:03] $cat.dist
INFO [2018-05-08 16:36:03] [1] 0.05
INFO [2018-05-08 16:36:03] 
INFO [2018-05-08 16:36:03] [[1]]
INFO [2018-05-08 16:36:03] mylist
INFO [2018-05-08 16:36:03] 
INFO [2018-05-08 16:36:03] $filename
INFO [2018-05-08 16:36:03] NULL
INFO [2018-05-08 16:36:03] 
INFO [2018-05-08 16:36:03] $fill
INFO [2018-05-08 16:36:03] pal[1:3]
INFO [2018-05-08 16:36:03] 
INFO [2018-05-08 16:36:03] $main.cex
INFO [2018-05-08 16:36:03] [1] 3
INFO [2018-05-08 16:36:03] 
INFO [2018-05-08 16:36:03] $cat.cex
INFO [2018-05-08 16:36:03] [1] 3
INFO [2018-05-08 16:36:03] 
INFO [2018-05-08 16:36:03] $cex
INFO [2018-05-08 16:36:03] [1] 3.5
INFO [2018-05-08 16:36:03] 
INFO [2018-05-08 16:36:03] $lty
INFO [2018-05-08 16:36:03] [1] 1
INFO [2018-05-08 16:36:03] 
INFO [2018-05-08 16:36:03] $height
INFO [2018-05-08 16:36:03] [1] 2000
INFO [2018-05-08 16:36:03] 
INFO [2018-05-08 16:36:03] $width
INFO [2018-05-08 16:36:03] [1] 2000
INFO [2018-05-08 16:36:03] 
INFO [2018-05-08 16:36:03] $fontfamily
INFO [2018-05-08 16:36:03] [1] "sans"
INFO [2018-05-08 16:36:03] 
INFO [2018-05-08 16:36:03] $cat.fontfamily
INFO [2018-05-08 16:36:03] [1] "sans"
INFO [2018-05-08 16:36:03] 
INFO [2018-05-08 16:36:03] $main.fontfamily
INFO [2018-05-08 16:36:03] [1] "sans"
INFO [2018-05-08 16:36:03] 
INFO [2018-05-08 16:36:03] $cat.fontface
INFO [2018-05-08 16:36:03] [1] "bold"
INFO [2018-05-08 16:36:03] 
INFO [2018-05-08 16:36:03] $main.fontface
INFO [2018-05-08 16:36:03] [1] "bold"
INFO [2018-05-08 16:36:03] 
INFO [2018-05-08 16:36:03] $cat.dist
INFO [2018-05-08 16:36:03] [1] 0.05
INFO [2018-05-08 16:36:03] 
INFO [2018-05-08 16:36:03] [[1]]
INFO [2018-05-08 16:36:03] mylist
INFO [2018-05-08 16:36:03] 
INFO [2018-05-08 16:36:03] $filename
INFO [2018-05-08 16:36:03] NULL
INFO [2018-05-08 16:36:03] 
INFO [2018-05-08 16:36:03] $fill
INFO [2018-05-08 16:36:03] pal[1:3]
INFO [2018-05-08 16:36:03] 
INFO [2018-05-08 16:36:03] $main.cex
INFO [2018-05-08 16:36:03] [1] 3
INFO [2018-05-08 16:36:03] 
INFO [2018-05-08 16:36:03] $cat.cex
INFO [2018-05-08 16:36:03] [1] 3
INFO [2018-05-08 16:36:03] 
INFO [2018-05-08 16:36:03] $cex
INFO [2018-05-08 16:36:03] [1] 3.5
INFO [2018-05-08 16:36:03] 
INFO [2018-05-08 16:36:03] $lty
INFO [2018-05-08 16:36:03] [1] 1
INFO [2018-05-08 16:36:03] 
INFO [2018-05-08 16:36:03] $height
INFO [2018-05-08 16:36:03] [1] 2000
INFO [2018-05-08 16:36:03] 
INFO [2018-05-08 16:36:03] $width
INFO [2018-05-08 16:36:03] [1] 2000
INFO [2018-05-08 16:36:03] 
INFO [2018-05-08 16:36:03] $fontfamily
INFO [2018-05-08 16:36:03] [1] "sans"
INFO [2018-05-08 16:36:03] 
INFO [2018-05-08 16:36:03] $cat.fontfamily
INFO [2018-05-08 16:36:03] [1] "sans"
INFO [2018-05-08 16:36:03] 
INFO [2018-05-08 16:36:03] $main.fontfamily
INFO [2018-05-08 16:36:03] [1] "sans"
INFO [2018-05-08 16:36:03] 
INFO [2018-05-08 16:36:03] $cat.fontface
INFO [2018-05-08 16:36:03] [1] "bold"
INFO [2018-05-08 16:36:03] 
INFO [2018-05-08 16:36:03] $main.fontface
INFO [2018-05-08 16:36:03] [1] "bold"
INFO [2018-05-08 16:36:03] 
INFO [2018-05-08 16:36:03] $cat.dist
INFO [2018-05-08 16:36:03] [1] 0.05
INFO [2018-05-08 16:36:03] 
INFO [2018-05-08 16:36:03] [[1]]
INFO [2018-05-08 16:36:03] mylist
INFO [2018-05-08 16:36:03] 
INFO [2018-05-08 16:36:03] $filename
INFO [2018-05-08 16:36:03] NULL
INFO [2018-05-08 16:36:03] 
INFO [2018-05-08 16:36:03] $fill
INFO [2018-05-08 16:36:03] pal[1:3]
INFO [2018-05-08 16:36:03] 
INFO [2018-05-08 16:36:03] $main.cex
INFO [2018-05-08 16:36:03] [1] 3
INFO [2018-05-08 16:36:03] 
INFO [2018-05-08 16:36:03] $cat.cex
INFO [2018-05-08 16:36:03] [1] 3
INFO [2018-05-08 16:36:03] 
INFO [2018-05-08 16:36:03] $cex
INFO [2018-05-08 16:36:03] [1] 3.5
INFO [2018-05-08 16:36:03] 
INFO [2018-05-08 16:36:03] $lty
INFO [2018-05-08 16:36:03] [1] 1
INFO [2018-05-08 16:36:03] 
INFO [2018-05-08 16:36:03] $height
INFO [2018-05-08 16:36:03] [1] 2000
INFO [2018-05-08 16:36:03] 
INFO [2018-05-08 16:36:03] $width
INFO [2018-05-08 16:36:03] [1] 2000
INFO [2018-05-08 16:36:03] 
INFO [2018-05-08 16:36:03] $fontfamily
INFO [2018-05-08 16:36:03] [1] "sans"
INFO [2018-05-08 16:36:03] 
INFO [2018-05-08 16:36:03] $cat.fontfamily
INFO [2018-05-08 16:36:03] [1] "sans"
INFO [2018-05-08 16:36:03] 
INFO [2018-05-08 16:36:03] $main.fontfamily
INFO [2018-05-08 16:36:03] [1] "sans"
INFO [2018-05-08 16:36:03] 
INFO [2018-05-08 16:36:03] $cat.fontface
INFO [2018-05-08 16:36:03] [1] "bold"
INFO [2018-05-08 16:36:03] 
INFO [2018-05-08 16:36:03] $main.fontface
INFO [2018-05-08 16:36:03] [1] "bold"
INFO [2018-05-08 16:36:03] 
INFO [2018-05-08 16:36:03] $cat.dist
INFO [2018-05-08 16:36:03] [1] 0.05
INFO [2018-05-08 16:36:03] 
