INFO [2019-06-24 20:53:21] [[1]]
INFO [2019-06-24 20:53:21] mylist
INFO [2019-06-24 20:53:21] 
INFO [2019-06-24 20:53:21] $filename
INFO [2019-06-24 20:53:21] NULL
INFO [2019-06-24 20:53:21] 
INFO [2019-06-24 20:53:21] $main
INFO [2019-06-24 20:53:21] [1] "Significant interactions in Rhesus (FDR 1%)"
INFO [2019-06-24 20:53:21] 
INFO [2019-06-24 20:53:21] $cex
INFO [2019-06-24 20:53:21] [1] 1.5
INFO [2019-06-24 20:53:21] 
INFO [2019-06-24 20:53:21] $fill
INFO [2019-06-24 20:53:21] pal[1:3]
INFO [2019-06-24 20:53:21] 
INFO [2019-06-24 20:53:21] $lty
INFO [2019-06-24 20:53:21] [1] 1
INFO [2019-06-24 20:53:21] 
INFO [2019-06-24 20:53:21] $height
INFO [2019-06-24 20:53:21] [1] 2000
INFO [2019-06-24 20:53:21] 
INFO [2019-06-24 20:53:21] $width
INFO [2019-06-24 20:53:21] [1] 3000
INFO [2019-06-24 20:53:21] 
