INFO [2018-04-26 14:43:35] [[1]]
INFO [2018-04-26 14:43:35] mylist
INFO [2018-04-26 14:43:35] 
INFO [2018-04-26 14:43:35] $filename
INFO [2018-04-26 14:43:35] NULL
INFO [2018-04-26 14:43:35] 
INFO [2018-04-26 14:43:35] $fill
INFO [2018-04-26 14:43:35] pal[1:3]
INFO [2018-04-26 14:43:35] 
INFO [2018-04-26 14:43:35] $main.cex
INFO [2018-04-26 14:43:35] [1] 3
INFO [2018-04-26 14:43:35] 
INFO [2018-04-26 14:43:35] $cat.cex
INFO [2018-04-26 14:43:35] [1] 4
INFO [2018-04-26 14:43:35] 
INFO [2018-04-26 14:43:35] $cex
INFO [2018-04-26 14:43:35] [1] 2.5
INFO [2018-04-26 14:43:35] 
INFO [2018-04-26 14:43:35] $lty
INFO [2018-04-26 14:43:35] [1] 1
INFO [2018-04-26 14:43:35] 
INFO [2018-04-26 14:43:35] $height
INFO [2018-04-26 14:43:35] [1] 2000
INFO [2018-04-26 14:43:35] 
INFO [2018-04-26 14:43:35] $width
INFO [2018-04-26 14:43:35] [1] 2000
INFO [2018-04-26 14:43:35] 
INFO [2018-04-26 14:43:35] $fontfamily
INFO [2018-04-26 14:43:35] [1] "sans"
INFO [2018-04-26 14:43:35] 
INFO [2018-04-26 14:43:35] $cat.fontfamily
INFO [2018-04-26 14:43:35] [1] "sans"
INFO [2018-04-26 14:43:35] 
INFO [2018-04-26 14:43:35] $main.fontfamily
INFO [2018-04-26 14:43:35] [1] "sans"
INFO [2018-04-26 14:43:35] 
INFO [2018-04-26 14:43:35] $cat.fontface
INFO [2018-04-26 14:43:35] [1] "bold"
INFO [2018-04-26 14:43:35] 
INFO [2018-04-26 14:43:35] $main.fontface
INFO [2018-04-26 14:43:35] [1] "bold"
INFO [2018-04-26 14:43:35] 
