INFO [2018-05-04 17:09:11] [[1]]
INFO [2018-05-04 17:09:11] mylist
INFO [2018-05-04 17:09:11] 
INFO [2018-05-04 17:09:11] $filename
INFO [2018-05-04 17:09:11] NULL
INFO [2018-05-04 17:09:11] 
INFO [2018-05-04 17:09:11] $main
INFO [2018-05-04 17:09:11] [1] "DE genes between Chimps and Rhesus (FDR 1%)"
INFO [2018-05-04 17:09:11] 
INFO [2018-05-04 17:09:11] $cex
INFO [2018-05-04 17:09:11] [1] 1.5
INFO [2018-05-04 17:09:11] 
INFO [2018-05-04 17:09:11] $fill
INFO [2018-05-04 17:09:11] pal[1:4]
INFO [2018-05-04 17:09:11] 
INFO [2018-05-04 17:09:11] $lty
INFO [2018-05-04 17:09:11] [1] 1
INFO [2018-05-04 17:09:11] 
INFO [2018-05-04 17:09:11] $height
INFO [2018-05-04 17:09:11] [1] 2000
INFO [2018-05-04 17:09:11] 
INFO [2018-05-04 17:09:11] $width
INFO [2018-05-04 17:09:11] [1] 3000
INFO [2018-05-04 17:09:11] 
