INFO [2018-05-08 16:36:12] [[1]]
INFO [2018-05-08 16:36:12] mylist
INFO [2018-05-08 16:36:12] 
INFO [2018-05-08 16:36:12] $filename
INFO [2018-05-08 16:36:12] NULL
INFO [2018-05-08 16:36:12] 
INFO [2018-05-08 16:36:12] $fill
INFO [2018-05-08 16:36:12] pal[1:4]
INFO [2018-05-08 16:36:12] 
INFO [2018-05-08 16:36:12] $main.cex
INFO [2018-05-08 16:36:12] [1] 3
INFO [2018-05-08 16:36:12] 
INFO [2018-05-08 16:36:12] $cat.cex
INFO [2018-05-08 16:36:12] [1] 2.7
INFO [2018-05-08 16:36:12] 
INFO [2018-05-08 16:36:12] $cex
INFO [2018-05-08 16:36:12] [1] 2.7
INFO [2018-05-08 16:36:12] 
INFO [2018-05-08 16:36:12] $lty
INFO [2018-05-08 16:36:12] [1] 1
INFO [2018-05-08 16:36:12] 
INFO [2018-05-08 16:36:12] $height
INFO [2018-05-08 16:36:12] [1] 2000
INFO [2018-05-08 16:36:12] 
INFO [2018-05-08 16:36:12] $width
INFO [2018-05-08 16:36:12] [1] 2000
INFO [2018-05-08 16:36:12] 
INFO [2018-05-08 16:36:12] $fontfamily
INFO [2018-05-08 16:36:12] [1] "sans"
INFO [2018-05-08 16:36:12] 
INFO [2018-05-08 16:36:12] $cat.fontfamily
INFO [2018-05-08 16:36:12] [1] "sans"
INFO [2018-05-08 16:36:12] 
INFO [2018-05-08 16:36:12] $main.fontfamily
INFO [2018-05-08 16:36:12] [1] "sans"
INFO [2018-05-08 16:36:12] 
INFO [2018-05-08 16:36:12] $cat.fontface
INFO [2018-05-08 16:36:12] [1] "bold"
INFO [2018-05-08 16:36:12] 
INFO [2018-05-08 16:36:12] $main.fontface
INFO [2018-05-08 16:36:12] [1] "bold"
INFO [2018-05-08 16:36:12] 
INFO [2018-05-08 16:36:12] [[1]]
INFO [2018-05-08 16:36:12] mylist
INFO [2018-05-08 16:36:12] 
INFO [2018-05-08 16:36:12] $filename
INFO [2018-05-08 16:36:12] NULL
INFO [2018-05-08 16:36:12] 
INFO [2018-05-08 16:36:12] $fill
INFO [2018-05-08 16:36:12] pal[1:4]
INFO [2018-05-08 16:36:12] 
INFO [2018-05-08 16:36:12] $main.cex
INFO [2018-05-08 16:36:12] [1] 3
INFO [2018-05-08 16:36:12] 
INFO [2018-05-08 16:36:12] $cat.cex
INFO [2018-05-08 16:36:12] [1] 2.7
INFO [2018-05-08 16:36:12] 
INFO [2018-05-08 16:36:12] $cex
INFO [2018-05-08 16:36:12] [1] 2.7
INFO [2018-05-08 16:36:12] 
INFO [2018-05-08 16:36:12] $lty
INFO [2018-05-08 16:36:12] [1] 1
INFO [2018-05-08 16:36:12] 
INFO [2018-05-08 16:36:12] $height
INFO [2018-05-08 16:36:12] [1] 2000
INFO [2018-05-08 16:36:12] 
INFO [2018-05-08 16:36:12] $width
INFO [2018-05-08 16:36:12] [1] 2000
INFO [2018-05-08 16:36:12] 
INFO [2018-05-08 16:36:12] $fontfamily
INFO [2018-05-08 16:36:12] [1] "sans"
INFO [2018-05-08 16:36:12] 
INFO [2018-05-08 16:36:12] $cat.fontfamily
INFO [2018-05-08 16:36:12] [1] "sans"
INFO [2018-05-08 16:36:12] 
INFO [2018-05-08 16:36:12] $main.fontfamily
INFO [2018-05-08 16:36:12] [1] "sans"
INFO [2018-05-08 16:36:12] 
INFO [2018-05-08 16:36:12] $cat.fontface
INFO [2018-05-08 16:36:12] [1] "bold"
INFO [2018-05-08 16:36:12] 
INFO [2018-05-08 16:36:12] $main.fontface
INFO [2018-05-08 16:36:12] [1] "bold"
INFO [2018-05-08 16:36:12] 
INFO [2018-05-08 16:36:12] [[1]]
INFO [2018-05-08 16:36:12] mylist
INFO [2018-05-08 16:36:12] 
INFO [2018-05-08 16:36:12] $filename
INFO [2018-05-08 16:36:12] NULL
INFO [2018-05-08 16:36:12] 
INFO [2018-05-08 16:36:12] $fill
INFO [2018-05-08 16:36:12] pal[1:4]
INFO [2018-05-08 16:36:12] 
INFO [2018-05-08 16:36:12] $main.cex
INFO [2018-05-08 16:36:12] [1] 3
INFO [2018-05-08 16:36:12] 
INFO [2018-05-08 16:36:12] $cat.cex
INFO [2018-05-08 16:36:12] [1] 2.7
INFO [2018-05-08 16:36:12] 
INFO [2018-05-08 16:36:12] $cex
INFO [2018-05-08 16:36:12] [1] 2.7
INFO [2018-05-08 16:36:12] 
INFO [2018-05-08 16:36:12] $lty
INFO [2018-05-08 16:36:12] [1] 1
INFO [2018-05-08 16:36:12] 
INFO [2018-05-08 16:36:12] $height
INFO [2018-05-08 16:36:12] [1] 2000
INFO [2018-05-08 16:36:12] 
INFO [2018-05-08 16:36:12] $width
INFO [2018-05-08 16:36:12] [1] 2000
INFO [2018-05-08 16:36:12] 
INFO [2018-05-08 16:36:12] $fontfamily
INFO [2018-05-08 16:36:12] [1] "sans"
INFO [2018-05-08 16:36:12] 
INFO [2018-05-08 16:36:12] $cat.fontfamily
INFO [2018-05-08 16:36:12] [1] "sans"
INFO [2018-05-08 16:36:12] 
INFO [2018-05-08 16:36:12] $main.fontfamily
INFO [2018-05-08 16:36:12] [1] "sans"
INFO [2018-05-08 16:36:12] 
INFO [2018-05-08 16:36:12] $cat.fontface
INFO [2018-05-08 16:36:12] [1] "bold"
INFO [2018-05-08 16:36:12] 
INFO [2018-05-08 16:36:12] $main.fontface
INFO [2018-05-08 16:36:12] [1] "bold"
INFO [2018-05-08 16:36:12] 
INFO [2018-05-08 16:36:12] [[1]]
INFO [2018-05-08 16:36:12] mylist
INFO [2018-05-08 16:36:12] 
INFO [2018-05-08 16:36:12] $filename
INFO [2018-05-08 16:36:12] NULL
INFO [2018-05-08 16:36:12] 
INFO [2018-05-08 16:36:12] $fill
INFO [2018-05-08 16:36:12] pal[1:4]
INFO [2018-05-08 16:36:12] 
INFO [2018-05-08 16:36:12] $main.cex
INFO [2018-05-08 16:36:12] [1] 3
INFO [2018-05-08 16:36:12] 
INFO [2018-05-08 16:36:12] $cat.cex
INFO [2018-05-08 16:36:12] [1] 2.7
INFO [2018-05-08 16:36:12] 
INFO [2018-05-08 16:36:12] $cex
INFO [2018-05-08 16:36:12] [1] 2.7
INFO [2018-05-08 16:36:12] 
INFO [2018-05-08 16:36:12] $lty
INFO [2018-05-08 16:36:12] [1] 1
INFO [2018-05-08 16:36:12] 
INFO [2018-05-08 16:36:12] $height
INFO [2018-05-08 16:36:12] [1] 2000
INFO [2018-05-08 16:36:12] 
INFO [2018-05-08 16:36:12] $width
INFO [2018-05-08 16:36:12] [1] 2000
INFO [2018-05-08 16:36:12] 
INFO [2018-05-08 16:36:12] $fontfamily
INFO [2018-05-08 16:36:12] [1] "sans"
INFO [2018-05-08 16:36:12] 
INFO [2018-05-08 16:36:12] $cat.fontfamily
INFO [2018-05-08 16:36:12] [1] "sans"
INFO [2018-05-08 16:36:12] 
INFO [2018-05-08 16:36:12] $main.fontfamily
INFO [2018-05-08 16:36:12] [1] "sans"
INFO [2018-05-08 16:36:12] 
INFO [2018-05-08 16:36:12] $cat.fontface
INFO [2018-05-08 16:36:12] [1] "bold"
INFO [2018-05-08 16:36:12] 
INFO [2018-05-08 16:36:12] $main.fontface
INFO [2018-05-08 16:36:12] [1] "bold"
INFO [2018-05-08 16:36:12] 
