INFO [2018-04-26 13:52:43] [[1]]
INFO [2018-04-26 13:52:43] mylist
INFO [2018-04-26 13:52:43] 
INFO [2018-04-26 13:52:43] $filename
INFO [2018-04-26 13:52:43] NULL
INFO [2018-04-26 13:52:43] 
INFO [2018-04-26 13:52:43] $main.cex
INFO [2018-04-26 13:52:43] [1] 3
INFO [2018-04-26 13:52:43] 
INFO [2018-04-26 13:52:43] $cat.cex
INFO [2018-04-26 13:52:43] [1] 2.5
INFO [2018-04-26 13:52:43] 
INFO [2018-04-26 13:52:43] $cex
INFO [2018-04-26 13:52:43] [1] 2.5
INFO [2018-04-26 13:52:43] 
INFO [2018-04-26 13:52:43] $fill
INFO [2018-04-26 13:52:43] NULL
INFO [2018-04-26 13:52:43] 
INFO [2018-04-26 13:52:43] $lty
INFO [2018-04-26 13:52:43] [1] 1
INFO [2018-04-26 13:52:43] 
INFO [2018-04-26 13:52:43] $height
INFO [2018-04-26 13:52:43] [1] 20000
INFO [2018-04-26 13:52:43] 
INFO [2018-04-26 13:52:43] $width
INFO [2018-04-26 13:52:43] [1] 2e+05
INFO [2018-04-26 13:52:43] 
INFO [2018-04-26 13:52:43] $fontfamily
INFO [2018-04-26 13:52:43] [1] "sans"
INFO [2018-04-26 13:52:43] 
INFO [2018-04-26 13:52:43] $cat.fontfamily
INFO [2018-04-26 13:52:43] [1] "sans"
INFO [2018-04-26 13:52:43] 
INFO [2018-04-26 13:52:43] $main.fontfamily
INFO [2018-04-26 13:52:43] [1] "sans"
INFO [2018-04-26 13:52:43] 
INFO [2018-04-26 13:52:43] $cat.fontface
INFO [2018-04-26 13:52:43] [1] "bold"
INFO [2018-04-26 13:52:43] 
INFO [2018-04-26 13:52:43] $main.fontface
INFO [2018-04-26 13:52:43] [1] "bold"
INFO [2018-04-26 13:52:43] 
INFO [2018-04-26 13:52:43] $cat.dist
INFO [2018-04-26 13:52:43] -0.045
INFO [2018-04-26 13:52:43] 
