INFO [2018-02-23 11:28:19] [[1]]
INFO [2018-02-23 11:28:19] mylist
INFO [2018-02-23 11:28:19] 
INFO [2018-02-23 11:28:19] $filename
INFO [2018-02-23 11:28:19] NULL
INFO [2018-02-23 11:28:19] 
INFO [2018-02-23 11:28:19] $main
INFO [2018-02-23 11:28:19] [1] "DE genes between Chimps and Rhesus (FDR 1%)"
INFO [2018-02-23 11:28:19] 
INFO [2018-02-23 11:28:19] $cex
INFO [2018-02-23 11:28:19] [1] 1.5
INFO [2018-02-23 11:28:19] 
INFO [2018-02-23 11:28:19] $fill
INFO [2018-02-23 11:28:19] pal[1:4]
INFO [2018-02-23 11:28:19] 
INFO [2018-02-23 11:28:19] $lty
INFO [2018-02-23 11:28:19] [1] 1
INFO [2018-02-23 11:28:19] 
INFO [2018-02-23 11:28:19] $height
INFO [2018-02-23 11:28:19] [1] 2000
INFO [2018-02-23 11:28:19] 
INFO [2018-02-23 11:28:19] $width
INFO [2018-02-23 11:28:19] [1] 3000
INFO [2018-02-23 11:28:19] 
