INFO [2018-04-05 10:18:36] [[1]]
INFO [2018-04-05 10:18:36] mylist
INFO [2018-04-05 10:18:36] 
INFO [2018-04-05 10:18:36] $filename
INFO [2018-04-05 10:18:36] NULL
INFO [2018-04-05 10:18:36] 
INFO [2018-04-05 10:18:36] $filetype
INFO [2018-04-05 10:18:36] [1] "tiff"
INFO [2018-04-05 10:18:36] 
INFO [2018-04-05 10:18:36] $lwd
INFO [2018-04-05 10:18:36] [1] 0.5
INFO [2018-04-05 10:18:36] 
INFO [2018-04-05 10:18:36] $main
INFO [2018-04-05 10:18:36] name_file
INFO [2018-04-05 10:18:36] 
INFO [2018-04-05 10:18:36] $main.cex
INFO [2018-04-05 10:18:36] [1] 3
INFO [2018-04-05 10:18:36] 
INFO [2018-04-05 10:18:36] $cat.cex
INFO [2018-04-05 10:18:36] [1] 2.5
INFO [2018-04-05 10:18:36] 
INFO [2018-04-05 10:18:36] $cex
INFO [2018-04-05 10:18:36] [1] 2.5
INFO [2018-04-05 10:18:36] 
INFO [2018-04-05 10:18:36] $fill
INFO [2018-04-05 10:18:36] pal[1:3]
INFO [2018-04-05 10:18:36] 
INFO [2018-04-05 10:18:36] $lty
INFO [2018-04-05 10:18:36] [1] 1
INFO [2018-04-05 10:18:36] 
INFO [2018-04-05 10:18:36] $height
INFO [2018-04-05 10:18:36] [1] 20000
INFO [2018-04-05 10:18:36] 
INFO [2018-04-05 10:18:36] $width
INFO [2018-04-05 10:18:36] [1] 2e+05
INFO [2018-04-05 10:18:36] 
INFO [2018-04-05 10:18:36] $fontfamily
INFO [2018-04-05 10:18:36] [1] "sans"
INFO [2018-04-05 10:18:36] 
INFO [2018-04-05 10:18:36] $cat.fontfamily
INFO [2018-04-05 10:18:36] [1] "sans"
INFO [2018-04-05 10:18:36] 
INFO [2018-04-05 10:18:36] $main.fontfamily
INFO [2018-04-05 10:18:36] [1] "sans"
INFO [2018-04-05 10:18:36] 
INFO [2018-04-05 10:18:36] $cat.fontface
INFO [2018-04-05 10:18:36] [1] "bold"
INFO [2018-04-05 10:18:36] 
INFO [2018-04-05 10:18:36] $main.fontface
INFO [2018-04-05 10:18:36] [1] "bold"
INFO [2018-04-05 10:18:36] 
INFO [2018-04-05 10:18:36] $cat.dist
INFO [2018-04-05 10:18:36] -0.045
INFO [2018-04-05 10:18:36] 
INFO [2018-04-05 10:18:36] [[1]]
INFO [2018-04-05 10:18:36] mylist
INFO [2018-04-05 10:18:36] 
INFO [2018-04-05 10:18:36] $filename
INFO [2018-04-05 10:18:36] NULL
INFO [2018-04-05 10:18:36] 
INFO [2018-04-05 10:18:36] $filetype
INFO [2018-04-05 10:18:36] [1] "tiff"
INFO [2018-04-05 10:18:36] 
INFO [2018-04-05 10:18:36] $lwd
INFO [2018-04-05 10:18:36] [1] 0.5
INFO [2018-04-05 10:18:36] 
INFO [2018-04-05 10:18:36] $main
INFO [2018-04-05 10:18:36] name_file
INFO [2018-04-05 10:18:36] 
INFO [2018-04-05 10:18:36] $main.cex
INFO [2018-04-05 10:18:36] [1] 3
INFO [2018-04-05 10:18:36] 
INFO [2018-04-05 10:18:36] $cat.cex
INFO [2018-04-05 10:18:36] [1] 2.5
INFO [2018-04-05 10:18:36] 
INFO [2018-04-05 10:18:36] $cex
INFO [2018-04-05 10:18:36] [1] 2.5
INFO [2018-04-05 10:18:36] 
INFO [2018-04-05 10:18:36] $fill
INFO [2018-04-05 10:18:36] pal[1:3]
INFO [2018-04-05 10:18:36] 
INFO [2018-04-05 10:18:36] $lty
INFO [2018-04-05 10:18:36] [1] 1
INFO [2018-04-05 10:18:36] 
INFO [2018-04-05 10:18:36] $height
INFO [2018-04-05 10:18:36] [1] 20000
INFO [2018-04-05 10:18:36] 
INFO [2018-04-05 10:18:36] $width
INFO [2018-04-05 10:18:36] [1] 2e+05
INFO [2018-04-05 10:18:36] 
INFO [2018-04-05 10:18:36] $fontfamily
INFO [2018-04-05 10:18:36] [1] "sans"
INFO [2018-04-05 10:18:36] 
INFO [2018-04-05 10:18:36] $cat.fontfamily
INFO [2018-04-05 10:18:36] [1] "sans"
INFO [2018-04-05 10:18:36] 
INFO [2018-04-05 10:18:36] $main.fontfamily
INFO [2018-04-05 10:18:36] [1] "sans"
INFO [2018-04-05 10:18:36] 
INFO [2018-04-05 10:18:36] $cat.fontface
INFO [2018-04-05 10:18:36] [1] "bold"
INFO [2018-04-05 10:18:36] 
INFO [2018-04-05 10:18:36] $main.fontface
INFO [2018-04-05 10:18:36] [1] "bold"
INFO [2018-04-05 10:18:36] 
INFO [2018-04-05 10:18:36] $cat.dist
INFO [2018-04-05 10:18:36] -0.045
INFO [2018-04-05 10:18:36] 
INFO [2018-04-05 10:18:36] [[1]]
INFO [2018-04-05 10:18:36] mylist
INFO [2018-04-05 10:18:36] 
INFO [2018-04-05 10:18:36] $filename
INFO [2018-04-05 10:18:36] NULL
INFO [2018-04-05 10:18:36] 
INFO [2018-04-05 10:18:36] $filetype
INFO [2018-04-05 10:18:36] [1] "tiff"
INFO [2018-04-05 10:18:36] 
INFO [2018-04-05 10:18:36] $lwd
INFO [2018-04-05 10:18:36] [1] 0.5
INFO [2018-04-05 10:18:36] 
INFO [2018-04-05 10:18:36] $main
INFO [2018-04-05 10:18:36] name_file
INFO [2018-04-05 10:18:36] 
INFO [2018-04-05 10:18:36] $main.cex
INFO [2018-04-05 10:18:36] [1] 3
INFO [2018-04-05 10:18:36] 
INFO [2018-04-05 10:18:36] $cat.cex
INFO [2018-04-05 10:18:36] [1] 2.5
INFO [2018-04-05 10:18:36] 
INFO [2018-04-05 10:18:36] $cex
INFO [2018-04-05 10:18:36] [1] 2.5
INFO [2018-04-05 10:18:36] 
INFO [2018-04-05 10:18:36] $fill
INFO [2018-04-05 10:18:36] pal[1:3]
INFO [2018-04-05 10:18:36] 
INFO [2018-04-05 10:18:36] $lty
INFO [2018-04-05 10:18:36] [1] 1
INFO [2018-04-05 10:18:36] 
INFO [2018-04-05 10:18:36] $height
INFO [2018-04-05 10:18:36] [1] 20000
INFO [2018-04-05 10:18:36] 
INFO [2018-04-05 10:18:36] $width
INFO [2018-04-05 10:18:36] [1] 2e+05
INFO [2018-04-05 10:18:36] 
INFO [2018-04-05 10:18:36] $fontfamily
INFO [2018-04-05 10:18:36] [1] "sans"
INFO [2018-04-05 10:18:36] 
INFO [2018-04-05 10:18:36] $cat.fontfamily
INFO [2018-04-05 10:18:36] [1] "sans"
INFO [2018-04-05 10:18:36] 
INFO [2018-04-05 10:18:36] $main.fontfamily
INFO [2018-04-05 10:18:36] [1] "sans"
INFO [2018-04-05 10:18:36] 
INFO [2018-04-05 10:18:36] $cat.fontface
INFO [2018-04-05 10:18:36] [1] "bold"
INFO [2018-04-05 10:18:36] 
INFO [2018-04-05 10:18:36] $main.fontface
INFO [2018-04-05 10:18:36] [1] "bold"
INFO [2018-04-05 10:18:36] 
INFO [2018-04-05 10:18:36] $cat.dist
INFO [2018-04-05 10:18:36] -0.045
INFO [2018-04-05 10:18:36] 
INFO [2018-04-05 10:18:36] [[1]]
INFO [2018-04-05 10:18:36] mylist
INFO [2018-04-05 10:18:36] 
INFO [2018-04-05 10:18:36] $filename
INFO [2018-04-05 10:18:36] NULL
INFO [2018-04-05 10:18:36] 
INFO [2018-04-05 10:18:36] $filetype
INFO [2018-04-05 10:18:36] [1] "tiff"
INFO [2018-04-05 10:18:36] 
INFO [2018-04-05 10:18:36] $lwd
INFO [2018-04-05 10:18:36] [1] 0.5
INFO [2018-04-05 10:18:36] 
INFO [2018-04-05 10:18:36] $main
INFO [2018-04-05 10:18:36] name_file
INFO [2018-04-05 10:18:36] 
INFO [2018-04-05 10:18:36] $main.cex
INFO [2018-04-05 10:18:36] [1] 3
INFO [2018-04-05 10:18:36] 
INFO [2018-04-05 10:18:36] $cat.cex
INFO [2018-04-05 10:18:36] [1] 2.5
INFO [2018-04-05 10:18:36] 
INFO [2018-04-05 10:18:36] $cex
INFO [2018-04-05 10:18:36] [1] 2.5
INFO [2018-04-05 10:18:36] 
INFO [2018-04-05 10:18:36] $fill
INFO [2018-04-05 10:18:36] pal[1:3]
INFO [2018-04-05 10:18:36] 
INFO [2018-04-05 10:18:36] $lty
INFO [2018-04-05 10:18:36] [1] 1
INFO [2018-04-05 10:18:36] 
INFO [2018-04-05 10:18:36] $height
INFO [2018-04-05 10:18:36] [1] 20000
INFO [2018-04-05 10:18:36] 
INFO [2018-04-05 10:18:36] $width
INFO [2018-04-05 10:18:36] [1] 2e+05
INFO [2018-04-05 10:18:36] 
INFO [2018-04-05 10:18:36] $fontfamily
INFO [2018-04-05 10:18:36] [1] "sans"
INFO [2018-04-05 10:18:36] 
INFO [2018-04-05 10:18:36] $cat.fontfamily
INFO [2018-04-05 10:18:36] [1] "sans"
INFO [2018-04-05 10:18:36] 
INFO [2018-04-05 10:18:36] $main.fontfamily
INFO [2018-04-05 10:18:36] [1] "sans"
INFO [2018-04-05 10:18:36] 
INFO [2018-04-05 10:18:36] $cat.fontface
INFO [2018-04-05 10:18:36] [1] "bold"
INFO [2018-04-05 10:18:36] 
INFO [2018-04-05 10:18:36] $main.fontface
INFO [2018-04-05 10:18:36] [1] "bold"
INFO [2018-04-05 10:18:36] 
INFO [2018-04-05 10:18:36] $cat.dist
INFO [2018-04-05 10:18:36] -0.045
INFO [2018-04-05 10:18:36] 
INFO [2018-04-05 10:18:36] [[1]]
INFO [2018-04-05 10:18:36] mylist
INFO [2018-04-05 10:18:36] 
INFO [2018-04-05 10:18:36] $filename
INFO [2018-04-05 10:18:36] NULL
INFO [2018-04-05 10:18:36] 
INFO [2018-04-05 10:18:36] $filetype
INFO [2018-04-05 10:18:36] [1] "tiff"
INFO [2018-04-05 10:18:36] 
INFO [2018-04-05 10:18:36] $lwd
INFO [2018-04-05 10:18:36] [1] 0.5
INFO [2018-04-05 10:18:36] 
INFO [2018-04-05 10:18:36] $main
INFO [2018-04-05 10:18:36] name_file
INFO [2018-04-05 10:18:36] 
INFO [2018-04-05 10:18:36] $main.cex
INFO [2018-04-05 10:18:36] [1] 3
INFO [2018-04-05 10:18:36] 
INFO [2018-04-05 10:18:36] $cat.cex
INFO [2018-04-05 10:18:36] [1] 2.5
INFO [2018-04-05 10:18:36] 
INFO [2018-04-05 10:18:36] $cex
INFO [2018-04-05 10:18:36] [1] 2.5
INFO [2018-04-05 10:18:36] 
INFO [2018-04-05 10:18:36] $fill
INFO [2018-04-05 10:18:36] pal[1:3]
INFO [2018-04-05 10:18:36] 
INFO [2018-04-05 10:18:36] $lty
INFO [2018-04-05 10:18:36] [1] 1
INFO [2018-04-05 10:18:36] 
INFO [2018-04-05 10:18:36] $height
INFO [2018-04-05 10:18:36] [1] 20000
INFO [2018-04-05 10:18:36] 
INFO [2018-04-05 10:18:36] $width
INFO [2018-04-05 10:18:36] [1] 2e+05
INFO [2018-04-05 10:18:36] 
INFO [2018-04-05 10:18:36] $fontfamily
INFO [2018-04-05 10:18:36] [1] "sans"
INFO [2018-04-05 10:18:36] 
INFO [2018-04-05 10:18:36] $cat.fontfamily
INFO [2018-04-05 10:18:36] [1] "sans"
INFO [2018-04-05 10:18:36] 
INFO [2018-04-05 10:18:36] $main.fontfamily
INFO [2018-04-05 10:18:36] [1] "sans"
INFO [2018-04-05 10:18:36] 
INFO [2018-04-05 10:18:36] $cat.fontface
INFO [2018-04-05 10:18:36] [1] "bold"
INFO [2018-04-05 10:18:36] 
INFO [2018-04-05 10:18:36] $main.fontface
INFO [2018-04-05 10:18:36] [1] "bold"
INFO [2018-04-05 10:18:36] 
INFO [2018-04-05 10:18:36] $cat.dist
INFO [2018-04-05 10:18:36] -0.045
INFO [2018-04-05 10:18:36] 
INFO [2018-04-05 10:18:36] [[1]]
INFO [2018-04-05 10:18:36] mylist
INFO [2018-04-05 10:18:36] 
INFO [2018-04-05 10:18:36] $filename
INFO [2018-04-05 10:18:36] NULL
INFO [2018-04-05 10:18:36] 
INFO [2018-04-05 10:18:36] $filetype
INFO [2018-04-05 10:18:36] [1] "tiff"
INFO [2018-04-05 10:18:36] 
INFO [2018-04-05 10:18:36] $lwd
INFO [2018-04-05 10:18:36] [1] 0.5
INFO [2018-04-05 10:18:36] 
INFO [2018-04-05 10:18:36] $main
INFO [2018-04-05 10:18:36] name_file
INFO [2018-04-05 10:18:36] 
INFO [2018-04-05 10:18:36] $main.cex
INFO [2018-04-05 10:18:36] [1] 3
INFO [2018-04-05 10:18:36] 
INFO [2018-04-05 10:18:36] $cat.cex
INFO [2018-04-05 10:18:36] [1] 2.5
INFO [2018-04-05 10:18:36] 
INFO [2018-04-05 10:18:36] $cex
INFO [2018-04-05 10:18:36] [1] 2.5
INFO [2018-04-05 10:18:36] 
INFO [2018-04-05 10:18:36] $fill
INFO [2018-04-05 10:18:36] pal[1:3]
INFO [2018-04-05 10:18:36] 
INFO [2018-04-05 10:18:36] $lty
INFO [2018-04-05 10:18:36] [1] 1
INFO [2018-04-05 10:18:36] 
INFO [2018-04-05 10:18:36] $height
INFO [2018-04-05 10:18:36] [1] 20000
INFO [2018-04-05 10:18:36] 
INFO [2018-04-05 10:18:36] $width
INFO [2018-04-05 10:18:36] [1] 2e+05
INFO [2018-04-05 10:18:36] 
INFO [2018-04-05 10:18:36] $fontfamily
INFO [2018-04-05 10:18:36] [1] "sans"
INFO [2018-04-05 10:18:36] 
INFO [2018-04-05 10:18:36] $cat.fontfamily
INFO [2018-04-05 10:18:36] [1] "sans"
INFO [2018-04-05 10:18:36] 
INFO [2018-04-05 10:18:36] $main.fontfamily
INFO [2018-04-05 10:18:36] [1] "sans"
INFO [2018-04-05 10:18:36] 
INFO [2018-04-05 10:18:36] $cat.fontface
INFO [2018-04-05 10:18:36] [1] "bold"
INFO [2018-04-05 10:18:36] 
INFO [2018-04-05 10:18:36] $main.fontface
INFO [2018-04-05 10:18:36] [1] "bold"
INFO [2018-04-05 10:18:36] 
INFO [2018-04-05 10:18:36] $cat.dist
INFO [2018-04-05 10:18:36] -0.045
INFO [2018-04-05 10:18:36] 
INFO [2018-04-05 10:18:36] [[1]]
INFO [2018-04-05 10:18:36] mylist
INFO [2018-04-05 10:18:36] 
INFO [2018-04-05 10:18:36] $filename
INFO [2018-04-05 10:18:36] NULL
INFO [2018-04-05 10:18:36] 
INFO [2018-04-05 10:18:36] $filetype
INFO [2018-04-05 10:18:36] [1] "tiff"
INFO [2018-04-05 10:18:36] 
INFO [2018-04-05 10:18:36] $lwd
INFO [2018-04-05 10:18:36] [1] 0.5
INFO [2018-04-05 10:18:36] 
INFO [2018-04-05 10:18:36] $main
INFO [2018-04-05 10:18:36] name_file
INFO [2018-04-05 10:18:36] 
INFO [2018-04-05 10:18:36] $main.cex
INFO [2018-04-05 10:18:36] [1] 3
INFO [2018-04-05 10:18:36] 
INFO [2018-04-05 10:18:36] $cat.cex
INFO [2018-04-05 10:18:36] [1] 2.5
INFO [2018-04-05 10:18:36] 
INFO [2018-04-05 10:18:36] $cex
INFO [2018-04-05 10:18:36] [1] 2.5
INFO [2018-04-05 10:18:36] 
INFO [2018-04-05 10:18:36] $fill
INFO [2018-04-05 10:18:36] pal[1:3]
INFO [2018-04-05 10:18:36] 
INFO [2018-04-05 10:18:36] $lty
INFO [2018-04-05 10:18:36] [1] 1
INFO [2018-04-05 10:18:36] 
INFO [2018-04-05 10:18:36] $height
INFO [2018-04-05 10:18:36] [1] 20000
INFO [2018-04-05 10:18:36] 
INFO [2018-04-05 10:18:36] $width
INFO [2018-04-05 10:18:36] [1] 2e+05
INFO [2018-04-05 10:18:36] 
INFO [2018-04-05 10:18:36] $fontfamily
INFO [2018-04-05 10:18:36] [1] "sans"
INFO [2018-04-05 10:18:36] 
INFO [2018-04-05 10:18:36] $cat.fontfamily
INFO [2018-04-05 10:18:36] [1] "sans"
INFO [2018-04-05 10:18:36] 
INFO [2018-04-05 10:18:36] $main.fontfamily
INFO [2018-04-05 10:18:36] [1] "sans"
INFO [2018-04-05 10:18:36] 
INFO [2018-04-05 10:18:36] $cat.fontface
INFO [2018-04-05 10:18:36] [1] "bold"
INFO [2018-04-05 10:18:36] 
INFO [2018-04-05 10:18:36] $main.fontface
INFO [2018-04-05 10:18:36] [1] "bold"
INFO [2018-04-05 10:18:36] 
INFO [2018-04-05 10:18:36] $cat.dist
INFO [2018-04-05 10:18:36] -0.045
INFO [2018-04-05 10:18:36] 
INFO [2018-04-05 10:18:36] [[1]]
INFO [2018-04-05 10:18:36] mylist
INFO [2018-04-05 10:18:36] 
INFO [2018-04-05 10:18:36] $filename
INFO [2018-04-05 10:18:36] NULL
INFO [2018-04-05 10:18:36] 
INFO [2018-04-05 10:18:36] $filetype
INFO [2018-04-05 10:18:36] [1] "tiff"
INFO [2018-04-05 10:18:36] 
INFO [2018-04-05 10:18:36] $lwd
INFO [2018-04-05 10:18:36] [1] 0.5
INFO [2018-04-05 10:18:36] 
INFO [2018-04-05 10:18:36] $main
INFO [2018-04-05 10:18:36] name_file
INFO [2018-04-05 10:18:36] 
INFO [2018-04-05 10:18:36] $main.cex
INFO [2018-04-05 10:18:36] [1] 3
INFO [2018-04-05 10:18:36] 
INFO [2018-04-05 10:18:36] $cat.cex
INFO [2018-04-05 10:18:36] [1] 2.5
INFO [2018-04-05 10:18:36] 
INFO [2018-04-05 10:18:36] $cex
INFO [2018-04-05 10:18:36] [1] 2.5
INFO [2018-04-05 10:18:36] 
INFO [2018-04-05 10:18:36] $fill
INFO [2018-04-05 10:18:36] pal[1:3]
INFO [2018-04-05 10:18:36] 
INFO [2018-04-05 10:18:36] $lty
INFO [2018-04-05 10:18:36] [1] 1
INFO [2018-04-05 10:18:36] 
INFO [2018-04-05 10:18:36] $height
INFO [2018-04-05 10:18:36] [1] 20000
INFO [2018-04-05 10:18:36] 
INFO [2018-04-05 10:18:36] $width
INFO [2018-04-05 10:18:36] [1] 2e+05
INFO [2018-04-05 10:18:36] 
INFO [2018-04-05 10:18:36] $fontfamily
INFO [2018-04-05 10:18:36] [1] "sans"
INFO [2018-04-05 10:18:36] 
INFO [2018-04-05 10:18:36] $cat.fontfamily
INFO [2018-04-05 10:18:36] [1] "sans"
INFO [2018-04-05 10:18:36] 
INFO [2018-04-05 10:18:36] $main.fontfamily
INFO [2018-04-05 10:18:36] [1] "sans"
INFO [2018-04-05 10:18:36] 
INFO [2018-04-05 10:18:36] $cat.fontface
INFO [2018-04-05 10:18:36] [1] "bold"
INFO [2018-04-05 10:18:36] 
INFO [2018-04-05 10:18:36] $main.fontface
INFO [2018-04-05 10:18:36] [1] "bold"
INFO [2018-04-05 10:18:36] 
INFO [2018-04-05 10:18:36] $cat.dist
INFO [2018-04-05 10:18:36] -0.045
INFO [2018-04-05 10:18:36] 
