INFO [2018-02-25 16:16:15] [[1]]
INFO [2018-02-25 16:16:15] mylist
INFO [2018-02-25 16:16:15] 
INFO [2018-02-25 16:16:15] $filename
INFO [2018-02-25 16:16:15] NULL
INFO [2018-02-25 16:16:15] 
INFO [2018-02-25 16:16:15] $main
INFO [2018-02-25 16:16:15] [1] "DE genes between Liver and Kidney (FDR 1%)"
INFO [2018-02-25 16:16:15] 
INFO [2018-02-25 16:16:15] $cex
INFO [2018-02-25 16:16:15] [1] 1.5
INFO [2018-02-25 16:16:15] 
INFO [2018-02-25 16:16:15] $lty
INFO [2018-02-25 16:16:15] [1] 1
INFO [2018-02-25 16:16:15] 
INFO [2018-02-25 16:16:15] $height
INFO [2018-02-25 16:16:15] [1] 2000
INFO [2018-02-25 16:16:15] 
INFO [2018-02-25 16:16:15] $width
INFO [2018-02-25 16:16:15] [1] 3000
INFO [2018-02-25 16:16:15] 
