INFO [2018-05-08 16:36:15] [[1]]
INFO [2018-05-08 16:36:15] mylist
INFO [2018-05-08 16:36:15] 
INFO [2018-05-08 16:36:15] $filename
INFO [2018-05-08 16:36:15] NULL
INFO [2018-05-08 16:36:15] 
INFO [2018-05-08 16:36:15] $main
INFO [2018-05-08 16:36:15] [1] "Downregulated in Heart compared to Kidney (FSR 1%)"
INFO [2018-05-08 16:36:15] 
INFO [2018-05-08 16:36:15] $main.cex
INFO [2018-05-08 16:36:15] [1] 2
INFO [2018-05-08 16:36:15] 
INFO [2018-05-08 16:36:15] $cat.cex
INFO [2018-05-08 16:36:15] [1] 1.5
INFO [2018-05-08 16:36:15] 
INFO [2018-05-08 16:36:15] $cex
INFO [2018-05-08 16:36:15] [1] 2.5
INFO [2018-05-08 16:36:15] 
INFO [2018-05-08 16:36:15] $fill
INFO [2018-05-08 16:36:15] pal[1:3]
INFO [2018-05-08 16:36:15] 
INFO [2018-05-08 16:36:15] $lty
INFO [2018-05-08 16:36:15] [1] 1
INFO [2018-05-08 16:36:15] 
INFO [2018-05-08 16:36:15] $height
INFO [2018-05-08 16:36:15] [1] 2000
INFO [2018-05-08 16:36:15] 
INFO [2018-05-08 16:36:15] $width
INFO [2018-05-08 16:36:15] [1] 3000
INFO [2018-05-08 16:36:15] 
INFO [2018-05-08 16:36:15] [[1]]
INFO [2018-05-08 16:36:15] mylist
INFO [2018-05-08 16:36:15] 
INFO [2018-05-08 16:36:15] $filename
INFO [2018-05-08 16:36:15] NULL
INFO [2018-05-08 16:36:15] 
INFO [2018-05-08 16:36:15] $main
INFO [2018-05-08 16:36:15] [1] "Upregulated in Heart compared to Liver (FSR 1%)"
INFO [2018-05-08 16:36:15] 
INFO [2018-05-08 16:36:15] $main.cex
INFO [2018-05-08 16:36:15] [1] 2
INFO [2018-05-08 16:36:15] 
INFO [2018-05-08 16:36:15] $cat.cex
INFO [2018-05-08 16:36:15] [1] 1.5
INFO [2018-05-08 16:36:15] 
INFO [2018-05-08 16:36:15] $cex
INFO [2018-05-08 16:36:15] [1] 2.5
INFO [2018-05-08 16:36:15] 
INFO [2018-05-08 16:36:15] $fill
INFO [2018-05-08 16:36:15] pal[1:3]
INFO [2018-05-08 16:36:15] 
INFO [2018-05-08 16:36:15] $lty
INFO [2018-05-08 16:36:15] [1] 1
INFO [2018-05-08 16:36:15] 
INFO [2018-05-08 16:36:15] $height
INFO [2018-05-08 16:36:15] [1] 2000
INFO [2018-05-08 16:36:15] 
INFO [2018-05-08 16:36:15] $width
INFO [2018-05-08 16:36:15] [1] 3000
INFO [2018-05-08 16:36:15] 
INFO [2018-05-08 16:36:15] [[1]]
INFO [2018-05-08 16:36:15] mylist
INFO [2018-05-08 16:36:15] 
INFO [2018-05-08 16:36:15] $filename
INFO [2018-05-08 16:36:15] NULL
INFO [2018-05-08 16:36:15] 
INFO [2018-05-08 16:36:15] $main
INFO [2018-05-08 16:36:15] [1] "Upregulated in Heart compared to Lung (FSR 1%)"
INFO [2018-05-08 16:36:15] 
INFO [2018-05-08 16:36:15] $main.cex
INFO [2018-05-08 16:36:15] [1] 2
INFO [2018-05-08 16:36:15] 
INFO [2018-05-08 16:36:15] $cat.cex
INFO [2018-05-08 16:36:15] [1] 1.5
INFO [2018-05-08 16:36:15] 
INFO [2018-05-08 16:36:15] $cex
INFO [2018-05-08 16:36:15] [1] 2.5
INFO [2018-05-08 16:36:15] 
INFO [2018-05-08 16:36:15] $fill
INFO [2018-05-08 16:36:15] pal[1:3]
INFO [2018-05-08 16:36:15] 
INFO [2018-05-08 16:36:15] $lty
INFO [2018-05-08 16:36:15] [1] 1
INFO [2018-05-08 16:36:15] 
INFO [2018-05-08 16:36:15] $height
INFO [2018-05-08 16:36:15] [1] 2000
INFO [2018-05-08 16:36:15] 
INFO [2018-05-08 16:36:15] $width
INFO [2018-05-08 16:36:15] [1] 3000
INFO [2018-05-08 16:36:15] 
INFO [2018-05-08 16:36:15] [[1]]
INFO [2018-05-08 16:36:15] mylist
INFO [2018-05-08 16:36:15] 
INFO [2018-05-08 16:36:15] $filename
INFO [2018-05-08 16:36:15] NULL
INFO [2018-05-08 16:36:15] 
INFO [2018-05-08 16:36:15] $main
INFO [2018-05-08 16:36:15] [1] "Upregulated in Liver compared to Lung (FSR 1%)"
INFO [2018-05-08 16:36:15] 
INFO [2018-05-08 16:36:15] $main.cex
INFO [2018-05-08 16:36:15] [1] 2
INFO [2018-05-08 16:36:15] 
INFO [2018-05-08 16:36:15] $cat.cex
INFO [2018-05-08 16:36:15] [1] 1.5
INFO [2018-05-08 16:36:15] 
INFO [2018-05-08 16:36:15] $cex
INFO [2018-05-08 16:36:15] [1] 2.5
INFO [2018-05-08 16:36:15] 
INFO [2018-05-08 16:36:15] $fill
INFO [2018-05-08 16:36:15] pal[1:3]
INFO [2018-05-08 16:36:15] 
INFO [2018-05-08 16:36:15] $lty
INFO [2018-05-08 16:36:15] [1] 1
INFO [2018-05-08 16:36:15] 
INFO [2018-05-08 16:36:15] $height
INFO [2018-05-08 16:36:15] [1] 2000
INFO [2018-05-08 16:36:15] 
INFO [2018-05-08 16:36:15] $width
INFO [2018-05-08 16:36:15] [1] 3000
INFO [2018-05-08 16:36:15] 
INFO [2018-05-08 16:36:15] [[1]]
INFO [2018-05-08 16:36:15] mylist
INFO [2018-05-08 16:36:15] 
INFO [2018-05-08 16:36:15] $filename
INFO [2018-05-08 16:36:15] NULL
INFO [2018-05-08 16:36:15] 
INFO [2018-05-08 16:36:15] $main
INFO [2018-05-08 16:36:15] [1] "Upregulated in Liver compared to Kidney (FSR 1%)"
INFO [2018-05-08 16:36:15] 
INFO [2018-05-08 16:36:15] $main.cex
INFO [2018-05-08 16:36:15] [1] 2
INFO [2018-05-08 16:36:15] 
INFO [2018-05-08 16:36:15] $cat.cex
INFO [2018-05-08 16:36:15] [1] 1.5
INFO [2018-05-08 16:36:15] 
INFO [2018-05-08 16:36:15] $cex
INFO [2018-05-08 16:36:15] [1] 2.5
INFO [2018-05-08 16:36:15] 
INFO [2018-05-08 16:36:15] $fill
INFO [2018-05-08 16:36:15] pal[1:3]
INFO [2018-05-08 16:36:15] 
INFO [2018-05-08 16:36:15] $lty
INFO [2018-05-08 16:36:15] [1] 1
INFO [2018-05-08 16:36:15] 
INFO [2018-05-08 16:36:15] $height
INFO [2018-05-08 16:36:15] [1] 2000
INFO [2018-05-08 16:36:15] 
INFO [2018-05-08 16:36:15] $width
INFO [2018-05-08 16:36:15] [1] 3000
INFO [2018-05-08 16:36:15] 
INFO [2018-05-08 16:36:15] [[1]]
INFO [2018-05-08 16:36:15] mylist
INFO [2018-05-08 16:36:15] 
INFO [2018-05-08 16:36:15] $filename
INFO [2018-05-08 16:36:15] NULL
INFO [2018-05-08 16:36:15] 
INFO [2018-05-08 16:36:15] $main
INFO [2018-05-08 16:36:15] [1] "Upregulated in Lung compared to Kidney (FSR 1%)"
INFO [2018-05-08 16:36:15] 
INFO [2018-05-08 16:36:15] $main.cex
INFO [2018-05-08 16:36:15] [1] 2
INFO [2018-05-08 16:36:15] 
INFO [2018-05-08 16:36:15] $cat.cex
INFO [2018-05-08 16:36:15] [1] 1.5
INFO [2018-05-08 16:36:15] 
INFO [2018-05-08 16:36:15] $cex
INFO [2018-05-08 16:36:15] [1] 2.5
INFO [2018-05-08 16:36:15] 
INFO [2018-05-08 16:36:15] $fill
INFO [2018-05-08 16:36:15] pal[1:3]
INFO [2018-05-08 16:36:15] 
INFO [2018-05-08 16:36:15] $lty
INFO [2018-05-08 16:36:15] [1] 1
INFO [2018-05-08 16:36:15] 
INFO [2018-05-08 16:36:15] $height
INFO [2018-05-08 16:36:15] [1] 2000
INFO [2018-05-08 16:36:15] 
INFO [2018-05-08 16:36:15] $width
INFO [2018-05-08 16:36:15] [1] 3000
INFO [2018-05-08 16:36:15] 
