INFO [2018-04-28 12:57:19] [[1]]
INFO [2018-04-28 12:57:19] mylist
INFO [2018-04-28 12:57:19] 
INFO [2018-04-28 12:57:19] $filename
INFO [2018-04-28 12:57:19] NULL
INFO [2018-04-28 12:57:19] 
INFO [2018-04-28 12:57:19] $fill
INFO [2018-04-28 12:57:19] pal[1:3]
INFO [2018-04-28 12:57:19] 
INFO [2018-04-28 12:57:19] $main.cex
INFO [2018-04-28 12:57:19] [1] 3
INFO [2018-04-28 12:57:19] 
INFO [2018-04-28 12:57:19] $cat.cex
INFO [2018-04-28 12:57:19] [1] 3
INFO [2018-04-28 12:57:19] 
INFO [2018-04-28 12:57:19] $cex
INFO [2018-04-28 12:57:19] [1] 3.5
INFO [2018-04-28 12:57:19] 
INFO [2018-04-28 12:57:19] $lty
INFO [2018-04-28 12:57:19] [1] 1
INFO [2018-04-28 12:57:19] 
INFO [2018-04-28 12:57:19] $height
INFO [2018-04-28 12:57:19] [1] 2000
INFO [2018-04-28 12:57:19] 
INFO [2018-04-28 12:57:19] $width
INFO [2018-04-28 12:57:19] [1] 2000
INFO [2018-04-28 12:57:19] 
INFO [2018-04-28 12:57:19] $fontfamily
INFO [2018-04-28 12:57:19] [1] "sans"
INFO [2018-04-28 12:57:19] 
INFO [2018-04-28 12:57:19] $cat.fontfamily
INFO [2018-04-28 12:57:19] [1] "sans"
INFO [2018-04-28 12:57:19] 
INFO [2018-04-28 12:57:19] $main.fontfamily
INFO [2018-04-28 12:57:19] [1] "sans"
INFO [2018-04-28 12:57:19] 
INFO [2018-04-28 12:57:19] $cat.fontface
INFO [2018-04-28 12:57:19] [1] "bold"
INFO [2018-04-28 12:57:19] 
INFO [2018-04-28 12:57:19] $main.fontface
INFO [2018-04-28 12:57:19] [1] "bold"
INFO [2018-04-28 12:57:19] 
INFO [2018-04-28 12:57:19] $cat.dist
INFO [2018-04-28 12:57:19] [1] 0.05
INFO [2018-04-28 12:57:19] 
INFO [2018-04-28 12:57:19] [[1]]
INFO [2018-04-28 12:57:19] mylist
INFO [2018-04-28 12:57:19] 
INFO [2018-04-28 12:57:19] $filename
INFO [2018-04-28 12:57:19] NULL
INFO [2018-04-28 12:57:19] 
INFO [2018-04-28 12:57:19] $fill
INFO [2018-04-28 12:57:19] pal[1:3]
INFO [2018-04-28 12:57:19] 
INFO [2018-04-28 12:57:19] $main.cex
INFO [2018-04-28 12:57:19] [1] 3
INFO [2018-04-28 12:57:19] 
INFO [2018-04-28 12:57:19] $cat.cex
INFO [2018-04-28 12:57:19] [1] 3
INFO [2018-04-28 12:57:19] 
INFO [2018-04-28 12:57:19] $cex
INFO [2018-04-28 12:57:19] [1] 3.5
INFO [2018-04-28 12:57:19] 
INFO [2018-04-28 12:57:19] $lty
INFO [2018-04-28 12:57:19] [1] 1
INFO [2018-04-28 12:57:19] 
INFO [2018-04-28 12:57:19] $height
INFO [2018-04-28 12:57:19] [1] 2000
INFO [2018-04-28 12:57:19] 
INFO [2018-04-28 12:57:19] $width
INFO [2018-04-28 12:57:19] [1] 2000
INFO [2018-04-28 12:57:19] 
INFO [2018-04-28 12:57:19] $fontfamily
INFO [2018-04-28 12:57:19] [1] "sans"
INFO [2018-04-28 12:57:19] 
INFO [2018-04-28 12:57:19] $cat.fontfamily
INFO [2018-04-28 12:57:19] [1] "sans"
INFO [2018-04-28 12:57:19] 
INFO [2018-04-28 12:57:19] $main.fontfamily
INFO [2018-04-28 12:57:19] [1] "sans"
INFO [2018-04-28 12:57:19] 
INFO [2018-04-28 12:57:19] $cat.fontface
INFO [2018-04-28 12:57:19] [1] "bold"
INFO [2018-04-28 12:57:19] 
INFO [2018-04-28 12:57:19] $main.fontface
INFO [2018-04-28 12:57:19] [1] "bold"
INFO [2018-04-28 12:57:19] 
INFO [2018-04-28 12:57:19] $cat.dist
INFO [2018-04-28 12:57:19] [1] 0.05
INFO [2018-04-28 12:57:19] 
INFO [2018-04-28 12:57:19] [[1]]
INFO [2018-04-28 12:57:19] mylist
INFO [2018-04-28 12:57:19] 
INFO [2018-04-28 12:57:19] $filename
INFO [2018-04-28 12:57:19] NULL
INFO [2018-04-28 12:57:19] 
INFO [2018-04-28 12:57:19] $fill
INFO [2018-04-28 12:57:19] pal[1:3]
INFO [2018-04-28 12:57:19] 
INFO [2018-04-28 12:57:19] $main.cex
INFO [2018-04-28 12:57:19] [1] 3
INFO [2018-04-28 12:57:19] 
INFO [2018-04-28 12:57:19] $cat.cex
INFO [2018-04-28 12:57:19] [1] 3
INFO [2018-04-28 12:57:19] 
INFO [2018-04-28 12:57:19] $cex
INFO [2018-04-28 12:57:19] [1] 3.5
INFO [2018-04-28 12:57:19] 
INFO [2018-04-28 12:57:19] $lty
INFO [2018-04-28 12:57:19] [1] 1
INFO [2018-04-28 12:57:19] 
INFO [2018-04-28 12:57:19] $height
INFO [2018-04-28 12:57:19] [1] 2000
INFO [2018-04-28 12:57:19] 
INFO [2018-04-28 12:57:19] $width
INFO [2018-04-28 12:57:19] [1] 2000
INFO [2018-04-28 12:57:19] 
INFO [2018-04-28 12:57:19] $fontfamily
INFO [2018-04-28 12:57:19] [1] "sans"
INFO [2018-04-28 12:57:19] 
INFO [2018-04-28 12:57:19] $cat.fontfamily
INFO [2018-04-28 12:57:19] [1] "sans"
INFO [2018-04-28 12:57:19] 
INFO [2018-04-28 12:57:19] $main.fontfamily
INFO [2018-04-28 12:57:19] [1] "sans"
INFO [2018-04-28 12:57:19] 
INFO [2018-04-28 12:57:19] $cat.fontface
INFO [2018-04-28 12:57:19] [1] "bold"
INFO [2018-04-28 12:57:19] 
INFO [2018-04-28 12:57:19] $main.fontface
INFO [2018-04-28 12:57:19] [1] "bold"
INFO [2018-04-28 12:57:19] 
INFO [2018-04-28 12:57:19] $cat.dist
INFO [2018-04-28 12:57:19] [1] 0.05
INFO [2018-04-28 12:57:19] 
INFO [2018-04-28 12:57:19] [[1]]
INFO [2018-04-28 12:57:19] mylist
INFO [2018-04-28 12:57:19] 
INFO [2018-04-28 12:57:19] $filename
INFO [2018-04-28 12:57:19] NULL
INFO [2018-04-28 12:57:19] 
INFO [2018-04-28 12:57:19] $fill
INFO [2018-04-28 12:57:19] pal[1:3]
INFO [2018-04-28 12:57:19] 
INFO [2018-04-28 12:57:19] $main.cex
INFO [2018-04-28 12:57:19] [1] 3
INFO [2018-04-28 12:57:19] 
INFO [2018-04-28 12:57:19] $cat.cex
INFO [2018-04-28 12:57:19] [1] 3
INFO [2018-04-28 12:57:19] 
INFO [2018-04-28 12:57:19] $cex
INFO [2018-04-28 12:57:19] [1] 3.5
INFO [2018-04-28 12:57:19] 
INFO [2018-04-28 12:57:19] $lty
INFO [2018-04-28 12:57:19] [1] 1
INFO [2018-04-28 12:57:19] 
INFO [2018-04-28 12:57:19] $height
INFO [2018-04-28 12:57:19] [1] 2000
INFO [2018-04-28 12:57:19] 
INFO [2018-04-28 12:57:19] $width
INFO [2018-04-28 12:57:19] [1] 2000
INFO [2018-04-28 12:57:19] 
INFO [2018-04-28 12:57:19] $fontfamily
INFO [2018-04-28 12:57:19] [1] "sans"
INFO [2018-04-28 12:57:19] 
INFO [2018-04-28 12:57:19] $cat.fontfamily
INFO [2018-04-28 12:57:19] [1] "sans"
INFO [2018-04-28 12:57:19] 
INFO [2018-04-28 12:57:19] $main.fontfamily
INFO [2018-04-28 12:57:19] [1] "sans"
INFO [2018-04-28 12:57:19] 
INFO [2018-04-28 12:57:19] $cat.fontface
INFO [2018-04-28 12:57:19] [1] "bold"
INFO [2018-04-28 12:57:19] 
INFO [2018-04-28 12:57:19] $main.fontface
INFO [2018-04-28 12:57:19] [1] "bold"
INFO [2018-04-28 12:57:19] 
INFO [2018-04-28 12:57:19] $cat.dist
INFO [2018-04-28 12:57:19] [1] 0.05
INFO [2018-04-28 12:57:19] 
INFO [2018-04-28 12:57:19] [[1]]
INFO [2018-04-28 12:57:19] mylist
INFO [2018-04-28 12:57:19] 
INFO [2018-04-28 12:57:19] $filename
INFO [2018-04-28 12:57:19] NULL
INFO [2018-04-28 12:57:19] 
INFO [2018-04-28 12:57:19] $fill
INFO [2018-04-28 12:57:19] pal[1:3]
INFO [2018-04-28 12:57:19] 
INFO [2018-04-28 12:57:19] $main.cex
INFO [2018-04-28 12:57:19] [1] 3
INFO [2018-04-28 12:57:19] 
INFO [2018-04-28 12:57:19] $cat.cex
INFO [2018-04-28 12:57:19] [1] 3
INFO [2018-04-28 12:57:19] 
INFO [2018-04-28 12:57:19] $cex
INFO [2018-04-28 12:57:19] [1] 3.5
INFO [2018-04-28 12:57:19] 
INFO [2018-04-28 12:57:19] $lty
INFO [2018-04-28 12:57:19] [1] 1
INFO [2018-04-28 12:57:19] 
INFO [2018-04-28 12:57:19] $height
INFO [2018-04-28 12:57:19] [1] 2000
INFO [2018-04-28 12:57:19] 
INFO [2018-04-28 12:57:19] $width
INFO [2018-04-28 12:57:19] [1] 2000
INFO [2018-04-28 12:57:19] 
INFO [2018-04-28 12:57:19] $fontfamily
INFO [2018-04-28 12:57:19] [1] "sans"
INFO [2018-04-28 12:57:19] 
INFO [2018-04-28 12:57:19] $cat.fontfamily
INFO [2018-04-28 12:57:19] [1] "sans"
INFO [2018-04-28 12:57:19] 
INFO [2018-04-28 12:57:19] $main.fontfamily
INFO [2018-04-28 12:57:19] [1] "sans"
INFO [2018-04-28 12:57:19] 
INFO [2018-04-28 12:57:19] $cat.fontface
INFO [2018-04-28 12:57:19] [1] "bold"
INFO [2018-04-28 12:57:19] 
INFO [2018-04-28 12:57:19] $main.fontface
INFO [2018-04-28 12:57:19] [1] "bold"
INFO [2018-04-28 12:57:19] 
INFO [2018-04-28 12:57:19] $cat.dist
INFO [2018-04-28 12:57:19] [1] 0.05
INFO [2018-04-28 12:57:19] 
INFO [2018-04-28 12:57:19] [[1]]
INFO [2018-04-28 12:57:19] mylist
INFO [2018-04-28 12:57:19] 
INFO [2018-04-28 12:57:19] $filename
INFO [2018-04-28 12:57:19] NULL
INFO [2018-04-28 12:57:19] 
INFO [2018-04-28 12:57:19] $fill
INFO [2018-04-28 12:57:19] pal[1:3]
INFO [2018-04-28 12:57:19] 
INFO [2018-04-28 12:57:19] $main.cex
INFO [2018-04-28 12:57:19] [1] 3
INFO [2018-04-28 12:57:19] 
INFO [2018-04-28 12:57:19] $cat.cex
INFO [2018-04-28 12:57:19] [1] 3
INFO [2018-04-28 12:57:19] 
INFO [2018-04-28 12:57:19] $cex
INFO [2018-04-28 12:57:19] [1] 3.5
INFO [2018-04-28 12:57:19] 
INFO [2018-04-28 12:57:19] $lty
INFO [2018-04-28 12:57:19] [1] 1
INFO [2018-04-28 12:57:19] 
INFO [2018-04-28 12:57:19] $height
INFO [2018-04-28 12:57:19] [1] 2000
INFO [2018-04-28 12:57:19] 
INFO [2018-04-28 12:57:19] $width
INFO [2018-04-28 12:57:19] [1] 2000
INFO [2018-04-28 12:57:19] 
INFO [2018-04-28 12:57:19] $fontfamily
INFO [2018-04-28 12:57:19] [1] "sans"
INFO [2018-04-28 12:57:19] 
INFO [2018-04-28 12:57:19] $cat.fontfamily
INFO [2018-04-28 12:57:19] [1] "sans"
INFO [2018-04-28 12:57:19] 
INFO [2018-04-28 12:57:19] $main.fontfamily
INFO [2018-04-28 12:57:19] [1] "sans"
INFO [2018-04-28 12:57:19] 
INFO [2018-04-28 12:57:19] $cat.fontface
INFO [2018-04-28 12:57:19] [1] "bold"
INFO [2018-04-28 12:57:19] 
INFO [2018-04-28 12:57:19] $main.fontface
INFO [2018-04-28 12:57:19] [1] "bold"
INFO [2018-04-28 12:57:19] 
INFO [2018-04-28 12:57:19] $cat.dist
INFO [2018-04-28 12:57:19] [1] 0.05
INFO [2018-04-28 12:57:19] 
INFO [2018-04-28 12:57:19] [[1]]
INFO [2018-04-28 12:57:19] mylist
INFO [2018-04-28 12:57:19] 
INFO [2018-04-28 12:57:19] $filename
INFO [2018-04-28 12:57:19] NULL
INFO [2018-04-28 12:57:19] 
INFO [2018-04-28 12:57:19] $fill
INFO [2018-04-28 12:57:19] pal[1:3]
INFO [2018-04-28 12:57:19] 
INFO [2018-04-28 12:57:19] $main.cex
INFO [2018-04-28 12:57:19] [1] 3
INFO [2018-04-28 12:57:19] 
INFO [2018-04-28 12:57:19] $cat.cex
INFO [2018-04-28 12:57:19] [1] 3
INFO [2018-04-28 12:57:19] 
INFO [2018-04-28 12:57:19] $cex
INFO [2018-04-28 12:57:19] [1] 3.5
INFO [2018-04-28 12:57:19] 
INFO [2018-04-28 12:57:19] $lty
INFO [2018-04-28 12:57:19] [1] 1
INFO [2018-04-28 12:57:19] 
INFO [2018-04-28 12:57:19] $height
INFO [2018-04-28 12:57:19] [1] 2000
INFO [2018-04-28 12:57:19] 
INFO [2018-04-28 12:57:19] $width
INFO [2018-04-28 12:57:19] [1] 2000
INFO [2018-04-28 12:57:19] 
INFO [2018-04-28 12:57:19] $fontfamily
INFO [2018-04-28 12:57:19] [1] "sans"
INFO [2018-04-28 12:57:19] 
INFO [2018-04-28 12:57:19] $cat.fontfamily
INFO [2018-04-28 12:57:19] [1] "sans"
INFO [2018-04-28 12:57:19] 
INFO [2018-04-28 12:57:19] $main.fontfamily
INFO [2018-04-28 12:57:19] [1] "sans"
INFO [2018-04-28 12:57:19] 
INFO [2018-04-28 12:57:19] $cat.fontface
INFO [2018-04-28 12:57:19] [1] "bold"
INFO [2018-04-28 12:57:19] 
INFO [2018-04-28 12:57:19] $main.fontface
INFO [2018-04-28 12:57:19] [1] "bold"
INFO [2018-04-28 12:57:19] 
INFO [2018-04-28 12:57:19] $cat.dist
INFO [2018-04-28 12:57:19] [1] 0.05
INFO [2018-04-28 12:57:19] 
