INFO [2018-02-23 17:31:35] [[1]]
INFO [2018-02-23 17:31:35] mylist
INFO [2018-02-23 17:31:35] 
INFO [2018-02-23 17:31:35] $filename
INFO [2018-02-23 17:31:35] NULL
INFO [2018-02-23 17:31:35] 
INFO [2018-02-23 17:31:35] $main
INFO [2018-02-23 17:31:35] name_file
INFO [2018-02-23 17:31:35] 
INFO [2018-02-23 17:31:35] $main.cex
INFO [2018-02-23 17:31:35] [1] 2
INFO [2018-02-23 17:31:35] 
INFO [2018-02-23 17:31:35] $cat.cex
INFO [2018-02-23 17:31:35] [1] 1.5
INFO [2018-02-23 17:31:35] 
INFO [2018-02-23 17:31:35] $cex
INFO [2018-02-23 17:31:35] [1] 2.5
INFO [2018-02-23 17:31:35] 
INFO [2018-02-23 17:31:35] $fill
INFO [2018-02-23 17:31:35] pal[1:3]
INFO [2018-02-23 17:31:35] 
INFO [2018-02-23 17:31:35] $lty
INFO [2018-02-23 17:31:35] [1] 1
INFO [2018-02-23 17:31:35] 
INFO [2018-02-23 17:31:35] $height
INFO [2018-02-23 17:31:35] [1] 2000
INFO [2018-02-23 17:31:35] 
INFO [2018-02-23 17:31:35] $width
INFO [2018-02-23 17:31:35] [1] 3000
INFO [2018-02-23 17:31:35] 
