INFO [2018-06-02 23:23:11] [[1]]
INFO [2018-06-02 23:23:11] mylist
INFO [2018-06-02 23:23:11] 
INFO [2018-06-02 23:23:11] $filename
INFO [2018-06-02 23:23:11] NULL
INFO [2018-06-02 23:23:11] 
INFO [2018-06-02 23:23:11] $main
INFO [2018-06-02 23:23:11] [1] "DE genes between Humans and Chimps (FDR 1%)"
INFO [2018-06-02 23:23:11] 
INFO [2018-06-02 23:23:11] $cex
INFO [2018-06-02 23:23:11] [1] 1.5
INFO [2018-06-02 23:23:11] 
INFO [2018-06-02 23:23:11] $fill
INFO [2018-06-02 23:23:11] pal[1:4]
INFO [2018-06-02 23:23:11] 
INFO [2018-06-02 23:23:11] $lty
INFO [2018-06-02 23:23:11] [1] 1
INFO [2018-06-02 23:23:11] 
INFO [2018-06-02 23:23:11] $height
INFO [2018-06-02 23:23:11] [1] 2000
INFO [2018-06-02 23:23:11] 
INFO [2018-06-02 23:23:11] $width
INFO [2018-06-02 23:23:11] [1] 3000
INFO [2018-06-02 23:23:11] 
INFO [2018-06-02 23:23:11] $fontfamily
INFO [2018-06-02 23:23:11] [1] "sans"
INFO [2018-06-02 23:23:11] 
INFO [2018-06-02 23:23:11] $cat.fontfamily
INFO [2018-06-02 23:23:11] [1] "sans"
INFO [2018-06-02 23:23:11] 
INFO [2018-06-02 23:23:11] $main.fontfamily
INFO [2018-06-02 23:23:11] [1] "sans"
INFO [2018-06-02 23:23:11] 
INFO [2018-06-02 23:23:11] $cat.fontface
INFO [2018-06-02 23:23:11] [1] "bold"
INFO [2018-06-02 23:23:11] 
INFO [2018-06-02 23:23:11] $main.fontface
INFO [2018-06-02 23:23:11] [1] "bold"
INFO [2018-06-02 23:23:11] 
INFO [2018-06-02 23:23:11] $cat.cex
INFO [2018-06-02 23:23:11] [1] 1.2
INFO [2018-06-02 23:23:11] 
INFO [2018-06-02 23:23:11] $main.cex
INFO [2018-06-02 23:23:11] [1] 1.5
INFO [2018-06-02 23:23:11] 
ERROR [2018-06-03 12:22:16] Impossible: cross section area too large.
