INFO [2018-05-08 16:36:16] [[1]]
INFO [2018-05-08 16:36:16] mylist
INFO [2018-05-08 16:36:16] 
INFO [2018-05-08 16:36:16] $filename
INFO [2018-05-08 16:36:16] NULL
INFO [2018-05-08 16:36:16] 
INFO [2018-05-08 16:36:16] $main
INFO [2018-05-08 16:36:16] [1] "Upregulated in Humans compared to Chimps (FSR 1%)"
INFO [2018-05-08 16:36:16] 
INFO [2018-05-08 16:36:16] $main.cex
INFO [2018-05-08 16:36:16] [1] 2
INFO [2018-05-08 16:36:16] 
INFO [2018-05-08 16:36:16] $cat.cex
INFO [2018-05-08 16:36:16] [1] 1.5
INFO [2018-05-08 16:36:16] 
INFO [2018-05-08 16:36:16] $cex
INFO [2018-05-08 16:36:16] [1] 2.5
INFO [2018-05-08 16:36:16] 
INFO [2018-05-08 16:36:16] $fill
INFO [2018-05-08 16:36:16] pal[1:4]
INFO [2018-05-08 16:36:16] 
INFO [2018-05-08 16:36:16] $lty
INFO [2018-05-08 16:36:16] [1] 1
INFO [2018-05-08 16:36:16] 
INFO [2018-05-08 16:36:16] $height
INFO [2018-05-08 16:36:16] [1] 2000
INFO [2018-05-08 16:36:16] 
INFO [2018-05-08 16:36:16] $width
INFO [2018-05-08 16:36:16] [1] 3000
INFO [2018-05-08 16:36:16] 
INFO [2018-05-08 16:36:16] [[1]]
INFO [2018-05-08 16:36:16] mylist
INFO [2018-05-08 16:36:16] 
INFO [2018-05-08 16:36:16] $filename
INFO [2018-05-08 16:36:16] NULL
INFO [2018-05-08 16:36:16] 
INFO [2018-05-08 16:36:16] $main
INFO [2018-05-08 16:36:16] [1] "Upregulated in Humans compared to Rhesus (FSR 1%)"
INFO [2018-05-08 16:36:16] 
INFO [2018-05-08 16:36:16] $main.cex
INFO [2018-05-08 16:36:16] [1] 2
INFO [2018-05-08 16:36:16] 
INFO [2018-05-08 16:36:16] $cat.cex
INFO [2018-05-08 16:36:16] [1] 1.5
INFO [2018-05-08 16:36:16] 
INFO [2018-05-08 16:36:16] $cex
INFO [2018-05-08 16:36:16] [1] 2.5
INFO [2018-05-08 16:36:16] 
INFO [2018-05-08 16:36:16] $fill
INFO [2018-05-08 16:36:16] pal[1:4]
INFO [2018-05-08 16:36:16] 
INFO [2018-05-08 16:36:16] $lty
INFO [2018-05-08 16:36:16] [1] 1
INFO [2018-05-08 16:36:16] 
INFO [2018-05-08 16:36:16] $height
INFO [2018-05-08 16:36:16] [1] 2000
INFO [2018-05-08 16:36:16] 
INFO [2018-05-08 16:36:16] $width
INFO [2018-05-08 16:36:16] [1] 3000
INFO [2018-05-08 16:36:16] 
INFO [2018-05-08 16:36:16] [[1]]
INFO [2018-05-08 16:36:16] mylist
INFO [2018-05-08 16:36:16] 
INFO [2018-05-08 16:36:16] $filename
INFO [2018-05-08 16:36:16] NULL
INFO [2018-05-08 16:36:16] 
INFO [2018-05-08 16:36:16] $main
INFO [2018-05-08 16:36:16] [1] "Upregulated in Chimps relative to Rhesus (FSR 1%)"
INFO [2018-05-08 16:36:16] 
INFO [2018-05-08 16:36:16] $main.cex
INFO [2018-05-08 16:36:16] [1] 2
INFO [2018-05-08 16:36:16] 
INFO [2018-05-08 16:36:16] $cat.cex
INFO [2018-05-08 16:36:16] [1] 1.5
INFO [2018-05-08 16:36:16] 
INFO [2018-05-08 16:36:16] $cex
INFO [2018-05-08 16:36:16] [1] 2.5
INFO [2018-05-08 16:36:16] 
INFO [2018-05-08 16:36:16] $fill
INFO [2018-05-08 16:36:16] pal[1:4]
INFO [2018-05-08 16:36:16] 
INFO [2018-05-08 16:36:16] $lty
INFO [2018-05-08 16:36:16] [1] 1
INFO [2018-05-08 16:36:16] 
INFO [2018-05-08 16:36:16] $height
INFO [2018-05-08 16:36:16] [1] 2000
INFO [2018-05-08 16:36:16] 
INFO [2018-05-08 16:36:16] $width
INFO [2018-05-08 16:36:16] [1] 3000
INFO [2018-05-08 16:36:16] 
INFO [2018-05-08 16:36:16] [[1]]
INFO [2018-05-08 16:36:16] mylist
INFO [2018-05-08 16:36:16] 
INFO [2018-05-08 16:36:16] $filename
INFO [2018-05-08 16:36:16] NULL
INFO [2018-05-08 16:36:16] 
INFO [2018-05-08 16:36:16] $main
INFO [2018-05-08 16:36:16] [1] "Downregulated in Humans compared to Chimps (FSR 1%)"
INFO [2018-05-08 16:36:16] 
INFO [2018-05-08 16:36:16] $main.cex
INFO [2018-05-08 16:36:16] [1] 2
INFO [2018-05-08 16:36:16] 
INFO [2018-05-08 16:36:16] $cat.cex
INFO [2018-05-08 16:36:16] [1] 1.5
INFO [2018-05-08 16:36:16] 
INFO [2018-05-08 16:36:16] $cex
INFO [2018-05-08 16:36:16] [1] 2.5
INFO [2018-05-08 16:36:16] 
INFO [2018-05-08 16:36:16] $fill
INFO [2018-05-08 16:36:16] pal[1:4]
INFO [2018-05-08 16:36:16] 
INFO [2018-05-08 16:36:16] $lty
INFO [2018-05-08 16:36:16] [1] 1
INFO [2018-05-08 16:36:16] 
INFO [2018-05-08 16:36:16] $height
INFO [2018-05-08 16:36:16] [1] 2000
INFO [2018-05-08 16:36:16] 
INFO [2018-05-08 16:36:16] $width
INFO [2018-05-08 16:36:16] [1] 3000
INFO [2018-05-08 16:36:16] 
