INFO [2019-06-24 18:46:00] [[1]]
INFO [2019-06-24 18:46:00] mylist
INFO [2019-06-24 18:46:00] 
INFO [2019-06-24 18:46:00] $filename
INFO [2019-06-24 18:46:00] NULL
INFO [2019-06-24 18:46:00] 
INFO [2019-06-24 18:46:00] $main
INFO [2019-06-24 18:46:00] [1] "Significant interactions in Humans (FDR 1%)"
INFO [2019-06-24 18:46:00] 
INFO [2019-06-24 18:46:00] $cex
INFO [2019-06-24 18:46:00] [1] 1.5
INFO [2019-06-24 18:46:00] 
INFO [2019-06-24 18:46:00] $fill
INFO [2019-06-24 18:46:00] pal[1:3]
INFO [2019-06-24 18:46:00] 
INFO [2019-06-24 18:46:00] $lty
INFO [2019-06-24 18:46:00] [1] 1
INFO [2019-06-24 18:46:00] 
INFO [2019-06-24 18:46:00] $height
INFO [2019-06-24 18:46:00] [1] 2000
INFO [2019-06-24 18:46:00] 
INFO [2019-06-24 18:46:00] $width
INFO [2019-06-24 18:46:00] [1] 3000
INFO [2019-06-24 18:46:00] 
