INFO [2018-02-23 11:29:20] [[1]]
INFO [2018-02-23 11:29:20] mylist
INFO [2018-02-23 11:29:20] 
INFO [2018-02-23 11:29:20] $filename
INFO [2018-02-23 11:29:20] NULL
INFO [2018-02-23 11:29:20] 
INFO [2018-02-23 11:29:20] $main
INFO [2018-02-23 11:29:20] [1] "DE genes between Heart and Liver (FDR 1%)"
INFO [2018-02-23 11:29:20] 
INFO [2018-02-23 11:29:20] $cex
INFO [2018-02-23 11:29:20] [1] 1.5
INFO [2018-02-23 11:29:20] 
INFO [2018-02-23 11:29:20] $fill
INFO [2018-02-23 11:29:20] pal[1:3]
INFO [2018-02-23 11:29:20] 
INFO [2018-02-23 11:29:20] $lty
INFO [2018-02-23 11:29:20] [1] 1
INFO [2018-02-23 11:29:20] 
INFO [2018-02-23 11:29:20] $height
INFO [2018-02-23 11:29:20] [1] 2000
INFO [2018-02-23 11:29:20] 
INFO [2018-02-23 11:29:20] $width
INFO [2018-02-23 11:29:20] [1] 3000
INFO [2018-02-23 11:29:20] 
