INFO [2018-05-08 16:35:58] [[1]]
INFO [2018-05-08 16:35:58] mylist
INFO [2018-05-08 16:35:58] 
INFO [2018-05-08 16:35:58] $filename
INFO [2018-05-08 16:35:58] NULL
INFO [2018-05-08 16:35:58] 
INFO [2018-05-08 16:35:58] $main
INFO [2018-05-08 16:35:58] [1] "Upregulated in Heart compared to Lung (FSR 1%)"
INFO [2018-05-08 16:35:58] 
INFO [2018-05-08 16:35:58] $main.cex
INFO [2018-05-08 16:35:58] [1] 2
INFO [2018-05-08 16:35:58] 
INFO [2018-05-08 16:35:58] $cat.cex
INFO [2018-05-08 16:35:58] [1] 1.5
INFO [2018-05-08 16:35:58] 
INFO [2018-05-08 16:35:58] $cex
INFO [2018-05-08 16:35:58] [1] 2.5
INFO [2018-05-08 16:35:58] 
INFO [2018-05-08 16:35:58] $fill
INFO [2018-05-08 16:35:58] pal[1:3]
INFO [2018-05-08 16:35:58] 
INFO [2018-05-08 16:35:58] $lty
INFO [2018-05-08 16:35:58] [1] 1
INFO [2018-05-08 16:35:58] 
INFO [2018-05-08 16:35:58] $height
INFO [2018-05-08 16:35:58] [1] 2000
INFO [2018-05-08 16:35:58] 
INFO [2018-05-08 16:35:58] $width
INFO [2018-05-08 16:35:58] [1] 3000
INFO [2018-05-08 16:35:58] 
INFO [2018-05-08 16:35:58] [[1]]
INFO [2018-05-08 16:35:58] mylist
INFO [2018-05-08 16:35:58] 
INFO [2018-05-08 16:35:58] $filename
INFO [2018-05-08 16:35:58] NULL
INFO [2018-05-08 16:35:58] 
INFO [2018-05-08 16:35:58] $main
INFO [2018-05-08 16:35:58] [1] "Upregulated in Liver compared to Lung (FSR 1%)"
INFO [2018-05-08 16:35:58] 
INFO [2018-05-08 16:35:58] $main.cex
INFO [2018-05-08 16:35:58] [1] 2
INFO [2018-05-08 16:35:58] 
INFO [2018-05-08 16:35:58] $cat.cex
INFO [2018-05-08 16:35:58] [1] 1.5
INFO [2018-05-08 16:35:58] 
INFO [2018-05-08 16:35:58] $cex
INFO [2018-05-08 16:35:58] [1] 2.5
INFO [2018-05-08 16:35:58] 
INFO [2018-05-08 16:35:58] $fill
INFO [2018-05-08 16:35:58] pal[1:3]
INFO [2018-05-08 16:35:58] 
INFO [2018-05-08 16:35:58] $lty
INFO [2018-05-08 16:35:58] [1] 1
INFO [2018-05-08 16:35:58] 
INFO [2018-05-08 16:35:58] $height
INFO [2018-05-08 16:35:58] [1] 2000
INFO [2018-05-08 16:35:58] 
INFO [2018-05-08 16:35:58] $width
INFO [2018-05-08 16:35:58] [1] 3000
INFO [2018-05-08 16:35:58] 
INFO [2018-05-08 16:35:58] [[1]]
INFO [2018-05-08 16:35:58] mylist
INFO [2018-05-08 16:35:58] 
INFO [2018-05-08 16:35:58] $filename
INFO [2018-05-08 16:35:58] NULL
INFO [2018-05-08 16:35:58] 
INFO [2018-05-08 16:35:58] $main
INFO [2018-05-08 16:35:58] [1] "Upregulated in Liver compared to Kidney (FSR 1%)"
INFO [2018-05-08 16:35:58] 
INFO [2018-05-08 16:35:58] $main.cex
INFO [2018-05-08 16:35:58] [1] 2
INFO [2018-05-08 16:35:58] 
INFO [2018-05-08 16:35:58] $cat.cex
INFO [2018-05-08 16:35:58] [1] 1.5
INFO [2018-05-08 16:35:58] 
INFO [2018-05-08 16:35:58] $cex
INFO [2018-05-08 16:35:58] [1] 2.5
INFO [2018-05-08 16:35:58] 
INFO [2018-05-08 16:35:58] $fill
INFO [2018-05-08 16:35:58] pal[1:3]
INFO [2018-05-08 16:35:58] 
INFO [2018-05-08 16:35:58] $lty
INFO [2018-05-08 16:35:58] [1] 1
INFO [2018-05-08 16:35:58] 
INFO [2018-05-08 16:35:58] $height
INFO [2018-05-08 16:35:58] [1] 2000
INFO [2018-05-08 16:35:58] 
INFO [2018-05-08 16:35:58] $width
INFO [2018-05-08 16:35:58] [1] 3000
INFO [2018-05-08 16:35:58] 
INFO [2018-05-08 16:35:58] [[1]]
INFO [2018-05-08 16:35:58] mylist
INFO [2018-05-08 16:35:58] 
INFO [2018-05-08 16:35:58] $filename
INFO [2018-05-08 16:35:58] NULL
INFO [2018-05-08 16:35:58] 
INFO [2018-05-08 16:35:58] $main
INFO [2018-05-08 16:35:58] [1] "Upregulated in Lung compared to Kidney (FSR 1%)"
INFO [2018-05-08 16:35:58] 
INFO [2018-05-08 16:35:58] $main.cex
INFO [2018-05-08 16:35:58] [1] 2
INFO [2018-05-08 16:35:58] 
INFO [2018-05-08 16:35:58] $cat.cex
INFO [2018-05-08 16:35:58] [1] 1.5
INFO [2018-05-08 16:35:58] 
INFO [2018-05-08 16:35:58] $cex
INFO [2018-05-08 16:35:58] [1] 2.5
INFO [2018-05-08 16:35:58] 
INFO [2018-05-08 16:35:58] $fill
INFO [2018-05-08 16:35:58] pal[1:3]
INFO [2018-05-08 16:35:58] 
INFO [2018-05-08 16:35:58] $lty
INFO [2018-05-08 16:35:58] [1] 1
INFO [2018-05-08 16:35:58] 
INFO [2018-05-08 16:35:58] $height
INFO [2018-05-08 16:35:58] [1] 2000
INFO [2018-05-08 16:35:58] 
INFO [2018-05-08 16:35:58] $width
INFO [2018-05-08 16:35:58] [1] 3000
INFO [2018-05-08 16:35:58] 
INFO [2018-05-08 16:35:58] [[1]]
INFO [2018-05-08 16:35:58] mylist
INFO [2018-05-08 16:35:58] 
INFO [2018-05-08 16:35:58] $filename
INFO [2018-05-08 16:35:58] NULL
INFO [2018-05-08 16:35:58] 
INFO [2018-05-08 16:35:58] $fill
INFO [2018-05-08 16:35:58] pal[1:3]
INFO [2018-05-08 16:35:58] 
INFO [2018-05-08 16:35:58] $main.cex
INFO [2018-05-08 16:35:58] [1] 3
INFO [2018-05-08 16:35:58] 
INFO [2018-05-08 16:35:58] $cat.cex
INFO [2018-05-08 16:35:58] [1] 3
INFO [2018-05-08 16:35:58] 
INFO [2018-05-08 16:35:58] $cex
INFO [2018-05-08 16:35:58] [1] 3.5
INFO [2018-05-08 16:35:58] 
INFO [2018-05-08 16:35:58] $lty
INFO [2018-05-08 16:35:58] [1] 1
INFO [2018-05-08 16:35:58] 
INFO [2018-05-08 16:35:58] $height
INFO [2018-05-08 16:35:58] [1] 2000
INFO [2018-05-08 16:35:58] 
INFO [2018-05-08 16:35:58] $width
INFO [2018-05-08 16:35:58] [1] 2000
INFO [2018-05-08 16:35:58] 
INFO [2018-05-08 16:35:58] $fontfamily
INFO [2018-05-08 16:35:58] [1] "sans"
INFO [2018-05-08 16:35:58] 
INFO [2018-05-08 16:35:58] $cat.fontfamily
INFO [2018-05-08 16:35:58] [1] "sans"
INFO [2018-05-08 16:35:58] 
INFO [2018-05-08 16:35:58] $main.fontfamily
INFO [2018-05-08 16:35:58] [1] "sans"
INFO [2018-05-08 16:35:58] 
INFO [2018-05-08 16:35:58] $cat.fontface
INFO [2018-05-08 16:35:58] [1] "bold"
INFO [2018-05-08 16:35:58] 
INFO [2018-05-08 16:35:58] $main.fontface
INFO [2018-05-08 16:35:58] [1] "bold"
INFO [2018-05-08 16:35:58] 
INFO [2018-05-08 16:35:58] $cat.dist
INFO [2018-05-08 16:35:58] [1] 0.05
INFO [2018-05-08 16:35:58] 
INFO [2018-05-08 16:35:58] [[1]]
INFO [2018-05-08 16:35:58] mylist
INFO [2018-05-08 16:35:58] 
INFO [2018-05-08 16:35:58] $filename
INFO [2018-05-08 16:35:58] NULL
INFO [2018-05-08 16:35:58] 
INFO [2018-05-08 16:35:58] $fill
INFO [2018-05-08 16:35:58] pal[1:3]
INFO [2018-05-08 16:35:58] 
INFO [2018-05-08 16:35:58] $main.cex
INFO [2018-05-08 16:35:58] [1] 3
INFO [2018-05-08 16:35:58] 
INFO [2018-05-08 16:35:58] $cat.cex
INFO [2018-05-08 16:35:58] [1] 3
INFO [2018-05-08 16:35:58] 
INFO [2018-05-08 16:35:58] $cex
INFO [2018-05-08 16:35:58] [1] 3.5
INFO [2018-05-08 16:35:58] 
INFO [2018-05-08 16:35:58] $lty
INFO [2018-05-08 16:35:58] [1] 1
INFO [2018-05-08 16:35:58] 
INFO [2018-05-08 16:35:58] $height
INFO [2018-05-08 16:35:58] [1] 2000
INFO [2018-05-08 16:35:58] 
INFO [2018-05-08 16:35:58] $width
INFO [2018-05-08 16:35:58] [1] 2000
INFO [2018-05-08 16:35:58] 
INFO [2018-05-08 16:35:58] $fontfamily
INFO [2018-05-08 16:35:58] [1] "sans"
INFO [2018-05-08 16:35:58] 
INFO [2018-05-08 16:35:58] $cat.fontfamily
INFO [2018-05-08 16:35:58] [1] "sans"
INFO [2018-05-08 16:35:58] 
INFO [2018-05-08 16:35:58] $main.fontfamily
INFO [2018-05-08 16:35:58] [1] "sans"
INFO [2018-05-08 16:35:58] 
INFO [2018-05-08 16:35:58] $cat.fontface
INFO [2018-05-08 16:35:58] [1] "bold"
INFO [2018-05-08 16:35:58] 
INFO [2018-05-08 16:35:58] $main.fontface
INFO [2018-05-08 16:35:58] [1] "bold"
INFO [2018-05-08 16:35:58] 
INFO [2018-05-08 16:35:58] $cat.dist
INFO [2018-05-08 16:35:58] [1] 0.05
INFO [2018-05-08 16:35:58] 
INFO [2018-05-08 16:35:58] [[1]]
INFO [2018-05-08 16:35:58] mylist
INFO [2018-05-08 16:35:58] 
INFO [2018-05-08 16:35:58] $filename
INFO [2018-05-08 16:35:58] NULL
INFO [2018-05-08 16:35:58] 
INFO [2018-05-08 16:35:58] $fill
INFO [2018-05-08 16:35:58] pal[1:3]
INFO [2018-05-08 16:35:58] 
INFO [2018-05-08 16:35:58] $main.cex
INFO [2018-05-08 16:35:58] [1] 3
INFO [2018-05-08 16:35:58] 
INFO [2018-05-08 16:35:58] $cat.cex
INFO [2018-05-08 16:35:58] [1] 3
INFO [2018-05-08 16:35:58] 
INFO [2018-05-08 16:35:58] $cex
INFO [2018-05-08 16:35:58] [1] 3.5
INFO [2018-05-08 16:35:58] 
INFO [2018-05-08 16:35:58] $lty
INFO [2018-05-08 16:35:58] [1] 1
INFO [2018-05-08 16:35:58] 
INFO [2018-05-08 16:35:58] $height
INFO [2018-05-08 16:35:58] [1] 2000
INFO [2018-05-08 16:35:58] 
INFO [2018-05-08 16:35:58] $width
INFO [2018-05-08 16:35:58] [1] 2000
INFO [2018-05-08 16:35:58] 
INFO [2018-05-08 16:35:58] $fontfamily
INFO [2018-05-08 16:35:58] [1] "sans"
INFO [2018-05-08 16:35:58] 
INFO [2018-05-08 16:35:58] $cat.fontfamily
INFO [2018-05-08 16:35:58] [1] "sans"
INFO [2018-05-08 16:35:58] 
INFO [2018-05-08 16:35:58] $main.fontfamily
INFO [2018-05-08 16:35:58] [1] "sans"
INFO [2018-05-08 16:35:58] 
INFO [2018-05-08 16:35:58] $cat.fontface
INFO [2018-05-08 16:35:58] [1] "bold"
INFO [2018-05-08 16:35:58] 
INFO [2018-05-08 16:35:58] $main.fontface
INFO [2018-05-08 16:35:58] [1] "bold"
INFO [2018-05-08 16:35:58] 
INFO [2018-05-08 16:35:58] $cat.dist
INFO [2018-05-08 16:35:58] [1] 0.05
INFO [2018-05-08 16:35:58] 
INFO [2018-05-08 16:35:58] [[1]]
INFO [2018-05-08 16:35:58] mylist
INFO [2018-05-08 16:35:58] 
INFO [2018-05-08 16:35:58] $filename
INFO [2018-05-08 16:35:58] NULL
INFO [2018-05-08 16:35:58] 
INFO [2018-05-08 16:35:58] $fill
INFO [2018-05-08 16:35:58] pal[1:3]
INFO [2018-05-08 16:35:58] 
INFO [2018-05-08 16:35:58] $main.cex
INFO [2018-05-08 16:35:58] [1] 3
INFO [2018-05-08 16:35:58] 
INFO [2018-05-08 16:35:58] $cat.cex
INFO [2018-05-08 16:35:58] [1] 3
INFO [2018-05-08 16:35:58] 
INFO [2018-05-08 16:35:58] $cex
INFO [2018-05-08 16:35:58] [1] 3.5
INFO [2018-05-08 16:35:58] 
INFO [2018-05-08 16:35:58] $lty
INFO [2018-05-08 16:35:58] [1] 1
INFO [2018-05-08 16:35:58] 
INFO [2018-05-08 16:35:58] $height
INFO [2018-05-08 16:35:58] [1] 2000
INFO [2018-05-08 16:35:58] 
INFO [2018-05-08 16:35:58] $width
INFO [2018-05-08 16:35:58] [1] 2000
INFO [2018-05-08 16:35:58] 
INFO [2018-05-08 16:35:58] $fontfamily
INFO [2018-05-08 16:35:58] [1] "sans"
INFO [2018-05-08 16:35:58] 
INFO [2018-05-08 16:35:58] $cat.fontfamily
INFO [2018-05-08 16:35:58] [1] "sans"
INFO [2018-05-08 16:35:58] 
INFO [2018-05-08 16:35:58] $main.fontfamily
INFO [2018-05-08 16:35:58] [1] "sans"
INFO [2018-05-08 16:35:58] 
INFO [2018-05-08 16:35:58] $cat.fontface
INFO [2018-05-08 16:35:58] [1] "bold"
INFO [2018-05-08 16:35:58] 
INFO [2018-05-08 16:35:58] $main.fontface
INFO [2018-05-08 16:35:58] [1] "bold"
INFO [2018-05-08 16:35:58] 
INFO [2018-05-08 16:35:58] $cat.dist
INFO [2018-05-08 16:35:58] [1] 0.05
INFO [2018-05-08 16:35:58] 
