INFO [2018-05-29 14:20:17] [[1]]
INFO [2018-05-29 14:20:17] mylist
INFO [2018-05-29 14:20:17] 
INFO [2018-05-29 14:20:17] $filename
INFO [2018-05-29 14:20:17] NULL
INFO [2018-05-29 14:20:17] 
INFO [2018-05-29 14:20:17] $fill
INFO [2018-05-29 14:20:17] pal[1:3]
INFO [2018-05-29 14:20:17] 
INFO [2018-05-29 14:20:17] $main.cex
INFO [2018-05-29 14:20:17] [1] 3
INFO [2018-05-29 14:20:17] 
INFO [2018-05-29 14:20:17] $cat.cex
INFO [2018-05-29 14:20:17] [1] 2.7
INFO [2018-05-29 14:20:17] 
INFO [2018-05-29 14:20:17] $cex
INFO [2018-05-29 14:20:17] [1] 2.7
INFO [2018-05-29 14:20:17] 
INFO [2018-05-29 14:20:17] $lty
INFO [2018-05-29 14:20:17] [1] 1
INFO [2018-05-29 14:20:17] 
INFO [2018-05-29 14:20:17] $height
INFO [2018-05-29 14:20:17] [1] 2000
INFO [2018-05-29 14:20:17] 
INFO [2018-05-29 14:20:17] $width
INFO [2018-05-29 14:20:17] [1] 2000
INFO [2018-05-29 14:20:17] 
INFO [2018-05-29 14:20:17] $fontfamily
INFO [2018-05-29 14:20:17] [1] "sans"
INFO [2018-05-29 14:20:17] 
INFO [2018-05-29 14:20:17] $cat.fontfamily
INFO [2018-05-29 14:20:17] [1] "sans"
INFO [2018-05-29 14:20:17] 
INFO [2018-05-29 14:20:17] $main.fontfamily
INFO [2018-05-29 14:20:17] [1] "sans"
INFO [2018-05-29 14:20:17] 
INFO [2018-05-29 14:20:17] $cat.fontface
INFO [2018-05-29 14:20:17] [1] "bold"
INFO [2018-05-29 14:20:17] 
INFO [2018-05-29 14:20:17] $main.fontface
INFO [2018-05-29 14:20:17] [1] "bold"
INFO [2018-05-29 14:20:17] 
