INFO [2018-02-25 16:06:37] [[1]]
INFO [2018-02-25 16:06:37] mylist
INFO [2018-02-25 16:06:37] 
INFO [2018-02-25 16:06:37] $filename
INFO [2018-02-25 16:06:37] NULL
INFO [2018-02-25 16:06:37] 
INFO [2018-02-25 16:06:37] $main
INFO [2018-02-25 16:06:37] [1] "DE genes between Liver and Kidney (FDR 1%)"
INFO [2018-02-25 16:06:37] 
INFO [2018-02-25 16:06:37] $cex
INFO [2018-02-25 16:06:37] [1] 1.5
INFO [2018-02-25 16:06:37] 
INFO [2018-02-25 16:06:37] $fill
INFO [2018-02-25 16:06:37] pal[1:3]
INFO [2018-02-25 16:06:37] 
INFO [2018-02-25 16:06:37] $lty
INFO [2018-02-25 16:06:37] [1] 1
INFO [2018-02-25 16:06:37] 
INFO [2018-02-25 16:06:37] $height
INFO [2018-02-25 16:06:37] [1] 2000
INFO [2018-02-25 16:06:37] 
INFO [2018-02-25 16:06:37] $width
INFO [2018-02-25 16:06:37] [1] 3000
INFO [2018-02-25 16:06:37] 
ERROR [2018-02-25 16:06:37] Unexpected parameter length for 'fill'
