INFO [2018-04-05 08:56:57] [[1]]
INFO [2018-04-05 08:56:57] mylist
INFO [2018-04-05 08:56:57] 
INFO [2018-04-05 08:56:57] $filename
INFO [2018-04-05 08:56:57] NULL
INFO [2018-04-05 08:56:57] 
INFO [2018-04-05 08:56:57] $main
INFO [2018-04-05 08:56:57] [1] "DE genes between Humans and Chimps (FDR 1%)"
INFO [2018-04-05 08:56:57] 
INFO [2018-04-05 08:56:57] $cex
INFO [2018-04-05 08:56:57] [1] 1.5
INFO [2018-04-05 08:56:57] 
INFO [2018-04-05 08:56:57] $fill
INFO [2018-04-05 08:56:57] pal[1:4]
INFO [2018-04-05 08:56:57] 
INFO [2018-04-05 08:56:57] $lty
INFO [2018-04-05 08:56:57] [1] 1
INFO [2018-04-05 08:56:57] 
INFO [2018-04-05 08:56:57] $height
INFO [2018-04-05 08:56:57] [1] 2000
INFO [2018-04-05 08:56:57] 
INFO [2018-04-05 08:56:57] $width
INFO [2018-04-05 08:56:57] [1] 3000
INFO [2018-04-05 08:56:57] 
INFO [2018-04-05 08:56:57] $fontfamily
INFO [2018-04-05 08:56:57] [1] "sans"
INFO [2018-04-05 08:56:57] 
INFO [2018-04-05 08:56:57] $cat.fontfamily
INFO [2018-04-05 08:56:57] [1] "sans"
INFO [2018-04-05 08:56:57] 
INFO [2018-04-05 08:56:57] $main.fontfamily
INFO [2018-04-05 08:56:57] [1] "sans"
INFO [2018-04-05 08:56:57] 
INFO [2018-04-05 08:56:57] $cat.fontface
INFO [2018-04-05 08:56:57] [1] "bold"
INFO [2018-04-05 08:56:57] 
INFO [2018-04-05 08:56:57] $main.fontface
INFO [2018-04-05 08:56:57] [1] "bold"
INFO [2018-04-05 08:56:57] 
INFO [2018-04-05 08:56:57] $cat.cex
INFO [2018-04-05 08:56:57] [1] 1.2
INFO [2018-04-05 08:56:57] 
INFO [2018-04-05 08:56:57] $main.cex
INFO [2018-04-05 08:56:57] [1] 1.5
INFO [2018-04-05 08:56:57] 
