INFO [2018-02-23 11:28:00] [[1]]
INFO [2018-02-23 11:28:00] mylist
INFO [2018-02-23 11:28:00] 
INFO [2018-02-23 11:28:00] $filename
INFO [2018-02-23 11:28:00] NULL
INFO [2018-02-23 11:28:00] 
INFO [2018-02-23 11:28:00] $main
INFO [2018-02-23 11:28:00] [1] "DE genes between Humans and Chimps (FDR 1%)"
INFO [2018-02-23 11:28:00] 
INFO [2018-02-23 11:28:00] $cex
INFO [2018-02-23 11:28:00] [1] 1.5
INFO [2018-02-23 11:28:00] 
INFO [2018-02-23 11:28:00] $fill
INFO [2018-02-23 11:28:00] pal[1:4]
INFO [2018-02-23 11:28:00] 
INFO [2018-02-23 11:28:00] $lty
INFO [2018-02-23 11:28:00] [1] 1
INFO [2018-02-23 11:28:00] 
INFO [2018-02-23 11:28:00] $height
INFO [2018-02-23 11:28:00] [1] 2000
INFO [2018-02-23 11:28:00] 
INFO [2018-02-23 11:28:00] $width
INFO [2018-02-23 11:28:00] [1] 3000
INFO [2018-02-23 11:28:00] 
