INFO [2018-04-28 12:15:00] [[1]]
INFO [2018-04-28 12:15:00] mylist
INFO [2018-04-28 12:15:00] 
INFO [2018-04-28 12:15:00] $filename
INFO [2018-04-28 12:15:00] NULL
INFO [2018-04-28 12:15:00] 
INFO [2018-04-28 12:15:00] $fill
INFO [2018-04-28 12:15:00] pal[1:3]
INFO [2018-04-28 12:15:00] 
INFO [2018-04-28 12:15:00] $main.cex
INFO [2018-04-28 12:15:00] [1] 3
INFO [2018-04-28 12:15:00] 
INFO [2018-04-28 12:15:00] $cat.cex
INFO [2018-04-28 12:15:00] [1] 3
INFO [2018-04-28 12:15:00] 
INFO [2018-04-28 12:15:00] $cex
INFO [2018-04-28 12:15:00] [1] 3.5
INFO [2018-04-28 12:15:00] 
INFO [2018-04-28 12:15:00] $lty
INFO [2018-04-28 12:15:00] [1] 1
INFO [2018-04-28 12:15:00] 
INFO [2018-04-28 12:15:00] $height
INFO [2018-04-28 12:15:00] [1] 2000
INFO [2018-04-28 12:15:00] 
INFO [2018-04-28 12:15:00] $width
INFO [2018-04-28 12:15:00] [1] 2000
INFO [2018-04-28 12:15:00] 
INFO [2018-04-28 12:15:00] $fontfamily
INFO [2018-04-28 12:15:00] [1] "sans"
INFO [2018-04-28 12:15:00] 
INFO [2018-04-28 12:15:00] $cat.fontfamily
INFO [2018-04-28 12:15:00] [1] "sans"
INFO [2018-04-28 12:15:00] 
INFO [2018-04-28 12:15:00] $main.fontfamily
INFO [2018-04-28 12:15:00] [1] "sans"
INFO [2018-04-28 12:15:00] 
INFO [2018-04-28 12:15:00] $cat.fontface
INFO [2018-04-28 12:15:00] [1] "bold"
INFO [2018-04-28 12:15:00] 
INFO [2018-04-28 12:15:00] $main.fontface
INFO [2018-04-28 12:15:00] [1] "bold"
INFO [2018-04-28 12:15:00] 
INFO [2018-04-28 12:15:00] $cat.dist
INFO [2018-04-28 12:15:00] [1] 0.05
INFO [2018-04-28 12:15:00] 
INFO [2018-04-28 12:15:00] [[1]]
INFO [2018-04-28 12:15:00] mylist
INFO [2018-04-28 12:15:00] 
INFO [2018-04-28 12:15:00] $filename
INFO [2018-04-28 12:15:00] NULL
INFO [2018-04-28 12:15:00] 
INFO [2018-04-28 12:15:00] $fill
INFO [2018-04-28 12:15:00] pal[1:3]
INFO [2018-04-28 12:15:00] 
INFO [2018-04-28 12:15:00] $main.cex
INFO [2018-04-28 12:15:00] [1] 3
INFO [2018-04-28 12:15:00] 
INFO [2018-04-28 12:15:00] $cat.cex
INFO [2018-04-28 12:15:00] [1] 3
INFO [2018-04-28 12:15:00] 
INFO [2018-04-28 12:15:00] $cex
INFO [2018-04-28 12:15:00] [1] 3.5
INFO [2018-04-28 12:15:00] 
INFO [2018-04-28 12:15:00] $lty
INFO [2018-04-28 12:15:00] [1] 1
INFO [2018-04-28 12:15:00] 
INFO [2018-04-28 12:15:00] $height
INFO [2018-04-28 12:15:00] [1] 2000
INFO [2018-04-28 12:15:00] 
INFO [2018-04-28 12:15:00] $width
INFO [2018-04-28 12:15:00] [1] 2000
INFO [2018-04-28 12:15:00] 
INFO [2018-04-28 12:15:00] $fontfamily
INFO [2018-04-28 12:15:00] [1] "sans"
INFO [2018-04-28 12:15:00] 
INFO [2018-04-28 12:15:00] $cat.fontfamily
INFO [2018-04-28 12:15:00] [1] "sans"
INFO [2018-04-28 12:15:00] 
INFO [2018-04-28 12:15:00] $main.fontfamily
INFO [2018-04-28 12:15:00] [1] "sans"
INFO [2018-04-28 12:15:00] 
INFO [2018-04-28 12:15:00] $cat.fontface
INFO [2018-04-28 12:15:00] [1] "bold"
INFO [2018-04-28 12:15:00] 
INFO [2018-04-28 12:15:00] $main.fontface
INFO [2018-04-28 12:15:00] [1] "bold"
INFO [2018-04-28 12:15:00] 
INFO [2018-04-28 12:15:00] $cat.dist
INFO [2018-04-28 12:15:00] [1] 0.05
INFO [2018-04-28 12:15:00] 
INFO [2018-04-28 12:15:00] [[1]]
INFO [2018-04-28 12:15:00] mylist
INFO [2018-04-28 12:15:00] 
INFO [2018-04-28 12:15:00] $filename
INFO [2018-04-28 12:15:00] NULL
INFO [2018-04-28 12:15:00] 
INFO [2018-04-28 12:15:00] $fill
INFO [2018-04-28 12:15:00] pal[1:3]
INFO [2018-04-28 12:15:00] 
INFO [2018-04-28 12:15:00] $main.cex
INFO [2018-04-28 12:15:00] [1] 3
INFO [2018-04-28 12:15:00] 
INFO [2018-04-28 12:15:00] $cat.cex
INFO [2018-04-28 12:15:00] [1] 3
INFO [2018-04-28 12:15:00] 
INFO [2018-04-28 12:15:00] $cex
INFO [2018-04-28 12:15:00] [1] 3.5
INFO [2018-04-28 12:15:00] 
INFO [2018-04-28 12:15:00] $lty
INFO [2018-04-28 12:15:00] [1] 1
INFO [2018-04-28 12:15:00] 
INFO [2018-04-28 12:15:00] $height
INFO [2018-04-28 12:15:00] [1] 2000
INFO [2018-04-28 12:15:00] 
INFO [2018-04-28 12:15:00] $width
INFO [2018-04-28 12:15:00] [1] 2000
INFO [2018-04-28 12:15:00] 
INFO [2018-04-28 12:15:00] $fontfamily
INFO [2018-04-28 12:15:00] [1] "sans"
INFO [2018-04-28 12:15:00] 
INFO [2018-04-28 12:15:00] $cat.fontfamily
INFO [2018-04-28 12:15:00] [1] "sans"
INFO [2018-04-28 12:15:00] 
INFO [2018-04-28 12:15:00] $main.fontfamily
INFO [2018-04-28 12:15:00] [1] "sans"
INFO [2018-04-28 12:15:00] 
INFO [2018-04-28 12:15:00] $cat.fontface
INFO [2018-04-28 12:15:00] [1] "bold"
INFO [2018-04-28 12:15:00] 
INFO [2018-04-28 12:15:00] $main.fontface
INFO [2018-04-28 12:15:00] [1] "bold"
INFO [2018-04-28 12:15:00] 
INFO [2018-04-28 12:15:00] $cat.dist
INFO [2018-04-28 12:15:00] [1] 0.05
INFO [2018-04-28 12:15:00] 
INFO [2018-04-28 12:15:00] [[1]]
INFO [2018-04-28 12:15:00] mylist
INFO [2018-04-28 12:15:00] 
INFO [2018-04-28 12:15:00] $filename
INFO [2018-04-28 12:15:00] NULL
INFO [2018-04-28 12:15:00] 
INFO [2018-04-28 12:15:00] $fill
INFO [2018-04-28 12:15:00] pal[1:3]
INFO [2018-04-28 12:15:00] 
INFO [2018-04-28 12:15:00] $main.cex
INFO [2018-04-28 12:15:00] [1] 3
INFO [2018-04-28 12:15:00] 
INFO [2018-04-28 12:15:00] $cat.cex
INFO [2018-04-28 12:15:00] [1] 3
INFO [2018-04-28 12:15:00] 
INFO [2018-04-28 12:15:00] $cex
INFO [2018-04-28 12:15:00] [1] 3.5
INFO [2018-04-28 12:15:00] 
INFO [2018-04-28 12:15:00] $lty
INFO [2018-04-28 12:15:00] [1] 1
INFO [2018-04-28 12:15:00] 
INFO [2018-04-28 12:15:00] $height
INFO [2018-04-28 12:15:00] [1] 2000
INFO [2018-04-28 12:15:00] 
INFO [2018-04-28 12:15:00] $width
INFO [2018-04-28 12:15:00] [1] 2000
INFO [2018-04-28 12:15:00] 
INFO [2018-04-28 12:15:00] $fontfamily
INFO [2018-04-28 12:15:00] [1] "sans"
INFO [2018-04-28 12:15:00] 
INFO [2018-04-28 12:15:00] $cat.fontfamily
INFO [2018-04-28 12:15:00] [1] "sans"
INFO [2018-04-28 12:15:00] 
INFO [2018-04-28 12:15:00] $main.fontfamily
INFO [2018-04-28 12:15:00] [1] "sans"
INFO [2018-04-28 12:15:00] 
INFO [2018-04-28 12:15:00] $cat.fontface
INFO [2018-04-28 12:15:00] [1] "bold"
INFO [2018-04-28 12:15:00] 
INFO [2018-04-28 12:15:00] $main.fontface
INFO [2018-04-28 12:15:00] [1] "bold"
INFO [2018-04-28 12:15:00] 
INFO [2018-04-28 12:15:00] $cat.dist
INFO [2018-04-28 12:15:00] [1] 0.05
INFO [2018-04-28 12:15:00] 
INFO [2018-04-28 12:15:00] [[1]]
INFO [2018-04-28 12:15:00] mylist
INFO [2018-04-28 12:15:00] 
INFO [2018-04-28 12:15:00] $filename
INFO [2018-04-28 12:15:00] NULL
INFO [2018-04-28 12:15:00] 
INFO [2018-04-28 12:15:00] $fill
INFO [2018-04-28 12:15:00] pal[1:3]
INFO [2018-04-28 12:15:00] 
INFO [2018-04-28 12:15:00] $main.cex
INFO [2018-04-28 12:15:00] [1] 3
INFO [2018-04-28 12:15:00] 
INFO [2018-04-28 12:15:00] $cat.cex
INFO [2018-04-28 12:15:00] [1] 3
INFO [2018-04-28 12:15:00] 
INFO [2018-04-28 12:15:00] $cex
INFO [2018-04-28 12:15:00] [1] 3.5
INFO [2018-04-28 12:15:00] 
INFO [2018-04-28 12:15:00] $lty
INFO [2018-04-28 12:15:00] [1] 1
INFO [2018-04-28 12:15:00] 
INFO [2018-04-28 12:15:00] $height
INFO [2018-04-28 12:15:00] [1] 2000
INFO [2018-04-28 12:15:00] 
INFO [2018-04-28 12:15:00] $width
INFO [2018-04-28 12:15:00] [1] 2000
INFO [2018-04-28 12:15:00] 
INFO [2018-04-28 12:15:00] $fontfamily
INFO [2018-04-28 12:15:00] [1] "sans"
INFO [2018-04-28 12:15:00] 
INFO [2018-04-28 12:15:00] $cat.fontfamily
INFO [2018-04-28 12:15:00] [1] "sans"
INFO [2018-04-28 12:15:00] 
INFO [2018-04-28 12:15:00] $main.fontfamily
INFO [2018-04-28 12:15:00] [1] "sans"
INFO [2018-04-28 12:15:00] 
INFO [2018-04-28 12:15:00] $cat.fontface
INFO [2018-04-28 12:15:00] [1] "bold"
INFO [2018-04-28 12:15:00] 
INFO [2018-04-28 12:15:00] $main.fontface
INFO [2018-04-28 12:15:00] [1] "bold"
INFO [2018-04-28 12:15:00] 
INFO [2018-04-28 12:15:00] $cat.dist
INFO [2018-04-28 12:15:00] [1] 0.05
INFO [2018-04-28 12:15:00] 
INFO [2018-04-28 12:15:00] [[1]]
INFO [2018-04-28 12:15:00] mylist
INFO [2018-04-28 12:15:00] 
INFO [2018-04-28 12:15:00] $filename
INFO [2018-04-28 12:15:00] NULL
INFO [2018-04-28 12:15:00] 
INFO [2018-04-28 12:15:00] $fill
INFO [2018-04-28 12:15:00] pal[1:3]
INFO [2018-04-28 12:15:00] 
INFO [2018-04-28 12:15:00] $main.cex
INFO [2018-04-28 12:15:00] [1] 3
INFO [2018-04-28 12:15:00] 
INFO [2018-04-28 12:15:00] $cat.cex
INFO [2018-04-28 12:15:00] [1] 3
INFO [2018-04-28 12:15:00] 
INFO [2018-04-28 12:15:00] $cex
INFO [2018-04-28 12:15:00] [1] 3.5
INFO [2018-04-28 12:15:00] 
INFO [2018-04-28 12:15:00] $lty
INFO [2018-04-28 12:15:00] [1] 1
INFO [2018-04-28 12:15:00] 
INFO [2018-04-28 12:15:00] $height
INFO [2018-04-28 12:15:00] [1] 2000
INFO [2018-04-28 12:15:00] 
INFO [2018-04-28 12:15:00] $width
INFO [2018-04-28 12:15:00] [1] 2000
INFO [2018-04-28 12:15:00] 
INFO [2018-04-28 12:15:00] $fontfamily
INFO [2018-04-28 12:15:00] [1] "sans"
INFO [2018-04-28 12:15:00] 
INFO [2018-04-28 12:15:00] $cat.fontfamily
INFO [2018-04-28 12:15:00] [1] "sans"
INFO [2018-04-28 12:15:00] 
INFO [2018-04-28 12:15:00] $main.fontfamily
INFO [2018-04-28 12:15:00] [1] "sans"
INFO [2018-04-28 12:15:00] 
INFO [2018-04-28 12:15:00] $cat.fontface
INFO [2018-04-28 12:15:00] [1] "bold"
INFO [2018-04-28 12:15:00] 
INFO [2018-04-28 12:15:00] $main.fontface
INFO [2018-04-28 12:15:00] [1] "bold"
INFO [2018-04-28 12:15:00] 
INFO [2018-04-28 12:15:00] $cat.dist
INFO [2018-04-28 12:15:00] [1] 0.05
INFO [2018-04-28 12:15:00] 
INFO [2018-04-28 12:15:00] [[1]]
INFO [2018-04-28 12:15:00] mylist
INFO [2018-04-28 12:15:00] 
INFO [2018-04-28 12:15:00] $filename
INFO [2018-04-28 12:15:00] NULL
INFO [2018-04-28 12:15:00] 
INFO [2018-04-28 12:15:00] $fill
INFO [2018-04-28 12:15:00] pal[1:3]
INFO [2018-04-28 12:15:00] 
INFO [2018-04-28 12:15:00] $main.cex
INFO [2018-04-28 12:15:00] [1] 3
INFO [2018-04-28 12:15:00] 
INFO [2018-04-28 12:15:00] $cat.cex
INFO [2018-04-28 12:15:00] [1] 3
INFO [2018-04-28 12:15:00] 
INFO [2018-04-28 12:15:00] $cex
INFO [2018-04-28 12:15:00] [1] 3.5
INFO [2018-04-28 12:15:00] 
INFO [2018-04-28 12:15:00] $lty
INFO [2018-04-28 12:15:00] [1] 1
INFO [2018-04-28 12:15:00] 
INFO [2018-04-28 12:15:00] $height
INFO [2018-04-28 12:15:00] [1] 2000
INFO [2018-04-28 12:15:00] 
INFO [2018-04-28 12:15:00] $width
INFO [2018-04-28 12:15:00] [1] 2000
INFO [2018-04-28 12:15:00] 
INFO [2018-04-28 12:15:00] $fontfamily
INFO [2018-04-28 12:15:00] [1] "sans"
INFO [2018-04-28 12:15:00] 
INFO [2018-04-28 12:15:00] $cat.fontfamily
INFO [2018-04-28 12:15:00] [1] "sans"
INFO [2018-04-28 12:15:00] 
INFO [2018-04-28 12:15:00] $main.fontfamily
INFO [2018-04-28 12:15:00] [1] "sans"
INFO [2018-04-28 12:15:00] 
INFO [2018-04-28 12:15:00] $cat.fontface
INFO [2018-04-28 12:15:00] [1] "bold"
INFO [2018-04-28 12:15:00] 
INFO [2018-04-28 12:15:00] $main.fontface
INFO [2018-04-28 12:15:00] [1] "bold"
INFO [2018-04-28 12:15:00] 
INFO [2018-04-28 12:15:00] $cat.dist
INFO [2018-04-28 12:15:00] [1] 0.05
INFO [2018-04-28 12:15:00] 
