INFO [2018-02-23 17:55:06] [[1]]
INFO [2018-02-23 17:55:06] mylist
INFO [2018-02-23 17:55:06] 
INFO [2018-02-23 17:55:06] $filename
INFO [2018-02-23 17:55:06] NULL
INFO [2018-02-23 17:55:06] 
INFO [2018-02-23 17:55:06] $main
INFO [2018-02-23 17:55:06] name_file
INFO [2018-02-23 17:55:06] 
INFO [2018-02-23 17:55:06] $main.cex
INFO [2018-02-23 17:55:06] [1] 2
INFO [2018-02-23 17:55:06] 
INFO [2018-02-23 17:55:06] $cat.cex
INFO [2018-02-23 17:55:06] [1] 1.5
INFO [2018-02-23 17:55:06] 
INFO [2018-02-23 17:55:06] $cex
INFO [2018-02-23 17:55:06] [1] 2.5
INFO [2018-02-23 17:55:06] 
INFO [2018-02-23 17:55:06] $fill
INFO [2018-02-23 17:55:06] pal[1:3]
INFO [2018-02-23 17:55:06] 
INFO [2018-02-23 17:55:06] $lty
INFO [2018-02-23 17:55:06] [1] 1
INFO [2018-02-23 17:55:06] 
INFO [2018-02-23 17:55:06] $height
INFO [2018-02-23 17:55:06] [1] 2000
INFO [2018-02-23 17:55:06] 
INFO [2018-02-23 17:55:06] $width
INFO [2018-02-23 17:55:06] [1] 3000
INFO [2018-02-23 17:55:06] 
