INFO [2018-04-05 10:17:19] [[1]]
INFO [2018-04-05 10:17:19] mylist
INFO [2018-04-05 10:17:19] 
INFO [2018-04-05 10:17:19] $filename
INFO [2018-04-05 10:17:19] NULL
INFO [2018-04-05 10:17:19] 
INFO [2018-04-05 10:17:19] $filetype
INFO [2018-04-05 10:17:19] [1] "tiff"
INFO [2018-04-05 10:17:19] 
INFO [2018-04-05 10:17:19] $lwd
INFO [2018-04-05 10:17:19] [1] 0.5
INFO [2018-04-05 10:17:19] 
INFO [2018-04-05 10:17:19] $main
INFO [2018-04-05 10:17:19] name_file
INFO [2018-04-05 10:17:19] 
INFO [2018-04-05 10:17:19] $main.cex
INFO [2018-04-05 10:17:19] [1] 3
INFO [2018-04-05 10:17:19] 
INFO [2018-04-05 10:17:19] $cat.cex
INFO [2018-04-05 10:17:19] [1] 2.5
INFO [2018-04-05 10:17:19] 
INFO [2018-04-05 10:17:19] $cex
INFO [2018-04-05 10:17:19] [1] 2.5
INFO [2018-04-05 10:17:19] 
INFO [2018-04-05 10:17:19] $fill
INFO [2018-04-05 10:17:19] pal[1:3]
INFO [2018-04-05 10:17:19] 
INFO [2018-04-05 10:17:19] $lty
INFO [2018-04-05 10:17:19] [1] 1
INFO [2018-04-05 10:17:19] 
INFO [2018-04-05 10:17:19] $height
INFO [2018-04-05 10:17:19] [1] 20000
INFO [2018-04-05 10:17:19] 
INFO [2018-04-05 10:17:19] $width
INFO [2018-04-05 10:17:19] [1] 2e+05
INFO [2018-04-05 10:17:19] 
INFO [2018-04-05 10:17:19] $fontfamily
INFO [2018-04-05 10:17:19] [1] "sans"
INFO [2018-04-05 10:17:19] 
INFO [2018-04-05 10:17:19] $cat.fontfamily
INFO [2018-04-05 10:17:19] [1] "sans"
INFO [2018-04-05 10:17:19] 
INFO [2018-04-05 10:17:19] $main.fontfamily
INFO [2018-04-05 10:17:19] [1] "sans"
INFO [2018-04-05 10:17:19] 
INFO [2018-04-05 10:17:19] $cat.fontface
INFO [2018-04-05 10:17:19] [1] "bold"
INFO [2018-04-05 10:17:19] 
INFO [2018-04-05 10:17:19] $main.fontface
INFO [2018-04-05 10:17:19] [1] "bold"
INFO [2018-04-05 10:17:19] 
INFO [2018-04-05 10:17:19] $cat.dist
INFO [2018-04-05 10:17:19] -0.045
INFO [2018-04-05 10:17:19] 
