INFO [2018-05-08 16:36:13] [[1]]
INFO [2018-05-08 16:36:13] mylist
INFO [2018-05-08 16:36:13] 
INFO [2018-05-08 16:36:13] $filename
INFO [2018-05-08 16:36:13] NULL
INFO [2018-05-08 16:36:13] 
INFO [2018-05-08 16:36:13] $fill
INFO [2018-05-08 16:36:13] pal[1:4]
INFO [2018-05-08 16:36:13] 
INFO [2018-05-08 16:36:13] $main.cex
INFO [2018-05-08 16:36:13] [1] 3
INFO [2018-05-08 16:36:13] 
INFO [2018-05-08 16:36:13] $cat.cex
INFO [2018-05-08 16:36:13] [1] 2.7
INFO [2018-05-08 16:36:13] 
INFO [2018-05-08 16:36:13] $cex
INFO [2018-05-08 16:36:13] [1] 2.7
INFO [2018-05-08 16:36:13] 
INFO [2018-05-08 16:36:13] $lty
INFO [2018-05-08 16:36:13] [1] 1
INFO [2018-05-08 16:36:13] 
INFO [2018-05-08 16:36:13] $height
INFO [2018-05-08 16:36:13] [1] 2000
INFO [2018-05-08 16:36:13] 
INFO [2018-05-08 16:36:13] $width
INFO [2018-05-08 16:36:13] [1] 2000
INFO [2018-05-08 16:36:13] 
INFO [2018-05-08 16:36:13] $fontfamily
INFO [2018-05-08 16:36:13] [1] "sans"
INFO [2018-05-08 16:36:13] 
INFO [2018-05-08 16:36:13] $cat.fontfamily
INFO [2018-05-08 16:36:13] [1] "sans"
INFO [2018-05-08 16:36:13] 
INFO [2018-05-08 16:36:13] $main.fontfamily
INFO [2018-05-08 16:36:13] [1] "sans"
INFO [2018-05-08 16:36:13] 
INFO [2018-05-08 16:36:13] $cat.fontface
INFO [2018-05-08 16:36:13] [1] "bold"
INFO [2018-05-08 16:36:13] 
INFO [2018-05-08 16:36:13] $main.fontface
INFO [2018-05-08 16:36:13] [1] "bold"
INFO [2018-05-08 16:36:13] 
