INFO [2018-04-26 14:55:49] [[1]]
INFO [2018-04-26 14:55:49] mylist
INFO [2018-04-26 14:55:49] 
INFO [2018-04-26 14:55:49] $filename
INFO [2018-04-26 14:55:49] NULL
INFO [2018-04-26 14:55:49] 
INFO [2018-04-26 14:55:49] $fill
INFO [2018-04-26 14:55:49] pal[1:3]
INFO [2018-04-26 14:55:49] 
INFO [2018-04-26 14:55:49] $main.cex
INFO [2018-04-26 14:55:49] [1] 3
INFO [2018-04-26 14:55:49] 
INFO [2018-04-26 14:55:49] $cat.cex
INFO [2018-04-26 14:55:49] [1] 3
INFO [2018-04-26 14:55:49] 
INFO [2018-04-26 14:55:49] $cex
INFO [2018-04-26 14:55:49] [1] 3
INFO [2018-04-26 14:55:49] 
INFO [2018-04-26 14:55:49] $lty
INFO [2018-04-26 14:55:49] [1] 1
INFO [2018-04-26 14:55:49] 
INFO [2018-04-26 14:55:49] $height
INFO [2018-04-26 14:55:49] [1] 2000
INFO [2018-04-26 14:55:49] 
INFO [2018-04-26 14:55:49] $width
INFO [2018-04-26 14:55:49] [1] 2000
INFO [2018-04-26 14:55:49] 
INFO [2018-04-26 14:55:49] $fontfamily
INFO [2018-04-26 14:55:49] [1] "sans"
INFO [2018-04-26 14:55:49] 
INFO [2018-04-26 14:55:49] $cat.fontfamily
INFO [2018-04-26 14:55:49] [1] "sans"
INFO [2018-04-26 14:55:49] 
INFO [2018-04-26 14:55:49] $main.fontfamily
INFO [2018-04-26 14:55:49] [1] "sans"
INFO [2018-04-26 14:55:49] 
INFO [2018-04-26 14:55:49] $cat.fontface
INFO [2018-04-26 14:55:49] [1] "bold"
INFO [2018-04-26 14:55:49] 
INFO [2018-04-26 14:55:49] $main.fontface
INFO [2018-04-26 14:55:49] [1] "bold"
INFO [2018-04-26 14:55:49] 
INFO [2018-04-26 14:55:49] [[1]]
INFO [2018-04-26 14:55:49] mylist
INFO [2018-04-26 14:55:49] 
INFO [2018-04-26 14:55:49] $filename
INFO [2018-04-26 14:55:49] NULL
INFO [2018-04-26 14:55:49] 
INFO [2018-04-26 14:55:49] $fill
INFO [2018-04-26 14:55:49] pal[1:3]
INFO [2018-04-26 14:55:49] 
INFO [2018-04-26 14:55:49] $main.cex
INFO [2018-04-26 14:55:49] [1] 3
INFO [2018-04-26 14:55:49] 
INFO [2018-04-26 14:55:49] $cat.cex
INFO [2018-04-26 14:55:49] [1] 3
INFO [2018-04-26 14:55:49] 
INFO [2018-04-26 14:55:49] $cex
INFO [2018-04-26 14:55:49] [1] 3
INFO [2018-04-26 14:55:49] 
INFO [2018-04-26 14:55:49] $lty
INFO [2018-04-26 14:55:49] [1] 1
INFO [2018-04-26 14:55:49] 
INFO [2018-04-26 14:55:49] $height
INFO [2018-04-26 14:55:49] [1] 2000
INFO [2018-04-26 14:55:49] 
INFO [2018-04-26 14:55:49] $width
INFO [2018-04-26 14:55:49] [1] 2000
INFO [2018-04-26 14:55:49] 
INFO [2018-04-26 14:55:49] $fontfamily
INFO [2018-04-26 14:55:49] [1] "sans"
INFO [2018-04-26 14:55:49] 
INFO [2018-04-26 14:55:49] $cat.fontfamily
INFO [2018-04-26 14:55:49] [1] "sans"
INFO [2018-04-26 14:55:49] 
INFO [2018-04-26 14:55:49] $main.fontfamily
INFO [2018-04-26 14:55:49] [1] "sans"
INFO [2018-04-26 14:55:49] 
INFO [2018-04-26 14:55:49] $cat.fontface
INFO [2018-04-26 14:55:49] [1] "bold"
INFO [2018-04-26 14:55:49] 
INFO [2018-04-26 14:55:49] $main.fontface
INFO [2018-04-26 14:55:49] [1] "bold"
INFO [2018-04-26 14:55:49] 
INFO [2018-04-26 14:55:49] [[1]]
INFO [2018-04-26 14:55:49] mylist
INFO [2018-04-26 14:55:49] 
INFO [2018-04-26 14:55:49] $filename
INFO [2018-04-26 14:55:49] NULL
INFO [2018-04-26 14:55:49] 
INFO [2018-04-26 14:55:49] $fill
INFO [2018-04-26 14:55:49] pal[1:3]
INFO [2018-04-26 14:55:49] 
INFO [2018-04-26 14:55:49] $main.cex
INFO [2018-04-26 14:55:49] [1] 3
INFO [2018-04-26 14:55:49] 
INFO [2018-04-26 14:55:49] $cat.cex
INFO [2018-04-26 14:55:49] [1] 3
INFO [2018-04-26 14:55:49] 
INFO [2018-04-26 14:55:49] $cex
INFO [2018-04-26 14:55:49] [1] 3
INFO [2018-04-26 14:55:49] 
INFO [2018-04-26 14:55:49] $lty
INFO [2018-04-26 14:55:49] [1] 1
INFO [2018-04-26 14:55:49] 
INFO [2018-04-26 14:55:49] $height
INFO [2018-04-26 14:55:49] [1] 2000
INFO [2018-04-26 14:55:49] 
INFO [2018-04-26 14:55:49] $width
INFO [2018-04-26 14:55:49] [1] 2000
INFO [2018-04-26 14:55:49] 
INFO [2018-04-26 14:55:49] $fontfamily
INFO [2018-04-26 14:55:49] [1] "sans"
INFO [2018-04-26 14:55:49] 
INFO [2018-04-26 14:55:49] $cat.fontfamily
INFO [2018-04-26 14:55:49] [1] "sans"
INFO [2018-04-26 14:55:49] 
INFO [2018-04-26 14:55:49] $main.fontfamily
INFO [2018-04-26 14:55:49] [1] "sans"
INFO [2018-04-26 14:55:49] 
INFO [2018-04-26 14:55:49] $cat.fontface
INFO [2018-04-26 14:55:49] [1] "bold"
INFO [2018-04-26 14:55:49] 
INFO [2018-04-26 14:55:49] $main.fontface
INFO [2018-04-26 14:55:49] [1] "bold"
INFO [2018-04-26 14:55:49] 
INFO [2018-04-26 14:55:49] [[1]]
INFO [2018-04-26 14:55:49] mylist
INFO [2018-04-26 14:55:49] 
INFO [2018-04-26 14:55:49] $filename
INFO [2018-04-26 14:55:49] NULL
INFO [2018-04-26 14:55:49] 
INFO [2018-04-26 14:55:49] $fill
INFO [2018-04-26 14:55:49] pal[1:3]
INFO [2018-04-26 14:55:49] 
INFO [2018-04-26 14:55:49] $main.cex
INFO [2018-04-26 14:55:49] [1] 3
INFO [2018-04-26 14:55:49] 
INFO [2018-04-26 14:55:49] $cat.cex
INFO [2018-04-26 14:55:49] [1] 3
INFO [2018-04-26 14:55:49] 
INFO [2018-04-26 14:55:49] $cex
INFO [2018-04-26 14:55:49] [1] 3
INFO [2018-04-26 14:55:49] 
INFO [2018-04-26 14:55:49] $lty
INFO [2018-04-26 14:55:49] [1] 1
INFO [2018-04-26 14:55:49] 
INFO [2018-04-26 14:55:49] $height
INFO [2018-04-26 14:55:49] [1] 2000
INFO [2018-04-26 14:55:49] 
INFO [2018-04-26 14:55:49] $width
INFO [2018-04-26 14:55:49] [1] 2000
INFO [2018-04-26 14:55:49] 
INFO [2018-04-26 14:55:49] $fontfamily
INFO [2018-04-26 14:55:49] [1] "sans"
INFO [2018-04-26 14:55:49] 
INFO [2018-04-26 14:55:49] $cat.fontfamily
INFO [2018-04-26 14:55:49] [1] "sans"
INFO [2018-04-26 14:55:49] 
INFO [2018-04-26 14:55:49] $main.fontfamily
INFO [2018-04-26 14:55:49] [1] "sans"
INFO [2018-04-26 14:55:49] 
INFO [2018-04-26 14:55:49] $cat.fontface
INFO [2018-04-26 14:55:49] [1] "bold"
INFO [2018-04-26 14:55:49] 
INFO [2018-04-26 14:55:49] $main.fontface
INFO [2018-04-26 14:55:49] [1] "bold"
INFO [2018-04-26 14:55:49] 
INFO [2018-04-26 14:55:49] [[1]]
INFO [2018-04-26 14:55:49] mylist
INFO [2018-04-26 14:55:49] 
INFO [2018-04-26 14:55:49] $filename
INFO [2018-04-26 14:55:49] NULL
INFO [2018-04-26 14:55:49] 
INFO [2018-04-26 14:55:49] $fill
INFO [2018-04-26 14:55:49] pal[1:3]
INFO [2018-04-26 14:55:49] 
INFO [2018-04-26 14:55:49] $main.cex
INFO [2018-04-26 14:55:49] [1] 3
INFO [2018-04-26 14:55:49] 
INFO [2018-04-26 14:55:49] $cat.cex
INFO [2018-04-26 14:55:49] [1] 3
INFO [2018-04-26 14:55:49] 
INFO [2018-04-26 14:55:49] $cex
INFO [2018-04-26 14:55:49] [1] 3
INFO [2018-04-26 14:55:49] 
INFO [2018-04-26 14:55:49] $lty
INFO [2018-04-26 14:55:49] [1] 1
INFO [2018-04-26 14:55:49] 
INFO [2018-04-26 14:55:49] $height
INFO [2018-04-26 14:55:49] [1] 2000
INFO [2018-04-26 14:55:49] 
INFO [2018-04-26 14:55:49] $width
INFO [2018-04-26 14:55:49] [1] 2000
INFO [2018-04-26 14:55:49] 
INFO [2018-04-26 14:55:49] $fontfamily
INFO [2018-04-26 14:55:49] [1] "sans"
INFO [2018-04-26 14:55:49] 
INFO [2018-04-26 14:55:49] $cat.fontfamily
INFO [2018-04-26 14:55:49] [1] "sans"
INFO [2018-04-26 14:55:49] 
INFO [2018-04-26 14:55:49] $main.fontfamily
INFO [2018-04-26 14:55:49] [1] "sans"
INFO [2018-04-26 14:55:49] 
INFO [2018-04-26 14:55:49] $cat.fontface
INFO [2018-04-26 14:55:49] [1] "bold"
INFO [2018-04-26 14:55:49] 
INFO [2018-04-26 14:55:49] $main.fontface
INFO [2018-04-26 14:55:49] [1] "bold"
INFO [2018-04-26 14:55:49] 
INFO [2018-04-26 14:55:49] [[1]]
INFO [2018-04-26 14:55:49] mylist
INFO [2018-04-26 14:55:49] 
INFO [2018-04-26 14:55:49] $filename
INFO [2018-04-26 14:55:49] NULL
INFO [2018-04-26 14:55:49] 
INFO [2018-04-26 14:55:49] $fill
INFO [2018-04-26 14:55:49] pal[1:3]
INFO [2018-04-26 14:55:49] 
INFO [2018-04-26 14:55:49] $main.cex
INFO [2018-04-26 14:55:49] [1] 3
INFO [2018-04-26 14:55:49] 
INFO [2018-04-26 14:55:49] $cat.cex
INFO [2018-04-26 14:55:49] [1] 3
INFO [2018-04-26 14:55:49] 
INFO [2018-04-26 14:55:49] $cex
INFO [2018-04-26 14:55:49] [1] 3
INFO [2018-04-26 14:55:49] 
INFO [2018-04-26 14:55:49] $lty
INFO [2018-04-26 14:55:49] [1] 1
INFO [2018-04-26 14:55:49] 
INFO [2018-04-26 14:55:49] $height
INFO [2018-04-26 14:55:49] [1] 2000
INFO [2018-04-26 14:55:49] 
INFO [2018-04-26 14:55:49] $width
INFO [2018-04-26 14:55:49] [1] 2000
INFO [2018-04-26 14:55:49] 
INFO [2018-04-26 14:55:49] $fontfamily
INFO [2018-04-26 14:55:49] [1] "sans"
INFO [2018-04-26 14:55:49] 
INFO [2018-04-26 14:55:49] $cat.fontfamily
INFO [2018-04-26 14:55:49] [1] "sans"
INFO [2018-04-26 14:55:49] 
INFO [2018-04-26 14:55:49] $main.fontfamily
INFO [2018-04-26 14:55:49] [1] "sans"
INFO [2018-04-26 14:55:49] 
INFO [2018-04-26 14:55:49] $cat.fontface
INFO [2018-04-26 14:55:49] [1] "bold"
INFO [2018-04-26 14:55:49] 
INFO [2018-04-26 14:55:49] $main.fontface
INFO [2018-04-26 14:55:49] [1] "bold"
INFO [2018-04-26 14:55:49] 
