INFO [2019-06-24 16:18:19] [[1]]
INFO [2019-06-24 16:18:19] mylist
INFO [2019-06-24 16:18:19] 
INFO [2019-06-24 16:18:19] $filename
INFO [2019-06-24 16:18:19] NULL
INFO [2019-06-24 16:18:19] 
INFO [2019-06-24 16:18:19] $main
INFO [2019-06-24 16:18:19] [1] "Significant interactions in Humans (FDR 1%)"
INFO [2019-06-24 16:18:19] 
INFO [2019-06-24 16:18:19] $cex
INFO [2019-06-24 16:18:19] [1] 1.5
INFO [2019-06-24 16:18:19] 
INFO [2019-06-24 16:18:19] $fill
INFO [2019-06-24 16:18:19] pal[1:3]
INFO [2019-06-24 16:18:19] 
INFO [2019-06-24 16:18:19] $lty
INFO [2019-06-24 16:18:19] [1] 1
INFO [2019-06-24 16:18:19] 
INFO [2019-06-24 16:18:19] $height
INFO [2019-06-24 16:18:19] [1] 2000
INFO [2019-06-24 16:18:19] 
INFO [2019-06-24 16:18:19] $width
INFO [2019-06-24 16:18:19] [1] 3000
INFO [2019-06-24 16:18:19] 
