INFO [2018-04-26 17:21:11] [[1]]
INFO [2018-04-26 17:21:11] mylist
INFO [2018-04-26 17:21:11] 
INFO [2018-04-26 17:21:11] $filename
INFO [2018-04-26 17:21:11] NULL
INFO [2018-04-26 17:21:11] 
INFO [2018-04-26 17:21:11] $fill
INFO [2018-04-26 17:21:11] pal[1:4]
INFO [2018-04-26 17:21:11] 
INFO [2018-04-26 17:21:11] $main.cex
INFO [2018-04-26 17:21:11] [1] 3
INFO [2018-04-26 17:21:11] 
INFO [2018-04-26 17:21:11] $cat.cex
INFO [2018-04-26 17:21:11] [1] 2.7
INFO [2018-04-26 17:21:11] 
INFO [2018-04-26 17:21:11] $cex
INFO [2018-04-26 17:21:11] [1] 2.7
INFO [2018-04-26 17:21:11] 
INFO [2018-04-26 17:21:11] $lty
INFO [2018-04-26 17:21:11] [1] 1
INFO [2018-04-26 17:21:11] 
INFO [2018-04-26 17:21:11] $height
INFO [2018-04-26 17:21:11] [1] 2000
INFO [2018-04-26 17:21:11] 
INFO [2018-04-26 17:21:11] $width
INFO [2018-04-26 17:21:11] [1] 2000
INFO [2018-04-26 17:21:11] 
INFO [2018-04-26 17:21:11] $fontfamily
INFO [2018-04-26 17:21:11] [1] "sans"
INFO [2018-04-26 17:21:11] 
INFO [2018-04-26 17:21:11] $cat.fontfamily
INFO [2018-04-26 17:21:11] [1] "sans"
INFO [2018-04-26 17:21:11] 
INFO [2018-04-26 17:21:11] $main.fontfamily
INFO [2018-04-26 17:21:11] [1] "sans"
INFO [2018-04-26 17:21:11] 
INFO [2018-04-26 17:21:11] $cat.fontface
INFO [2018-04-26 17:21:11] [1] "bold"
INFO [2018-04-26 17:21:11] 
INFO [2018-04-26 17:21:11] $main.fontface
INFO [2018-04-26 17:21:11] [1] "bold"
INFO [2018-04-26 17:21:11] 
INFO [2018-04-26 17:21:11] [[1]]
INFO [2018-04-26 17:21:11] mylist
INFO [2018-04-26 17:21:11] 
INFO [2018-04-26 17:21:11] $filename
INFO [2018-04-26 17:21:11] NULL
INFO [2018-04-26 17:21:11] 
INFO [2018-04-26 17:21:11] $fill
INFO [2018-04-26 17:21:11] pal[1:4]
INFO [2018-04-26 17:21:11] 
INFO [2018-04-26 17:21:11] $main.cex
INFO [2018-04-26 17:21:11] [1] 3
INFO [2018-04-26 17:21:11] 
INFO [2018-04-26 17:21:11] $cat.cex
INFO [2018-04-26 17:21:11] [1] 2.7
INFO [2018-04-26 17:21:11] 
INFO [2018-04-26 17:21:11] $cex
INFO [2018-04-26 17:21:11] [1] 2.7
INFO [2018-04-26 17:21:11] 
INFO [2018-04-26 17:21:11] $lty
INFO [2018-04-26 17:21:11] [1] 1
INFO [2018-04-26 17:21:11] 
INFO [2018-04-26 17:21:11] $height
INFO [2018-04-26 17:21:11] [1] 2000
INFO [2018-04-26 17:21:11] 
INFO [2018-04-26 17:21:11] $width
INFO [2018-04-26 17:21:11] [1] 2000
INFO [2018-04-26 17:21:11] 
INFO [2018-04-26 17:21:11] $fontfamily
INFO [2018-04-26 17:21:11] [1] "sans"
INFO [2018-04-26 17:21:11] 
INFO [2018-04-26 17:21:11] $cat.fontfamily
INFO [2018-04-26 17:21:11] [1] "sans"
INFO [2018-04-26 17:21:11] 
INFO [2018-04-26 17:21:11] $main.fontfamily
INFO [2018-04-26 17:21:11] [1] "sans"
INFO [2018-04-26 17:21:11] 
INFO [2018-04-26 17:21:11] $cat.fontface
INFO [2018-04-26 17:21:11] [1] "bold"
INFO [2018-04-26 17:21:11] 
INFO [2018-04-26 17:21:11] $main.fontface
INFO [2018-04-26 17:21:11] [1] "bold"
INFO [2018-04-26 17:21:11] 
INFO [2018-04-26 17:21:11] [[1]]
INFO [2018-04-26 17:21:11] mylist
INFO [2018-04-26 17:21:11] 
INFO [2018-04-26 17:21:11] $filename
INFO [2018-04-26 17:21:11] NULL
INFO [2018-04-26 17:21:11] 
INFO [2018-04-26 17:21:11] $fill
INFO [2018-04-26 17:21:11] pal[1:4]
INFO [2018-04-26 17:21:11] 
INFO [2018-04-26 17:21:11] $main.cex
INFO [2018-04-26 17:21:11] [1] 3
INFO [2018-04-26 17:21:11] 
INFO [2018-04-26 17:21:11] $cat.cex
INFO [2018-04-26 17:21:11] [1] 2.7
INFO [2018-04-26 17:21:11] 
INFO [2018-04-26 17:21:11] $cex
INFO [2018-04-26 17:21:11] [1] 2.7
INFO [2018-04-26 17:21:11] 
INFO [2018-04-26 17:21:11] $lty
INFO [2018-04-26 17:21:11] [1] 1
INFO [2018-04-26 17:21:11] 
INFO [2018-04-26 17:21:11] $height
INFO [2018-04-26 17:21:11] [1] 2000
INFO [2018-04-26 17:21:11] 
INFO [2018-04-26 17:21:11] $width
INFO [2018-04-26 17:21:11] [1] 2000
INFO [2018-04-26 17:21:11] 
INFO [2018-04-26 17:21:11] $fontfamily
INFO [2018-04-26 17:21:11] [1] "sans"
INFO [2018-04-26 17:21:11] 
INFO [2018-04-26 17:21:11] $cat.fontfamily
INFO [2018-04-26 17:21:11] [1] "sans"
INFO [2018-04-26 17:21:11] 
INFO [2018-04-26 17:21:11] $main.fontfamily
INFO [2018-04-26 17:21:11] [1] "sans"
INFO [2018-04-26 17:21:11] 
INFO [2018-04-26 17:21:11] $cat.fontface
INFO [2018-04-26 17:21:11] [1] "bold"
INFO [2018-04-26 17:21:11] 
INFO [2018-04-26 17:21:11] $main.fontface
INFO [2018-04-26 17:21:11] [1] "bold"
INFO [2018-04-26 17:21:11] 
INFO [2018-04-26 17:21:11] [[1]]
INFO [2018-04-26 17:21:11] mylist
INFO [2018-04-26 17:21:11] 
INFO [2018-04-26 17:21:11] $filename
INFO [2018-04-26 17:21:11] NULL
INFO [2018-04-26 17:21:11] 
INFO [2018-04-26 17:21:11] $fill
INFO [2018-04-26 17:21:11] pal[1:4]
INFO [2018-04-26 17:21:11] 
INFO [2018-04-26 17:21:11] $main.cex
INFO [2018-04-26 17:21:11] [1] 3
INFO [2018-04-26 17:21:11] 
INFO [2018-04-26 17:21:11] $cat.cex
INFO [2018-04-26 17:21:11] [1] 2.7
INFO [2018-04-26 17:21:11] 
INFO [2018-04-26 17:21:11] $cex
INFO [2018-04-26 17:21:11] [1] 2.7
INFO [2018-04-26 17:21:11] 
INFO [2018-04-26 17:21:11] $lty
INFO [2018-04-26 17:21:11] [1] 1
INFO [2018-04-26 17:21:11] 
INFO [2018-04-26 17:21:11] $height
INFO [2018-04-26 17:21:11] [1] 2000
INFO [2018-04-26 17:21:11] 
INFO [2018-04-26 17:21:11] $width
INFO [2018-04-26 17:21:11] [1] 2000
INFO [2018-04-26 17:21:11] 
INFO [2018-04-26 17:21:11] $fontfamily
INFO [2018-04-26 17:21:11] [1] "sans"
INFO [2018-04-26 17:21:11] 
INFO [2018-04-26 17:21:11] $cat.fontfamily
INFO [2018-04-26 17:21:11] [1] "sans"
INFO [2018-04-26 17:21:11] 
INFO [2018-04-26 17:21:11] $main.fontfamily
INFO [2018-04-26 17:21:11] [1] "sans"
INFO [2018-04-26 17:21:11] 
INFO [2018-04-26 17:21:11] $cat.fontface
INFO [2018-04-26 17:21:11] [1] "bold"
INFO [2018-04-26 17:21:11] 
INFO [2018-04-26 17:21:11] $main.fontface
INFO [2018-04-26 17:21:11] [1] "bold"
INFO [2018-04-26 17:21:11] 
