INFO [2018-04-29 13:46:12] [[1]]
INFO [2018-04-29 13:46:12] mylist
INFO [2018-04-29 13:46:12] 
INFO [2018-04-29 13:46:12] $filename
INFO [2018-04-29 13:46:12] NULL
INFO [2018-04-29 13:46:12] 
INFO [2018-04-29 13:46:12] $fill
INFO [2018-04-29 13:46:12] pal[1:3]
INFO [2018-04-29 13:46:12] 
INFO [2018-04-29 13:46:12] $main.cex
INFO [2018-04-29 13:46:12] [1] 3
INFO [2018-04-29 13:46:12] 
INFO [2018-04-29 13:46:12] $cat.cex
INFO [2018-04-29 13:46:12] [1] 3
INFO [2018-04-29 13:46:12] 
INFO [2018-04-29 13:46:12] $cex
INFO [2018-04-29 13:46:12] [1] 3.5
INFO [2018-04-29 13:46:12] 
INFO [2018-04-29 13:46:12] $lty
INFO [2018-04-29 13:46:12] [1] 1
INFO [2018-04-29 13:46:12] 
INFO [2018-04-29 13:46:12] $height
INFO [2018-04-29 13:46:12] [1] 2000
INFO [2018-04-29 13:46:12] 
INFO [2018-04-29 13:46:12] $width
INFO [2018-04-29 13:46:12] [1] 2000
INFO [2018-04-29 13:46:12] 
INFO [2018-04-29 13:46:12] $fontfamily
INFO [2018-04-29 13:46:12] [1] "sans"
INFO [2018-04-29 13:46:12] 
INFO [2018-04-29 13:46:12] $cat.fontfamily
INFO [2018-04-29 13:46:12] [1] "sans"
INFO [2018-04-29 13:46:12] 
INFO [2018-04-29 13:46:12] $main.fontfamily
INFO [2018-04-29 13:46:12] [1] "sans"
INFO [2018-04-29 13:46:12] 
INFO [2018-04-29 13:46:12] $cat.fontface
INFO [2018-04-29 13:46:12] [1] "bold"
INFO [2018-04-29 13:46:12] 
INFO [2018-04-29 13:46:12] $main.fontface
INFO [2018-04-29 13:46:12] [1] "bold"
INFO [2018-04-29 13:46:12] 
INFO [2018-04-29 13:46:12] $cat.dist
INFO [2018-04-29 13:46:12] [1] 0.05
INFO [2018-04-29 13:46:12] 
INFO [2018-04-29 13:46:12] [[1]]
INFO [2018-04-29 13:46:12] mylist
INFO [2018-04-29 13:46:12] 
INFO [2018-04-29 13:46:12] $filename
INFO [2018-04-29 13:46:12] NULL
INFO [2018-04-29 13:46:12] 
INFO [2018-04-29 13:46:12] $fill
INFO [2018-04-29 13:46:12] pal[1:3]
INFO [2018-04-29 13:46:12] 
INFO [2018-04-29 13:46:12] $main.cex
INFO [2018-04-29 13:46:12] [1] 3
INFO [2018-04-29 13:46:12] 
INFO [2018-04-29 13:46:12] $cat.cex
INFO [2018-04-29 13:46:12] [1] 3
INFO [2018-04-29 13:46:12] 
INFO [2018-04-29 13:46:12] $cex
INFO [2018-04-29 13:46:12] [1] 3.5
INFO [2018-04-29 13:46:12] 
INFO [2018-04-29 13:46:12] $lty
INFO [2018-04-29 13:46:12] [1] 1
INFO [2018-04-29 13:46:12] 
INFO [2018-04-29 13:46:12] $height
INFO [2018-04-29 13:46:12] [1] 2000
INFO [2018-04-29 13:46:12] 
INFO [2018-04-29 13:46:12] $width
INFO [2018-04-29 13:46:12] [1] 2000
INFO [2018-04-29 13:46:12] 
INFO [2018-04-29 13:46:12] $fontfamily
INFO [2018-04-29 13:46:12] [1] "sans"
INFO [2018-04-29 13:46:12] 
INFO [2018-04-29 13:46:12] $cat.fontfamily
INFO [2018-04-29 13:46:12] [1] "sans"
INFO [2018-04-29 13:46:12] 
INFO [2018-04-29 13:46:12] $main.fontfamily
INFO [2018-04-29 13:46:12] [1] "sans"
INFO [2018-04-29 13:46:12] 
INFO [2018-04-29 13:46:12] $cat.fontface
INFO [2018-04-29 13:46:12] [1] "bold"
INFO [2018-04-29 13:46:12] 
INFO [2018-04-29 13:46:12] $main.fontface
INFO [2018-04-29 13:46:12] [1] "bold"
INFO [2018-04-29 13:46:12] 
INFO [2018-04-29 13:46:12] $cat.dist
INFO [2018-04-29 13:46:12] [1] 0.05
INFO [2018-04-29 13:46:12] 
INFO [2018-04-29 13:46:12] [[1]]
INFO [2018-04-29 13:46:12] mylist
INFO [2018-04-29 13:46:12] 
INFO [2018-04-29 13:46:12] $filename
INFO [2018-04-29 13:46:12] NULL
INFO [2018-04-29 13:46:12] 
INFO [2018-04-29 13:46:12] $fill
INFO [2018-04-29 13:46:12] pal[1:3]
INFO [2018-04-29 13:46:12] 
INFO [2018-04-29 13:46:12] $main.cex
INFO [2018-04-29 13:46:12] [1] 3
INFO [2018-04-29 13:46:12] 
INFO [2018-04-29 13:46:12] $cat.cex
INFO [2018-04-29 13:46:12] [1] 3
INFO [2018-04-29 13:46:12] 
INFO [2018-04-29 13:46:12] $cex
INFO [2018-04-29 13:46:12] [1] 3.5
INFO [2018-04-29 13:46:12] 
INFO [2018-04-29 13:46:12] $lty
INFO [2018-04-29 13:46:12] [1] 1
INFO [2018-04-29 13:46:12] 
INFO [2018-04-29 13:46:12] $height
INFO [2018-04-29 13:46:12] [1] 2000
INFO [2018-04-29 13:46:12] 
INFO [2018-04-29 13:46:12] $width
INFO [2018-04-29 13:46:12] [1] 2000
INFO [2018-04-29 13:46:12] 
INFO [2018-04-29 13:46:12] $fontfamily
INFO [2018-04-29 13:46:12] [1] "sans"
INFO [2018-04-29 13:46:12] 
INFO [2018-04-29 13:46:12] $cat.fontfamily
INFO [2018-04-29 13:46:12] [1] "sans"
INFO [2018-04-29 13:46:12] 
INFO [2018-04-29 13:46:12] $main.fontfamily
INFO [2018-04-29 13:46:12] [1] "sans"
INFO [2018-04-29 13:46:12] 
INFO [2018-04-29 13:46:12] $cat.fontface
INFO [2018-04-29 13:46:12] [1] "bold"
INFO [2018-04-29 13:46:12] 
INFO [2018-04-29 13:46:12] $main.fontface
INFO [2018-04-29 13:46:12] [1] "bold"
INFO [2018-04-29 13:46:12] 
INFO [2018-04-29 13:46:12] $cat.dist
INFO [2018-04-29 13:46:12] [1] 0.05
INFO [2018-04-29 13:46:12] 
INFO [2018-04-29 13:46:12] [[1]]
INFO [2018-04-29 13:46:12] mylist
INFO [2018-04-29 13:46:12] 
INFO [2018-04-29 13:46:12] $filename
INFO [2018-04-29 13:46:12] NULL
INFO [2018-04-29 13:46:12] 
INFO [2018-04-29 13:46:12] $fill
INFO [2018-04-29 13:46:12] pal[1:3]
INFO [2018-04-29 13:46:12] 
INFO [2018-04-29 13:46:12] $main.cex
INFO [2018-04-29 13:46:12] [1] 3
INFO [2018-04-29 13:46:12] 
INFO [2018-04-29 13:46:12] $cat.cex
INFO [2018-04-29 13:46:12] [1] 3
INFO [2018-04-29 13:46:12] 
INFO [2018-04-29 13:46:12] $cex
INFO [2018-04-29 13:46:12] [1] 3.5
INFO [2018-04-29 13:46:12] 
INFO [2018-04-29 13:46:12] $lty
INFO [2018-04-29 13:46:12] [1] 1
INFO [2018-04-29 13:46:12] 
INFO [2018-04-29 13:46:12] $height
INFO [2018-04-29 13:46:12] [1] 2000
INFO [2018-04-29 13:46:12] 
INFO [2018-04-29 13:46:12] $width
INFO [2018-04-29 13:46:12] [1] 2000
INFO [2018-04-29 13:46:12] 
INFO [2018-04-29 13:46:12] $fontfamily
INFO [2018-04-29 13:46:12] [1] "sans"
INFO [2018-04-29 13:46:12] 
INFO [2018-04-29 13:46:12] $cat.fontfamily
INFO [2018-04-29 13:46:12] [1] "sans"
INFO [2018-04-29 13:46:12] 
INFO [2018-04-29 13:46:12] $main.fontfamily
INFO [2018-04-29 13:46:12] [1] "sans"
INFO [2018-04-29 13:46:12] 
INFO [2018-04-29 13:46:12] $cat.fontface
INFO [2018-04-29 13:46:12] [1] "bold"
INFO [2018-04-29 13:46:12] 
INFO [2018-04-29 13:46:12] $main.fontface
INFO [2018-04-29 13:46:12] [1] "bold"
INFO [2018-04-29 13:46:12] 
INFO [2018-04-29 13:46:12] $cat.dist
INFO [2018-04-29 13:46:12] [1] 0.05
INFO [2018-04-29 13:46:12] 
INFO [2018-04-29 13:46:12] [[1]]
INFO [2018-04-29 13:46:12] mylist
INFO [2018-04-29 13:46:12] 
INFO [2018-04-29 13:46:12] $filename
INFO [2018-04-29 13:46:12] NULL
INFO [2018-04-29 13:46:12] 
INFO [2018-04-29 13:46:12] $fill
INFO [2018-04-29 13:46:12] pal[1:3]
INFO [2018-04-29 13:46:12] 
INFO [2018-04-29 13:46:12] $main.cex
INFO [2018-04-29 13:46:12] [1] 3
INFO [2018-04-29 13:46:12] 
INFO [2018-04-29 13:46:12] $cat.cex
INFO [2018-04-29 13:46:12] [1] 3
INFO [2018-04-29 13:46:12] 
INFO [2018-04-29 13:46:12] $cex
INFO [2018-04-29 13:46:12] [1] 3.5
INFO [2018-04-29 13:46:12] 
INFO [2018-04-29 13:46:12] $lty
INFO [2018-04-29 13:46:12] [1] 1
INFO [2018-04-29 13:46:12] 
INFO [2018-04-29 13:46:12] $height
INFO [2018-04-29 13:46:12] [1] 2000
INFO [2018-04-29 13:46:12] 
INFO [2018-04-29 13:46:12] $width
INFO [2018-04-29 13:46:12] [1] 2000
INFO [2018-04-29 13:46:12] 
INFO [2018-04-29 13:46:12] $fontfamily
INFO [2018-04-29 13:46:12] [1] "sans"
INFO [2018-04-29 13:46:12] 
INFO [2018-04-29 13:46:12] $cat.fontfamily
INFO [2018-04-29 13:46:12] [1] "sans"
INFO [2018-04-29 13:46:12] 
INFO [2018-04-29 13:46:12] $main.fontfamily
INFO [2018-04-29 13:46:12] [1] "sans"
INFO [2018-04-29 13:46:12] 
INFO [2018-04-29 13:46:12] $cat.fontface
INFO [2018-04-29 13:46:12] [1] "bold"
INFO [2018-04-29 13:46:12] 
INFO [2018-04-29 13:46:12] $main.fontface
INFO [2018-04-29 13:46:12] [1] "bold"
INFO [2018-04-29 13:46:12] 
INFO [2018-04-29 13:46:12] $cat.dist
INFO [2018-04-29 13:46:12] [1] 0.05
INFO [2018-04-29 13:46:12] 
INFO [2018-04-29 13:46:12] [[1]]
INFO [2018-04-29 13:46:12] mylist
INFO [2018-04-29 13:46:12] 
INFO [2018-04-29 13:46:12] $filename
INFO [2018-04-29 13:46:12] NULL
INFO [2018-04-29 13:46:12] 
INFO [2018-04-29 13:46:12] $fill
INFO [2018-04-29 13:46:12] pal[1:3]
INFO [2018-04-29 13:46:12] 
INFO [2018-04-29 13:46:12] $main.cex
INFO [2018-04-29 13:46:12] [1] 3
INFO [2018-04-29 13:46:12] 
INFO [2018-04-29 13:46:12] $cat.cex
INFO [2018-04-29 13:46:12] [1] 3
INFO [2018-04-29 13:46:12] 
INFO [2018-04-29 13:46:12] $cex
INFO [2018-04-29 13:46:12] [1] 3.5
INFO [2018-04-29 13:46:12] 
INFO [2018-04-29 13:46:12] $lty
INFO [2018-04-29 13:46:12] [1] 1
INFO [2018-04-29 13:46:12] 
INFO [2018-04-29 13:46:12] $height
INFO [2018-04-29 13:46:12] [1] 2000
INFO [2018-04-29 13:46:12] 
INFO [2018-04-29 13:46:12] $width
INFO [2018-04-29 13:46:12] [1] 2000
INFO [2018-04-29 13:46:12] 
INFO [2018-04-29 13:46:12] $fontfamily
INFO [2018-04-29 13:46:12] [1] "sans"
INFO [2018-04-29 13:46:12] 
INFO [2018-04-29 13:46:12] $cat.fontfamily
INFO [2018-04-29 13:46:12] [1] "sans"
INFO [2018-04-29 13:46:12] 
INFO [2018-04-29 13:46:12] $main.fontfamily
INFO [2018-04-29 13:46:12] [1] "sans"
INFO [2018-04-29 13:46:12] 
INFO [2018-04-29 13:46:12] $cat.fontface
INFO [2018-04-29 13:46:12] [1] "bold"
INFO [2018-04-29 13:46:12] 
INFO [2018-04-29 13:46:12] $main.fontface
INFO [2018-04-29 13:46:12] [1] "bold"
INFO [2018-04-29 13:46:12] 
INFO [2018-04-29 13:46:12] $cat.dist
INFO [2018-04-29 13:46:12] [1] 0.05
INFO [2018-04-29 13:46:12] 
INFO [2018-04-29 13:46:12] [[1]]
INFO [2018-04-29 13:46:12] mylist
INFO [2018-04-29 13:46:12] 
INFO [2018-04-29 13:46:12] $filename
INFO [2018-04-29 13:46:12] NULL
INFO [2018-04-29 13:46:12] 
INFO [2018-04-29 13:46:12] $fill
INFO [2018-04-29 13:46:12] pal[1:3]
INFO [2018-04-29 13:46:12] 
INFO [2018-04-29 13:46:12] $main.cex
INFO [2018-04-29 13:46:12] [1] 3
INFO [2018-04-29 13:46:12] 
INFO [2018-04-29 13:46:12] $cat.cex
INFO [2018-04-29 13:46:12] [1] 3
INFO [2018-04-29 13:46:12] 
INFO [2018-04-29 13:46:12] $cex
INFO [2018-04-29 13:46:12] [1] 3.5
INFO [2018-04-29 13:46:12] 
INFO [2018-04-29 13:46:12] $lty
INFO [2018-04-29 13:46:12] [1] 1
INFO [2018-04-29 13:46:12] 
INFO [2018-04-29 13:46:12] $height
INFO [2018-04-29 13:46:12] [1] 2000
INFO [2018-04-29 13:46:12] 
INFO [2018-04-29 13:46:12] $width
INFO [2018-04-29 13:46:12] [1] 2000
INFO [2018-04-29 13:46:12] 
INFO [2018-04-29 13:46:12] $fontfamily
INFO [2018-04-29 13:46:12] [1] "sans"
INFO [2018-04-29 13:46:12] 
INFO [2018-04-29 13:46:12] $cat.fontfamily
INFO [2018-04-29 13:46:12] [1] "sans"
INFO [2018-04-29 13:46:12] 
INFO [2018-04-29 13:46:12] $main.fontfamily
INFO [2018-04-29 13:46:12] [1] "sans"
INFO [2018-04-29 13:46:12] 
INFO [2018-04-29 13:46:12] $cat.fontface
INFO [2018-04-29 13:46:12] [1] "bold"
INFO [2018-04-29 13:46:12] 
INFO [2018-04-29 13:46:12] $main.fontface
INFO [2018-04-29 13:46:12] [1] "bold"
INFO [2018-04-29 13:46:12] 
INFO [2018-04-29 13:46:12] $cat.dist
INFO [2018-04-29 13:46:12] [1] 0.05
INFO [2018-04-29 13:46:12] 
INFO [2018-04-29 13:46:13] [[1]]
INFO [2018-04-29 13:46:13] mylist
INFO [2018-04-29 13:46:13] 
INFO [2018-04-29 13:46:13] $filename
INFO [2018-04-29 13:46:13] NULL
INFO [2018-04-29 13:46:13] 
INFO [2018-04-29 13:46:13] $fill
INFO [2018-04-29 13:46:13] pal[1:3]
INFO [2018-04-29 13:46:13] 
INFO [2018-04-29 13:46:13] $main.cex
INFO [2018-04-29 13:46:13] [1] 3
INFO [2018-04-29 13:46:13] 
INFO [2018-04-29 13:46:13] $cat.cex
INFO [2018-04-29 13:46:13] [1] 3
INFO [2018-04-29 13:46:13] 
INFO [2018-04-29 13:46:13] $cex
INFO [2018-04-29 13:46:13] [1] 3.5
INFO [2018-04-29 13:46:13] 
INFO [2018-04-29 13:46:13] $lty
INFO [2018-04-29 13:46:13] [1] 1
INFO [2018-04-29 13:46:13] 
INFO [2018-04-29 13:46:13] $height
INFO [2018-04-29 13:46:13] [1] 2000
INFO [2018-04-29 13:46:13] 
INFO [2018-04-29 13:46:13] $width
INFO [2018-04-29 13:46:13] [1] 2000
INFO [2018-04-29 13:46:13] 
INFO [2018-04-29 13:46:13] $fontfamily
INFO [2018-04-29 13:46:13] [1] "sans"
INFO [2018-04-29 13:46:13] 
INFO [2018-04-29 13:46:13] $cat.fontfamily
INFO [2018-04-29 13:46:13] [1] "sans"
INFO [2018-04-29 13:46:13] 
INFO [2018-04-29 13:46:13] $main.fontfamily
INFO [2018-04-29 13:46:13] [1] "sans"
INFO [2018-04-29 13:46:13] 
INFO [2018-04-29 13:46:13] $cat.fontface
INFO [2018-04-29 13:46:13] [1] "bold"
INFO [2018-04-29 13:46:13] 
INFO [2018-04-29 13:46:13] $main.fontface
INFO [2018-04-29 13:46:13] [1] "bold"
INFO [2018-04-29 13:46:13] 
INFO [2018-04-29 13:46:13] $cat.dist
INFO [2018-04-29 13:46:13] [1] 0.05
INFO [2018-04-29 13:46:13] 
