INFO [2018-05-01 20:25:02] [[1]]
INFO [2018-05-01 20:25:02] mylist
INFO [2018-05-01 20:25:02] 
INFO [2018-05-01 20:25:02] $filename
INFO [2018-05-01 20:25:02] NULL
INFO [2018-05-01 20:25:02] 
INFO [2018-05-01 20:25:02] $fill
INFO [2018-05-01 20:25:02] pal[1:3]
INFO [2018-05-01 20:25:02] 
INFO [2018-05-01 20:25:02] $main.cex
INFO [2018-05-01 20:25:02] [1] 3
INFO [2018-05-01 20:25:02] 
INFO [2018-05-01 20:25:02] $cat.cex
INFO [2018-05-01 20:25:02] [1] 3
INFO [2018-05-01 20:25:02] 
INFO [2018-05-01 20:25:02] $cex
INFO [2018-05-01 20:25:02] [1] 3.5
INFO [2018-05-01 20:25:02] 
INFO [2018-05-01 20:25:02] $lty
INFO [2018-05-01 20:25:02] [1] 1
INFO [2018-05-01 20:25:02] 
INFO [2018-05-01 20:25:02] $height
INFO [2018-05-01 20:25:02] [1] 2000
INFO [2018-05-01 20:25:02] 
INFO [2018-05-01 20:25:02] $width
INFO [2018-05-01 20:25:02] [1] 2000
INFO [2018-05-01 20:25:02] 
INFO [2018-05-01 20:25:02] $fontfamily
INFO [2018-05-01 20:25:02] [1] "sans"
INFO [2018-05-01 20:25:02] 
INFO [2018-05-01 20:25:02] $cat.fontfamily
INFO [2018-05-01 20:25:02] [1] "sans"
INFO [2018-05-01 20:25:02] 
INFO [2018-05-01 20:25:02] $main.fontfamily
INFO [2018-05-01 20:25:02] [1] "sans"
INFO [2018-05-01 20:25:02] 
INFO [2018-05-01 20:25:02] $cat.fontface
INFO [2018-05-01 20:25:02] [1] "bold"
INFO [2018-05-01 20:25:02] 
INFO [2018-05-01 20:25:02] $main.fontface
INFO [2018-05-01 20:25:02] [1] "bold"
INFO [2018-05-01 20:25:02] 
INFO [2018-05-01 20:25:02] $cat.dist
INFO [2018-05-01 20:25:02] [1] 0.05
INFO [2018-05-01 20:25:02] 
