INFO [2018-05-08 16:36:22] [[1]]
INFO [2018-05-08 16:36:22] mylist
INFO [2018-05-08 16:36:22] 
INFO [2018-05-08 16:36:22] $filename
INFO [2018-05-08 16:36:22] NULL
INFO [2018-05-08 16:36:22] 
INFO [2018-05-08 16:36:22] $fill
INFO [2018-05-08 16:36:22] pal[1:3]
INFO [2018-05-08 16:36:22] 
INFO [2018-05-08 16:36:22] $main.cex
INFO [2018-05-08 16:36:22] [1] 3
INFO [2018-05-08 16:36:22] 
INFO [2018-05-08 16:36:22] $cat.cex
INFO [2018-05-08 16:36:22] [1] 3
INFO [2018-05-08 16:36:22] 
INFO [2018-05-08 16:36:22] $cex
INFO [2018-05-08 16:36:22] [1] 3.5
INFO [2018-05-08 16:36:22] 
INFO [2018-05-08 16:36:22] $lty
INFO [2018-05-08 16:36:22] [1] 1
INFO [2018-05-08 16:36:22] 
INFO [2018-05-08 16:36:22] $height
INFO [2018-05-08 16:36:22] [1] 2000
INFO [2018-05-08 16:36:22] 
INFO [2018-05-08 16:36:22] $width
INFO [2018-05-08 16:36:22] [1] 2000
INFO [2018-05-08 16:36:22] 
INFO [2018-05-08 16:36:22] $fontfamily
INFO [2018-05-08 16:36:22] [1] "sans"
INFO [2018-05-08 16:36:22] 
INFO [2018-05-08 16:36:22] $cat.fontfamily
INFO [2018-05-08 16:36:22] [1] "sans"
INFO [2018-05-08 16:36:22] 
INFO [2018-05-08 16:36:22] $main.fontfamily
INFO [2018-05-08 16:36:22] [1] "sans"
INFO [2018-05-08 16:36:22] 
INFO [2018-05-08 16:36:22] $cat.fontface
INFO [2018-05-08 16:36:22] [1] "bold"
INFO [2018-05-08 16:36:22] 
INFO [2018-05-08 16:36:22] $main.fontface
INFO [2018-05-08 16:36:22] [1] "bold"
INFO [2018-05-08 16:36:22] 
INFO [2018-05-08 16:36:22] $cat.dist
INFO [2018-05-08 16:36:22] [1] 0.05
INFO [2018-05-08 16:36:22] 
INFO [2018-05-08 16:36:22] [[1]]
INFO [2018-05-08 16:36:22] mylist
INFO [2018-05-08 16:36:22] 
INFO [2018-05-08 16:36:22] $filename
INFO [2018-05-08 16:36:22] NULL
INFO [2018-05-08 16:36:22] 
INFO [2018-05-08 16:36:22] $fill
INFO [2018-05-08 16:36:22] pal[1:3]
INFO [2018-05-08 16:36:22] 
INFO [2018-05-08 16:36:22] $main.cex
INFO [2018-05-08 16:36:22] [1] 3
INFO [2018-05-08 16:36:22] 
INFO [2018-05-08 16:36:22] $cat.cex
INFO [2018-05-08 16:36:22] [1] 3
INFO [2018-05-08 16:36:22] 
INFO [2018-05-08 16:36:22] $cex
INFO [2018-05-08 16:36:22] [1] 3.5
INFO [2018-05-08 16:36:22] 
INFO [2018-05-08 16:36:22] $lty
INFO [2018-05-08 16:36:22] [1] 1
INFO [2018-05-08 16:36:22] 
INFO [2018-05-08 16:36:22] $height
INFO [2018-05-08 16:36:22] [1] 2000
INFO [2018-05-08 16:36:22] 
INFO [2018-05-08 16:36:22] $width
INFO [2018-05-08 16:36:22] [1] 2000
INFO [2018-05-08 16:36:22] 
INFO [2018-05-08 16:36:22] $fontfamily
INFO [2018-05-08 16:36:22] [1] "sans"
INFO [2018-05-08 16:36:22] 
INFO [2018-05-08 16:36:22] $cat.fontfamily
INFO [2018-05-08 16:36:22] [1] "sans"
INFO [2018-05-08 16:36:22] 
INFO [2018-05-08 16:36:22] $main.fontfamily
INFO [2018-05-08 16:36:22] [1] "sans"
INFO [2018-05-08 16:36:22] 
INFO [2018-05-08 16:36:22] $cat.fontface
INFO [2018-05-08 16:36:22] [1] "bold"
INFO [2018-05-08 16:36:22] 
INFO [2018-05-08 16:36:22] $main.fontface
INFO [2018-05-08 16:36:22] [1] "bold"
INFO [2018-05-08 16:36:22] 
INFO [2018-05-08 16:36:22] $cat.dist
INFO [2018-05-08 16:36:22] [1] 0.05
INFO [2018-05-08 16:36:22] 
INFO [2018-05-08 16:36:22] [[1]]
INFO [2018-05-08 16:36:22] mylist
INFO [2018-05-08 16:36:22] 
INFO [2018-05-08 16:36:22] $filename
INFO [2018-05-08 16:36:22] NULL
INFO [2018-05-08 16:36:22] 
INFO [2018-05-08 16:36:22] $fill
INFO [2018-05-08 16:36:22] pal[1:3]
INFO [2018-05-08 16:36:22] 
INFO [2018-05-08 16:36:22] $main.cex
INFO [2018-05-08 16:36:22] [1] 3
INFO [2018-05-08 16:36:22] 
INFO [2018-05-08 16:36:22] $cat.cex
INFO [2018-05-08 16:36:22] [1] 3
INFO [2018-05-08 16:36:22] 
INFO [2018-05-08 16:36:22] $cex
INFO [2018-05-08 16:36:22] [1] 3.5
INFO [2018-05-08 16:36:22] 
INFO [2018-05-08 16:36:22] $lty
INFO [2018-05-08 16:36:22] [1] 1
INFO [2018-05-08 16:36:22] 
INFO [2018-05-08 16:36:22] $height
INFO [2018-05-08 16:36:22] [1] 2000
INFO [2018-05-08 16:36:22] 
INFO [2018-05-08 16:36:22] $width
INFO [2018-05-08 16:36:22] [1] 2000
INFO [2018-05-08 16:36:22] 
INFO [2018-05-08 16:36:22] $fontfamily
INFO [2018-05-08 16:36:22] [1] "sans"
INFO [2018-05-08 16:36:22] 
INFO [2018-05-08 16:36:22] $cat.fontfamily
INFO [2018-05-08 16:36:22] [1] "sans"
INFO [2018-05-08 16:36:22] 
INFO [2018-05-08 16:36:22] $main.fontfamily
INFO [2018-05-08 16:36:22] [1] "sans"
INFO [2018-05-08 16:36:22] 
INFO [2018-05-08 16:36:22] $cat.fontface
INFO [2018-05-08 16:36:22] [1] "bold"
INFO [2018-05-08 16:36:22] 
INFO [2018-05-08 16:36:22] $main.fontface
INFO [2018-05-08 16:36:22] [1] "bold"
INFO [2018-05-08 16:36:22] 
INFO [2018-05-08 16:36:22] $cat.dist
INFO [2018-05-08 16:36:22] [1] 0.05
INFO [2018-05-08 16:36:22] 
