INFO [2018-02-25 15:58:54] [[1]]
INFO [2018-02-25 15:58:54] mylist
INFO [2018-02-25 15:58:54] 
INFO [2018-02-25 15:58:54] $filename
INFO [2018-02-25 15:58:54] NULL
INFO [2018-02-25 15:58:54] 
INFO [2018-02-25 15:58:54] $main
INFO [2018-02-25 15:58:54] [1] "Upregulated heart specific (FDR 1%)"
INFO [2018-02-25 15:58:54] 
INFO [2018-02-25 15:58:54] $main.cex
INFO [2018-02-25 15:58:54] [1] 2
INFO [2018-02-25 15:58:54] 
INFO [2018-02-25 15:58:54] $cat.cex
INFO [2018-02-25 15:58:54] [1] 1.5
INFO [2018-02-25 15:58:54] 
INFO [2018-02-25 15:58:54] $cex
INFO [2018-02-25 15:58:54] [1] 2.5
INFO [2018-02-25 15:58:54] 
INFO [2018-02-25 15:58:54] $fill
INFO [2018-02-25 15:58:54] pal[1:3]
INFO [2018-02-25 15:58:54] 
INFO [2018-02-25 15:58:54] $lty
INFO [2018-02-25 15:58:54] [1] 1
INFO [2018-02-25 15:58:54] 
INFO [2018-02-25 15:58:54] $height
INFO [2018-02-25 15:58:54] [1] 2000
INFO [2018-02-25 15:58:54] 
INFO [2018-02-25 15:58:54] $width
INFO [2018-02-25 15:58:54] [1] 3000
INFO [2018-02-25 15:58:54] 
