INFO [2018-05-29 14:20:52] [[1]]
INFO [2018-05-29 14:20:52] mylist
INFO [2018-05-29 14:20:52] 
INFO [2018-05-29 14:20:52] $filename
INFO [2018-05-29 14:20:52] NULL
INFO [2018-05-29 14:20:52] 
INFO [2018-05-29 14:20:52] $fill
INFO [2018-05-29 14:20:52] pal[1:3]
INFO [2018-05-29 14:20:52] 
INFO [2018-05-29 14:20:52] $main.cex
INFO [2018-05-29 14:20:52] [1] 3
INFO [2018-05-29 14:20:52] 
INFO [2018-05-29 14:20:52] $cat.cex
INFO [2018-05-29 14:20:52] [1] 2.7
INFO [2018-05-29 14:20:52] 
INFO [2018-05-29 14:20:52] $cex
INFO [2018-05-29 14:20:52] [1] 2.7
INFO [2018-05-29 14:20:52] 
INFO [2018-05-29 14:20:52] $lty
INFO [2018-05-29 14:20:52] [1] 1
INFO [2018-05-29 14:20:52] 
INFO [2018-05-29 14:20:52] $height
INFO [2018-05-29 14:20:52] [1] 2000
INFO [2018-05-29 14:20:52] 
INFO [2018-05-29 14:20:52] $width
INFO [2018-05-29 14:20:52] [1] 2000
INFO [2018-05-29 14:20:52] 
INFO [2018-05-29 14:20:52] $fontfamily
INFO [2018-05-29 14:20:52] [1] "sans"
INFO [2018-05-29 14:20:52] 
INFO [2018-05-29 14:20:52] $cat.fontfamily
INFO [2018-05-29 14:20:52] [1] "sans"
INFO [2018-05-29 14:20:52] 
INFO [2018-05-29 14:20:52] $main.fontfamily
INFO [2018-05-29 14:20:52] [1] "sans"
INFO [2018-05-29 14:20:52] 
INFO [2018-05-29 14:20:52] $cat.fontface
INFO [2018-05-29 14:20:52] [1] "bold"
INFO [2018-05-29 14:20:52] 
INFO [2018-05-29 14:20:52] $main.fontface
INFO [2018-05-29 14:20:52] [1] "bold"
INFO [2018-05-29 14:20:52] 
