INFO [2018-05-08 16:15:50] [[1]]
INFO [2018-05-08 16:15:50] mylist
INFO [2018-05-08 16:15:50] 
INFO [2018-05-08 16:15:50] $filename
INFO [2018-05-08 16:15:50] NULL
INFO [2018-05-08 16:15:50] 
INFO [2018-05-08 16:15:50] $fill
INFO [2018-05-08 16:15:50] pal[1:4]
INFO [2018-05-08 16:15:50] 
INFO [2018-05-08 16:15:50] $main.cex
INFO [2018-05-08 16:15:50] [1] 3
INFO [2018-05-08 16:15:50] 
INFO [2018-05-08 16:15:50] $cat.cex
INFO [2018-05-08 16:15:50] [1] 2.7
INFO [2018-05-08 16:15:50] 
INFO [2018-05-08 16:15:50] $cex
INFO [2018-05-08 16:15:50] [1] 2.7
INFO [2018-05-08 16:15:50] 
INFO [2018-05-08 16:15:50] $lty
INFO [2018-05-08 16:15:50] [1] 1
INFO [2018-05-08 16:15:50] 
INFO [2018-05-08 16:15:50] $height
INFO [2018-05-08 16:15:50] [1] 2000
INFO [2018-05-08 16:15:50] 
INFO [2018-05-08 16:15:50] $width
INFO [2018-05-08 16:15:50] [1] 2000
INFO [2018-05-08 16:15:50] 
INFO [2018-05-08 16:15:50] $fontfamily
INFO [2018-05-08 16:15:50] [1] "sans"
INFO [2018-05-08 16:15:50] 
INFO [2018-05-08 16:15:50] $cat.fontfamily
INFO [2018-05-08 16:15:50] [1] "sans"
INFO [2018-05-08 16:15:50] 
INFO [2018-05-08 16:15:50] $main.fontfamily
INFO [2018-05-08 16:15:50] [1] "sans"
INFO [2018-05-08 16:15:50] 
INFO [2018-05-08 16:15:50] $cat.fontface
INFO [2018-05-08 16:15:50] [1] "bold"
INFO [2018-05-08 16:15:50] 
INFO [2018-05-08 16:15:50] $main.fontface
INFO [2018-05-08 16:15:50] [1] "bold"
INFO [2018-05-08 16:15:50] 
INFO [2018-05-08 16:15:50] [[1]]
INFO [2018-05-08 16:15:50] mylist
INFO [2018-05-08 16:15:50] 
INFO [2018-05-08 16:15:50] $filename
INFO [2018-05-08 16:15:50] NULL
INFO [2018-05-08 16:15:50] 
INFO [2018-05-08 16:15:50] $fill
INFO [2018-05-08 16:15:50] pal[1:4]
INFO [2018-05-08 16:15:50] 
INFO [2018-05-08 16:15:50] $main.cex
INFO [2018-05-08 16:15:50] [1] 3
INFO [2018-05-08 16:15:50] 
INFO [2018-05-08 16:15:50] $cat.cex
INFO [2018-05-08 16:15:50] [1] 2.7
INFO [2018-05-08 16:15:50] 
INFO [2018-05-08 16:15:50] $cex
INFO [2018-05-08 16:15:50] [1] 2.7
INFO [2018-05-08 16:15:50] 
INFO [2018-05-08 16:15:50] $lty
INFO [2018-05-08 16:15:50] [1] 1
INFO [2018-05-08 16:15:50] 
INFO [2018-05-08 16:15:50] $height
INFO [2018-05-08 16:15:50] [1] 2000
INFO [2018-05-08 16:15:50] 
INFO [2018-05-08 16:15:50] $width
INFO [2018-05-08 16:15:50] [1] 2000
INFO [2018-05-08 16:15:50] 
INFO [2018-05-08 16:15:50] $fontfamily
INFO [2018-05-08 16:15:50] [1] "sans"
INFO [2018-05-08 16:15:50] 
INFO [2018-05-08 16:15:50] $cat.fontfamily
INFO [2018-05-08 16:15:50] [1] "sans"
INFO [2018-05-08 16:15:50] 
INFO [2018-05-08 16:15:50] $main.fontfamily
INFO [2018-05-08 16:15:50] [1] "sans"
INFO [2018-05-08 16:15:50] 
INFO [2018-05-08 16:15:50] $cat.fontface
INFO [2018-05-08 16:15:50] [1] "bold"
INFO [2018-05-08 16:15:50] 
INFO [2018-05-08 16:15:50] $main.fontface
INFO [2018-05-08 16:15:50] [1] "bold"
INFO [2018-05-08 16:15:50] 
INFO [2018-05-08 16:15:50] [[1]]
INFO [2018-05-08 16:15:50] mylist
INFO [2018-05-08 16:15:50] 
INFO [2018-05-08 16:15:50] $filename
INFO [2018-05-08 16:15:50] NULL
INFO [2018-05-08 16:15:50] 
INFO [2018-05-08 16:15:50] $fill
INFO [2018-05-08 16:15:50] pal[1:4]
INFO [2018-05-08 16:15:50] 
INFO [2018-05-08 16:15:50] $main.cex
INFO [2018-05-08 16:15:50] [1] 3
INFO [2018-05-08 16:15:50] 
INFO [2018-05-08 16:15:50] $cat.cex
INFO [2018-05-08 16:15:50] [1] 2.7
INFO [2018-05-08 16:15:50] 
INFO [2018-05-08 16:15:50] $cex
INFO [2018-05-08 16:15:50] [1] 2.7
INFO [2018-05-08 16:15:50] 
INFO [2018-05-08 16:15:50] $lty
INFO [2018-05-08 16:15:50] [1] 1
INFO [2018-05-08 16:15:50] 
INFO [2018-05-08 16:15:50] $height
INFO [2018-05-08 16:15:50] [1] 2000
INFO [2018-05-08 16:15:50] 
INFO [2018-05-08 16:15:50] $width
INFO [2018-05-08 16:15:50] [1] 2000
INFO [2018-05-08 16:15:50] 
INFO [2018-05-08 16:15:50] $fontfamily
INFO [2018-05-08 16:15:50] [1] "sans"
INFO [2018-05-08 16:15:50] 
INFO [2018-05-08 16:15:50] $cat.fontfamily
INFO [2018-05-08 16:15:50] [1] "sans"
INFO [2018-05-08 16:15:50] 
INFO [2018-05-08 16:15:50] $main.fontfamily
INFO [2018-05-08 16:15:50] [1] "sans"
INFO [2018-05-08 16:15:50] 
INFO [2018-05-08 16:15:50] $cat.fontface
INFO [2018-05-08 16:15:50] [1] "bold"
INFO [2018-05-08 16:15:50] 
INFO [2018-05-08 16:15:50] $main.fontface
INFO [2018-05-08 16:15:50] [1] "bold"
INFO [2018-05-08 16:15:50] 
INFO [2018-05-08 16:15:50] [[1]]
INFO [2018-05-08 16:15:50] mylist
INFO [2018-05-08 16:15:50] 
INFO [2018-05-08 16:15:50] $filename
INFO [2018-05-08 16:15:50] NULL
INFO [2018-05-08 16:15:50] 
INFO [2018-05-08 16:15:50] $fill
INFO [2018-05-08 16:15:50] pal[1:4]
INFO [2018-05-08 16:15:50] 
INFO [2018-05-08 16:15:50] $main.cex
INFO [2018-05-08 16:15:50] [1] 3
INFO [2018-05-08 16:15:50] 
INFO [2018-05-08 16:15:50] $cat.cex
INFO [2018-05-08 16:15:50] [1] 2.7
INFO [2018-05-08 16:15:50] 
INFO [2018-05-08 16:15:50] $cex
INFO [2018-05-08 16:15:50] [1] 2.7
INFO [2018-05-08 16:15:50] 
INFO [2018-05-08 16:15:50] $lty
INFO [2018-05-08 16:15:50] [1] 1
INFO [2018-05-08 16:15:50] 
INFO [2018-05-08 16:15:50] $height
INFO [2018-05-08 16:15:50] [1] 2000
INFO [2018-05-08 16:15:50] 
INFO [2018-05-08 16:15:50] $width
INFO [2018-05-08 16:15:50] [1] 2000
INFO [2018-05-08 16:15:50] 
INFO [2018-05-08 16:15:50] $fontfamily
INFO [2018-05-08 16:15:50] [1] "sans"
INFO [2018-05-08 16:15:50] 
INFO [2018-05-08 16:15:50] $cat.fontfamily
INFO [2018-05-08 16:15:50] [1] "sans"
INFO [2018-05-08 16:15:50] 
INFO [2018-05-08 16:15:50] $main.fontfamily
INFO [2018-05-08 16:15:50] [1] "sans"
INFO [2018-05-08 16:15:50] 
INFO [2018-05-08 16:15:50] $cat.fontface
INFO [2018-05-08 16:15:50] [1] "bold"
INFO [2018-05-08 16:15:50] 
INFO [2018-05-08 16:15:50] $main.fontface
INFO [2018-05-08 16:15:50] [1] "bold"
INFO [2018-05-08 16:15:50] 
