INFO [2018-04-05 10:17:29] [[1]]
INFO [2018-04-05 10:17:29] mylist
INFO [2018-04-05 10:17:29] 
INFO [2018-04-05 10:17:29] $filename
INFO [2018-04-05 10:17:29] NULL
INFO [2018-04-05 10:17:29] 
INFO [2018-04-05 10:17:29] $filetype
INFO [2018-04-05 10:17:29] [1] "tiff"
INFO [2018-04-05 10:17:29] 
INFO [2018-04-05 10:17:29] $lwd
INFO [2018-04-05 10:17:29] [1] 0.5
INFO [2018-04-05 10:17:29] 
INFO [2018-04-05 10:17:29] $main
INFO [2018-04-05 10:17:29] name_file
INFO [2018-04-05 10:17:29] 
INFO [2018-04-05 10:17:29] $main.cex
INFO [2018-04-05 10:17:29] [1] 3
INFO [2018-04-05 10:17:29] 
INFO [2018-04-05 10:17:29] $cat.cex
INFO [2018-04-05 10:17:29] [1] 2.5
INFO [2018-04-05 10:17:29] 
INFO [2018-04-05 10:17:29] $cex
INFO [2018-04-05 10:17:29] [1] 2.5
INFO [2018-04-05 10:17:29] 
INFO [2018-04-05 10:17:29] $fill
INFO [2018-04-05 10:17:29] pal[1:3]
INFO [2018-04-05 10:17:29] 
INFO [2018-04-05 10:17:29] $lty
INFO [2018-04-05 10:17:29] [1] 1
INFO [2018-04-05 10:17:29] 
INFO [2018-04-05 10:17:29] $height
INFO [2018-04-05 10:17:29] [1] 20000
INFO [2018-04-05 10:17:29] 
INFO [2018-04-05 10:17:29] $width
INFO [2018-04-05 10:17:29] [1] 2e+05
INFO [2018-04-05 10:17:29] 
INFO [2018-04-05 10:17:29] $fontfamily
INFO [2018-04-05 10:17:29] [1] "sans"
INFO [2018-04-05 10:17:29] 
INFO [2018-04-05 10:17:29] $cat.fontfamily
INFO [2018-04-05 10:17:29] [1] "sans"
INFO [2018-04-05 10:17:29] 
INFO [2018-04-05 10:17:29] $main.fontfamily
INFO [2018-04-05 10:17:29] [1] "sans"
INFO [2018-04-05 10:17:29] 
INFO [2018-04-05 10:17:29] $cat.fontface
INFO [2018-04-05 10:17:29] [1] "bold"
INFO [2018-04-05 10:17:29] 
INFO [2018-04-05 10:17:29] $main.fontface
INFO [2018-04-05 10:17:29] [1] "bold"
INFO [2018-04-05 10:17:29] 
INFO [2018-04-05 10:17:29] $cat.dist
INFO [2018-04-05 10:17:29] -0.045
INFO [2018-04-05 10:17:29] 
