INFO [2018-06-04 10:38:27] [[1]]
INFO [2018-06-04 10:38:27] mylist
INFO [2018-06-04 10:38:27] 
INFO [2018-06-04 10:38:27] $filename
INFO [2018-06-04 10:38:27] NULL
INFO [2018-06-04 10:38:27] 
INFO [2018-06-04 10:38:27] $main
INFO [2018-06-04 10:38:27] [1] "DE genes between Heart and Liver (FDR 1%)"
INFO [2018-06-04 10:38:27] 
INFO [2018-06-04 10:38:27] $cex
INFO [2018-06-04 10:38:27] [1] 1.5
INFO [2018-06-04 10:38:27] 
INFO [2018-06-04 10:38:27] $fill
INFO [2018-06-04 10:38:27] pal[1:3]
INFO [2018-06-04 10:38:27] 
INFO [2018-06-04 10:38:27] $lty
INFO [2018-06-04 10:38:27] [1] 1
INFO [2018-06-04 10:38:27] 
INFO [2018-06-04 10:38:27] $height
INFO [2018-06-04 10:38:27] [1] 2000
INFO [2018-06-04 10:38:27] 
INFO [2018-06-04 10:38:27] $width
INFO [2018-06-04 10:38:27] [1] 3000
INFO [2018-06-04 10:38:27] 
INFO [2018-06-04 10:38:27] [[1]]
INFO [2018-06-04 10:38:27] mylist
INFO [2018-06-04 10:38:27] 
INFO [2018-06-04 10:38:27] $filename
INFO [2018-06-04 10:38:27] NULL
INFO [2018-06-04 10:38:27] 
INFO [2018-06-04 10:38:27] $main
INFO [2018-06-04 10:38:27] [1] "DE genes between Heart and Lung (FDR 1%)"
INFO [2018-06-04 10:38:27] 
INFO [2018-06-04 10:38:27] $cex
INFO [2018-06-04 10:38:27] [1] 1.5
INFO [2018-06-04 10:38:27] 
INFO [2018-06-04 10:38:27] $fill
INFO [2018-06-04 10:38:27] pal[1:3]
INFO [2018-06-04 10:38:27] 
INFO [2018-06-04 10:38:27] $lty
INFO [2018-06-04 10:38:27] [1] 1
INFO [2018-06-04 10:38:27] 
INFO [2018-06-04 10:38:27] $height
INFO [2018-06-04 10:38:27] [1] 2000
INFO [2018-06-04 10:38:27] 
INFO [2018-06-04 10:38:27] $width
INFO [2018-06-04 10:38:27] [1] 3000
INFO [2018-06-04 10:38:27] 
INFO [2018-06-04 10:38:27] [[1]]
INFO [2018-06-04 10:38:27] mylist
INFO [2018-06-04 10:38:27] 
INFO [2018-06-04 10:38:27] $filename
INFO [2018-06-04 10:38:27] NULL
INFO [2018-06-04 10:38:27] 
INFO [2018-06-04 10:38:27] $main
INFO [2018-06-04 10:38:27] [1] "DE genes between Heart and Kidney (FDR 1%)"
INFO [2018-06-04 10:38:27] 
INFO [2018-06-04 10:38:27] $cex
INFO [2018-06-04 10:38:27] [1] 1.5
INFO [2018-06-04 10:38:27] 
INFO [2018-06-04 10:38:27] $fill
INFO [2018-06-04 10:38:27] pal[1:3]
INFO [2018-06-04 10:38:27] 
INFO [2018-06-04 10:38:27] $lty
INFO [2018-06-04 10:38:27] [1] 1
INFO [2018-06-04 10:38:27] 
INFO [2018-06-04 10:38:27] $height
INFO [2018-06-04 10:38:27] [1] 2000
INFO [2018-06-04 10:38:27] 
INFO [2018-06-04 10:38:27] $width
INFO [2018-06-04 10:38:27] [1] 3000
INFO [2018-06-04 10:38:27] 
INFO [2018-06-04 10:38:27] [[1]]
INFO [2018-06-04 10:38:27] mylist
INFO [2018-06-04 10:38:27] 
INFO [2018-06-04 10:38:27] $filename
INFO [2018-06-04 10:38:27] NULL
INFO [2018-06-04 10:38:27] 
INFO [2018-06-04 10:38:27] $main
INFO [2018-06-04 10:38:27] [1] "DE genes between Liver and Lung (FDR 1%)"
INFO [2018-06-04 10:38:27] 
INFO [2018-06-04 10:38:27] $cex
INFO [2018-06-04 10:38:27] [1] 1.5
INFO [2018-06-04 10:38:27] 
INFO [2018-06-04 10:38:27] $fill
INFO [2018-06-04 10:38:27] pal[1:3]
INFO [2018-06-04 10:38:27] 
INFO [2018-06-04 10:38:27] $lty
INFO [2018-06-04 10:38:27] [1] 1
INFO [2018-06-04 10:38:27] 
INFO [2018-06-04 10:38:27] $height
INFO [2018-06-04 10:38:27] [1] 2000
INFO [2018-06-04 10:38:27] 
INFO [2018-06-04 10:38:27] $width
INFO [2018-06-04 10:38:27] [1] 3000
INFO [2018-06-04 10:38:27] 
INFO [2018-06-04 10:38:27] [[1]]
INFO [2018-06-04 10:38:27] mylist
INFO [2018-06-04 10:38:27] 
INFO [2018-06-04 10:38:27] $filename
INFO [2018-06-04 10:38:27] NULL
INFO [2018-06-04 10:38:27] 
INFO [2018-06-04 10:38:27] $main
INFO [2018-06-04 10:38:27] [1] "DE genes between Liver and Kidney (FDR 1%)"
INFO [2018-06-04 10:38:27] 
INFO [2018-06-04 10:38:27] $cex
INFO [2018-06-04 10:38:27] [1] 1.5
INFO [2018-06-04 10:38:27] 
INFO [2018-06-04 10:38:27] $lty
INFO [2018-06-04 10:38:27] [1] 1
INFO [2018-06-04 10:38:27] 
INFO [2018-06-04 10:38:27] $height
INFO [2018-06-04 10:38:27] [1] 2000
INFO [2018-06-04 10:38:27] 
INFO [2018-06-04 10:38:27] $width
INFO [2018-06-04 10:38:27] [1] 3000
INFO [2018-06-04 10:38:27] 
INFO [2018-06-04 10:38:27] [[1]]
INFO [2018-06-04 10:38:27] mylist
INFO [2018-06-04 10:38:27] 
INFO [2018-06-04 10:38:27] $filename
INFO [2018-06-04 10:38:27] NULL
INFO [2018-06-04 10:38:27] 
INFO [2018-06-04 10:38:27] $main
INFO [2018-06-04 10:38:27] [1] "DE genes between Lung and Kidney (FDR 1%)"
INFO [2018-06-04 10:38:27] 
INFO [2018-06-04 10:38:27] $cex
INFO [2018-06-04 10:38:27] [1] 1.5
INFO [2018-06-04 10:38:27] 
INFO [2018-06-04 10:38:27] $fill
INFO [2018-06-04 10:38:27] pal[1:3]
INFO [2018-06-04 10:38:27] 
INFO [2018-06-04 10:38:27] $lty
INFO [2018-06-04 10:38:27] [1] 1
INFO [2018-06-04 10:38:27] 
INFO [2018-06-04 10:38:27] $height
INFO [2018-06-04 10:38:27] [1] 2000
INFO [2018-06-04 10:38:27] 
INFO [2018-06-04 10:38:27] $width
INFO [2018-06-04 10:38:27] [1] 3000
INFO [2018-06-04 10:38:27] 
