INFO [2018-04-26 14:03:27] [[1]]
INFO [2018-04-26 14:03:27] mylist
INFO [2018-04-26 14:03:27] 
INFO [2018-04-26 14:03:27] $filename
INFO [2018-04-26 14:03:27] NULL
INFO [2018-04-26 14:03:27] 
INFO [2018-04-26 14:03:27] $fill
INFO [2018-04-26 14:03:27] pal[1:3]
INFO [2018-04-26 14:03:27] 
INFO [2018-04-26 14:03:27] $main.cex
INFO [2018-04-26 14:03:27] [1] 3
INFO [2018-04-26 14:03:27] 
INFO [2018-04-26 14:03:27] $cat.cex
INFO [2018-04-26 14:03:27] [1] 2.5
INFO [2018-04-26 14:03:27] 
INFO [2018-04-26 14:03:27] $cex
INFO [2018-04-26 14:03:27] [1] 2.5
INFO [2018-04-26 14:03:27] 
INFO [2018-04-26 14:03:27] $lty
INFO [2018-04-26 14:03:27] [1] 1
INFO [2018-04-26 14:03:27] 
INFO [2018-04-26 14:03:27] $height
INFO [2018-04-26 14:03:27] [1] 2000
INFO [2018-04-26 14:03:27] 
INFO [2018-04-26 14:03:27] $width
INFO [2018-04-26 14:03:27] [1] 2000
INFO [2018-04-26 14:03:27] 
INFO [2018-04-26 14:03:27] $fontfamily
INFO [2018-04-26 14:03:27] [1] "sans"
INFO [2018-04-26 14:03:27] 
INFO [2018-04-26 14:03:27] $cat.fontfamily
INFO [2018-04-26 14:03:27] [1] "sans"
INFO [2018-04-26 14:03:27] 
INFO [2018-04-26 14:03:27] $main.fontfamily
INFO [2018-04-26 14:03:27] [1] "sans"
INFO [2018-04-26 14:03:27] 
INFO [2018-04-26 14:03:27] $cat.fontface
INFO [2018-04-26 14:03:27] [1] "bold"
INFO [2018-04-26 14:03:27] 
INFO [2018-04-26 14:03:27] $main.fontface
INFO [2018-04-26 14:03:27] [1] "bold"
INFO [2018-04-26 14:03:27] 
