INFO [2018-05-08 16:15:59] [[1]]
INFO [2018-05-08 16:15:59] mylist
INFO [2018-05-08 16:15:59] 
INFO [2018-05-08 16:15:59] $filename
INFO [2018-05-08 16:15:59] NULL
INFO [2018-05-08 16:15:59] 
INFO [2018-05-08 16:15:59] $main
INFO [2018-05-08 16:15:59] [1] "Downregulated in Chimps relative to Rhesus (FSR 1%)"
INFO [2018-05-08 16:15:59] 
INFO [2018-05-08 16:15:59] $main.cex
INFO [2018-05-08 16:15:59] [1] 2
INFO [2018-05-08 16:15:59] 
INFO [2018-05-08 16:15:59] $cat.cex
INFO [2018-05-08 16:15:59] [1] 1.5
INFO [2018-05-08 16:15:59] 
INFO [2018-05-08 16:15:59] $cex
INFO [2018-05-08 16:15:59] [1] 2.5
INFO [2018-05-08 16:15:59] 
INFO [2018-05-08 16:15:59] $fill
INFO [2018-05-08 16:15:59] pal[1:4]
INFO [2018-05-08 16:15:59] 
INFO [2018-05-08 16:15:59] $lty
INFO [2018-05-08 16:15:59] [1] 1
INFO [2018-05-08 16:15:59] 
INFO [2018-05-08 16:15:59] $height
INFO [2018-05-08 16:15:59] [1] 2000
INFO [2018-05-08 16:15:59] 
INFO [2018-05-08 16:15:59] $width
INFO [2018-05-08 16:15:59] [1] 3000
INFO [2018-05-08 16:15:59] 
INFO [2018-05-08 16:15:59] [[1]]
INFO [2018-05-08 16:15:59] mylist
INFO [2018-05-08 16:15:59] 
INFO [2018-05-08 16:15:59] $filename
INFO [2018-05-08 16:15:59] NULL
INFO [2018-05-08 16:15:59] 
INFO [2018-05-08 16:15:59] $fill
INFO [2018-05-08 16:15:59] pal[1:3]
INFO [2018-05-08 16:15:59] 
INFO [2018-05-08 16:15:59] $main.cex
INFO [2018-05-08 16:15:59] [1] 3
INFO [2018-05-08 16:15:59] 
INFO [2018-05-08 16:15:59] $cat.cex
INFO [2018-05-08 16:15:59] [1] 3
INFO [2018-05-08 16:15:59] 
INFO [2018-05-08 16:15:59] $cex
INFO [2018-05-08 16:15:59] [1] 3.5
INFO [2018-05-08 16:15:59] 
INFO [2018-05-08 16:15:59] $lty
INFO [2018-05-08 16:15:59] [1] 1
INFO [2018-05-08 16:15:59] 
INFO [2018-05-08 16:15:59] $height
INFO [2018-05-08 16:15:59] [1] 2000
INFO [2018-05-08 16:15:59] 
INFO [2018-05-08 16:15:59] $width
INFO [2018-05-08 16:15:59] [1] 2000
INFO [2018-05-08 16:15:59] 
INFO [2018-05-08 16:15:59] $fontfamily
INFO [2018-05-08 16:15:59] [1] "sans"
INFO [2018-05-08 16:15:59] 
INFO [2018-05-08 16:15:59] $cat.fontfamily
INFO [2018-05-08 16:15:59] [1] "sans"
INFO [2018-05-08 16:15:59] 
INFO [2018-05-08 16:15:59] $main.fontfamily
INFO [2018-05-08 16:15:59] [1] "sans"
INFO [2018-05-08 16:15:59] 
INFO [2018-05-08 16:15:59] $cat.fontface
INFO [2018-05-08 16:15:59] [1] "bold"
INFO [2018-05-08 16:15:59] 
INFO [2018-05-08 16:15:59] $main.fontface
INFO [2018-05-08 16:15:59] [1] "bold"
INFO [2018-05-08 16:15:59] 
INFO [2018-05-08 16:15:59] $cat.dist
INFO [2018-05-08 16:15:59] [1] 0.05
INFO [2018-05-08 16:15:59] 
INFO [2018-05-08 16:15:59] [[1]]
INFO [2018-05-08 16:15:59] mylist
INFO [2018-05-08 16:15:59] 
INFO [2018-05-08 16:15:59] $filename
INFO [2018-05-08 16:15:59] NULL
INFO [2018-05-08 16:15:59] 
INFO [2018-05-08 16:15:59] $fill
INFO [2018-05-08 16:15:59] pal[1:3]
INFO [2018-05-08 16:15:59] 
INFO [2018-05-08 16:15:59] $main.cex
INFO [2018-05-08 16:15:59] [1] 3
INFO [2018-05-08 16:15:59] 
INFO [2018-05-08 16:15:59] $cat.cex
INFO [2018-05-08 16:15:59] [1] 3
INFO [2018-05-08 16:15:59] 
INFO [2018-05-08 16:15:59] $cex
INFO [2018-05-08 16:15:59] [1] 3.5
INFO [2018-05-08 16:15:59] 
INFO [2018-05-08 16:15:59] $lty
INFO [2018-05-08 16:15:59] [1] 1
INFO [2018-05-08 16:15:59] 
INFO [2018-05-08 16:15:59] $height
INFO [2018-05-08 16:15:59] [1] 2000
INFO [2018-05-08 16:15:59] 
INFO [2018-05-08 16:15:59] $width
INFO [2018-05-08 16:15:59] [1] 2000
INFO [2018-05-08 16:15:59] 
INFO [2018-05-08 16:15:59] $fontfamily
INFO [2018-05-08 16:15:59] [1] "sans"
INFO [2018-05-08 16:15:59] 
INFO [2018-05-08 16:15:59] $cat.fontfamily
INFO [2018-05-08 16:15:59] [1] "sans"
INFO [2018-05-08 16:15:59] 
INFO [2018-05-08 16:15:59] $main.fontfamily
INFO [2018-05-08 16:15:59] [1] "sans"
INFO [2018-05-08 16:15:59] 
INFO [2018-05-08 16:15:59] $cat.fontface
INFO [2018-05-08 16:15:59] [1] "bold"
INFO [2018-05-08 16:15:59] 
INFO [2018-05-08 16:15:59] $main.fontface
INFO [2018-05-08 16:15:59] [1] "bold"
INFO [2018-05-08 16:15:59] 
INFO [2018-05-08 16:15:59] $cat.dist
INFO [2018-05-08 16:15:59] [1] 0.05
INFO [2018-05-08 16:15:59] 
INFO [2018-05-08 16:15:59] [[1]]
INFO [2018-05-08 16:15:59] mylist
INFO [2018-05-08 16:15:59] 
INFO [2018-05-08 16:15:59] $filename
INFO [2018-05-08 16:15:59] NULL
INFO [2018-05-08 16:15:59] 
INFO [2018-05-08 16:15:59] $fill
INFO [2018-05-08 16:15:59] pal[1:3]
INFO [2018-05-08 16:15:59] 
INFO [2018-05-08 16:15:59] $main.cex
INFO [2018-05-08 16:15:59] [1] 3
INFO [2018-05-08 16:15:59] 
INFO [2018-05-08 16:15:59] $cat.cex
INFO [2018-05-08 16:15:59] [1] 3
INFO [2018-05-08 16:15:59] 
INFO [2018-05-08 16:15:59] $cex
INFO [2018-05-08 16:15:59] [1] 3.5
INFO [2018-05-08 16:15:59] 
INFO [2018-05-08 16:15:59] $lty
INFO [2018-05-08 16:15:59] [1] 1
INFO [2018-05-08 16:15:59] 
INFO [2018-05-08 16:15:59] $height
INFO [2018-05-08 16:15:59] [1] 2000
INFO [2018-05-08 16:15:59] 
INFO [2018-05-08 16:15:59] $width
INFO [2018-05-08 16:15:59] [1] 2000
INFO [2018-05-08 16:15:59] 
INFO [2018-05-08 16:15:59] $fontfamily
INFO [2018-05-08 16:15:59] [1] "sans"
INFO [2018-05-08 16:15:59] 
INFO [2018-05-08 16:15:59] $cat.fontfamily
INFO [2018-05-08 16:15:59] [1] "sans"
INFO [2018-05-08 16:15:59] 
INFO [2018-05-08 16:15:59] $main.fontfamily
INFO [2018-05-08 16:15:59] [1] "sans"
INFO [2018-05-08 16:15:59] 
INFO [2018-05-08 16:15:59] $cat.fontface
INFO [2018-05-08 16:15:59] [1] "bold"
INFO [2018-05-08 16:15:59] 
INFO [2018-05-08 16:15:59] $main.fontface
INFO [2018-05-08 16:15:59] [1] "bold"
INFO [2018-05-08 16:15:59] 
INFO [2018-05-08 16:15:59] $cat.dist
INFO [2018-05-08 16:15:59] [1] 0.05
INFO [2018-05-08 16:15:59] 
INFO [2018-05-08 16:15:59] [[1]]
INFO [2018-05-08 16:15:59] mylist
INFO [2018-05-08 16:15:59] 
INFO [2018-05-08 16:15:59] $filename
INFO [2018-05-08 16:15:59] NULL
INFO [2018-05-08 16:15:59] 
INFO [2018-05-08 16:15:59] $fill
INFO [2018-05-08 16:15:59] pal[1:3]
INFO [2018-05-08 16:15:59] 
INFO [2018-05-08 16:15:59] $main.cex
INFO [2018-05-08 16:15:59] [1] 3
INFO [2018-05-08 16:15:59] 
INFO [2018-05-08 16:15:59] $cat.cex
INFO [2018-05-08 16:15:59] [1] 3
INFO [2018-05-08 16:15:59] 
INFO [2018-05-08 16:15:59] $cex
INFO [2018-05-08 16:15:59] [1] 3.5
INFO [2018-05-08 16:15:59] 
INFO [2018-05-08 16:15:59] $lty
INFO [2018-05-08 16:15:59] [1] 1
INFO [2018-05-08 16:15:59] 
INFO [2018-05-08 16:15:59] $height
INFO [2018-05-08 16:15:59] [1] 2000
INFO [2018-05-08 16:15:59] 
INFO [2018-05-08 16:15:59] $width
INFO [2018-05-08 16:15:59] [1] 2000
INFO [2018-05-08 16:15:59] 
INFO [2018-05-08 16:15:59] $fontfamily
INFO [2018-05-08 16:15:59] [1] "sans"
INFO [2018-05-08 16:15:59] 
INFO [2018-05-08 16:15:59] $cat.fontfamily
INFO [2018-05-08 16:15:59] [1] "sans"
INFO [2018-05-08 16:15:59] 
INFO [2018-05-08 16:15:59] $main.fontfamily
INFO [2018-05-08 16:15:59] [1] "sans"
INFO [2018-05-08 16:15:59] 
INFO [2018-05-08 16:15:59] $cat.fontface
INFO [2018-05-08 16:15:59] [1] "bold"
INFO [2018-05-08 16:15:59] 
INFO [2018-05-08 16:15:59] $main.fontface
INFO [2018-05-08 16:15:59] [1] "bold"
INFO [2018-05-08 16:15:59] 
INFO [2018-05-08 16:15:59] $cat.dist
INFO [2018-05-08 16:15:59] [1] 0.05
INFO [2018-05-08 16:15:59] 
INFO [2018-05-08 16:15:59] [[1]]
INFO [2018-05-08 16:15:59] mylist
INFO [2018-05-08 16:15:59] 
INFO [2018-05-08 16:15:59] $filename
INFO [2018-05-08 16:15:59] NULL
INFO [2018-05-08 16:15:59] 
INFO [2018-05-08 16:15:59] $fill
INFO [2018-05-08 16:15:59] pal[1:3]
INFO [2018-05-08 16:15:59] 
INFO [2018-05-08 16:15:59] $main.cex
INFO [2018-05-08 16:15:59] [1] 3
INFO [2018-05-08 16:15:59] 
INFO [2018-05-08 16:15:59] $cat.cex
INFO [2018-05-08 16:15:59] [1] 3
INFO [2018-05-08 16:15:59] 
INFO [2018-05-08 16:15:59] $cex
INFO [2018-05-08 16:15:59] [1] 3.5
INFO [2018-05-08 16:15:59] 
INFO [2018-05-08 16:15:59] $lty
INFO [2018-05-08 16:15:59] [1] 1
INFO [2018-05-08 16:15:59] 
INFO [2018-05-08 16:15:59] $height
INFO [2018-05-08 16:15:59] [1] 2000
INFO [2018-05-08 16:15:59] 
INFO [2018-05-08 16:15:59] $width
INFO [2018-05-08 16:15:59] [1] 2000
INFO [2018-05-08 16:15:59] 
INFO [2018-05-08 16:15:59] $fontfamily
INFO [2018-05-08 16:15:59] [1] "sans"
INFO [2018-05-08 16:15:59] 
INFO [2018-05-08 16:15:59] $cat.fontfamily
INFO [2018-05-08 16:15:59] [1] "sans"
INFO [2018-05-08 16:15:59] 
INFO [2018-05-08 16:15:59] $main.fontfamily
INFO [2018-05-08 16:15:59] [1] "sans"
INFO [2018-05-08 16:15:59] 
INFO [2018-05-08 16:15:59] $cat.fontface
INFO [2018-05-08 16:15:59] [1] "bold"
INFO [2018-05-08 16:15:59] 
INFO [2018-05-08 16:15:59] $main.fontface
INFO [2018-05-08 16:15:59] [1] "bold"
INFO [2018-05-08 16:15:59] 
INFO [2018-05-08 16:15:59] $cat.dist
INFO [2018-05-08 16:15:59] [1] 0.05
INFO [2018-05-08 16:15:59] 
