INFO [2018-02-25 16:15:41] [[1]]
INFO [2018-02-25 16:15:41] mylist
INFO [2018-02-25 16:15:41] 
INFO [2018-02-25 16:15:41] $filename
INFO [2018-02-25 16:15:41] NULL
INFO [2018-02-25 16:15:41] 
INFO [2018-02-25 16:15:41] $main
INFO [2018-02-25 16:15:41] [1] "DE genes between Liver and Kidney (FDR 1%)"
INFO [2018-02-25 16:15:41] 
INFO [2018-02-25 16:15:41] $cex
INFO [2018-02-25 16:15:41] [1] 1.5
INFO [2018-02-25 16:15:41] 
INFO [2018-02-25 16:15:41] $lty
INFO [2018-02-25 16:15:41] [1] 1
INFO [2018-02-25 16:15:41] 
INFO [2018-02-25 16:15:41] $height
INFO [2018-02-25 16:15:41] [1] 2000
INFO [2018-02-25 16:15:41] 
INFO [2018-02-25 16:15:41] $width
INFO [2018-02-25 16:15:41] [1] 3000
INFO [2018-02-25 16:15:41] 
