INFO [2018-02-23 18:00:59] [[1]]
INFO [2018-02-23 18:00:59] mylist
INFO [2018-02-23 18:00:59] 
INFO [2018-02-23 18:00:59] $filename
INFO [2018-02-23 18:00:59] NULL
INFO [2018-02-23 18:00:59] 
INFO [2018-02-23 18:00:59] $main
INFO [2018-02-23 18:00:59] name_file
INFO [2018-02-23 18:00:59] 
INFO [2018-02-23 18:00:59] $main.cex
INFO [2018-02-23 18:00:59] [1] 2
INFO [2018-02-23 18:00:59] 
INFO [2018-02-23 18:00:59] $cat.cex
INFO [2018-02-23 18:00:59] [1] 1.5
INFO [2018-02-23 18:00:59] 
INFO [2018-02-23 18:00:59] $cex
INFO [2018-02-23 18:00:59] [1] 2.5
INFO [2018-02-23 18:00:59] 
INFO [2018-02-23 18:00:59] $fill
INFO [2018-02-23 18:00:59] pal[1:3]
INFO [2018-02-23 18:00:59] 
INFO [2018-02-23 18:00:59] $lty
INFO [2018-02-23 18:00:59] [1] 1
INFO [2018-02-23 18:00:59] 
INFO [2018-02-23 18:00:59] $height
INFO [2018-02-23 18:00:59] [1] 2000
INFO [2018-02-23 18:00:59] 
INFO [2018-02-23 18:00:59] $width
INFO [2018-02-23 18:00:59] [1] 3000
INFO [2018-02-23 18:00:59] 
