INFO [2018-06-04 03:18:16] [[1]]
INFO [2018-06-04 03:18:16] mylist
INFO [2018-06-04 03:18:16] 
INFO [2018-06-04 03:18:16] $filename
INFO [2018-06-04 03:18:16] NULL
INFO [2018-06-04 03:18:16] 
INFO [2018-06-04 03:18:16] $fill
INFO [2018-06-04 03:18:16] pal[1:3]
INFO [2018-06-04 03:18:16] 
INFO [2018-06-04 03:18:16] $main.cex
INFO [2018-06-04 03:18:16] [1] 3
INFO [2018-06-04 03:18:16] 
INFO [2018-06-04 03:18:16] $cat.cex
INFO [2018-06-04 03:18:16] [1] 3
INFO [2018-06-04 03:18:16] 
INFO [2018-06-04 03:18:16] $cex
INFO [2018-06-04 03:18:16] [1] 3.5
INFO [2018-06-04 03:18:16] 
INFO [2018-06-04 03:18:16] $lty
INFO [2018-06-04 03:18:16] [1] 1
INFO [2018-06-04 03:18:16] 
INFO [2018-06-04 03:18:16] $height
INFO [2018-06-04 03:18:16] [1] 2000
INFO [2018-06-04 03:18:16] 
INFO [2018-06-04 03:18:16] $width
INFO [2018-06-04 03:18:16] [1] 2000
INFO [2018-06-04 03:18:16] 
INFO [2018-06-04 03:18:16] $fontfamily
INFO [2018-06-04 03:18:16] [1] "sans"
INFO [2018-06-04 03:18:16] 
INFO [2018-06-04 03:18:16] $cat.fontfamily
INFO [2018-06-04 03:18:16] [1] "sans"
INFO [2018-06-04 03:18:16] 
INFO [2018-06-04 03:18:16] $main.fontfamily
INFO [2018-06-04 03:18:16] [1] "sans"
INFO [2018-06-04 03:18:16] 
INFO [2018-06-04 03:18:16] $cat.fontface
INFO [2018-06-04 03:18:16] [1] "bold"
INFO [2018-06-04 03:18:16] 
INFO [2018-06-04 03:18:16] $main.fontface
INFO [2018-06-04 03:18:16] [1] "bold"
INFO [2018-06-04 03:18:16] 
INFO [2018-06-04 03:18:16] $cat.dist
INFO [2018-06-04 03:18:16] [1] 0.05
INFO [2018-06-04 03:18:16] 
