INFO [2018-04-26 17:18:20] [[1]]
INFO [2018-04-26 17:18:20] mylist
INFO [2018-04-26 17:18:20] 
INFO [2018-04-26 17:18:20] $filename
INFO [2018-04-26 17:18:20] NULL
INFO [2018-04-26 17:18:20] 
INFO [2018-04-26 17:18:20] $fill
INFO [2018-04-26 17:18:20] pal[1:4]
INFO [2018-04-26 17:18:20] 
INFO [2018-04-26 17:18:20] $main.cex
INFO [2018-04-26 17:18:20] [1] 3
INFO [2018-04-26 17:18:20] 
INFO [2018-04-26 17:18:20] $cat.cex
INFO [2018-04-26 17:18:20] [1] 3
INFO [2018-04-26 17:18:20] 
INFO [2018-04-26 17:18:20] $cex
INFO [2018-04-26 17:18:20] [1] 3
INFO [2018-04-26 17:18:20] 
INFO [2018-04-26 17:18:20] $lty
INFO [2018-04-26 17:18:20] [1] 1
INFO [2018-04-26 17:18:20] 
INFO [2018-04-26 17:18:20] $height
INFO [2018-04-26 17:18:20] [1] 2000
INFO [2018-04-26 17:18:20] 
INFO [2018-04-26 17:18:20] $width
INFO [2018-04-26 17:18:20] [1] 2000
INFO [2018-04-26 17:18:20] 
INFO [2018-04-26 17:18:20] $fontfamily
INFO [2018-04-26 17:18:20] [1] "sans"
INFO [2018-04-26 17:18:20] 
INFO [2018-04-26 17:18:20] $cat.fontfamily
INFO [2018-04-26 17:18:20] [1] "sans"
INFO [2018-04-26 17:18:20] 
INFO [2018-04-26 17:18:20] $main.fontfamily
INFO [2018-04-26 17:18:20] [1] "sans"
INFO [2018-04-26 17:18:20] 
INFO [2018-04-26 17:18:20] $cat.fontface
INFO [2018-04-26 17:18:20] [1] "bold"
INFO [2018-04-26 17:18:20] 
INFO [2018-04-26 17:18:20] $main.fontface
INFO [2018-04-26 17:18:20] [1] "bold"
INFO [2018-04-26 17:18:20] 
