INFO [2018-04-29 13:41:39] [[1]]
INFO [2018-04-29 13:41:39] mylist
INFO [2018-04-29 13:41:39] 
INFO [2018-04-29 13:41:39] $filename
INFO [2018-04-29 13:41:39] NULL
INFO [2018-04-29 13:41:39] 
INFO [2018-04-29 13:41:39] $fill
INFO [2018-04-29 13:41:39] pal[1:3]
INFO [2018-04-29 13:41:39] 
INFO [2018-04-29 13:41:39] $main.cex
INFO [2018-04-29 13:41:39] [1] 3
INFO [2018-04-29 13:41:39] 
INFO [2018-04-29 13:41:39] $cat.cex
INFO [2018-04-29 13:41:39] [1] 3
INFO [2018-04-29 13:41:39] 
INFO [2018-04-29 13:41:39] $cex
INFO [2018-04-29 13:41:39] [1] 3.5
INFO [2018-04-29 13:41:39] 
INFO [2018-04-29 13:41:39] $lty
INFO [2018-04-29 13:41:39] [1] 1
INFO [2018-04-29 13:41:39] 
INFO [2018-04-29 13:41:39] $height
INFO [2018-04-29 13:41:39] [1] 2000
INFO [2018-04-29 13:41:39] 
INFO [2018-04-29 13:41:39] $width
INFO [2018-04-29 13:41:39] [1] 2000
INFO [2018-04-29 13:41:39] 
INFO [2018-04-29 13:41:39] $fontfamily
INFO [2018-04-29 13:41:39] [1] "sans"
INFO [2018-04-29 13:41:39] 
INFO [2018-04-29 13:41:39] $cat.fontfamily
INFO [2018-04-29 13:41:39] [1] "sans"
INFO [2018-04-29 13:41:39] 
INFO [2018-04-29 13:41:39] $main.fontfamily
INFO [2018-04-29 13:41:39] [1] "sans"
INFO [2018-04-29 13:41:39] 
INFO [2018-04-29 13:41:39] $cat.fontface
INFO [2018-04-29 13:41:39] [1] "bold"
INFO [2018-04-29 13:41:39] 
INFO [2018-04-29 13:41:39] $main.fontface
INFO [2018-04-29 13:41:39] [1] "bold"
INFO [2018-04-29 13:41:39] 
INFO [2018-04-29 13:41:39] $cat.dist
INFO [2018-04-29 13:41:39] [1] 0.05
INFO [2018-04-29 13:41:39] 
INFO [2018-04-29 13:41:39] [[1]]
INFO [2018-04-29 13:41:39] mylist
INFO [2018-04-29 13:41:39] 
INFO [2018-04-29 13:41:39] $filename
INFO [2018-04-29 13:41:39] NULL
INFO [2018-04-29 13:41:39] 
INFO [2018-04-29 13:41:39] $fill
INFO [2018-04-29 13:41:39] pal[1:3]
INFO [2018-04-29 13:41:39] 
INFO [2018-04-29 13:41:39] $main.cex
INFO [2018-04-29 13:41:39] [1] 3
INFO [2018-04-29 13:41:39] 
INFO [2018-04-29 13:41:39] $cat.cex
INFO [2018-04-29 13:41:39] [1] 3
INFO [2018-04-29 13:41:39] 
INFO [2018-04-29 13:41:39] $cex
INFO [2018-04-29 13:41:39] [1] 3.5
INFO [2018-04-29 13:41:39] 
INFO [2018-04-29 13:41:39] $lty
INFO [2018-04-29 13:41:39] [1] 1
INFO [2018-04-29 13:41:39] 
INFO [2018-04-29 13:41:39] $height
INFO [2018-04-29 13:41:39] [1] 2000
INFO [2018-04-29 13:41:39] 
INFO [2018-04-29 13:41:39] $width
INFO [2018-04-29 13:41:39] [1] 2000
INFO [2018-04-29 13:41:39] 
INFO [2018-04-29 13:41:39] $fontfamily
INFO [2018-04-29 13:41:39] [1] "sans"
INFO [2018-04-29 13:41:39] 
INFO [2018-04-29 13:41:39] $cat.fontfamily
INFO [2018-04-29 13:41:39] [1] "sans"
INFO [2018-04-29 13:41:39] 
INFO [2018-04-29 13:41:39] $main.fontfamily
INFO [2018-04-29 13:41:39] [1] "sans"
INFO [2018-04-29 13:41:39] 
INFO [2018-04-29 13:41:39] $cat.fontface
INFO [2018-04-29 13:41:39] [1] "bold"
INFO [2018-04-29 13:41:39] 
INFO [2018-04-29 13:41:39] $main.fontface
INFO [2018-04-29 13:41:39] [1] "bold"
INFO [2018-04-29 13:41:39] 
INFO [2018-04-29 13:41:39] $cat.dist
INFO [2018-04-29 13:41:39] [1] 0.05
INFO [2018-04-29 13:41:39] 
INFO [2018-04-29 13:41:39] [[1]]
INFO [2018-04-29 13:41:39] mylist
INFO [2018-04-29 13:41:39] 
INFO [2018-04-29 13:41:39] $filename
INFO [2018-04-29 13:41:39] NULL
INFO [2018-04-29 13:41:39] 
INFO [2018-04-29 13:41:39] $fill
INFO [2018-04-29 13:41:39] pal[1:3]
INFO [2018-04-29 13:41:39] 
INFO [2018-04-29 13:41:39] $main.cex
INFO [2018-04-29 13:41:39] [1] 3
INFO [2018-04-29 13:41:39] 
INFO [2018-04-29 13:41:39] $cat.cex
INFO [2018-04-29 13:41:39] [1] 3
INFO [2018-04-29 13:41:39] 
INFO [2018-04-29 13:41:39] $cex
INFO [2018-04-29 13:41:39] [1] 3.5
INFO [2018-04-29 13:41:39] 
INFO [2018-04-29 13:41:39] $lty
INFO [2018-04-29 13:41:39] [1] 1
INFO [2018-04-29 13:41:39] 
INFO [2018-04-29 13:41:39] $height
INFO [2018-04-29 13:41:39] [1] 2000
INFO [2018-04-29 13:41:39] 
INFO [2018-04-29 13:41:39] $width
INFO [2018-04-29 13:41:39] [1] 2000
INFO [2018-04-29 13:41:39] 
INFO [2018-04-29 13:41:39] $fontfamily
INFO [2018-04-29 13:41:39] [1] "sans"
INFO [2018-04-29 13:41:39] 
INFO [2018-04-29 13:41:39] $cat.fontfamily
INFO [2018-04-29 13:41:39] [1] "sans"
INFO [2018-04-29 13:41:39] 
INFO [2018-04-29 13:41:39] $main.fontfamily
INFO [2018-04-29 13:41:39] [1] "sans"
INFO [2018-04-29 13:41:39] 
INFO [2018-04-29 13:41:39] $cat.fontface
INFO [2018-04-29 13:41:39] [1] "bold"
INFO [2018-04-29 13:41:39] 
INFO [2018-04-29 13:41:39] $main.fontface
INFO [2018-04-29 13:41:39] [1] "bold"
INFO [2018-04-29 13:41:39] 
INFO [2018-04-29 13:41:39] $cat.dist
INFO [2018-04-29 13:41:39] [1] 0.05
INFO [2018-04-29 13:41:39] 
