INFO [2018-02-25 16:13:51] [[1]]
INFO [2018-02-25 16:13:51] mylist
INFO [2018-02-25 16:13:51] 
INFO [2018-02-25 16:13:51] $filename
INFO [2018-02-25 16:13:51] NULL
INFO [2018-02-25 16:13:51] 
INFO [2018-02-25 16:13:51] $main
INFO [2018-02-25 16:13:51] [1] "DE genes between Liver and Kidney (FDR 1%)"
INFO [2018-02-25 16:13:51] 
INFO [2018-02-25 16:13:51] $cex
INFO [2018-02-25 16:13:51] [1] 1.5
INFO [2018-02-25 16:13:51] 
INFO [2018-02-25 16:13:51] $lty
INFO [2018-02-25 16:13:51] [1] 1
INFO [2018-02-25 16:13:51] 
INFO [2018-02-25 16:13:51] $height
INFO [2018-02-25 16:13:51] [1] 2000
INFO [2018-02-25 16:13:51] 
INFO [2018-02-25 16:13:51] $width
INFO [2018-02-25 16:13:51] [1] 3000
INFO [2018-02-25 16:13:51] 
