INFO [2018-06-07 07:33:57] [[1]]
INFO [2018-06-07 07:33:57] mylist
INFO [2018-06-07 07:33:57] 
INFO [2018-06-07 07:33:57] $filename
INFO [2018-06-07 07:33:57] NULL
INFO [2018-06-07 07:33:57] 
INFO [2018-06-07 07:33:57] $category
INFO [2018-06-07 07:33:57] c("Hu", "Ch", "Rh")
INFO [2018-06-07 07:33:57] 
INFO [2018-06-07 07:33:57] $fill
INFO [2018-06-07 07:33:57] pal[1:3]
INFO [2018-06-07 07:33:57] 
INFO [2018-06-07 07:33:57] $main.cex
INFO [2018-06-07 07:33:57] [1] 3
INFO [2018-06-07 07:33:57] 
INFO [2018-06-07 07:33:57] $cat.cex
INFO [2018-06-07 07:33:57] [1] 3
INFO [2018-06-07 07:33:57] 
INFO [2018-06-07 07:33:57] $cex
INFO [2018-06-07 07:33:57] [1] 3.5
INFO [2018-06-07 07:33:57] 
INFO [2018-06-07 07:33:57] $lty
INFO [2018-06-07 07:33:57] [1] 1
INFO [2018-06-07 07:33:57] 
INFO [2018-06-07 07:33:57] $height
INFO [2018-06-07 07:33:57] [1] 2000
INFO [2018-06-07 07:33:57] 
INFO [2018-06-07 07:33:57] $width
INFO [2018-06-07 07:33:57] [1] 2000
INFO [2018-06-07 07:33:57] 
INFO [2018-06-07 07:33:57] $fontfamily
INFO [2018-06-07 07:33:57] [1] "sans"
INFO [2018-06-07 07:33:57] 
INFO [2018-06-07 07:33:57] $cat.fontfamily
INFO [2018-06-07 07:33:57] [1] "sans"
INFO [2018-06-07 07:33:57] 
INFO [2018-06-07 07:33:57] $main.fontfamily
INFO [2018-06-07 07:33:57] [1] "sans"
INFO [2018-06-07 07:33:57] 
INFO [2018-06-07 07:33:57] $cat.fontface
INFO [2018-06-07 07:33:57] [1] "bold"
INFO [2018-06-07 07:33:57] 
INFO [2018-06-07 07:33:57] $main.fontface
INFO [2018-06-07 07:33:57] [1] "bold"
INFO [2018-06-07 07:33:57] 
INFO [2018-06-07 07:33:57] $cat.dist
INFO [2018-06-07 07:33:57] [1] 0.05
INFO [2018-06-07 07:33:57] 
