INFO [2018-05-08 16:11:37] [[1]]
INFO [2018-05-08 16:11:37] mylist
INFO [2018-05-08 16:11:37] 
INFO [2018-05-08 16:11:37] $filename
INFO [2018-05-08 16:11:37] NULL
INFO [2018-05-08 16:11:37] 
INFO [2018-05-08 16:11:37] $main
INFO [2018-05-08 16:11:37] [1] "DE genes between Heart and Liver (FDR 1%)"
INFO [2018-05-08 16:11:37] 
INFO [2018-05-08 16:11:37] $cex
INFO [2018-05-08 16:11:37] [1] 1.5
INFO [2018-05-08 16:11:37] 
INFO [2018-05-08 16:11:37] $fill
INFO [2018-05-08 16:11:37] pal[1:3]
INFO [2018-05-08 16:11:37] 
INFO [2018-05-08 16:11:37] $lty
INFO [2018-05-08 16:11:37] [1] 1
INFO [2018-05-08 16:11:37] 
INFO [2018-05-08 16:11:37] $height
INFO [2018-05-08 16:11:37] [1] 2000
INFO [2018-05-08 16:11:37] 
INFO [2018-05-08 16:11:37] $width
INFO [2018-05-08 16:11:37] [1] 3000
INFO [2018-05-08 16:11:37] 
INFO [2018-05-08 16:11:37] [[1]]
INFO [2018-05-08 16:11:37] mylist
INFO [2018-05-08 16:11:37] 
INFO [2018-05-08 16:11:37] $filename
INFO [2018-05-08 16:11:37] NULL
INFO [2018-05-08 16:11:37] 
INFO [2018-05-08 16:11:37] $main
INFO [2018-05-08 16:11:37] [1] "DE genes between Heart and Lung (FDR 1%)"
INFO [2018-05-08 16:11:37] 
INFO [2018-05-08 16:11:37] $cex
INFO [2018-05-08 16:11:37] [1] 1.5
INFO [2018-05-08 16:11:37] 
INFO [2018-05-08 16:11:37] $fill
INFO [2018-05-08 16:11:37] pal[1:3]
INFO [2018-05-08 16:11:37] 
INFO [2018-05-08 16:11:37] $lty
INFO [2018-05-08 16:11:37] [1] 1
INFO [2018-05-08 16:11:37] 
INFO [2018-05-08 16:11:37] $height
INFO [2018-05-08 16:11:37] [1] 2000
INFO [2018-05-08 16:11:37] 
INFO [2018-05-08 16:11:37] $width
INFO [2018-05-08 16:11:37] [1] 3000
INFO [2018-05-08 16:11:37] 
INFO [2018-05-08 16:11:37] [[1]]
INFO [2018-05-08 16:11:37] mylist
INFO [2018-05-08 16:11:37] 
INFO [2018-05-08 16:11:37] $filename
INFO [2018-05-08 16:11:37] NULL
INFO [2018-05-08 16:11:37] 
INFO [2018-05-08 16:11:37] $main
INFO [2018-05-08 16:11:37] [1] "DE genes between Heart and Kidney (FDR 1%)"
INFO [2018-05-08 16:11:37] 
INFO [2018-05-08 16:11:37] $cex
INFO [2018-05-08 16:11:37] [1] 1.5
INFO [2018-05-08 16:11:37] 
INFO [2018-05-08 16:11:37] $fill
INFO [2018-05-08 16:11:37] pal[1:3]
INFO [2018-05-08 16:11:37] 
INFO [2018-05-08 16:11:37] $lty
INFO [2018-05-08 16:11:37] [1] 1
INFO [2018-05-08 16:11:37] 
INFO [2018-05-08 16:11:37] $height
INFO [2018-05-08 16:11:37] [1] 2000
INFO [2018-05-08 16:11:37] 
INFO [2018-05-08 16:11:37] $width
INFO [2018-05-08 16:11:37] [1] 3000
INFO [2018-05-08 16:11:37] 
INFO [2018-05-08 16:11:37] [[1]]
INFO [2018-05-08 16:11:37] mylist
INFO [2018-05-08 16:11:37] 
INFO [2018-05-08 16:11:37] $filename
INFO [2018-05-08 16:11:37] NULL
INFO [2018-05-08 16:11:37] 
INFO [2018-05-08 16:11:37] $main
INFO [2018-05-08 16:11:37] [1] "DE genes between Liver and Lung (FDR 1%)"
INFO [2018-05-08 16:11:37] 
INFO [2018-05-08 16:11:37] $cex
INFO [2018-05-08 16:11:37] [1] 1.5
INFO [2018-05-08 16:11:37] 
INFO [2018-05-08 16:11:37] $fill
INFO [2018-05-08 16:11:37] pal[1:3]
INFO [2018-05-08 16:11:37] 
INFO [2018-05-08 16:11:37] $lty
INFO [2018-05-08 16:11:37] [1] 1
INFO [2018-05-08 16:11:37] 
INFO [2018-05-08 16:11:37] $height
INFO [2018-05-08 16:11:37] [1] 2000
INFO [2018-05-08 16:11:37] 
INFO [2018-05-08 16:11:37] $width
INFO [2018-05-08 16:11:37] [1] 3000
INFO [2018-05-08 16:11:37] 
INFO [2018-05-08 16:11:37] [[1]]
INFO [2018-05-08 16:11:37] mylist
INFO [2018-05-08 16:11:37] 
INFO [2018-05-08 16:11:37] $filename
INFO [2018-05-08 16:11:37] NULL
INFO [2018-05-08 16:11:37] 
INFO [2018-05-08 16:11:37] $main
INFO [2018-05-08 16:11:37] [1] "DE genes between Liver and Kidney (FDR 1%)"
INFO [2018-05-08 16:11:37] 
INFO [2018-05-08 16:11:37] $cex
INFO [2018-05-08 16:11:37] [1] 1.5
INFO [2018-05-08 16:11:37] 
INFO [2018-05-08 16:11:37] $lty
INFO [2018-05-08 16:11:37] [1] 1
INFO [2018-05-08 16:11:37] 
INFO [2018-05-08 16:11:37] $height
INFO [2018-05-08 16:11:37] [1] 2000
INFO [2018-05-08 16:11:37] 
INFO [2018-05-08 16:11:37] $width
INFO [2018-05-08 16:11:37] [1] 3000
INFO [2018-05-08 16:11:37] 
INFO [2018-05-08 16:11:37] [[1]]
INFO [2018-05-08 16:11:37] mylist
INFO [2018-05-08 16:11:37] 
INFO [2018-05-08 16:11:37] $filename
INFO [2018-05-08 16:11:37] NULL
INFO [2018-05-08 16:11:37] 
INFO [2018-05-08 16:11:37] $main
INFO [2018-05-08 16:11:37] [1] "DE genes between Lung and Kidney (FDR 1%)"
INFO [2018-05-08 16:11:37] 
INFO [2018-05-08 16:11:37] $cex
INFO [2018-05-08 16:11:37] [1] 1.5
INFO [2018-05-08 16:11:37] 
INFO [2018-05-08 16:11:37] $fill
INFO [2018-05-08 16:11:37] pal[1:3]
INFO [2018-05-08 16:11:37] 
INFO [2018-05-08 16:11:37] $lty
INFO [2018-05-08 16:11:37] [1] 1
INFO [2018-05-08 16:11:37] 
INFO [2018-05-08 16:11:37] $height
INFO [2018-05-08 16:11:37] [1] 2000
INFO [2018-05-08 16:11:37] 
INFO [2018-05-08 16:11:37] $width
INFO [2018-05-08 16:11:37] [1] 3000
INFO [2018-05-08 16:11:37] 
