INFO [2018-04-28 13:51:34] [[1]]
INFO [2018-04-28 13:51:34] mylist
INFO [2018-04-28 13:51:34] 
INFO [2018-04-28 13:51:34] $filename
INFO [2018-04-28 13:51:34] NULL
INFO [2018-04-28 13:51:34] 
INFO [2018-04-28 13:51:34] $fill
INFO [2018-04-28 13:51:34] pal[1:3]
INFO [2018-04-28 13:51:34] 
INFO [2018-04-28 13:51:34] $main.cex
INFO [2018-04-28 13:51:34] [1] 3
INFO [2018-04-28 13:51:34] 
INFO [2018-04-28 13:51:34] $cat.cex
INFO [2018-04-28 13:51:34] [1] 3
INFO [2018-04-28 13:51:34] 
INFO [2018-04-28 13:51:34] $cex
INFO [2018-04-28 13:51:34] [1] 3.5
INFO [2018-04-28 13:51:34] 
INFO [2018-04-28 13:51:34] $lty
INFO [2018-04-28 13:51:34] [1] 1
INFO [2018-04-28 13:51:34] 
INFO [2018-04-28 13:51:34] $height
INFO [2018-04-28 13:51:34] [1] 2000
INFO [2018-04-28 13:51:34] 
INFO [2018-04-28 13:51:34] $width
INFO [2018-04-28 13:51:34] [1] 2000
INFO [2018-04-28 13:51:34] 
INFO [2018-04-28 13:51:34] $fontfamily
INFO [2018-04-28 13:51:34] [1] "sans"
INFO [2018-04-28 13:51:34] 
INFO [2018-04-28 13:51:34] $cat.fontfamily
INFO [2018-04-28 13:51:34] [1] "sans"
INFO [2018-04-28 13:51:34] 
INFO [2018-04-28 13:51:34] $main.fontfamily
INFO [2018-04-28 13:51:34] [1] "sans"
INFO [2018-04-28 13:51:34] 
INFO [2018-04-28 13:51:34] $cat.fontface
INFO [2018-04-28 13:51:34] [1] "bold"
INFO [2018-04-28 13:51:34] 
INFO [2018-04-28 13:51:34] $main.fontface
INFO [2018-04-28 13:51:34] [1] "bold"
INFO [2018-04-28 13:51:34] 
INFO [2018-04-28 13:51:34] $cat.dist
INFO [2018-04-28 13:51:34] [1] 0.05
INFO [2018-04-28 13:51:34] 
INFO [2018-04-28 13:51:34] [[1]]
INFO [2018-04-28 13:51:34] mylist
INFO [2018-04-28 13:51:34] 
INFO [2018-04-28 13:51:34] $filename
INFO [2018-04-28 13:51:34] NULL
INFO [2018-04-28 13:51:34] 
INFO [2018-04-28 13:51:34] $fill
INFO [2018-04-28 13:51:34] pal[1:3]
INFO [2018-04-28 13:51:34] 
INFO [2018-04-28 13:51:34] $main.cex
INFO [2018-04-28 13:51:34] [1] 3
INFO [2018-04-28 13:51:34] 
INFO [2018-04-28 13:51:34] $cat.cex
INFO [2018-04-28 13:51:34] [1] 3
INFO [2018-04-28 13:51:34] 
INFO [2018-04-28 13:51:34] $cex
INFO [2018-04-28 13:51:34] [1] 3.5
INFO [2018-04-28 13:51:34] 
INFO [2018-04-28 13:51:34] $lty
INFO [2018-04-28 13:51:34] [1] 1
INFO [2018-04-28 13:51:34] 
INFO [2018-04-28 13:51:34] $height
INFO [2018-04-28 13:51:34] [1] 2000
INFO [2018-04-28 13:51:34] 
INFO [2018-04-28 13:51:34] $width
INFO [2018-04-28 13:51:34] [1] 2000
INFO [2018-04-28 13:51:34] 
INFO [2018-04-28 13:51:34] $fontfamily
INFO [2018-04-28 13:51:34] [1] "sans"
INFO [2018-04-28 13:51:34] 
INFO [2018-04-28 13:51:34] $cat.fontfamily
INFO [2018-04-28 13:51:34] [1] "sans"
INFO [2018-04-28 13:51:34] 
INFO [2018-04-28 13:51:34] $main.fontfamily
INFO [2018-04-28 13:51:34] [1] "sans"
INFO [2018-04-28 13:51:34] 
INFO [2018-04-28 13:51:34] $cat.fontface
INFO [2018-04-28 13:51:34] [1] "bold"
INFO [2018-04-28 13:51:34] 
INFO [2018-04-28 13:51:34] $main.fontface
INFO [2018-04-28 13:51:34] [1] "bold"
INFO [2018-04-28 13:51:34] 
INFO [2018-04-28 13:51:34] $cat.dist
INFO [2018-04-28 13:51:34] [1] 0.05
INFO [2018-04-28 13:51:34] 
INFO [2018-04-28 13:51:34] [[1]]
INFO [2018-04-28 13:51:34] mylist
INFO [2018-04-28 13:51:34] 
INFO [2018-04-28 13:51:34] $filename
INFO [2018-04-28 13:51:34] NULL
INFO [2018-04-28 13:51:34] 
INFO [2018-04-28 13:51:34] $fill
INFO [2018-04-28 13:51:34] pal[1:3]
INFO [2018-04-28 13:51:34] 
INFO [2018-04-28 13:51:34] $main.cex
INFO [2018-04-28 13:51:34] [1] 3
INFO [2018-04-28 13:51:34] 
INFO [2018-04-28 13:51:34] $cat.cex
INFO [2018-04-28 13:51:34] [1] 3
INFO [2018-04-28 13:51:34] 
INFO [2018-04-28 13:51:34] $cex
INFO [2018-04-28 13:51:34] [1] 3.5
INFO [2018-04-28 13:51:34] 
INFO [2018-04-28 13:51:34] $lty
INFO [2018-04-28 13:51:34] [1] 1
INFO [2018-04-28 13:51:34] 
INFO [2018-04-28 13:51:34] $height
INFO [2018-04-28 13:51:34] [1] 2000
INFO [2018-04-28 13:51:34] 
INFO [2018-04-28 13:51:34] $width
INFO [2018-04-28 13:51:34] [1] 2000
INFO [2018-04-28 13:51:34] 
INFO [2018-04-28 13:51:34] $fontfamily
INFO [2018-04-28 13:51:34] [1] "sans"
INFO [2018-04-28 13:51:34] 
INFO [2018-04-28 13:51:34] $cat.fontfamily
INFO [2018-04-28 13:51:34] [1] "sans"
INFO [2018-04-28 13:51:34] 
INFO [2018-04-28 13:51:34] $main.fontfamily
INFO [2018-04-28 13:51:34] [1] "sans"
INFO [2018-04-28 13:51:34] 
INFO [2018-04-28 13:51:34] $cat.fontface
INFO [2018-04-28 13:51:34] [1] "bold"
INFO [2018-04-28 13:51:34] 
INFO [2018-04-28 13:51:34] $main.fontface
INFO [2018-04-28 13:51:34] [1] "bold"
INFO [2018-04-28 13:51:34] 
INFO [2018-04-28 13:51:34] $cat.dist
INFO [2018-04-28 13:51:34] [1] 0.05
INFO [2018-04-28 13:51:34] 
