INFO [2018-04-26 14:54:02] [[1]]
INFO [2018-04-26 14:54:02] mylist
INFO [2018-04-26 14:54:02] 
INFO [2018-04-26 14:54:02] $filename
INFO [2018-04-26 14:54:02] NULL
INFO [2018-04-26 14:54:02] 
INFO [2018-04-26 14:54:02] $fill
INFO [2018-04-26 14:54:02] pal[1:3]
INFO [2018-04-26 14:54:02] 
INFO [2018-04-26 14:54:02] $main.cex
INFO [2018-04-26 14:54:02] [1] 3
INFO [2018-04-26 14:54:02] 
INFO [2018-04-26 14:54:02] $cat.cex
INFO [2018-04-26 14:54:02] [1] 3
INFO [2018-04-26 14:54:02] 
INFO [2018-04-26 14:54:02] $cex
INFO [2018-04-26 14:54:02] [1] 3
INFO [2018-04-26 14:54:02] 
INFO [2018-04-26 14:54:02] $lty
INFO [2018-04-26 14:54:02] [1] 1
INFO [2018-04-26 14:54:02] 
INFO [2018-04-26 14:54:02] $height
INFO [2018-04-26 14:54:02] [1] 2000
INFO [2018-04-26 14:54:02] 
INFO [2018-04-26 14:54:02] $width
INFO [2018-04-26 14:54:02] [1] 2000
INFO [2018-04-26 14:54:02] 
INFO [2018-04-26 14:54:02] $fontfamily
INFO [2018-04-26 14:54:02] [1] "sans"
INFO [2018-04-26 14:54:02] 
INFO [2018-04-26 14:54:02] $cat.fontfamily
INFO [2018-04-26 14:54:02] [1] "sans"
INFO [2018-04-26 14:54:02] 
INFO [2018-04-26 14:54:02] $main.fontfamily
INFO [2018-04-26 14:54:02] [1] "sans"
INFO [2018-04-26 14:54:02] 
INFO [2018-04-26 14:54:02] $cat.fontface
INFO [2018-04-26 14:54:02] [1] "bold"
INFO [2018-04-26 14:54:02] 
INFO [2018-04-26 14:54:02] $main.fontface
INFO [2018-04-26 14:54:02] [1] "bold"
INFO [2018-04-26 14:54:02] 
INFO [2018-04-26 14:54:02] [[1]]
INFO [2018-04-26 14:54:02] mylist
INFO [2018-04-26 14:54:02] 
INFO [2018-04-26 14:54:02] $filename
INFO [2018-04-26 14:54:02] NULL
INFO [2018-04-26 14:54:02] 
INFO [2018-04-26 14:54:02] $fill
INFO [2018-04-26 14:54:02] pal[1:3]
INFO [2018-04-26 14:54:02] 
INFO [2018-04-26 14:54:02] $main.cex
INFO [2018-04-26 14:54:02] [1] 3
INFO [2018-04-26 14:54:02] 
INFO [2018-04-26 14:54:02] $cat.cex
INFO [2018-04-26 14:54:02] [1] 3
INFO [2018-04-26 14:54:02] 
INFO [2018-04-26 14:54:02] $cex
INFO [2018-04-26 14:54:02] [1] 3
INFO [2018-04-26 14:54:02] 
INFO [2018-04-26 14:54:02] $lty
INFO [2018-04-26 14:54:02] [1] 1
INFO [2018-04-26 14:54:02] 
INFO [2018-04-26 14:54:02] $height
INFO [2018-04-26 14:54:02] [1] 2000
INFO [2018-04-26 14:54:02] 
INFO [2018-04-26 14:54:02] $width
INFO [2018-04-26 14:54:02] [1] 2000
INFO [2018-04-26 14:54:02] 
INFO [2018-04-26 14:54:02] $fontfamily
INFO [2018-04-26 14:54:02] [1] "sans"
INFO [2018-04-26 14:54:02] 
INFO [2018-04-26 14:54:02] $cat.fontfamily
INFO [2018-04-26 14:54:02] [1] "sans"
INFO [2018-04-26 14:54:02] 
INFO [2018-04-26 14:54:02] $main.fontfamily
INFO [2018-04-26 14:54:02] [1] "sans"
INFO [2018-04-26 14:54:02] 
INFO [2018-04-26 14:54:02] $cat.fontface
INFO [2018-04-26 14:54:02] [1] "bold"
INFO [2018-04-26 14:54:02] 
INFO [2018-04-26 14:54:02] $main.fontface
INFO [2018-04-26 14:54:02] [1] "bold"
INFO [2018-04-26 14:54:02] 
INFO [2018-04-26 14:54:02] [[1]]
INFO [2018-04-26 14:54:02] mylist
INFO [2018-04-26 14:54:02] 
INFO [2018-04-26 14:54:02] $filename
INFO [2018-04-26 14:54:02] NULL
INFO [2018-04-26 14:54:02] 
INFO [2018-04-26 14:54:02] $fill
INFO [2018-04-26 14:54:02] pal[1:3]
INFO [2018-04-26 14:54:02] 
INFO [2018-04-26 14:54:02] $main.cex
INFO [2018-04-26 14:54:02] [1] 3
INFO [2018-04-26 14:54:02] 
INFO [2018-04-26 14:54:02] $cat.cex
INFO [2018-04-26 14:54:02] [1] 3
INFO [2018-04-26 14:54:02] 
INFO [2018-04-26 14:54:02] $cex
INFO [2018-04-26 14:54:02] [1] 3
INFO [2018-04-26 14:54:02] 
INFO [2018-04-26 14:54:02] $lty
INFO [2018-04-26 14:54:02] [1] 1
INFO [2018-04-26 14:54:02] 
INFO [2018-04-26 14:54:02] $height
INFO [2018-04-26 14:54:02] [1] 2000
INFO [2018-04-26 14:54:02] 
INFO [2018-04-26 14:54:02] $width
INFO [2018-04-26 14:54:02] [1] 2000
INFO [2018-04-26 14:54:02] 
INFO [2018-04-26 14:54:02] $fontfamily
INFO [2018-04-26 14:54:02] [1] "sans"
INFO [2018-04-26 14:54:02] 
INFO [2018-04-26 14:54:02] $cat.fontfamily
INFO [2018-04-26 14:54:02] [1] "sans"
INFO [2018-04-26 14:54:02] 
INFO [2018-04-26 14:54:02] $main.fontfamily
INFO [2018-04-26 14:54:02] [1] "sans"
INFO [2018-04-26 14:54:02] 
INFO [2018-04-26 14:54:02] $cat.fontface
INFO [2018-04-26 14:54:02] [1] "bold"
INFO [2018-04-26 14:54:02] 
INFO [2018-04-26 14:54:02] $main.fontface
INFO [2018-04-26 14:54:02] [1] "bold"
INFO [2018-04-26 14:54:02] 
INFO [2018-04-26 14:54:02] [[1]]
INFO [2018-04-26 14:54:02] mylist
INFO [2018-04-26 14:54:02] 
INFO [2018-04-26 14:54:02] $filename
INFO [2018-04-26 14:54:02] NULL
INFO [2018-04-26 14:54:02] 
INFO [2018-04-26 14:54:02] $fill
INFO [2018-04-26 14:54:02] pal[1:3]
INFO [2018-04-26 14:54:02] 
INFO [2018-04-26 14:54:02] $main.cex
INFO [2018-04-26 14:54:02] [1] 3
INFO [2018-04-26 14:54:02] 
INFO [2018-04-26 14:54:02] $cat.cex
INFO [2018-04-26 14:54:02] [1] 3
INFO [2018-04-26 14:54:02] 
INFO [2018-04-26 14:54:02] $cex
INFO [2018-04-26 14:54:02] [1] 3
INFO [2018-04-26 14:54:02] 
INFO [2018-04-26 14:54:02] $lty
INFO [2018-04-26 14:54:02] [1] 1
INFO [2018-04-26 14:54:02] 
INFO [2018-04-26 14:54:02] $height
INFO [2018-04-26 14:54:02] [1] 2000
INFO [2018-04-26 14:54:02] 
INFO [2018-04-26 14:54:02] $width
INFO [2018-04-26 14:54:02] [1] 2000
INFO [2018-04-26 14:54:02] 
INFO [2018-04-26 14:54:02] $fontfamily
INFO [2018-04-26 14:54:02] [1] "sans"
INFO [2018-04-26 14:54:02] 
INFO [2018-04-26 14:54:02] $cat.fontfamily
INFO [2018-04-26 14:54:02] [1] "sans"
INFO [2018-04-26 14:54:02] 
INFO [2018-04-26 14:54:02] $main.fontfamily
INFO [2018-04-26 14:54:02] [1] "sans"
INFO [2018-04-26 14:54:02] 
INFO [2018-04-26 14:54:02] $cat.fontface
INFO [2018-04-26 14:54:02] [1] "bold"
INFO [2018-04-26 14:54:02] 
INFO [2018-04-26 14:54:02] $main.fontface
INFO [2018-04-26 14:54:02] [1] "bold"
INFO [2018-04-26 14:54:02] 
ERROR [2018-04-26 14:54:02] Unexpected parameter length for 'fill'
INFO [2018-04-26 14:54:02] [[1]]
INFO [2018-04-26 14:54:02] mylist
INFO [2018-04-26 14:54:02] 
INFO [2018-04-26 14:54:02] $filename
INFO [2018-04-26 14:54:02] NULL
INFO [2018-04-26 14:54:02] 
INFO [2018-04-26 14:54:02] $fill
INFO [2018-04-26 14:54:02] pal[1:3]
INFO [2018-04-26 14:54:02] 
INFO [2018-04-26 14:54:02] $main.cex
INFO [2018-04-26 14:54:02] [1] 3
INFO [2018-04-26 14:54:02] 
INFO [2018-04-26 14:54:02] $cat.cex
INFO [2018-04-26 14:54:02] [1] 3
INFO [2018-04-26 14:54:02] 
INFO [2018-04-26 14:54:02] $cex
INFO [2018-04-26 14:54:02] [1] 3
INFO [2018-04-26 14:54:02] 
INFO [2018-04-26 14:54:02] $lty
INFO [2018-04-26 14:54:02] [1] 1
INFO [2018-04-26 14:54:02] 
INFO [2018-04-26 14:54:02] $height
INFO [2018-04-26 14:54:02] [1] 2000
INFO [2018-04-26 14:54:02] 
INFO [2018-04-26 14:54:02] $width
INFO [2018-04-26 14:54:02] [1] 2000
INFO [2018-04-26 14:54:02] 
INFO [2018-04-26 14:54:02] $fontfamily
INFO [2018-04-26 14:54:02] [1] "sans"
INFO [2018-04-26 14:54:02] 
INFO [2018-04-26 14:54:02] $cat.fontfamily
INFO [2018-04-26 14:54:02] [1] "sans"
INFO [2018-04-26 14:54:02] 
INFO [2018-04-26 14:54:02] $main.fontfamily
INFO [2018-04-26 14:54:02] [1] "sans"
INFO [2018-04-26 14:54:02] 
INFO [2018-04-26 14:54:02] $cat.fontface
INFO [2018-04-26 14:54:02] [1] "bold"
INFO [2018-04-26 14:54:02] 
INFO [2018-04-26 14:54:02] $main.fontface
INFO [2018-04-26 14:54:02] [1] "bold"
INFO [2018-04-26 14:54:02] 
INFO [2018-04-26 14:54:02] [[1]]
INFO [2018-04-26 14:54:02] mylist
INFO [2018-04-26 14:54:02] 
INFO [2018-04-26 14:54:02] $filename
INFO [2018-04-26 14:54:02] NULL
INFO [2018-04-26 14:54:02] 
INFO [2018-04-26 14:54:02] $fill
INFO [2018-04-26 14:54:02] pal[1:3]
INFO [2018-04-26 14:54:02] 
INFO [2018-04-26 14:54:02] $main.cex
INFO [2018-04-26 14:54:02] [1] 3
INFO [2018-04-26 14:54:02] 
INFO [2018-04-26 14:54:02] $cat.cex
INFO [2018-04-26 14:54:02] [1] 3
INFO [2018-04-26 14:54:02] 
INFO [2018-04-26 14:54:02] $cex
INFO [2018-04-26 14:54:02] [1] 3
INFO [2018-04-26 14:54:02] 
INFO [2018-04-26 14:54:02] $lty
INFO [2018-04-26 14:54:02] [1] 1
INFO [2018-04-26 14:54:02] 
INFO [2018-04-26 14:54:02] $height
INFO [2018-04-26 14:54:02] [1] 2000
INFO [2018-04-26 14:54:02] 
INFO [2018-04-26 14:54:02] $width
INFO [2018-04-26 14:54:02] [1] 2000
INFO [2018-04-26 14:54:02] 
INFO [2018-04-26 14:54:02] $fontfamily
INFO [2018-04-26 14:54:02] [1] "sans"
INFO [2018-04-26 14:54:02] 
INFO [2018-04-26 14:54:02] $cat.fontfamily
INFO [2018-04-26 14:54:02] [1] "sans"
INFO [2018-04-26 14:54:02] 
INFO [2018-04-26 14:54:02] $main.fontfamily
INFO [2018-04-26 14:54:02] [1] "sans"
INFO [2018-04-26 14:54:02] 
INFO [2018-04-26 14:54:02] $cat.fontface
INFO [2018-04-26 14:54:02] [1] "bold"
INFO [2018-04-26 14:54:02] 
INFO [2018-04-26 14:54:02] $main.fontface
INFO [2018-04-26 14:54:02] [1] "bold"
INFO [2018-04-26 14:54:02] 
