INFO [2018-11-17 16:34:08] [[1]]
INFO [2018-11-17 16:34:08] mylist
INFO [2018-11-17 16:34:08] 
INFO [2018-11-17 16:34:08] $filename
INFO [2018-11-17 16:34:08] NULL
INFO [2018-11-17 16:34:08] 
INFO [2018-11-17 16:34:08] $main
INFO [2018-11-17 16:34:08] [1] "Upregulated in Heart compared to Lung (FSR 1%)"
INFO [2018-11-17 16:34:08] 
INFO [2018-11-17 16:34:08] $main.cex
INFO [2018-11-17 16:34:08] [1] 2
INFO [2018-11-17 16:34:08] 
INFO [2018-11-17 16:34:08] $cat.cex
INFO [2018-11-17 16:34:08] [1] 1.5
INFO [2018-11-17 16:34:08] 
INFO [2018-11-17 16:34:08] $cex
INFO [2018-11-17 16:34:08] [1] 2.5
INFO [2018-11-17 16:34:08] 
INFO [2018-11-17 16:34:08] $fill
INFO [2018-11-17 16:34:08] pal[1:3]
INFO [2018-11-17 16:34:08] 
INFO [2018-11-17 16:34:08] $lty
INFO [2018-11-17 16:34:08] [1] 1
INFO [2018-11-17 16:34:08] 
INFO [2018-11-17 16:34:08] $height
INFO [2018-11-17 16:34:08] [1] 2000
INFO [2018-11-17 16:34:08] 
INFO [2018-11-17 16:34:08] $width
INFO [2018-11-17 16:34:08] [1] 3000
INFO [2018-11-17 16:34:08] 
INFO [2018-11-17 16:34:08] [[1]]
INFO [2018-11-17 16:34:08] mylist
INFO [2018-11-17 16:34:08] 
INFO [2018-11-17 16:34:08] $filename
INFO [2018-11-17 16:34:08] NULL
INFO [2018-11-17 16:34:08] 
INFO [2018-11-17 16:34:08] $main
INFO [2018-11-17 16:34:08] [1] "Upregulated in Liver compared to Lung (FSR 1%)"
INFO [2018-11-17 16:34:08] 
INFO [2018-11-17 16:34:08] $main.cex
INFO [2018-11-17 16:34:08] [1] 2
INFO [2018-11-17 16:34:08] 
INFO [2018-11-17 16:34:08] $cat.cex
INFO [2018-11-17 16:34:08] [1] 1.5
INFO [2018-11-17 16:34:08] 
INFO [2018-11-17 16:34:08] $cex
INFO [2018-11-17 16:34:08] [1] 2.5
INFO [2018-11-17 16:34:08] 
INFO [2018-11-17 16:34:08] $fill
INFO [2018-11-17 16:34:08] pal[1:3]
INFO [2018-11-17 16:34:08] 
INFO [2018-11-17 16:34:08] $lty
INFO [2018-11-17 16:34:08] [1] 1
INFO [2018-11-17 16:34:08] 
INFO [2018-11-17 16:34:08] $height
INFO [2018-11-17 16:34:08] [1] 2000
INFO [2018-11-17 16:34:08] 
INFO [2018-11-17 16:34:08] $width
INFO [2018-11-17 16:34:08] [1] 3000
INFO [2018-11-17 16:34:08] 
INFO [2018-11-17 16:34:08] [[1]]
INFO [2018-11-17 16:34:08] mylist
INFO [2018-11-17 16:34:08] 
INFO [2018-11-17 16:34:08] $filename
INFO [2018-11-17 16:34:08] NULL
INFO [2018-11-17 16:34:08] 
INFO [2018-11-17 16:34:08] $main
INFO [2018-11-17 16:34:08] [1] "Upregulated in Liver compared to Kidney (FSR 1%)"
INFO [2018-11-17 16:34:08] 
INFO [2018-11-17 16:34:08] $main.cex
INFO [2018-11-17 16:34:08] [1] 2
INFO [2018-11-17 16:34:08] 
INFO [2018-11-17 16:34:08] $cat.cex
INFO [2018-11-17 16:34:08] [1] 1.5
INFO [2018-11-17 16:34:08] 
INFO [2018-11-17 16:34:08] $cex
INFO [2018-11-17 16:34:08] [1] 2.5
INFO [2018-11-17 16:34:08] 
INFO [2018-11-17 16:34:08] $fill
INFO [2018-11-17 16:34:08] pal[1:3]
INFO [2018-11-17 16:34:08] 
INFO [2018-11-17 16:34:08] $lty
INFO [2018-11-17 16:34:08] [1] 1
INFO [2018-11-17 16:34:08] 
INFO [2018-11-17 16:34:08] $height
INFO [2018-11-17 16:34:08] [1] 2000
INFO [2018-11-17 16:34:08] 
INFO [2018-11-17 16:34:08] $width
INFO [2018-11-17 16:34:08] [1] 3000
INFO [2018-11-17 16:34:08] 
INFO [2018-11-17 16:34:08] [[1]]
INFO [2018-11-17 16:34:08] mylist
INFO [2018-11-17 16:34:08] 
INFO [2018-11-17 16:34:08] $filename
INFO [2018-11-17 16:34:08] NULL
INFO [2018-11-17 16:34:08] 
INFO [2018-11-17 16:34:08] $main
INFO [2018-11-17 16:34:08] [1] "Upregulated in Lung compared to Kidney (FSR 1%)"
INFO [2018-11-17 16:34:08] 
INFO [2018-11-17 16:34:08] $main.cex
INFO [2018-11-17 16:34:08] [1] 2
INFO [2018-11-17 16:34:08] 
INFO [2018-11-17 16:34:08] $cat.cex
INFO [2018-11-17 16:34:08] [1] 1.5
INFO [2018-11-17 16:34:08] 
INFO [2018-11-17 16:34:08] $cex
INFO [2018-11-17 16:34:08] [1] 2.5
INFO [2018-11-17 16:34:08] 
INFO [2018-11-17 16:34:08] $fill
INFO [2018-11-17 16:34:08] pal[1:3]
INFO [2018-11-17 16:34:08] 
INFO [2018-11-17 16:34:08] $lty
INFO [2018-11-17 16:34:08] [1] 1
INFO [2018-11-17 16:34:08] 
INFO [2018-11-17 16:34:08] $height
INFO [2018-11-17 16:34:08] [1] 2000
INFO [2018-11-17 16:34:08] 
INFO [2018-11-17 16:34:08] $width
INFO [2018-11-17 16:34:08] [1] 3000
INFO [2018-11-17 16:34:08] 
INFO [2018-11-17 16:34:08] [[1]]
INFO [2018-11-17 16:34:08] mylist
INFO [2018-11-17 16:34:08] 
INFO [2018-11-17 16:34:08] $filename
INFO [2018-11-17 16:34:08] NULL
INFO [2018-11-17 16:34:08] 
INFO [2018-11-17 16:34:08] $fill
INFO [2018-11-17 16:34:08] pal[1:3]
INFO [2018-11-17 16:34:08] 
INFO [2018-11-17 16:34:08] $main.cex
INFO [2018-11-17 16:34:08] [1] 3
INFO [2018-11-17 16:34:08] 
INFO [2018-11-17 16:34:08] $cat.cex
INFO [2018-11-17 16:34:08] [1] 3
INFO [2018-11-17 16:34:08] 
INFO [2018-11-17 16:34:08] $cex
INFO [2018-11-17 16:34:08] [1] 3.5
INFO [2018-11-17 16:34:08] 
INFO [2018-11-17 16:34:08] $lty
INFO [2018-11-17 16:34:08] [1] 1
INFO [2018-11-17 16:34:08] 
INFO [2018-11-17 16:34:08] $height
INFO [2018-11-17 16:34:08] [1] 2000
INFO [2018-11-17 16:34:08] 
INFO [2018-11-17 16:34:08] $width
INFO [2018-11-17 16:34:08] [1] 2000
INFO [2018-11-17 16:34:08] 
INFO [2018-11-17 16:34:08] $fontfamily
INFO [2018-11-17 16:34:08] [1] "sans"
INFO [2018-11-17 16:34:08] 
INFO [2018-11-17 16:34:08] $cat.fontfamily
INFO [2018-11-17 16:34:08] [1] "sans"
INFO [2018-11-17 16:34:08] 
INFO [2018-11-17 16:34:08] $main.fontfamily
INFO [2018-11-17 16:34:08] [1] "sans"
INFO [2018-11-17 16:34:08] 
INFO [2018-11-17 16:34:08] $cat.fontface
INFO [2018-11-17 16:34:08] [1] "bold"
INFO [2018-11-17 16:34:08] 
INFO [2018-11-17 16:34:08] $main.fontface
INFO [2018-11-17 16:34:08] [1] "bold"
INFO [2018-11-17 16:34:08] 
INFO [2018-11-17 16:34:08] $cat.dist
INFO [2018-11-17 16:34:08] [1] 0.05
INFO [2018-11-17 16:34:08] 
