INFO [2018-04-05 10:46:05] [[1]]
INFO [2018-04-05 10:46:05] mylist
INFO [2018-04-05 10:46:05] 
INFO [2018-04-05 10:46:05] $filename
INFO [2018-04-05 10:46:05] NULL
INFO [2018-04-05 10:46:05] 
INFO [2018-04-05 10:46:05] $filetype
INFO [2018-04-05 10:46:05] [1] "tiff"
INFO [2018-04-05 10:46:05] 
INFO [2018-04-05 10:46:05] $lwd
INFO [2018-04-05 10:46:05] [1] 0.5
INFO [2018-04-05 10:46:05] 
INFO [2018-04-05 10:46:05] $main
INFO [2018-04-05 10:46:05] name_file
INFO [2018-04-05 10:46:05] 
INFO [2018-04-05 10:46:05] $main.cex
INFO [2018-04-05 10:46:05] [1] 3
INFO [2018-04-05 10:46:05] 
INFO [2018-04-05 10:46:05] $cat.cex
INFO [2018-04-05 10:46:05] [1] 2.5
INFO [2018-04-05 10:46:05] 
INFO [2018-04-05 10:46:05] $cex
INFO [2018-04-05 10:46:05] [1] 2.5
INFO [2018-04-05 10:46:05] 
INFO [2018-04-05 10:46:05] $fill
INFO [2018-04-05 10:46:05] pal[1:3]
INFO [2018-04-05 10:46:05] 
INFO [2018-04-05 10:46:05] $lty
INFO [2018-04-05 10:46:05] [1] 1
INFO [2018-04-05 10:46:05] 
INFO [2018-04-05 10:46:05] $height
INFO [2018-04-05 10:46:05] [1] 20000
INFO [2018-04-05 10:46:05] 
INFO [2018-04-05 10:46:05] $width
INFO [2018-04-05 10:46:05] [1] 2e+05
INFO [2018-04-05 10:46:05] 
INFO [2018-04-05 10:46:05] $fontfamily
INFO [2018-04-05 10:46:05] [1] "sans"
INFO [2018-04-05 10:46:05] 
INFO [2018-04-05 10:46:05] $cat.fontfamily
INFO [2018-04-05 10:46:05] [1] "sans"
INFO [2018-04-05 10:46:05] 
INFO [2018-04-05 10:46:05] $main.fontfamily
INFO [2018-04-05 10:46:05] [1] "sans"
INFO [2018-04-05 10:46:05] 
INFO [2018-04-05 10:46:05] $cat.fontface
INFO [2018-04-05 10:46:05] [1] "bold"
INFO [2018-04-05 10:46:05] 
INFO [2018-04-05 10:46:05] $main.fontface
INFO [2018-04-05 10:46:05] [1] "bold"
INFO [2018-04-05 10:46:05] 
INFO [2018-04-05 10:46:05] $cat.dist
INFO [2018-04-05 10:46:05] -0.045
INFO [2018-04-05 10:46:05] 
