INFO [2018-02-25 15:50:25] [[1]]
INFO [2018-02-25 15:50:25] mylist
INFO [2018-02-25 15:50:25] 
INFO [2018-02-25 15:50:25] $filename
INFO [2018-02-25 15:50:25] NULL
INFO [2018-02-25 15:50:25] 
INFO [2018-02-25 15:50:25] $main
INFO [2018-02-25 15:50:25] [1] "Upregulated heart specific (FDR 1%)"
INFO [2018-02-25 15:50:25] 
INFO [2018-02-25 15:50:25] $main.cex
INFO [2018-02-25 15:50:25] [1] 2
INFO [2018-02-25 15:50:25] 
INFO [2018-02-25 15:50:25] $cat.cex
INFO [2018-02-25 15:50:25] [1] 1.5
INFO [2018-02-25 15:50:25] 
INFO [2018-02-25 15:50:25] $cex
INFO [2018-02-25 15:50:25] [1] 2.5
INFO [2018-02-25 15:50:25] 
INFO [2018-02-25 15:50:25] $fill
INFO [2018-02-25 15:50:25] pal[1:3]
INFO [2018-02-25 15:50:25] 
INFO [2018-02-25 15:50:25] $lty
INFO [2018-02-25 15:50:25] [1] 1
INFO [2018-02-25 15:50:25] 
INFO [2018-02-25 15:50:25] $height
INFO [2018-02-25 15:50:25] [1] 2000
INFO [2018-02-25 15:50:25] 
INFO [2018-02-25 15:50:25] $width
INFO [2018-02-25 15:50:25] [1] 3000
INFO [2018-02-25 15:50:25] 
