INFO [2018-04-26 13:54:28] [[1]]
INFO [2018-04-26 13:54:28] mylist
INFO [2018-04-26 13:54:28] 
INFO [2018-04-26 13:54:28] $filename
INFO [2018-04-26 13:54:28] NULL
INFO [2018-04-26 13:54:28] 
INFO [2018-04-26 13:54:28] $fill
INFO [2018-04-26 13:54:28] pal
INFO [2018-04-26 13:54:28] 
INFO [2018-04-26 13:54:28] $main.cex
INFO [2018-04-26 13:54:28] [1] 3
INFO [2018-04-26 13:54:28] 
INFO [2018-04-26 13:54:28] $cat.cex
INFO [2018-04-26 13:54:28] [1] 2.5
INFO [2018-04-26 13:54:28] 
INFO [2018-04-26 13:54:28] $cex
INFO [2018-04-26 13:54:28] [1] 2.5
INFO [2018-04-26 13:54:28] 
INFO [2018-04-26 13:54:28] $lty
INFO [2018-04-26 13:54:28] [1] 1
INFO [2018-04-26 13:54:28] 
INFO [2018-04-26 13:54:28] $height
INFO [2018-04-26 13:54:28] [1] 20000
INFO [2018-04-26 13:54:28] 
INFO [2018-04-26 13:54:28] $width
INFO [2018-04-26 13:54:28] [1] 2e+05
INFO [2018-04-26 13:54:28] 
INFO [2018-04-26 13:54:28] $fontfamily
INFO [2018-04-26 13:54:28] [1] "sans"
INFO [2018-04-26 13:54:28] 
INFO [2018-04-26 13:54:28] $cat.fontfamily
INFO [2018-04-26 13:54:28] [1] "sans"
INFO [2018-04-26 13:54:28] 
INFO [2018-04-26 13:54:28] $main.fontfamily
INFO [2018-04-26 13:54:28] [1] "sans"
INFO [2018-04-26 13:54:28] 
INFO [2018-04-26 13:54:28] $cat.fontface
INFO [2018-04-26 13:54:28] [1] "bold"
INFO [2018-04-26 13:54:28] 
INFO [2018-04-26 13:54:28] $main.fontface
INFO [2018-04-26 13:54:28] [1] "bold"
INFO [2018-04-26 13:54:28] 
ERROR [2018-04-26 13:54:28] Unexpected parameter length for 'fill'
