INFO [2018-06-04 10:38:26] [[1]]
INFO [2018-06-04 10:38:26] mylist
INFO [2018-06-04 10:38:26] 
INFO [2018-06-04 10:38:26] $filename
INFO [2018-06-04 10:38:26] NULL
INFO [2018-06-04 10:38:26] 
INFO [2018-06-04 10:38:26] $main
INFO [2018-06-04 10:38:26] [1] "DE genes between Humans and Rhesus (FDR 1%)"
INFO [2018-06-04 10:38:26] 
INFO [2018-06-04 10:38:26] $cex
INFO [2018-06-04 10:38:26] [1] 1.5
INFO [2018-06-04 10:38:26] 
INFO [2018-06-04 10:38:26] $fill
INFO [2018-06-04 10:38:26] pal[1:4]
INFO [2018-06-04 10:38:26] 
INFO [2018-06-04 10:38:26] $lty
INFO [2018-06-04 10:38:26] [1] 1
INFO [2018-06-04 10:38:26] 
INFO [2018-06-04 10:38:26] $height
INFO [2018-06-04 10:38:26] [1] 2000
INFO [2018-06-04 10:38:26] 
INFO [2018-06-04 10:38:26] $width
INFO [2018-06-04 10:38:26] [1] 3000
INFO [2018-06-04 10:38:26] 
INFO [2018-06-04 10:38:26] [[1]]
INFO [2018-06-04 10:38:26] mylist
INFO [2018-06-04 10:38:26] 
INFO [2018-06-04 10:38:26] $filename
INFO [2018-06-04 10:38:26] NULL
INFO [2018-06-04 10:38:26] 
INFO [2018-06-04 10:38:26] $main
INFO [2018-06-04 10:38:26] [1] "DE genes between Chimps and Rhesus (FDR 1%)"
INFO [2018-06-04 10:38:26] 
INFO [2018-06-04 10:38:26] $cex
INFO [2018-06-04 10:38:26] [1] 1.5
INFO [2018-06-04 10:38:26] 
INFO [2018-06-04 10:38:26] $fill
INFO [2018-06-04 10:38:26] pal[1:4]
INFO [2018-06-04 10:38:26] 
INFO [2018-06-04 10:38:26] $lty
INFO [2018-06-04 10:38:26] [1] 1
INFO [2018-06-04 10:38:26] 
INFO [2018-06-04 10:38:26] $height
INFO [2018-06-04 10:38:26] [1] 2000
INFO [2018-06-04 10:38:26] 
INFO [2018-06-04 10:38:26] $width
INFO [2018-06-04 10:38:26] [1] 3000
INFO [2018-06-04 10:38:26] 
