INFO [2018-05-29 14:25:09] [[1]]
INFO [2018-05-29 14:25:09] mylist
INFO [2018-05-29 14:25:09] 
INFO [2018-05-29 14:25:09] $filename
INFO [2018-05-29 14:25:09] NULL
INFO [2018-05-29 14:25:09] 
INFO [2018-05-29 14:25:09] $fill
INFO [2018-05-29 14:25:09] pal[1:3]
INFO [2018-05-29 14:25:09] 
INFO [2018-05-29 14:25:09] $main.cex
INFO [2018-05-29 14:25:09] [1] 3
INFO [2018-05-29 14:25:09] 
INFO [2018-05-29 14:25:09] $cat.cex
INFO [2018-05-29 14:25:09] [1] 2.7
INFO [2018-05-29 14:25:09] 
INFO [2018-05-29 14:25:09] $cex
INFO [2018-05-29 14:25:09] [1] 2.7
INFO [2018-05-29 14:25:09] 
INFO [2018-05-29 14:25:09] $lty
INFO [2018-05-29 14:25:09] [1] 1
INFO [2018-05-29 14:25:09] 
INFO [2018-05-29 14:25:09] $height
INFO [2018-05-29 14:25:09] [1] 2000
INFO [2018-05-29 14:25:09] 
INFO [2018-05-29 14:25:09] $width
INFO [2018-05-29 14:25:09] [1] 2000
INFO [2018-05-29 14:25:09] 
INFO [2018-05-29 14:25:09] $fontfamily
INFO [2018-05-29 14:25:09] [1] "sans"
INFO [2018-05-29 14:25:09] 
INFO [2018-05-29 14:25:09] $cat.fontfamily
INFO [2018-05-29 14:25:09] [1] "sans"
INFO [2018-05-29 14:25:09] 
INFO [2018-05-29 14:25:09] $main.fontfamily
INFO [2018-05-29 14:25:09] [1] "sans"
INFO [2018-05-29 14:25:09] 
INFO [2018-05-29 14:25:09] $cat.fontface
INFO [2018-05-29 14:25:09] [1] "bold"
INFO [2018-05-29 14:25:09] 
INFO [2018-05-29 14:25:09] $main.fontface
INFO [2018-05-29 14:25:09] [1] "bold"
INFO [2018-05-29 14:25:09] 
