INFO [2018-02-23 17:24:07] [[1]]
INFO [2018-02-23 17:24:07] mylist
INFO [2018-02-23 17:24:07] 
INFO [2018-02-23 17:24:07] $filename
INFO [2018-02-23 17:24:07] NULL
INFO [2018-02-23 17:24:07] 
INFO [2018-02-23 17:24:07] $main
INFO [2018-02-23 17:24:07] name_file
INFO [2018-02-23 17:24:07] 
INFO [2018-02-23 17:24:07] $main.cex
INFO [2018-02-23 17:24:07] [1] 2
INFO [2018-02-23 17:24:07] 
INFO [2018-02-23 17:24:07] $cat.cex
INFO [2018-02-23 17:24:07] [1] 1.5
INFO [2018-02-23 17:24:07] 
INFO [2018-02-23 17:24:07] $cex
INFO [2018-02-23 17:24:07] [1] 2.5
INFO [2018-02-23 17:24:07] 
INFO [2018-02-23 17:24:07] $fill
INFO [2018-02-23 17:24:07] pal[1:3]
INFO [2018-02-23 17:24:07] 
INFO [2018-02-23 17:24:07] $lty
INFO [2018-02-23 17:24:07] [1] 1
INFO [2018-02-23 17:24:07] 
INFO [2018-02-23 17:24:07] $height
INFO [2018-02-23 17:24:07] [1] 2000
INFO [2018-02-23 17:24:07] 
INFO [2018-02-23 17:24:07] $width
INFO [2018-02-23 17:24:07] [1] 3000
INFO [2018-02-23 17:24:07] 
