INFO [2018-11-17 16:29:05] [[1]]
INFO [2018-11-17 16:29:05] mylist
INFO [2018-11-17 16:29:05] 
INFO [2018-11-17 16:29:05] $filename
INFO [2018-11-17 16:29:05] NULL
INFO [2018-11-17 16:29:05] 
INFO [2018-11-17 16:29:05] $main
INFO [2018-11-17 16:29:05] [1] "DE genes between Heart and Liver (FDR 1%)"
INFO [2018-11-17 16:29:05] 
INFO [2018-11-17 16:29:05] $cex
INFO [2018-11-17 16:29:05] [1] 1.5
INFO [2018-11-17 16:29:05] 
INFO [2018-11-17 16:29:05] $fill
INFO [2018-11-17 16:29:05] pal[1:3]
INFO [2018-11-17 16:29:05] 
INFO [2018-11-17 16:29:05] $lty
INFO [2018-11-17 16:29:05] [1] 1
INFO [2018-11-17 16:29:05] 
INFO [2018-11-17 16:29:05] $height
INFO [2018-11-17 16:29:05] [1] 2000
INFO [2018-11-17 16:29:05] 
INFO [2018-11-17 16:29:05] $width
INFO [2018-11-17 16:29:05] [1] 3000
INFO [2018-11-17 16:29:05] 
INFO [2018-11-17 16:29:05] [[1]]
INFO [2018-11-17 16:29:05] mylist
INFO [2018-11-17 16:29:05] 
INFO [2018-11-17 16:29:05] $filename
INFO [2018-11-17 16:29:05] NULL
INFO [2018-11-17 16:29:05] 
INFO [2018-11-17 16:29:05] $main
INFO [2018-11-17 16:29:05] [1] "DE genes between Heart and Lung (FDR 1%)"
INFO [2018-11-17 16:29:05] 
INFO [2018-11-17 16:29:05] $cex
INFO [2018-11-17 16:29:05] [1] 1.5
INFO [2018-11-17 16:29:05] 
INFO [2018-11-17 16:29:05] $fill
INFO [2018-11-17 16:29:05] pal[1:3]
INFO [2018-11-17 16:29:05] 
INFO [2018-11-17 16:29:05] $lty
INFO [2018-11-17 16:29:05] [1] 1
INFO [2018-11-17 16:29:05] 
INFO [2018-11-17 16:29:05] $height
INFO [2018-11-17 16:29:05] [1] 2000
INFO [2018-11-17 16:29:05] 
INFO [2018-11-17 16:29:05] $width
INFO [2018-11-17 16:29:05] [1] 3000
INFO [2018-11-17 16:29:05] 
INFO [2018-11-17 16:29:05] [[1]]
INFO [2018-11-17 16:29:05] mylist
INFO [2018-11-17 16:29:05] 
INFO [2018-11-17 16:29:05] $filename
INFO [2018-11-17 16:29:05] NULL
INFO [2018-11-17 16:29:05] 
INFO [2018-11-17 16:29:05] $main
INFO [2018-11-17 16:29:05] [1] "DE genes between Heart and Kidney (FDR 1%)"
INFO [2018-11-17 16:29:05] 
INFO [2018-11-17 16:29:05] $cex
INFO [2018-11-17 16:29:05] [1] 1.5
INFO [2018-11-17 16:29:05] 
INFO [2018-11-17 16:29:05] $fill
INFO [2018-11-17 16:29:05] pal[1:3]
INFO [2018-11-17 16:29:05] 
INFO [2018-11-17 16:29:05] $lty
INFO [2018-11-17 16:29:05] [1] 1
INFO [2018-11-17 16:29:05] 
INFO [2018-11-17 16:29:05] $height
INFO [2018-11-17 16:29:05] [1] 2000
INFO [2018-11-17 16:29:05] 
INFO [2018-11-17 16:29:05] $width
INFO [2018-11-17 16:29:05] [1] 3000
INFO [2018-11-17 16:29:05] 
INFO [2018-11-17 16:29:05] [[1]]
INFO [2018-11-17 16:29:05] mylist
INFO [2018-11-17 16:29:05] 
INFO [2018-11-17 16:29:05] $filename
INFO [2018-11-17 16:29:05] NULL
INFO [2018-11-17 16:29:05] 
INFO [2018-11-17 16:29:05] $main
INFO [2018-11-17 16:29:05] [1] "DE genes between Liver and Lung (FDR 1%)"
INFO [2018-11-17 16:29:05] 
INFO [2018-11-17 16:29:05] $cex
INFO [2018-11-17 16:29:05] [1] 1.5
INFO [2018-11-17 16:29:05] 
INFO [2018-11-17 16:29:05] $fill
INFO [2018-11-17 16:29:05] pal[1:3]
INFO [2018-11-17 16:29:05] 
INFO [2018-11-17 16:29:05] $lty
INFO [2018-11-17 16:29:05] [1] 1
INFO [2018-11-17 16:29:05] 
INFO [2018-11-17 16:29:05] $height
INFO [2018-11-17 16:29:05] [1] 2000
INFO [2018-11-17 16:29:05] 
INFO [2018-11-17 16:29:05] $width
INFO [2018-11-17 16:29:05] [1] 3000
INFO [2018-11-17 16:29:05] 
INFO [2018-11-17 16:29:05] [[1]]
INFO [2018-11-17 16:29:05] mylist
INFO [2018-11-17 16:29:05] 
INFO [2018-11-17 16:29:05] $filename
INFO [2018-11-17 16:29:05] NULL
INFO [2018-11-17 16:29:05] 
INFO [2018-11-17 16:29:05] $main
INFO [2018-11-17 16:29:05] [1] "DE genes between Liver and Kidney (FDR 1%)"
INFO [2018-11-17 16:29:05] 
INFO [2018-11-17 16:29:05] $cex
INFO [2018-11-17 16:29:05] [1] 1.5
INFO [2018-11-17 16:29:05] 
INFO [2018-11-17 16:29:05] $lty
INFO [2018-11-17 16:29:05] [1] 1
INFO [2018-11-17 16:29:05] 
INFO [2018-11-17 16:29:05] $height
INFO [2018-11-17 16:29:05] [1] 2000
INFO [2018-11-17 16:29:05] 
INFO [2018-11-17 16:29:05] $width
INFO [2018-11-17 16:29:05] [1] 3000
INFO [2018-11-17 16:29:05] 
