INFO [2018-02-23 18:00:37] [[1]]
INFO [2018-02-23 18:00:37] mylist
INFO [2018-02-23 18:00:37] 
INFO [2018-02-23 18:00:37] $filename
INFO [2018-02-23 18:00:37] NULL
INFO [2018-02-23 18:00:37] 
INFO [2018-02-23 18:00:37] $main
INFO [2018-02-23 18:00:37] name_file
INFO [2018-02-23 18:00:37] 
INFO [2018-02-23 18:00:37] $main.cex
INFO [2018-02-23 18:00:37] [1] 2
INFO [2018-02-23 18:00:37] 
INFO [2018-02-23 18:00:37] $cat.cex
INFO [2018-02-23 18:00:37] [1] 1.5
INFO [2018-02-23 18:00:37] 
INFO [2018-02-23 18:00:37] $cex
INFO [2018-02-23 18:00:37] [1] 2.5
INFO [2018-02-23 18:00:37] 
INFO [2018-02-23 18:00:37] $fill
INFO [2018-02-23 18:00:37] pal[1:3]
INFO [2018-02-23 18:00:37] 
INFO [2018-02-23 18:00:37] $lty
INFO [2018-02-23 18:00:37] [1] 1
INFO [2018-02-23 18:00:37] 
INFO [2018-02-23 18:00:37] $height
INFO [2018-02-23 18:00:37] [1] 2000
INFO [2018-02-23 18:00:37] 
INFO [2018-02-23 18:00:37] $width
INFO [2018-02-23 18:00:37] [1] 3000
INFO [2018-02-23 18:00:37] 
