INFO [2018-04-28 12:11:08] [[1]]
INFO [2018-04-28 12:11:08] mylist
INFO [2018-04-28 12:11:08] 
INFO [2018-04-28 12:11:08] $filename
INFO [2018-04-28 12:11:08] NULL
INFO [2018-04-28 12:11:08] 
INFO [2018-04-28 12:11:08] $fill
INFO [2018-04-28 12:11:08] pal[1:3]
INFO [2018-04-28 12:11:08] 
INFO [2018-04-28 12:11:08] $main.cex
INFO [2018-04-28 12:11:08] [1] 3
INFO [2018-04-28 12:11:08] 
INFO [2018-04-28 12:11:08] $cat.cex
INFO [2018-04-28 12:11:08] [1] 3
INFO [2018-04-28 12:11:08] 
INFO [2018-04-28 12:11:08] $cex
INFO [2018-04-28 12:11:08] [1] 3.5
INFO [2018-04-28 12:11:08] 
INFO [2018-04-28 12:11:08] $lty
INFO [2018-04-28 12:11:08] [1] 1
INFO [2018-04-28 12:11:08] 
INFO [2018-04-28 12:11:08] $height
INFO [2018-04-28 12:11:08] [1] 2000
INFO [2018-04-28 12:11:08] 
INFO [2018-04-28 12:11:08] $width
INFO [2018-04-28 12:11:08] [1] 2000
INFO [2018-04-28 12:11:08] 
INFO [2018-04-28 12:11:08] $fontfamily
INFO [2018-04-28 12:11:08] [1] "sans"
INFO [2018-04-28 12:11:08] 
INFO [2018-04-28 12:11:08] $cat.fontfamily
INFO [2018-04-28 12:11:08] [1] "sans"
INFO [2018-04-28 12:11:08] 
INFO [2018-04-28 12:11:08] $main.fontfamily
INFO [2018-04-28 12:11:08] [1] "sans"
INFO [2018-04-28 12:11:08] 
INFO [2018-04-28 12:11:08] $cat.fontface
INFO [2018-04-28 12:11:08] [1] "bold"
INFO [2018-04-28 12:11:08] 
INFO [2018-04-28 12:11:08] $main.fontface
INFO [2018-04-28 12:11:08] [1] "bold"
INFO [2018-04-28 12:11:08] 
INFO [2018-04-28 12:11:08] $cat.dist
INFO [2018-04-28 12:11:08] [1] 0.05
INFO [2018-04-28 12:11:08] 
INFO [2018-04-28 12:11:08] [[1]]
INFO [2018-04-28 12:11:08] mylist
INFO [2018-04-28 12:11:08] 
INFO [2018-04-28 12:11:08] $filename
INFO [2018-04-28 12:11:08] NULL
INFO [2018-04-28 12:11:08] 
INFO [2018-04-28 12:11:08] $fill
INFO [2018-04-28 12:11:08] pal[1:3]
INFO [2018-04-28 12:11:08] 
INFO [2018-04-28 12:11:08] $main.cex
INFO [2018-04-28 12:11:08] [1] 3
INFO [2018-04-28 12:11:08] 
INFO [2018-04-28 12:11:08] $cat.cex
INFO [2018-04-28 12:11:08] [1] 3
INFO [2018-04-28 12:11:08] 
INFO [2018-04-28 12:11:08] $cex
INFO [2018-04-28 12:11:08] [1] 3.5
INFO [2018-04-28 12:11:08] 
INFO [2018-04-28 12:11:08] $lty
INFO [2018-04-28 12:11:08] [1] 1
INFO [2018-04-28 12:11:08] 
INFO [2018-04-28 12:11:08] $height
INFO [2018-04-28 12:11:08] [1] 2000
INFO [2018-04-28 12:11:08] 
INFO [2018-04-28 12:11:08] $width
INFO [2018-04-28 12:11:08] [1] 2000
INFO [2018-04-28 12:11:08] 
INFO [2018-04-28 12:11:08] $fontfamily
INFO [2018-04-28 12:11:08] [1] "sans"
INFO [2018-04-28 12:11:08] 
INFO [2018-04-28 12:11:08] $cat.fontfamily
INFO [2018-04-28 12:11:08] [1] "sans"
INFO [2018-04-28 12:11:08] 
INFO [2018-04-28 12:11:08] $main.fontfamily
INFO [2018-04-28 12:11:08] [1] "sans"
INFO [2018-04-28 12:11:08] 
INFO [2018-04-28 12:11:08] $cat.fontface
INFO [2018-04-28 12:11:08] [1] "bold"
INFO [2018-04-28 12:11:08] 
INFO [2018-04-28 12:11:08] $main.fontface
INFO [2018-04-28 12:11:08] [1] "bold"
INFO [2018-04-28 12:11:08] 
INFO [2018-04-28 12:11:08] $cat.dist
INFO [2018-04-28 12:11:08] [1] 0.05
INFO [2018-04-28 12:11:08] 
INFO [2018-04-28 12:11:08] [[1]]
INFO [2018-04-28 12:11:08] mylist
INFO [2018-04-28 12:11:08] 
INFO [2018-04-28 12:11:08] $filename
INFO [2018-04-28 12:11:08] NULL
INFO [2018-04-28 12:11:08] 
INFO [2018-04-28 12:11:08] $fill
INFO [2018-04-28 12:11:08] pal[1:3]
INFO [2018-04-28 12:11:08] 
INFO [2018-04-28 12:11:08] $main.cex
INFO [2018-04-28 12:11:08] [1] 3
INFO [2018-04-28 12:11:08] 
INFO [2018-04-28 12:11:08] $cat.cex
INFO [2018-04-28 12:11:08] [1] 3
INFO [2018-04-28 12:11:08] 
INFO [2018-04-28 12:11:08] $cex
INFO [2018-04-28 12:11:08] [1] 3.5
INFO [2018-04-28 12:11:08] 
INFO [2018-04-28 12:11:08] $lty
INFO [2018-04-28 12:11:08] [1] 1
INFO [2018-04-28 12:11:08] 
INFO [2018-04-28 12:11:08] $height
INFO [2018-04-28 12:11:08] [1] 2000
INFO [2018-04-28 12:11:08] 
INFO [2018-04-28 12:11:08] $width
INFO [2018-04-28 12:11:08] [1] 2000
INFO [2018-04-28 12:11:08] 
INFO [2018-04-28 12:11:08] $fontfamily
INFO [2018-04-28 12:11:08] [1] "sans"
INFO [2018-04-28 12:11:08] 
INFO [2018-04-28 12:11:08] $cat.fontfamily
INFO [2018-04-28 12:11:08] [1] "sans"
INFO [2018-04-28 12:11:08] 
INFO [2018-04-28 12:11:08] $main.fontfamily
INFO [2018-04-28 12:11:08] [1] "sans"
INFO [2018-04-28 12:11:08] 
INFO [2018-04-28 12:11:08] $cat.fontface
INFO [2018-04-28 12:11:08] [1] "bold"
INFO [2018-04-28 12:11:08] 
INFO [2018-04-28 12:11:08] $main.fontface
INFO [2018-04-28 12:11:08] [1] "bold"
INFO [2018-04-28 12:11:08] 
INFO [2018-04-28 12:11:08] $cat.dist
INFO [2018-04-28 12:11:08] [1] 0.05
INFO [2018-04-28 12:11:08] 
INFO [2018-04-28 12:11:08] [[1]]
INFO [2018-04-28 12:11:08] mylist
INFO [2018-04-28 12:11:08] 
INFO [2018-04-28 12:11:08] $filename
INFO [2018-04-28 12:11:08] NULL
INFO [2018-04-28 12:11:08] 
INFO [2018-04-28 12:11:08] $fill
INFO [2018-04-28 12:11:08] pal[1:3]
INFO [2018-04-28 12:11:08] 
INFO [2018-04-28 12:11:08] $main.cex
INFO [2018-04-28 12:11:08] [1] 3
INFO [2018-04-28 12:11:08] 
INFO [2018-04-28 12:11:08] $cat.cex
INFO [2018-04-28 12:11:08] [1] 3
INFO [2018-04-28 12:11:08] 
INFO [2018-04-28 12:11:08] $cex
INFO [2018-04-28 12:11:08] [1] 3.5
INFO [2018-04-28 12:11:08] 
INFO [2018-04-28 12:11:08] $lty
INFO [2018-04-28 12:11:08] [1] 1
INFO [2018-04-28 12:11:08] 
INFO [2018-04-28 12:11:08] $height
INFO [2018-04-28 12:11:08] [1] 2000
INFO [2018-04-28 12:11:08] 
INFO [2018-04-28 12:11:08] $width
INFO [2018-04-28 12:11:08] [1] 2000
INFO [2018-04-28 12:11:08] 
INFO [2018-04-28 12:11:08] $fontfamily
INFO [2018-04-28 12:11:08] [1] "sans"
INFO [2018-04-28 12:11:08] 
INFO [2018-04-28 12:11:08] $cat.fontfamily
INFO [2018-04-28 12:11:08] [1] "sans"
INFO [2018-04-28 12:11:08] 
INFO [2018-04-28 12:11:08] $main.fontfamily
INFO [2018-04-28 12:11:08] [1] "sans"
INFO [2018-04-28 12:11:08] 
INFO [2018-04-28 12:11:08] $cat.fontface
INFO [2018-04-28 12:11:08] [1] "bold"
INFO [2018-04-28 12:11:08] 
INFO [2018-04-28 12:11:08] $main.fontface
INFO [2018-04-28 12:11:08] [1] "bold"
INFO [2018-04-28 12:11:08] 
INFO [2018-04-28 12:11:08] $cat.dist
INFO [2018-04-28 12:11:08] [1] 0.05
INFO [2018-04-28 12:11:08] 
INFO [2018-04-28 12:11:08] [[1]]
INFO [2018-04-28 12:11:08] mylist
INFO [2018-04-28 12:11:08] 
INFO [2018-04-28 12:11:08] $filename
INFO [2018-04-28 12:11:08] NULL
INFO [2018-04-28 12:11:08] 
INFO [2018-04-28 12:11:08] $fill
INFO [2018-04-28 12:11:08] pal[1:3]
INFO [2018-04-28 12:11:08] 
INFO [2018-04-28 12:11:08] $main.cex
INFO [2018-04-28 12:11:08] [1] 3
INFO [2018-04-28 12:11:08] 
INFO [2018-04-28 12:11:08] $cat.cex
INFO [2018-04-28 12:11:08] [1] 3
INFO [2018-04-28 12:11:08] 
INFO [2018-04-28 12:11:08] $cex
INFO [2018-04-28 12:11:08] [1] 3.5
INFO [2018-04-28 12:11:08] 
INFO [2018-04-28 12:11:08] $lty
INFO [2018-04-28 12:11:08] [1] 1
INFO [2018-04-28 12:11:08] 
INFO [2018-04-28 12:11:08] $height
INFO [2018-04-28 12:11:08] [1] 2000
INFO [2018-04-28 12:11:08] 
INFO [2018-04-28 12:11:08] $width
INFO [2018-04-28 12:11:08] [1] 2000
INFO [2018-04-28 12:11:08] 
INFO [2018-04-28 12:11:08] $fontfamily
INFO [2018-04-28 12:11:08] [1] "sans"
INFO [2018-04-28 12:11:08] 
INFO [2018-04-28 12:11:08] $cat.fontfamily
INFO [2018-04-28 12:11:08] [1] "sans"
INFO [2018-04-28 12:11:08] 
INFO [2018-04-28 12:11:08] $main.fontfamily
INFO [2018-04-28 12:11:08] [1] "sans"
INFO [2018-04-28 12:11:08] 
INFO [2018-04-28 12:11:08] $cat.fontface
INFO [2018-04-28 12:11:08] [1] "bold"
INFO [2018-04-28 12:11:08] 
INFO [2018-04-28 12:11:08] $main.fontface
INFO [2018-04-28 12:11:08] [1] "bold"
INFO [2018-04-28 12:11:08] 
INFO [2018-04-28 12:11:08] $cat.dist
INFO [2018-04-28 12:11:08] [1] 0.05
INFO [2018-04-28 12:11:08] 
INFO [2018-04-28 12:11:08] [[1]]
INFO [2018-04-28 12:11:08] mylist
INFO [2018-04-28 12:11:08] 
INFO [2018-04-28 12:11:08] $filename
INFO [2018-04-28 12:11:08] NULL
INFO [2018-04-28 12:11:08] 
INFO [2018-04-28 12:11:08] $fill
INFO [2018-04-28 12:11:08] pal[1:3]
INFO [2018-04-28 12:11:08] 
INFO [2018-04-28 12:11:08] $main.cex
INFO [2018-04-28 12:11:08] [1] 3
INFO [2018-04-28 12:11:08] 
INFO [2018-04-28 12:11:08] $cat.cex
INFO [2018-04-28 12:11:08] [1] 3
INFO [2018-04-28 12:11:08] 
INFO [2018-04-28 12:11:08] $cex
INFO [2018-04-28 12:11:08] [1] 3.5
INFO [2018-04-28 12:11:08] 
INFO [2018-04-28 12:11:08] $lty
INFO [2018-04-28 12:11:08] [1] 1
INFO [2018-04-28 12:11:08] 
INFO [2018-04-28 12:11:08] $height
INFO [2018-04-28 12:11:08] [1] 2000
INFO [2018-04-28 12:11:08] 
INFO [2018-04-28 12:11:08] $width
INFO [2018-04-28 12:11:08] [1] 2000
INFO [2018-04-28 12:11:08] 
INFO [2018-04-28 12:11:08] $fontfamily
INFO [2018-04-28 12:11:08] [1] "sans"
INFO [2018-04-28 12:11:08] 
INFO [2018-04-28 12:11:08] $cat.fontfamily
INFO [2018-04-28 12:11:08] [1] "sans"
INFO [2018-04-28 12:11:08] 
INFO [2018-04-28 12:11:08] $main.fontfamily
INFO [2018-04-28 12:11:08] [1] "sans"
INFO [2018-04-28 12:11:08] 
INFO [2018-04-28 12:11:08] $cat.fontface
INFO [2018-04-28 12:11:08] [1] "bold"
INFO [2018-04-28 12:11:08] 
INFO [2018-04-28 12:11:08] $main.fontface
INFO [2018-04-28 12:11:08] [1] "bold"
INFO [2018-04-28 12:11:08] 
INFO [2018-04-28 12:11:08] $cat.dist
INFO [2018-04-28 12:11:08] [1] 0.05
INFO [2018-04-28 12:11:08] 
