INFO [2018-02-23 17:22:50] [[1]]
INFO [2018-02-23 17:22:50] mylist
INFO [2018-02-23 17:22:50] 
INFO [2018-02-23 17:22:50] $filename
INFO [2018-02-23 17:22:50] NULL
INFO [2018-02-23 17:22:50] 
INFO [2018-02-23 17:22:50] $main
INFO [2018-02-23 17:22:50] name_file
INFO [2018-02-23 17:22:50] 
INFO [2018-02-23 17:22:50] $main.cex
INFO [2018-02-23 17:22:50] [1] 2
INFO [2018-02-23 17:22:50] 
INFO [2018-02-23 17:22:50] $cat.cex
INFO [2018-02-23 17:22:50] [1] 1.5
INFO [2018-02-23 17:22:50] 
INFO [2018-02-23 17:22:50] $cex
INFO [2018-02-23 17:22:50] [1] 2.5
INFO [2018-02-23 17:22:50] 
INFO [2018-02-23 17:22:50] $fill
INFO [2018-02-23 17:22:50] pal[1:3]
INFO [2018-02-23 17:22:50] 
INFO [2018-02-23 17:22:50] $lty
INFO [2018-02-23 17:22:50] [1] 1
INFO [2018-02-23 17:22:50] 
INFO [2018-02-23 17:22:50] $height
INFO [2018-02-23 17:22:50] [1] 2000
INFO [2018-02-23 17:22:50] 
INFO [2018-02-23 17:22:50] $width
INFO [2018-02-23 17:22:50] [1] 3000
INFO [2018-02-23 17:22:50] 
