INFO [2018-04-26 13:18:01] [[1]]
INFO [2018-04-26 13:18:01] mylist
INFO [2018-04-26 13:18:01] 
INFO [2018-04-26 13:18:01] $filename
INFO [2018-04-26 13:18:01] NULL
INFO [2018-04-26 13:18:01] 
INFO [2018-04-26 13:18:01] $main.cex
INFO [2018-04-26 13:18:01] [1] 3
INFO [2018-04-26 13:18:01] 
INFO [2018-04-26 13:18:01] $cat.cex
INFO [2018-04-26 13:18:01] [1] 2.5
INFO [2018-04-26 13:18:01] 
INFO [2018-04-26 13:18:01] $cex
INFO [2018-04-26 13:18:01] [1] 2.5
INFO [2018-04-26 13:18:01] 
INFO [2018-04-26 13:18:01] $fill
INFO [2018-04-26 13:18:01] NULL
INFO [2018-04-26 13:18:01] 
INFO [2018-04-26 13:18:01] $lty
INFO [2018-04-26 13:18:01] [1] 1
INFO [2018-04-26 13:18:01] 
INFO [2018-04-26 13:18:01] $height
INFO [2018-04-26 13:18:01] [1] 20000
INFO [2018-04-26 13:18:01] 
INFO [2018-04-26 13:18:01] $width
INFO [2018-04-26 13:18:01] [1] 2e+05
INFO [2018-04-26 13:18:01] 
INFO [2018-04-26 13:18:01] $fontfamily
INFO [2018-04-26 13:18:01] [1] "sans"
INFO [2018-04-26 13:18:01] 
INFO [2018-04-26 13:18:01] $cat.fontfamily
INFO [2018-04-26 13:18:01] [1] "sans"
INFO [2018-04-26 13:18:01] 
INFO [2018-04-26 13:18:01] $main.fontfamily
INFO [2018-04-26 13:18:01] [1] "sans"
INFO [2018-04-26 13:18:01] 
INFO [2018-04-26 13:18:01] $cat.fontface
INFO [2018-04-26 13:18:01] [1] "bold"
INFO [2018-04-26 13:18:01] 
INFO [2018-04-26 13:18:01] $main.fontface
INFO [2018-04-26 13:18:01] [1] "bold"
INFO [2018-04-26 13:18:01] 
INFO [2018-04-26 13:18:01] $cat.dist
INFO [2018-04-26 13:18:01] -0.045
INFO [2018-04-26 13:18:01] 
