INFO [2018-11-17 16:34:27] [[1]]
INFO [2018-11-17 16:34:27] mylist
INFO [2018-11-17 16:34:27] 
INFO [2018-11-17 16:34:27] $filename
INFO [2018-11-17 16:34:27] NULL
INFO [2018-11-17 16:34:27] 
INFO [2018-11-17 16:34:27] $main
INFO [2018-11-17 16:34:27] [1] "Downregulated in Heart compared to Kidney (FSR 1%)"
INFO [2018-11-17 16:34:27] 
INFO [2018-11-17 16:34:27] $main.cex
INFO [2018-11-17 16:34:27] [1] 2
INFO [2018-11-17 16:34:27] 
INFO [2018-11-17 16:34:27] $cat.cex
INFO [2018-11-17 16:34:27] [1] 1.5
INFO [2018-11-17 16:34:27] 
INFO [2018-11-17 16:34:27] $cex
INFO [2018-11-17 16:34:27] [1] 2.5
INFO [2018-11-17 16:34:27] 
INFO [2018-11-17 16:34:27] $fill
INFO [2018-11-17 16:34:27] pal[1:3]
INFO [2018-11-17 16:34:27] 
INFO [2018-11-17 16:34:27] $lty
INFO [2018-11-17 16:34:27] [1] 1
INFO [2018-11-17 16:34:27] 
INFO [2018-11-17 16:34:27] $height
INFO [2018-11-17 16:34:27] [1] 2000
INFO [2018-11-17 16:34:27] 
INFO [2018-11-17 16:34:27] $width
INFO [2018-11-17 16:34:27] [1] 3000
INFO [2018-11-17 16:34:27] 
INFO [2018-11-17 16:34:27] [[1]]
INFO [2018-11-17 16:34:27] mylist
INFO [2018-11-17 16:34:27] 
INFO [2018-11-17 16:34:27] $filename
INFO [2018-11-17 16:34:27] NULL
INFO [2018-11-17 16:34:27] 
INFO [2018-11-17 16:34:27] $main
INFO [2018-11-17 16:34:27] [1] "Upregulated in Heart compared to Liver (FSR 1%)"
INFO [2018-11-17 16:34:27] 
INFO [2018-11-17 16:34:27] $main.cex
INFO [2018-11-17 16:34:27] [1] 2
INFO [2018-11-17 16:34:27] 
INFO [2018-11-17 16:34:27] $cat.cex
INFO [2018-11-17 16:34:27] [1] 1.5
INFO [2018-11-17 16:34:27] 
INFO [2018-11-17 16:34:27] $cex
INFO [2018-11-17 16:34:27] [1] 2.5
INFO [2018-11-17 16:34:27] 
INFO [2018-11-17 16:34:27] $fill
INFO [2018-11-17 16:34:27] pal[1:3]
INFO [2018-11-17 16:34:27] 
INFO [2018-11-17 16:34:27] $lty
INFO [2018-11-17 16:34:27] [1] 1
INFO [2018-11-17 16:34:27] 
INFO [2018-11-17 16:34:27] $height
INFO [2018-11-17 16:34:27] [1] 2000
INFO [2018-11-17 16:34:27] 
INFO [2018-11-17 16:34:27] $width
INFO [2018-11-17 16:34:27] [1] 3000
INFO [2018-11-17 16:34:27] 
INFO [2018-11-17 16:34:27] [[1]]
INFO [2018-11-17 16:34:27] mylist
INFO [2018-11-17 16:34:27] 
INFO [2018-11-17 16:34:27] $filename
INFO [2018-11-17 16:34:27] NULL
INFO [2018-11-17 16:34:27] 
INFO [2018-11-17 16:34:27] $main
INFO [2018-11-17 16:34:27] [1] "Upregulated in Heart compared to Lung (FSR 1%)"
INFO [2018-11-17 16:34:27] 
INFO [2018-11-17 16:34:27] $main.cex
INFO [2018-11-17 16:34:27] [1] 2
INFO [2018-11-17 16:34:27] 
INFO [2018-11-17 16:34:27] $cat.cex
INFO [2018-11-17 16:34:27] [1] 1.5
INFO [2018-11-17 16:34:27] 
INFO [2018-11-17 16:34:27] $cex
INFO [2018-11-17 16:34:27] [1] 2.5
INFO [2018-11-17 16:34:27] 
INFO [2018-11-17 16:34:27] $fill
INFO [2018-11-17 16:34:27] pal[1:3]
INFO [2018-11-17 16:34:27] 
INFO [2018-11-17 16:34:27] $lty
INFO [2018-11-17 16:34:27] [1] 1
INFO [2018-11-17 16:34:27] 
INFO [2018-11-17 16:34:27] $height
INFO [2018-11-17 16:34:27] [1] 2000
INFO [2018-11-17 16:34:27] 
INFO [2018-11-17 16:34:27] $width
INFO [2018-11-17 16:34:27] [1] 3000
INFO [2018-11-17 16:34:27] 
INFO [2018-11-17 16:34:27] [[1]]
INFO [2018-11-17 16:34:27] mylist
INFO [2018-11-17 16:34:27] 
INFO [2018-11-17 16:34:27] $filename
INFO [2018-11-17 16:34:27] NULL
INFO [2018-11-17 16:34:27] 
INFO [2018-11-17 16:34:27] $main
INFO [2018-11-17 16:34:27] [1] "Upregulated in Liver compared to Lung (FSR 1%)"
INFO [2018-11-17 16:34:27] 
INFO [2018-11-17 16:34:27] $main.cex
INFO [2018-11-17 16:34:27] [1] 2
INFO [2018-11-17 16:34:27] 
INFO [2018-11-17 16:34:27] $cat.cex
INFO [2018-11-17 16:34:27] [1] 1.5
INFO [2018-11-17 16:34:27] 
INFO [2018-11-17 16:34:27] $cex
INFO [2018-11-17 16:34:27] [1] 2.5
INFO [2018-11-17 16:34:27] 
INFO [2018-11-17 16:34:27] $fill
INFO [2018-11-17 16:34:27] pal[1:3]
INFO [2018-11-17 16:34:27] 
INFO [2018-11-17 16:34:27] $lty
INFO [2018-11-17 16:34:27] [1] 1
INFO [2018-11-17 16:34:27] 
INFO [2018-11-17 16:34:27] $height
INFO [2018-11-17 16:34:27] [1] 2000
INFO [2018-11-17 16:34:27] 
INFO [2018-11-17 16:34:27] $width
INFO [2018-11-17 16:34:27] [1] 3000
INFO [2018-11-17 16:34:27] 
INFO [2018-11-17 16:34:27] [[1]]
INFO [2018-11-17 16:34:27] mylist
INFO [2018-11-17 16:34:27] 
INFO [2018-11-17 16:34:27] $filename
INFO [2018-11-17 16:34:27] NULL
INFO [2018-11-17 16:34:27] 
INFO [2018-11-17 16:34:27] $main
INFO [2018-11-17 16:34:27] [1] "Upregulated in Liver compared to Kidney (FSR 1%)"
INFO [2018-11-17 16:34:27] 
INFO [2018-11-17 16:34:27] $main.cex
INFO [2018-11-17 16:34:27] [1] 2
INFO [2018-11-17 16:34:27] 
INFO [2018-11-17 16:34:27] $cat.cex
INFO [2018-11-17 16:34:27] [1] 1.5
INFO [2018-11-17 16:34:27] 
INFO [2018-11-17 16:34:27] $cex
INFO [2018-11-17 16:34:27] [1] 2.5
INFO [2018-11-17 16:34:27] 
INFO [2018-11-17 16:34:27] $fill
INFO [2018-11-17 16:34:27] pal[1:3]
INFO [2018-11-17 16:34:27] 
INFO [2018-11-17 16:34:27] $lty
INFO [2018-11-17 16:34:27] [1] 1
INFO [2018-11-17 16:34:27] 
INFO [2018-11-17 16:34:27] $height
INFO [2018-11-17 16:34:27] [1] 2000
INFO [2018-11-17 16:34:27] 
INFO [2018-11-17 16:34:27] $width
INFO [2018-11-17 16:34:27] [1] 3000
INFO [2018-11-17 16:34:27] 
INFO [2018-11-17 16:34:27] [[1]]
INFO [2018-11-17 16:34:27] mylist
INFO [2018-11-17 16:34:27] 
INFO [2018-11-17 16:34:27] $filename
INFO [2018-11-17 16:34:27] NULL
INFO [2018-11-17 16:34:27] 
INFO [2018-11-17 16:34:27] $main
INFO [2018-11-17 16:34:27] [1] "Upregulated in Lung compared to Kidney (FSR 1%)"
INFO [2018-11-17 16:34:27] 
INFO [2018-11-17 16:34:27] $main.cex
INFO [2018-11-17 16:34:27] [1] 2
INFO [2018-11-17 16:34:27] 
INFO [2018-11-17 16:34:27] $cat.cex
INFO [2018-11-17 16:34:27] [1] 1.5
INFO [2018-11-17 16:34:27] 
INFO [2018-11-17 16:34:27] $cex
INFO [2018-11-17 16:34:27] [1] 2.5
INFO [2018-11-17 16:34:27] 
INFO [2018-11-17 16:34:27] $fill
INFO [2018-11-17 16:34:27] pal[1:3]
INFO [2018-11-17 16:34:27] 
INFO [2018-11-17 16:34:27] $lty
INFO [2018-11-17 16:34:27] [1] 1
INFO [2018-11-17 16:34:27] 
INFO [2018-11-17 16:34:27] $height
INFO [2018-11-17 16:34:27] [1] 2000
INFO [2018-11-17 16:34:27] 
INFO [2018-11-17 16:34:27] $width
INFO [2018-11-17 16:34:27] [1] 3000
INFO [2018-11-17 16:34:27] 
