INFO [2018-04-26 15:43:26] [[1]]
INFO [2018-04-26 15:43:26] mylist
INFO [2018-04-26 15:43:26] 
INFO [2018-04-26 15:43:26] $filename
INFO [2018-04-26 15:43:26] NULL
INFO [2018-04-26 15:43:26] 
INFO [2018-04-26 15:43:26] $fill
INFO [2018-04-26 15:43:26] pal[1:3]
INFO [2018-04-26 15:43:26] 
INFO [2018-04-26 15:43:26] $main.cex
INFO [2018-04-26 15:43:26] [1] 3
INFO [2018-04-26 15:43:26] 
INFO [2018-04-26 15:43:26] $cat.cex
INFO [2018-04-26 15:43:26] [1] 3
INFO [2018-04-26 15:43:26] 
INFO [2018-04-26 15:43:26] $cex
INFO [2018-04-26 15:43:26] [1] 3.5
INFO [2018-04-26 15:43:26] 
INFO [2018-04-26 15:43:26] $lty
INFO [2018-04-26 15:43:26] [1] 1
INFO [2018-04-26 15:43:26] 
INFO [2018-04-26 15:43:26] $height
INFO [2018-04-26 15:43:26] [1] 2000
INFO [2018-04-26 15:43:26] 
INFO [2018-04-26 15:43:26] $width
INFO [2018-04-26 15:43:26] [1] 2000
INFO [2018-04-26 15:43:26] 
INFO [2018-04-26 15:43:26] $fontfamily
INFO [2018-04-26 15:43:26] [1] "sans"
INFO [2018-04-26 15:43:26] 
INFO [2018-04-26 15:43:26] $cat.fontfamily
INFO [2018-04-26 15:43:26] [1] "sans"
INFO [2018-04-26 15:43:26] 
INFO [2018-04-26 15:43:26] $main.fontfamily
INFO [2018-04-26 15:43:26] [1] "sans"
INFO [2018-04-26 15:43:26] 
INFO [2018-04-26 15:43:26] $cat.fontface
INFO [2018-04-26 15:43:26] [1] "bold"
INFO [2018-04-26 15:43:26] 
INFO [2018-04-26 15:43:26] $main.fontface
INFO [2018-04-26 15:43:26] [1] "bold"
INFO [2018-04-26 15:43:26] 
INFO [2018-04-26 15:43:26] $cat.dist
INFO [2018-04-26 15:43:26] [1] 0.05
INFO [2018-04-26 15:43:26] 
INFO [2018-04-26 15:43:26] [[1]]
INFO [2018-04-26 15:43:26] mylist
INFO [2018-04-26 15:43:26] 
INFO [2018-04-26 15:43:26] $filename
INFO [2018-04-26 15:43:26] NULL
INFO [2018-04-26 15:43:26] 
INFO [2018-04-26 15:43:26] $fill
INFO [2018-04-26 15:43:26] pal[1:3]
INFO [2018-04-26 15:43:26] 
INFO [2018-04-26 15:43:26] $main.cex
INFO [2018-04-26 15:43:26] [1] 3
INFO [2018-04-26 15:43:26] 
INFO [2018-04-26 15:43:26] $cat.cex
INFO [2018-04-26 15:43:26] [1] 3
INFO [2018-04-26 15:43:26] 
INFO [2018-04-26 15:43:26] $cex
INFO [2018-04-26 15:43:26] [1] 3.5
INFO [2018-04-26 15:43:26] 
INFO [2018-04-26 15:43:26] $lty
INFO [2018-04-26 15:43:26] [1] 1
INFO [2018-04-26 15:43:26] 
INFO [2018-04-26 15:43:26] $height
INFO [2018-04-26 15:43:26] [1] 2000
INFO [2018-04-26 15:43:26] 
INFO [2018-04-26 15:43:26] $width
INFO [2018-04-26 15:43:26] [1] 2000
INFO [2018-04-26 15:43:26] 
INFO [2018-04-26 15:43:26] $fontfamily
INFO [2018-04-26 15:43:26] [1] "sans"
INFO [2018-04-26 15:43:26] 
INFO [2018-04-26 15:43:26] $cat.fontfamily
INFO [2018-04-26 15:43:26] [1] "sans"
INFO [2018-04-26 15:43:26] 
INFO [2018-04-26 15:43:26] $main.fontfamily
INFO [2018-04-26 15:43:26] [1] "sans"
INFO [2018-04-26 15:43:26] 
INFO [2018-04-26 15:43:26] $cat.fontface
INFO [2018-04-26 15:43:26] [1] "bold"
INFO [2018-04-26 15:43:26] 
INFO [2018-04-26 15:43:26] $main.fontface
INFO [2018-04-26 15:43:26] [1] "bold"
INFO [2018-04-26 15:43:26] 
INFO [2018-04-26 15:43:26] $cat.dist
INFO [2018-04-26 15:43:26] [1] 0.05
INFO [2018-04-26 15:43:26] 
