INFO [2018-05-01 19:27:31] [[1]]
INFO [2018-05-01 19:27:31] mylist
INFO [2018-05-01 19:27:31] 
INFO [2018-05-01 19:27:31] $filename
INFO [2018-05-01 19:27:31] NULL
INFO [2018-05-01 19:27:31] 
INFO [2018-05-01 19:27:31] $fill
INFO [2018-05-01 19:27:31] pal[1:3]
INFO [2018-05-01 19:27:31] 
INFO [2018-05-01 19:27:31] $main.cex
INFO [2018-05-01 19:27:31] [1] 3
INFO [2018-05-01 19:27:31] 
INFO [2018-05-01 19:27:31] $cat.cex
INFO [2018-05-01 19:27:31] [1] 3
INFO [2018-05-01 19:27:31] 
INFO [2018-05-01 19:27:31] $cex
INFO [2018-05-01 19:27:31] [1] 3.5
INFO [2018-05-01 19:27:31] 
INFO [2018-05-01 19:27:31] $lty
INFO [2018-05-01 19:27:31] [1] 1
INFO [2018-05-01 19:27:31] 
INFO [2018-05-01 19:27:31] $height
INFO [2018-05-01 19:27:31] [1] 2000
INFO [2018-05-01 19:27:31] 
INFO [2018-05-01 19:27:31] $width
INFO [2018-05-01 19:27:31] [1] 2000
INFO [2018-05-01 19:27:31] 
INFO [2018-05-01 19:27:31] $fontfamily
INFO [2018-05-01 19:27:31] [1] "sans"
INFO [2018-05-01 19:27:31] 
INFO [2018-05-01 19:27:31] $cat.fontfamily
INFO [2018-05-01 19:27:31] [1] "sans"
INFO [2018-05-01 19:27:31] 
INFO [2018-05-01 19:27:31] $main.fontfamily
INFO [2018-05-01 19:27:31] [1] "sans"
INFO [2018-05-01 19:27:31] 
INFO [2018-05-01 19:27:31] $cat.fontface
INFO [2018-05-01 19:27:31] [1] "bold"
INFO [2018-05-01 19:27:31] 
INFO [2018-05-01 19:27:31] $main.fontface
INFO [2018-05-01 19:27:31] [1] "bold"
INFO [2018-05-01 19:27:31] 
INFO [2018-05-01 19:27:31] $cat.dist
INFO [2018-05-01 19:27:31] [1] 0.05
INFO [2018-05-01 19:27:31] 
INFO [2018-05-01 19:27:31] [[1]]
INFO [2018-05-01 19:27:31] mylist
INFO [2018-05-01 19:27:31] 
INFO [2018-05-01 19:27:31] $filename
INFO [2018-05-01 19:27:31] NULL
INFO [2018-05-01 19:27:31] 
INFO [2018-05-01 19:27:31] $fill
INFO [2018-05-01 19:27:31] pal[1:3]
INFO [2018-05-01 19:27:31] 
INFO [2018-05-01 19:27:31] $main.cex
INFO [2018-05-01 19:27:31] [1] 3
INFO [2018-05-01 19:27:31] 
INFO [2018-05-01 19:27:31] $cat.cex
INFO [2018-05-01 19:27:31] [1] 3
INFO [2018-05-01 19:27:31] 
INFO [2018-05-01 19:27:31] $cex
INFO [2018-05-01 19:27:31] [1] 3.5
INFO [2018-05-01 19:27:31] 
INFO [2018-05-01 19:27:31] $lty
INFO [2018-05-01 19:27:31] [1] 1
INFO [2018-05-01 19:27:31] 
INFO [2018-05-01 19:27:31] $height
INFO [2018-05-01 19:27:31] [1] 2000
INFO [2018-05-01 19:27:31] 
INFO [2018-05-01 19:27:31] $width
INFO [2018-05-01 19:27:31] [1] 2000
INFO [2018-05-01 19:27:31] 
INFO [2018-05-01 19:27:31] $fontfamily
INFO [2018-05-01 19:27:31] [1] "sans"
INFO [2018-05-01 19:27:31] 
INFO [2018-05-01 19:27:31] $cat.fontfamily
INFO [2018-05-01 19:27:31] [1] "sans"
INFO [2018-05-01 19:27:31] 
INFO [2018-05-01 19:27:31] $main.fontfamily
INFO [2018-05-01 19:27:31] [1] "sans"
INFO [2018-05-01 19:27:31] 
INFO [2018-05-01 19:27:31] $cat.fontface
INFO [2018-05-01 19:27:31] [1] "bold"
INFO [2018-05-01 19:27:31] 
INFO [2018-05-01 19:27:31] $main.fontface
INFO [2018-05-01 19:27:31] [1] "bold"
INFO [2018-05-01 19:27:31] 
INFO [2018-05-01 19:27:31] $cat.dist
INFO [2018-05-01 19:27:31] [1] 0.05
INFO [2018-05-01 19:27:31] 
