INFO [2018-02-23 15:21:01] [[1]]
INFO [2018-02-23 15:21:01] mylist
INFO [2018-02-23 15:21:01] 
INFO [2018-02-23 15:21:01] $filename
INFO [2018-02-23 15:21:01] NULL
INFO [2018-02-23 15:21:01] 
INFO [2018-02-23 15:21:01] $main
INFO [2018-02-23 15:21:01] [1] "Upregulated heart specific (FSR 1%)"
INFO [2018-02-23 15:21:01] 
INFO [2018-02-23 15:21:01] $main.cex
INFO [2018-02-23 15:21:01] [1] 2
INFO [2018-02-23 15:21:01] 
INFO [2018-02-23 15:21:01] $cat.cex
INFO [2018-02-23 15:21:01] [1] 1.5
INFO [2018-02-23 15:21:01] 
INFO [2018-02-23 15:21:01] $cex
INFO [2018-02-23 15:21:01] [1] 2.5
INFO [2018-02-23 15:21:01] 
INFO [2018-02-23 15:21:01] $fill
INFO [2018-02-23 15:21:01] pal[1:3]
INFO [2018-02-23 15:21:01] 
INFO [2018-02-23 15:21:01] $lty
INFO [2018-02-23 15:21:01] [1] 1
INFO [2018-02-23 15:21:01] 
INFO [2018-02-23 15:21:01] $height
INFO [2018-02-23 15:21:01] [1] 2000
INFO [2018-02-23 15:21:01] 
INFO [2018-02-23 15:21:01] $width
INFO [2018-02-23 15:21:01] [1] 3000
INFO [2018-02-23 15:21:01] 
