INFO [2018-04-26 15:51:46] [[1]]
INFO [2018-04-26 15:51:46] mylist
INFO [2018-04-26 15:51:46] 
INFO [2018-04-26 15:51:46] $filename
INFO [2018-04-26 15:51:46] NULL
INFO [2018-04-26 15:51:46] 
INFO [2018-04-26 15:51:46] $fill
INFO [2018-04-26 15:51:46] pal[1:3]
INFO [2018-04-26 15:51:46] 
INFO [2018-04-26 15:51:46] $main.cex
INFO [2018-04-26 15:51:46] [1] 3
INFO [2018-04-26 15:51:46] 
INFO [2018-04-26 15:51:46] $cat.cex
INFO [2018-04-26 15:51:46] [1] 3
INFO [2018-04-26 15:51:46] 
INFO [2018-04-26 15:51:46] $cex
INFO [2018-04-26 15:51:46] [1] 3.5
INFO [2018-04-26 15:51:46] 
INFO [2018-04-26 15:51:46] $lty
INFO [2018-04-26 15:51:46] [1] 1
INFO [2018-04-26 15:51:46] 
INFO [2018-04-26 15:51:46] $height
INFO [2018-04-26 15:51:46] [1] 2000
INFO [2018-04-26 15:51:46] 
INFO [2018-04-26 15:51:46] $width
INFO [2018-04-26 15:51:46] [1] 2000
INFO [2018-04-26 15:51:46] 
INFO [2018-04-26 15:51:46] $fontfamily
INFO [2018-04-26 15:51:46] [1] "sans"
INFO [2018-04-26 15:51:46] 
INFO [2018-04-26 15:51:46] $cat.fontfamily
INFO [2018-04-26 15:51:46] [1] "sans"
INFO [2018-04-26 15:51:46] 
INFO [2018-04-26 15:51:46] $main.fontfamily
INFO [2018-04-26 15:51:46] [1] "sans"
INFO [2018-04-26 15:51:46] 
INFO [2018-04-26 15:51:46] $cat.fontface
INFO [2018-04-26 15:51:46] [1] "bold"
INFO [2018-04-26 15:51:46] 
INFO [2018-04-26 15:51:46] $main.fontface
INFO [2018-04-26 15:51:46] [1] "bold"
INFO [2018-04-26 15:51:46] 
INFO [2018-04-26 15:51:46] $cat.dist
INFO [2018-04-26 15:51:46] [1] 0.05
INFO [2018-04-26 15:51:46] 
INFO [2018-04-26 15:51:47] [[1]]
INFO [2018-04-26 15:51:47] mylist
INFO [2018-04-26 15:51:47] 
INFO [2018-04-26 15:51:47] $filename
INFO [2018-04-26 15:51:47] NULL
INFO [2018-04-26 15:51:47] 
INFO [2018-04-26 15:51:47] $fill
INFO [2018-04-26 15:51:47] pal[1:3]
INFO [2018-04-26 15:51:47] 
INFO [2018-04-26 15:51:47] $main.cex
INFO [2018-04-26 15:51:47] [1] 3
INFO [2018-04-26 15:51:47] 
INFO [2018-04-26 15:51:47] $cat.cex
INFO [2018-04-26 15:51:47] [1] 3
INFO [2018-04-26 15:51:47] 
INFO [2018-04-26 15:51:47] $cex
INFO [2018-04-26 15:51:47] [1] 3.5
INFO [2018-04-26 15:51:47] 
INFO [2018-04-26 15:51:47] $lty
INFO [2018-04-26 15:51:47] [1] 1
INFO [2018-04-26 15:51:47] 
INFO [2018-04-26 15:51:47] $height
INFO [2018-04-26 15:51:47] [1] 2000
INFO [2018-04-26 15:51:47] 
INFO [2018-04-26 15:51:47] $width
INFO [2018-04-26 15:51:47] [1] 2000
INFO [2018-04-26 15:51:47] 
INFO [2018-04-26 15:51:47] $fontfamily
INFO [2018-04-26 15:51:47] [1] "sans"
INFO [2018-04-26 15:51:47] 
INFO [2018-04-26 15:51:47] $cat.fontfamily
INFO [2018-04-26 15:51:47] [1] "sans"
INFO [2018-04-26 15:51:47] 
INFO [2018-04-26 15:51:47] $main.fontfamily
INFO [2018-04-26 15:51:47] [1] "sans"
INFO [2018-04-26 15:51:47] 
INFO [2018-04-26 15:51:47] $cat.fontface
INFO [2018-04-26 15:51:47] [1] "bold"
INFO [2018-04-26 15:51:47] 
INFO [2018-04-26 15:51:47] $main.fontface
INFO [2018-04-26 15:51:47] [1] "bold"
INFO [2018-04-26 15:51:47] 
INFO [2018-04-26 15:51:47] $cat.dist
INFO [2018-04-26 15:51:47] [1] 0.05
INFO [2018-04-26 15:51:47] 
