INFO [2018-02-25 15:46:40] [[1]]
INFO [2018-02-25 15:46:40] mylist
INFO [2018-02-25 15:46:40] 
INFO [2018-02-25 15:46:40] $filename
INFO [2018-02-25 15:46:40] NULL
INFO [2018-02-25 15:46:40] 
INFO [2018-02-25 15:46:40] $main
INFO [2018-02-25 15:46:40] name_file
INFO [2018-02-25 15:46:40] 
INFO [2018-02-25 15:46:40] $main.cex
INFO [2018-02-25 15:46:40] [1] 2
INFO [2018-02-25 15:46:40] 
INFO [2018-02-25 15:46:40] $cat.cex
INFO [2018-02-25 15:46:40] [1] 1.5
INFO [2018-02-25 15:46:40] 
INFO [2018-02-25 15:46:40] $cex
INFO [2018-02-25 15:46:40] [1] 2.5
INFO [2018-02-25 15:46:40] 
INFO [2018-02-25 15:46:40] $fill
INFO [2018-02-25 15:46:40] pal[1:3]
INFO [2018-02-25 15:46:40] 
INFO [2018-02-25 15:46:40] $lty
INFO [2018-02-25 15:46:40] [1] 1
INFO [2018-02-25 15:46:40] 
INFO [2018-02-25 15:46:40] $height
INFO [2018-02-25 15:46:40] [1] 2000
INFO [2018-02-25 15:46:40] 
INFO [2018-02-25 15:46:40] $width
INFO [2018-02-25 15:46:40] [1] 3000
INFO [2018-02-25 15:46:40] 
