INFO [2018-11-17 16:34:05] [[1]]
INFO [2018-11-17 16:34:05] mylist
INFO [2018-11-17 16:34:05] 
INFO [2018-11-17 16:34:05] $filename
INFO [2018-11-17 16:34:05] NULL
INFO [2018-11-17 16:34:05] 
INFO [2018-11-17 16:34:05] $main
INFO [2018-11-17 16:34:05] [1] "Upregulated in Heart compared to Kidney (FSR 1%)"
INFO [2018-11-17 16:34:05] 
INFO [2018-11-17 16:34:05] $main.cex
INFO [2018-11-17 16:34:05] [1] 2
INFO [2018-11-17 16:34:05] 
INFO [2018-11-17 16:34:05] $cat.cex
INFO [2018-11-17 16:34:05] [1] 1.5
INFO [2018-11-17 16:34:05] 
INFO [2018-11-17 16:34:05] $cex
INFO [2018-11-17 16:34:05] [1] 2.5
INFO [2018-11-17 16:34:05] 
INFO [2018-11-17 16:34:05] $fill
INFO [2018-11-17 16:34:05] pal[1:3]
INFO [2018-11-17 16:34:05] 
INFO [2018-11-17 16:34:05] $lty
INFO [2018-11-17 16:34:05] [1] 1
INFO [2018-11-17 16:34:05] 
INFO [2018-11-17 16:34:05] $height
INFO [2018-11-17 16:34:05] [1] 2000
INFO [2018-11-17 16:34:05] 
INFO [2018-11-17 16:34:05] $width
INFO [2018-11-17 16:34:05] [1] 3000
INFO [2018-11-17 16:34:05] 
