INFO [2018-02-25 15:50:05] [[1]]
INFO [2018-02-25 15:50:05] mylist
INFO [2018-02-25 15:50:05] 
INFO [2018-02-25 15:50:05] $filename
INFO [2018-02-25 15:50:05] NULL
INFO [2018-02-25 15:50:05] 
INFO [2018-02-25 15:50:05] $main
INFO [2018-02-25 15:50:05] name_file
INFO [2018-02-25 15:50:05] 
INFO [2018-02-25 15:50:05] $main.cex
INFO [2018-02-25 15:50:05] [1] 2
INFO [2018-02-25 15:50:05] 
INFO [2018-02-25 15:50:05] $cat.cex
INFO [2018-02-25 15:50:05] [1] 1.5
INFO [2018-02-25 15:50:05] 
INFO [2018-02-25 15:50:05] $cex
INFO [2018-02-25 15:50:05] [1] 2.5
INFO [2018-02-25 15:50:05] 
INFO [2018-02-25 15:50:05] $fill
INFO [2018-02-25 15:50:05] pal[1:3]
INFO [2018-02-25 15:50:05] 
INFO [2018-02-25 15:50:05] $lty
INFO [2018-02-25 15:50:05] [1] 1
INFO [2018-02-25 15:50:05] 
INFO [2018-02-25 15:50:05] $height
INFO [2018-02-25 15:50:05] [1] 2000
INFO [2018-02-25 15:50:05] 
INFO [2018-02-25 15:50:05] $width
INFO [2018-02-25 15:50:05] [1] 3000
INFO [2018-02-25 15:50:05] 
