INFO [2018-04-26 10:13:03] [[1]]
INFO [2018-04-26 10:13:03] mylist
INFO [2018-04-26 10:13:03] 
INFO [2018-04-26 10:13:03] $filename
INFO [2018-04-26 10:13:03] NULL
INFO [2018-04-26 10:13:03] 
INFO [2018-04-26 10:13:03] $main
INFO [2018-04-26 10:13:03] [1] "Upregulated in Heart compared to Kidney (FSR 1%)"
INFO [2018-04-26 10:13:03] 
INFO [2018-04-26 10:13:03] $main.cex
INFO [2018-04-26 10:13:03] [1] 2
INFO [2018-04-26 10:13:03] 
INFO [2018-04-26 10:13:03] $cat.cex
INFO [2018-04-26 10:13:03] [1] 1.5
INFO [2018-04-26 10:13:03] 
INFO [2018-04-26 10:13:03] $cex
INFO [2018-04-26 10:13:03] [1] 2.5
INFO [2018-04-26 10:13:03] 
INFO [2018-04-26 10:13:03] $fill
INFO [2018-04-26 10:13:03] pal[1:3]
INFO [2018-04-26 10:13:03] 
INFO [2018-04-26 10:13:03] $lty
INFO [2018-04-26 10:13:03] [1] 1
INFO [2018-04-26 10:13:03] 
INFO [2018-04-26 10:13:03] $height
INFO [2018-04-26 10:13:03] [1] 2000
INFO [2018-04-26 10:13:03] 
INFO [2018-04-26 10:13:03] $width
INFO [2018-04-26 10:13:03] [1] 3000
INFO [2018-04-26 10:13:03] 
