INFO [2018-02-25 15:43:55] [[1]]
INFO [2018-02-25 15:43:55] mylist
INFO [2018-02-25 15:43:55] 
INFO [2018-02-25 15:43:55] $filename
INFO [2018-02-25 15:43:55] NULL
INFO [2018-02-25 15:43:55] 
INFO [2018-02-25 15:43:55] $main
INFO [2018-02-25 15:43:55] name_file
INFO [2018-02-25 15:43:55] 
INFO [2018-02-25 15:43:55] $main.cex
INFO [2018-02-25 15:43:55] [1] 2
INFO [2018-02-25 15:43:55] 
INFO [2018-02-25 15:43:55] $cat.cex
INFO [2018-02-25 15:43:55] [1] 1.5
INFO [2018-02-25 15:43:55] 
INFO [2018-02-25 15:43:55] $cex
INFO [2018-02-25 15:43:55] [1] 2.5
INFO [2018-02-25 15:43:55] 
INFO [2018-02-25 15:43:55] $fill
INFO [2018-02-25 15:43:55] pal[1:3]
INFO [2018-02-25 15:43:55] 
INFO [2018-02-25 15:43:55] $lty
INFO [2018-02-25 15:43:55] [1] 1
INFO [2018-02-25 15:43:55] 
INFO [2018-02-25 15:43:55] $height
INFO [2018-02-25 15:43:55] [1] 2000
INFO [2018-02-25 15:43:55] 
INFO [2018-02-25 15:43:55] $width
INFO [2018-02-25 15:43:55] [1] 3000
INFO [2018-02-25 15:43:55] 
