INFO [2018-05-31 08:20:22] [[1]]
INFO [2018-05-31 08:20:22] mylist
INFO [2018-05-31 08:20:22] 
INFO [2018-05-31 08:20:22] $filename
INFO [2018-05-31 08:20:22] NULL
INFO [2018-05-31 08:20:22] 
INFO [2018-05-31 08:20:22] $category
INFO [2018-05-31 08:20:22] c("Hu", "Ch", "Rh")
INFO [2018-05-31 08:20:22] 
INFO [2018-05-31 08:20:22] $fill
INFO [2018-05-31 08:20:22] pal[1:3]
INFO [2018-05-31 08:20:22] 
INFO [2018-05-31 08:20:22] $main.cex
INFO [2018-05-31 08:20:22] [1] 3
INFO [2018-05-31 08:20:22] 
INFO [2018-05-31 08:20:22] $cat.cex
INFO [2018-05-31 08:20:22] [1] 3
INFO [2018-05-31 08:20:22] 
INFO [2018-05-31 08:20:22] $cex
INFO [2018-05-31 08:20:22] [1] 3.5
INFO [2018-05-31 08:20:22] 
INFO [2018-05-31 08:20:22] $lty
INFO [2018-05-31 08:20:22] [1] 1
INFO [2018-05-31 08:20:22] 
INFO [2018-05-31 08:20:22] $height
INFO [2018-05-31 08:20:22] [1] 2000
INFO [2018-05-31 08:20:22] 
INFO [2018-05-31 08:20:22] $width
INFO [2018-05-31 08:20:22] [1] 2000
INFO [2018-05-31 08:20:22] 
INFO [2018-05-31 08:20:22] $fontfamily
INFO [2018-05-31 08:20:22] [1] "sans"
INFO [2018-05-31 08:20:22] 
INFO [2018-05-31 08:20:22] $cat.fontfamily
INFO [2018-05-31 08:20:22] [1] "sans"
INFO [2018-05-31 08:20:22] 
INFO [2018-05-31 08:20:22] $main.fontfamily
INFO [2018-05-31 08:20:22] [1] "sans"
INFO [2018-05-31 08:20:22] 
INFO [2018-05-31 08:20:22] $cat.fontface
INFO [2018-05-31 08:20:22] [1] "bold"
INFO [2018-05-31 08:20:22] 
INFO [2018-05-31 08:20:22] $main.fontface
INFO [2018-05-31 08:20:22] [1] "bold"
INFO [2018-05-31 08:20:22] 
INFO [2018-05-31 08:20:22] $cat.dist
INFO [2018-05-31 08:20:22] [1] 0.05
INFO [2018-05-31 08:20:22] 
ERROR [2018-06-01 13:04:18] Unexpected parameter length for 'fill'
ERROR [2018-06-01 13:28:10] Unexpected parameter length for 'fill'
ERROR [2018-06-01 13:29:03] Impossible: a4 <- n13 - n123 produces negative area
