INFO [2018-05-01 19:29:48] [[1]]
INFO [2018-05-01 19:29:48] mylist
INFO [2018-05-01 19:29:48] 
INFO [2018-05-01 19:29:48] $filename
INFO [2018-05-01 19:29:48] NULL
INFO [2018-05-01 19:29:48] 
INFO [2018-05-01 19:29:48] $fill
INFO [2018-05-01 19:29:48] pal[1:3]
INFO [2018-05-01 19:29:48] 
INFO [2018-05-01 19:29:48] $main.cex
INFO [2018-05-01 19:29:48] [1] 3
INFO [2018-05-01 19:29:48] 
INFO [2018-05-01 19:29:48] $cat.cex
INFO [2018-05-01 19:29:48] [1] 3
INFO [2018-05-01 19:29:48] 
INFO [2018-05-01 19:29:48] $cex
INFO [2018-05-01 19:29:48] [1] 3.5
INFO [2018-05-01 19:29:48] 
INFO [2018-05-01 19:29:48] $lty
INFO [2018-05-01 19:29:48] [1] 1
INFO [2018-05-01 19:29:48] 
INFO [2018-05-01 19:29:48] $height
INFO [2018-05-01 19:29:48] [1] 2000
INFO [2018-05-01 19:29:48] 
INFO [2018-05-01 19:29:48] $width
INFO [2018-05-01 19:29:48] [1] 2000
INFO [2018-05-01 19:29:48] 
INFO [2018-05-01 19:29:48] $fontfamily
INFO [2018-05-01 19:29:48] [1] "sans"
INFO [2018-05-01 19:29:48] 
INFO [2018-05-01 19:29:48] $cat.fontfamily
INFO [2018-05-01 19:29:48] [1] "sans"
INFO [2018-05-01 19:29:48] 
INFO [2018-05-01 19:29:48] $main.fontfamily
INFO [2018-05-01 19:29:48] [1] "sans"
INFO [2018-05-01 19:29:48] 
INFO [2018-05-01 19:29:48] $cat.fontface
INFO [2018-05-01 19:29:48] [1] "bold"
INFO [2018-05-01 19:29:48] 
INFO [2018-05-01 19:29:48] $main.fontface
INFO [2018-05-01 19:29:48] [1] "bold"
INFO [2018-05-01 19:29:48] 
INFO [2018-05-01 19:29:48] $cat.dist
INFO [2018-05-01 19:29:48] [1] 0.05
INFO [2018-05-01 19:29:48] 
INFO [2018-05-01 19:29:48] [[1]]
INFO [2018-05-01 19:29:48] mylist
INFO [2018-05-01 19:29:48] 
INFO [2018-05-01 19:29:48] $filename
INFO [2018-05-01 19:29:48] NULL
INFO [2018-05-01 19:29:48] 
INFO [2018-05-01 19:29:48] $fill
INFO [2018-05-01 19:29:48] pal[1:3]
INFO [2018-05-01 19:29:48] 
INFO [2018-05-01 19:29:48] $main.cex
INFO [2018-05-01 19:29:48] [1] 3
INFO [2018-05-01 19:29:48] 
INFO [2018-05-01 19:29:48] $cat.cex
INFO [2018-05-01 19:29:48] [1] 3
INFO [2018-05-01 19:29:48] 
INFO [2018-05-01 19:29:48] $cex
INFO [2018-05-01 19:29:48] [1] 3.5
INFO [2018-05-01 19:29:48] 
INFO [2018-05-01 19:29:48] $lty
INFO [2018-05-01 19:29:48] [1] 1
INFO [2018-05-01 19:29:48] 
INFO [2018-05-01 19:29:48] $height
INFO [2018-05-01 19:29:48] [1] 2000
INFO [2018-05-01 19:29:48] 
INFO [2018-05-01 19:29:48] $width
INFO [2018-05-01 19:29:48] [1] 2000
INFO [2018-05-01 19:29:48] 
INFO [2018-05-01 19:29:48] $fontfamily
INFO [2018-05-01 19:29:48] [1] "sans"
INFO [2018-05-01 19:29:48] 
INFO [2018-05-01 19:29:48] $cat.fontfamily
INFO [2018-05-01 19:29:48] [1] "sans"
INFO [2018-05-01 19:29:48] 
INFO [2018-05-01 19:29:48] $main.fontfamily
INFO [2018-05-01 19:29:48] [1] "sans"
INFO [2018-05-01 19:29:48] 
INFO [2018-05-01 19:29:48] $cat.fontface
INFO [2018-05-01 19:29:48] [1] "bold"
INFO [2018-05-01 19:29:48] 
INFO [2018-05-01 19:29:48] $main.fontface
INFO [2018-05-01 19:29:48] [1] "bold"
INFO [2018-05-01 19:29:48] 
INFO [2018-05-01 19:29:48] $cat.dist
INFO [2018-05-01 19:29:48] [1] 0.05
INFO [2018-05-01 19:29:48] 
INFO [2018-05-01 19:29:48] [[1]]
INFO [2018-05-01 19:29:48] mylist
INFO [2018-05-01 19:29:48] 
INFO [2018-05-01 19:29:48] $filename
INFO [2018-05-01 19:29:48] NULL
INFO [2018-05-01 19:29:48] 
INFO [2018-05-01 19:29:48] $fill
INFO [2018-05-01 19:29:48] pal[1:3]
INFO [2018-05-01 19:29:48] 
INFO [2018-05-01 19:29:48] $main.cex
INFO [2018-05-01 19:29:48] [1] 3
INFO [2018-05-01 19:29:48] 
INFO [2018-05-01 19:29:48] $cat.cex
INFO [2018-05-01 19:29:48] [1] 3
INFO [2018-05-01 19:29:48] 
INFO [2018-05-01 19:29:48] $cex
INFO [2018-05-01 19:29:48] [1] 3.5
INFO [2018-05-01 19:29:48] 
INFO [2018-05-01 19:29:48] $lty
INFO [2018-05-01 19:29:48] [1] 1
INFO [2018-05-01 19:29:48] 
INFO [2018-05-01 19:29:48] $height
INFO [2018-05-01 19:29:48] [1] 2000
INFO [2018-05-01 19:29:48] 
INFO [2018-05-01 19:29:48] $width
INFO [2018-05-01 19:29:48] [1] 2000
INFO [2018-05-01 19:29:48] 
INFO [2018-05-01 19:29:48] $fontfamily
INFO [2018-05-01 19:29:48] [1] "sans"
INFO [2018-05-01 19:29:48] 
INFO [2018-05-01 19:29:48] $cat.fontfamily
INFO [2018-05-01 19:29:48] [1] "sans"
INFO [2018-05-01 19:29:48] 
INFO [2018-05-01 19:29:48] $main.fontfamily
INFO [2018-05-01 19:29:48] [1] "sans"
INFO [2018-05-01 19:29:48] 
INFO [2018-05-01 19:29:48] $cat.fontface
INFO [2018-05-01 19:29:48] [1] "bold"
INFO [2018-05-01 19:29:48] 
INFO [2018-05-01 19:29:48] $main.fontface
INFO [2018-05-01 19:29:48] [1] "bold"
INFO [2018-05-01 19:29:48] 
INFO [2018-05-01 19:29:48] $cat.dist
INFO [2018-05-01 19:29:48] [1] 0.05
INFO [2018-05-01 19:29:48] 
INFO [2018-05-01 19:29:48] [[1]]
INFO [2018-05-01 19:29:48] mylist
INFO [2018-05-01 19:29:48] 
INFO [2018-05-01 19:29:48] $filename
INFO [2018-05-01 19:29:48] NULL
INFO [2018-05-01 19:29:48] 
INFO [2018-05-01 19:29:48] $fill
INFO [2018-05-01 19:29:48] pal[1:3]
INFO [2018-05-01 19:29:48] 
INFO [2018-05-01 19:29:48] $main.cex
INFO [2018-05-01 19:29:48] [1] 3
INFO [2018-05-01 19:29:48] 
INFO [2018-05-01 19:29:48] $cat.cex
INFO [2018-05-01 19:29:48] [1] 3
INFO [2018-05-01 19:29:48] 
INFO [2018-05-01 19:29:48] $cex
INFO [2018-05-01 19:29:48] [1] 3.5
INFO [2018-05-01 19:29:48] 
INFO [2018-05-01 19:29:48] $lty
INFO [2018-05-01 19:29:48] [1] 1
INFO [2018-05-01 19:29:48] 
INFO [2018-05-01 19:29:48] $height
INFO [2018-05-01 19:29:48] [1] 2000
INFO [2018-05-01 19:29:48] 
INFO [2018-05-01 19:29:48] $width
INFO [2018-05-01 19:29:48] [1] 2000
INFO [2018-05-01 19:29:48] 
INFO [2018-05-01 19:29:48] $fontfamily
INFO [2018-05-01 19:29:48] [1] "sans"
INFO [2018-05-01 19:29:48] 
INFO [2018-05-01 19:29:48] $cat.fontfamily
INFO [2018-05-01 19:29:48] [1] "sans"
INFO [2018-05-01 19:29:48] 
INFO [2018-05-01 19:29:48] $main.fontfamily
INFO [2018-05-01 19:29:48] [1] "sans"
INFO [2018-05-01 19:29:48] 
INFO [2018-05-01 19:29:48] $cat.fontface
INFO [2018-05-01 19:29:48] [1] "bold"
INFO [2018-05-01 19:29:48] 
INFO [2018-05-01 19:29:48] $main.fontface
INFO [2018-05-01 19:29:48] [1] "bold"
INFO [2018-05-01 19:29:48] 
INFO [2018-05-01 19:29:48] $cat.dist
INFO [2018-05-01 19:29:48] [1] 0.05
INFO [2018-05-01 19:29:48] 
INFO [2018-05-01 19:29:48] [[1]]
INFO [2018-05-01 19:29:48] mylist
INFO [2018-05-01 19:29:48] 
INFO [2018-05-01 19:29:48] $filename
INFO [2018-05-01 19:29:48] NULL
INFO [2018-05-01 19:29:48] 
INFO [2018-05-01 19:29:48] $fill
INFO [2018-05-01 19:29:48] pal[1:3]
INFO [2018-05-01 19:29:48] 
INFO [2018-05-01 19:29:48] $main.cex
INFO [2018-05-01 19:29:48] [1] 3
INFO [2018-05-01 19:29:48] 
INFO [2018-05-01 19:29:48] $cat.cex
INFO [2018-05-01 19:29:48] [1] 3
INFO [2018-05-01 19:29:48] 
INFO [2018-05-01 19:29:48] $cex
INFO [2018-05-01 19:29:48] [1] 3.5
INFO [2018-05-01 19:29:48] 
INFO [2018-05-01 19:29:48] $lty
INFO [2018-05-01 19:29:48] [1] 1
INFO [2018-05-01 19:29:48] 
INFO [2018-05-01 19:29:48] $height
INFO [2018-05-01 19:29:48] [1] 2000
INFO [2018-05-01 19:29:48] 
INFO [2018-05-01 19:29:48] $width
INFO [2018-05-01 19:29:48] [1] 2000
INFO [2018-05-01 19:29:48] 
INFO [2018-05-01 19:29:48] $fontfamily
INFO [2018-05-01 19:29:48] [1] "sans"
INFO [2018-05-01 19:29:48] 
INFO [2018-05-01 19:29:48] $cat.fontfamily
INFO [2018-05-01 19:29:48] [1] "sans"
INFO [2018-05-01 19:29:48] 
INFO [2018-05-01 19:29:48] $main.fontfamily
INFO [2018-05-01 19:29:48] [1] "sans"
INFO [2018-05-01 19:29:48] 
INFO [2018-05-01 19:29:48] $cat.fontface
INFO [2018-05-01 19:29:48] [1] "bold"
INFO [2018-05-01 19:29:48] 
INFO [2018-05-01 19:29:48] $main.fontface
INFO [2018-05-01 19:29:48] [1] "bold"
INFO [2018-05-01 19:29:48] 
INFO [2018-05-01 19:29:48] $cat.dist
INFO [2018-05-01 19:29:48] [1] 0.05
INFO [2018-05-01 19:29:48] 
INFO [2018-05-01 19:29:48] [[1]]
INFO [2018-05-01 19:29:48] mylist
INFO [2018-05-01 19:29:48] 
INFO [2018-05-01 19:29:48] $filename
INFO [2018-05-01 19:29:48] NULL
INFO [2018-05-01 19:29:48] 
INFO [2018-05-01 19:29:48] $fill
INFO [2018-05-01 19:29:48] pal[1:3]
INFO [2018-05-01 19:29:48] 
INFO [2018-05-01 19:29:48] $main.cex
INFO [2018-05-01 19:29:48] [1] 3
INFO [2018-05-01 19:29:48] 
INFO [2018-05-01 19:29:48] $cat.cex
INFO [2018-05-01 19:29:48] [1] 3
INFO [2018-05-01 19:29:48] 
INFO [2018-05-01 19:29:48] $cex
INFO [2018-05-01 19:29:48] [1] 3.5
INFO [2018-05-01 19:29:48] 
INFO [2018-05-01 19:29:48] $lty
INFO [2018-05-01 19:29:48] [1] 1
INFO [2018-05-01 19:29:48] 
INFO [2018-05-01 19:29:48] $height
INFO [2018-05-01 19:29:48] [1] 2000
INFO [2018-05-01 19:29:48] 
INFO [2018-05-01 19:29:48] $width
INFO [2018-05-01 19:29:48] [1] 2000
INFO [2018-05-01 19:29:48] 
INFO [2018-05-01 19:29:48] $fontfamily
INFO [2018-05-01 19:29:48] [1] "sans"
INFO [2018-05-01 19:29:48] 
INFO [2018-05-01 19:29:48] $cat.fontfamily
INFO [2018-05-01 19:29:48] [1] "sans"
INFO [2018-05-01 19:29:48] 
INFO [2018-05-01 19:29:48] $main.fontfamily
INFO [2018-05-01 19:29:48] [1] "sans"
INFO [2018-05-01 19:29:48] 
INFO [2018-05-01 19:29:48] $cat.fontface
INFO [2018-05-01 19:29:48] [1] "bold"
INFO [2018-05-01 19:29:48] 
INFO [2018-05-01 19:29:48] $main.fontface
INFO [2018-05-01 19:29:48] [1] "bold"
INFO [2018-05-01 19:29:48] 
INFO [2018-05-01 19:29:48] $cat.dist
INFO [2018-05-01 19:29:48] [1] 0.05
INFO [2018-05-01 19:29:48] 
INFO [2018-05-01 19:29:48] [[1]]
INFO [2018-05-01 19:29:48] mylist
INFO [2018-05-01 19:29:48] 
INFO [2018-05-01 19:29:48] $filename
INFO [2018-05-01 19:29:48] NULL
INFO [2018-05-01 19:29:48] 
INFO [2018-05-01 19:29:48] $fill
INFO [2018-05-01 19:29:48] pal[1:3]
INFO [2018-05-01 19:29:48] 
INFO [2018-05-01 19:29:48] $main.cex
INFO [2018-05-01 19:29:48] [1] 3
INFO [2018-05-01 19:29:48] 
INFO [2018-05-01 19:29:48] $cat.cex
INFO [2018-05-01 19:29:48] [1] 3
INFO [2018-05-01 19:29:48] 
INFO [2018-05-01 19:29:48] $cex
INFO [2018-05-01 19:29:48] [1] 3.5
INFO [2018-05-01 19:29:48] 
INFO [2018-05-01 19:29:48] $lty
INFO [2018-05-01 19:29:48] [1] 1
INFO [2018-05-01 19:29:48] 
INFO [2018-05-01 19:29:48] $height
INFO [2018-05-01 19:29:48] [1] 2000
INFO [2018-05-01 19:29:48] 
INFO [2018-05-01 19:29:48] $width
INFO [2018-05-01 19:29:48] [1] 2000
INFO [2018-05-01 19:29:48] 
INFO [2018-05-01 19:29:48] $fontfamily
INFO [2018-05-01 19:29:48] [1] "sans"
INFO [2018-05-01 19:29:48] 
INFO [2018-05-01 19:29:48] $cat.fontfamily
INFO [2018-05-01 19:29:48] [1] "sans"
INFO [2018-05-01 19:29:48] 
INFO [2018-05-01 19:29:48] $main.fontfamily
INFO [2018-05-01 19:29:48] [1] "sans"
INFO [2018-05-01 19:29:48] 
INFO [2018-05-01 19:29:48] $cat.fontface
INFO [2018-05-01 19:29:48] [1] "bold"
INFO [2018-05-01 19:29:48] 
INFO [2018-05-01 19:29:48] $main.fontface
INFO [2018-05-01 19:29:48] [1] "bold"
INFO [2018-05-01 19:29:48] 
INFO [2018-05-01 19:29:48] $cat.dist
INFO [2018-05-01 19:29:48] [1] 0.05
INFO [2018-05-01 19:29:48] 
INFO [2018-05-01 19:29:48] [[1]]
INFO [2018-05-01 19:29:48] mylist
INFO [2018-05-01 19:29:48] 
INFO [2018-05-01 19:29:48] $filename
INFO [2018-05-01 19:29:48] NULL
INFO [2018-05-01 19:29:48] 
INFO [2018-05-01 19:29:48] $fill
INFO [2018-05-01 19:29:48] pal[1:3]
INFO [2018-05-01 19:29:48] 
INFO [2018-05-01 19:29:48] $main.cex
INFO [2018-05-01 19:29:48] [1] 3
INFO [2018-05-01 19:29:48] 
INFO [2018-05-01 19:29:48] $cat.cex
INFO [2018-05-01 19:29:48] [1] 3
INFO [2018-05-01 19:29:48] 
INFO [2018-05-01 19:29:48] $cex
INFO [2018-05-01 19:29:48] [1] 3.5
INFO [2018-05-01 19:29:48] 
INFO [2018-05-01 19:29:48] $lty
INFO [2018-05-01 19:29:48] [1] 1
INFO [2018-05-01 19:29:48] 
INFO [2018-05-01 19:29:48] $height
INFO [2018-05-01 19:29:48] [1] 2000
INFO [2018-05-01 19:29:48] 
INFO [2018-05-01 19:29:48] $width
INFO [2018-05-01 19:29:48] [1] 2000
INFO [2018-05-01 19:29:48] 
INFO [2018-05-01 19:29:48] $fontfamily
INFO [2018-05-01 19:29:48] [1] "sans"
INFO [2018-05-01 19:29:48] 
INFO [2018-05-01 19:29:48] $cat.fontfamily
INFO [2018-05-01 19:29:48] [1] "sans"
INFO [2018-05-01 19:29:48] 
INFO [2018-05-01 19:29:48] $main.fontfamily
INFO [2018-05-01 19:29:48] [1] "sans"
INFO [2018-05-01 19:29:48] 
INFO [2018-05-01 19:29:48] $cat.fontface
INFO [2018-05-01 19:29:48] [1] "bold"
INFO [2018-05-01 19:29:48] 
INFO [2018-05-01 19:29:48] $main.fontface
INFO [2018-05-01 19:29:48] [1] "bold"
INFO [2018-05-01 19:29:48] 
INFO [2018-05-01 19:29:48] $cat.dist
INFO [2018-05-01 19:29:48] [1] 0.05
INFO [2018-05-01 19:29:48] 
