INFO [2018-11-17 16:34:35] [[1]]
INFO [2018-11-17 16:34:35] mylist
INFO [2018-11-17 16:34:35] 
INFO [2018-11-17 16:34:35] $filename
INFO [2018-11-17 16:34:35] NULL
INFO [2018-11-17 16:34:35] 
INFO [2018-11-17 16:34:35] $fill
INFO [2018-11-17 16:34:35] pal[1:3]
INFO [2018-11-17 16:34:35] 
INFO [2018-11-17 16:34:35] $main.cex
INFO [2018-11-17 16:34:35] [1] 3
INFO [2018-11-17 16:34:35] 
INFO [2018-11-17 16:34:35] $cat.cex
INFO [2018-11-17 16:34:35] [1] 3
INFO [2018-11-17 16:34:35] 
INFO [2018-11-17 16:34:35] $cex
INFO [2018-11-17 16:34:35] [1] 3.5
INFO [2018-11-17 16:34:35] 
INFO [2018-11-17 16:34:35] $lty
INFO [2018-11-17 16:34:35] [1] 1
INFO [2018-11-17 16:34:35] 
INFO [2018-11-17 16:34:35] $height
INFO [2018-11-17 16:34:35] [1] 2000
INFO [2018-11-17 16:34:35] 
INFO [2018-11-17 16:34:35] $width
INFO [2018-11-17 16:34:35] [1] 2000
INFO [2018-11-17 16:34:35] 
INFO [2018-11-17 16:34:35] $fontfamily
INFO [2018-11-17 16:34:35] [1] "sans"
INFO [2018-11-17 16:34:35] 
INFO [2018-11-17 16:34:35] $cat.fontfamily
INFO [2018-11-17 16:34:35] [1] "sans"
INFO [2018-11-17 16:34:35] 
INFO [2018-11-17 16:34:35] $main.fontfamily
INFO [2018-11-17 16:34:35] [1] "sans"
INFO [2018-11-17 16:34:35] 
INFO [2018-11-17 16:34:35] $cat.fontface
INFO [2018-11-17 16:34:35] [1] "bold"
INFO [2018-11-17 16:34:35] 
INFO [2018-11-17 16:34:35] $main.fontface
INFO [2018-11-17 16:34:35] [1] "bold"
INFO [2018-11-17 16:34:35] 
INFO [2018-11-17 16:34:35] $cat.dist
INFO [2018-11-17 16:34:35] [1] 0.05
INFO [2018-11-17 16:34:35] 
INFO [2018-11-17 16:34:35] [[1]]
INFO [2018-11-17 16:34:35] mylist
INFO [2018-11-17 16:34:35] 
INFO [2018-11-17 16:34:35] $filename
INFO [2018-11-17 16:34:35] NULL
INFO [2018-11-17 16:34:35] 
INFO [2018-11-17 16:34:35] $fill
INFO [2018-11-17 16:34:35] pal[1:3]
INFO [2018-11-17 16:34:35] 
INFO [2018-11-17 16:34:35] $main.cex
INFO [2018-11-17 16:34:35] [1] 3
INFO [2018-11-17 16:34:35] 
INFO [2018-11-17 16:34:35] $cat.cex
INFO [2018-11-17 16:34:35] [1] 3
INFO [2018-11-17 16:34:35] 
INFO [2018-11-17 16:34:35] $cex
INFO [2018-11-17 16:34:35] [1] 3.5
INFO [2018-11-17 16:34:35] 
INFO [2018-11-17 16:34:35] $lty
INFO [2018-11-17 16:34:35] [1] 1
INFO [2018-11-17 16:34:35] 
INFO [2018-11-17 16:34:35] $height
INFO [2018-11-17 16:34:35] [1] 2000
INFO [2018-11-17 16:34:35] 
INFO [2018-11-17 16:34:35] $width
INFO [2018-11-17 16:34:35] [1] 2000
INFO [2018-11-17 16:34:35] 
INFO [2018-11-17 16:34:35] $fontfamily
INFO [2018-11-17 16:34:35] [1] "sans"
INFO [2018-11-17 16:34:35] 
INFO [2018-11-17 16:34:35] $cat.fontfamily
INFO [2018-11-17 16:34:35] [1] "sans"
INFO [2018-11-17 16:34:35] 
INFO [2018-11-17 16:34:35] $main.fontfamily
INFO [2018-11-17 16:34:35] [1] "sans"
INFO [2018-11-17 16:34:35] 
INFO [2018-11-17 16:34:35] $cat.fontface
INFO [2018-11-17 16:34:35] [1] "bold"
INFO [2018-11-17 16:34:35] 
INFO [2018-11-17 16:34:35] $main.fontface
INFO [2018-11-17 16:34:35] [1] "bold"
INFO [2018-11-17 16:34:35] 
INFO [2018-11-17 16:34:35] $cat.dist
INFO [2018-11-17 16:34:35] [1] 0.05
INFO [2018-11-17 16:34:35] 
