INFO [2018-11-17 16:29:06] [[1]]
INFO [2018-11-17 16:29:06] mylist
INFO [2018-11-17 16:29:06] 
INFO [2018-11-17 16:29:06] $filename
INFO [2018-11-17 16:29:06] NULL
INFO [2018-11-17 16:29:06] 
INFO [2018-11-17 16:29:06] $main
INFO [2018-11-17 16:29:06] [1] "DE genes between Lung and Kidney (FDR 1%)"
INFO [2018-11-17 16:29:06] 
INFO [2018-11-17 16:29:06] $cex
INFO [2018-11-17 16:29:06] [1] 1.5
INFO [2018-11-17 16:29:06] 
INFO [2018-11-17 16:29:06] $fill
INFO [2018-11-17 16:29:06] pal[1:3]
INFO [2018-11-17 16:29:06] 
INFO [2018-11-17 16:29:06] $lty
INFO [2018-11-17 16:29:06] [1] 1
INFO [2018-11-17 16:29:06] 
INFO [2018-11-17 16:29:06] $height
INFO [2018-11-17 16:29:06] [1] 2000
INFO [2018-11-17 16:29:06] 
INFO [2018-11-17 16:29:06] $width
INFO [2018-11-17 16:29:06] [1] 3000
INFO [2018-11-17 16:29:06] 
