INFO [2018-02-23 17:31:36] [[1]]
INFO [2018-02-23 17:31:36] mylist
INFO [2018-02-23 17:31:36] 
INFO [2018-02-23 17:31:36] $filename
INFO [2018-02-23 17:31:36] NULL
INFO [2018-02-23 17:31:36] 
INFO [2018-02-23 17:31:36] $main
INFO [2018-02-23 17:31:36] name_file
INFO [2018-02-23 17:31:36] 
INFO [2018-02-23 17:31:36] $main.cex
INFO [2018-02-23 17:31:36] [1] 2
INFO [2018-02-23 17:31:36] 
INFO [2018-02-23 17:31:36] $cat.cex
INFO [2018-02-23 17:31:36] [1] 1.5
INFO [2018-02-23 17:31:36] 
INFO [2018-02-23 17:31:36] $cex
INFO [2018-02-23 17:31:36] [1] 2.5
INFO [2018-02-23 17:31:36] 
INFO [2018-02-23 17:31:36] $fill
INFO [2018-02-23 17:31:36] pal[1:3]
INFO [2018-02-23 17:31:36] 
INFO [2018-02-23 17:31:36] $lty
INFO [2018-02-23 17:31:36] [1] 1
INFO [2018-02-23 17:31:36] 
INFO [2018-02-23 17:31:36] $height
INFO [2018-02-23 17:31:36] [1] 2000
INFO [2018-02-23 17:31:36] 
INFO [2018-02-23 17:31:36] $width
INFO [2018-02-23 17:31:36] [1] 3000
INFO [2018-02-23 17:31:36] 
INFO [2018-02-23 17:31:36] [[1]]
INFO [2018-02-23 17:31:36] mylist
INFO [2018-02-23 17:31:36] 
INFO [2018-02-23 17:31:36] $filename
INFO [2018-02-23 17:31:36] NULL
INFO [2018-02-23 17:31:36] 
INFO [2018-02-23 17:31:36] $main
INFO [2018-02-23 17:31:36] name_file
INFO [2018-02-23 17:31:36] 
INFO [2018-02-23 17:31:36] $main.cex
INFO [2018-02-23 17:31:36] [1] 2
INFO [2018-02-23 17:31:36] 
INFO [2018-02-23 17:31:36] $cat.cex
INFO [2018-02-23 17:31:36] [1] 1.5
INFO [2018-02-23 17:31:36] 
INFO [2018-02-23 17:31:36] $cex
INFO [2018-02-23 17:31:36] [1] 2.5
INFO [2018-02-23 17:31:36] 
INFO [2018-02-23 17:31:36] $fill
INFO [2018-02-23 17:31:36] pal[1:3]
INFO [2018-02-23 17:31:36] 
INFO [2018-02-23 17:31:36] $lty
INFO [2018-02-23 17:31:36] [1] 1
INFO [2018-02-23 17:31:36] 
INFO [2018-02-23 17:31:36] $height
INFO [2018-02-23 17:31:36] [1] 2000
INFO [2018-02-23 17:31:36] 
INFO [2018-02-23 17:31:36] $width
INFO [2018-02-23 17:31:36] [1] 3000
INFO [2018-02-23 17:31:36] 
