INFO [2018-05-01 19:00:54] [[1]]
INFO [2018-05-01 19:00:54] mylist
INFO [2018-05-01 19:00:54] 
INFO [2018-05-01 19:00:54] $filename
INFO [2018-05-01 19:00:54] NULL
INFO [2018-05-01 19:00:54] 
INFO [2018-05-01 19:00:54] $fill
INFO [2018-05-01 19:00:54] pal[1:3]
INFO [2018-05-01 19:00:54] 
INFO [2018-05-01 19:00:54] $main.cex
INFO [2018-05-01 19:00:54] [1] 3
INFO [2018-05-01 19:00:54] 
INFO [2018-05-01 19:00:54] $cat.cex
INFO [2018-05-01 19:00:54] [1] 3
INFO [2018-05-01 19:00:54] 
INFO [2018-05-01 19:00:54] $cex
INFO [2018-05-01 19:00:54] [1] 3.5
INFO [2018-05-01 19:00:54] 
INFO [2018-05-01 19:00:54] $lty
INFO [2018-05-01 19:00:54] [1] 1
INFO [2018-05-01 19:00:54] 
INFO [2018-05-01 19:00:54] $height
INFO [2018-05-01 19:00:54] [1] 2000
INFO [2018-05-01 19:00:54] 
INFO [2018-05-01 19:00:54] $width
INFO [2018-05-01 19:00:54] [1] 2000
INFO [2018-05-01 19:00:54] 
INFO [2018-05-01 19:00:54] $fontfamily
INFO [2018-05-01 19:00:54] [1] "sans"
INFO [2018-05-01 19:00:54] 
INFO [2018-05-01 19:00:54] $cat.fontfamily
INFO [2018-05-01 19:00:54] [1] "sans"
INFO [2018-05-01 19:00:54] 
INFO [2018-05-01 19:00:54] $main.fontfamily
INFO [2018-05-01 19:00:54] [1] "sans"
INFO [2018-05-01 19:00:54] 
INFO [2018-05-01 19:00:54] $cat.fontface
INFO [2018-05-01 19:00:54] [1] "bold"
INFO [2018-05-01 19:00:54] 
INFO [2018-05-01 19:00:54] $main.fontface
INFO [2018-05-01 19:00:54] [1] "bold"
INFO [2018-05-01 19:00:54] 
INFO [2018-05-01 19:00:54] $cat.dist
INFO [2018-05-01 19:00:54] [1] 0.05
INFO [2018-05-01 19:00:54] 
INFO [2018-05-01 19:00:54] [[1]]
INFO [2018-05-01 19:00:54] mylist
INFO [2018-05-01 19:00:54] 
INFO [2018-05-01 19:00:54] $filename
INFO [2018-05-01 19:00:54] NULL
INFO [2018-05-01 19:00:54] 
INFO [2018-05-01 19:00:54] $fill
INFO [2018-05-01 19:00:54] pal[1:3]
INFO [2018-05-01 19:00:54] 
INFO [2018-05-01 19:00:54] $main.cex
INFO [2018-05-01 19:00:54] [1] 3
INFO [2018-05-01 19:00:54] 
INFO [2018-05-01 19:00:54] $cat.cex
INFO [2018-05-01 19:00:54] [1] 3
INFO [2018-05-01 19:00:54] 
INFO [2018-05-01 19:00:54] $cex
INFO [2018-05-01 19:00:54] [1] 3.5
INFO [2018-05-01 19:00:54] 
INFO [2018-05-01 19:00:54] $lty
INFO [2018-05-01 19:00:54] [1] 1
INFO [2018-05-01 19:00:54] 
INFO [2018-05-01 19:00:54] $height
INFO [2018-05-01 19:00:54] [1] 2000
INFO [2018-05-01 19:00:54] 
INFO [2018-05-01 19:00:54] $width
INFO [2018-05-01 19:00:54] [1] 2000
INFO [2018-05-01 19:00:54] 
INFO [2018-05-01 19:00:54] $fontfamily
INFO [2018-05-01 19:00:54] [1] "sans"
INFO [2018-05-01 19:00:54] 
INFO [2018-05-01 19:00:54] $cat.fontfamily
INFO [2018-05-01 19:00:54] [1] "sans"
INFO [2018-05-01 19:00:54] 
INFO [2018-05-01 19:00:54] $main.fontfamily
INFO [2018-05-01 19:00:54] [1] "sans"
INFO [2018-05-01 19:00:54] 
INFO [2018-05-01 19:00:54] $cat.fontface
INFO [2018-05-01 19:00:54] [1] "bold"
INFO [2018-05-01 19:00:54] 
INFO [2018-05-01 19:00:54] $main.fontface
INFO [2018-05-01 19:00:54] [1] "bold"
INFO [2018-05-01 19:00:54] 
INFO [2018-05-01 19:00:54] $cat.dist
INFO [2018-05-01 19:00:54] [1] 0.05
INFO [2018-05-01 19:00:54] 
INFO [2018-05-01 19:00:54] [[1]]
INFO [2018-05-01 19:00:54] mylist
INFO [2018-05-01 19:00:54] 
INFO [2018-05-01 19:00:54] $filename
INFO [2018-05-01 19:00:54] NULL
INFO [2018-05-01 19:00:54] 
INFO [2018-05-01 19:00:54] $fill
INFO [2018-05-01 19:00:54] pal[1:3]
INFO [2018-05-01 19:00:54] 
INFO [2018-05-01 19:00:54] $main.cex
INFO [2018-05-01 19:00:54] [1] 3
INFO [2018-05-01 19:00:54] 
INFO [2018-05-01 19:00:54] $cat.cex
INFO [2018-05-01 19:00:54] [1] 3
INFO [2018-05-01 19:00:54] 
INFO [2018-05-01 19:00:54] $cex
INFO [2018-05-01 19:00:54] [1] 3.5
INFO [2018-05-01 19:00:54] 
INFO [2018-05-01 19:00:54] $lty
INFO [2018-05-01 19:00:54] [1] 1
INFO [2018-05-01 19:00:54] 
INFO [2018-05-01 19:00:54] $height
INFO [2018-05-01 19:00:54] [1] 2000
INFO [2018-05-01 19:00:54] 
INFO [2018-05-01 19:00:54] $width
INFO [2018-05-01 19:00:54] [1] 2000
INFO [2018-05-01 19:00:54] 
INFO [2018-05-01 19:00:54] $fontfamily
INFO [2018-05-01 19:00:54] [1] "sans"
INFO [2018-05-01 19:00:54] 
INFO [2018-05-01 19:00:54] $cat.fontfamily
INFO [2018-05-01 19:00:54] [1] "sans"
INFO [2018-05-01 19:00:54] 
INFO [2018-05-01 19:00:54] $main.fontfamily
INFO [2018-05-01 19:00:54] [1] "sans"
INFO [2018-05-01 19:00:54] 
INFO [2018-05-01 19:00:54] $cat.fontface
INFO [2018-05-01 19:00:54] [1] "bold"
INFO [2018-05-01 19:00:54] 
INFO [2018-05-01 19:00:54] $main.fontface
INFO [2018-05-01 19:00:54] [1] "bold"
INFO [2018-05-01 19:00:54] 
INFO [2018-05-01 19:00:54] $cat.dist
INFO [2018-05-01 19:00:54] [1] 0.05
INFO [2018-05-01 19:00:54] 
INFO [2018-05-01 19:00:54] [[1]]
INFO [2018-05-01 19:00:54] mylist
INFO [2018-05-01 19:00:54] 
INFO [2018-05-01 19:00:54] $filename
INFO [2018-05-01 19:00:54] NULL
INFO [2018-05-01 19:00:54] 
INFO [2018-05-01 19:00:54] $fill
INFO [2018-05-01 19:00:54] pal[1:3]
INFO [2018-05-01 19:00:54] 
INFO [2018-05-01 19:00:54] $main.cex
INFO [2018-05-01 19:00:54] [1] 3
INFO [2018-05-01 19:00:54] 
INFO [2018-05-01 19:00:54] $cat.cex
INFO [2018-05-01 19:00:54] [1] 3
INFO [2018-05-01 19:00:54] 
INFO [2018-05-01 19:00:54] $cex
INFO [2018-05-01 19:00:54] [1] 3.5
INFO [2018-05-01 19:00:54] 
INFO [2018-05-01 19:00:54] $lty
INFO [2018-05-01 19:00:54] [1] 1
INFO [2018-05-01 19:00:54] 
INFO [2018-05-01 19:00:54] $height
INFO [2018-05-01 19:00:54] [1] 2000
INFO [2018-05-01 19:00:54] 
INFO [2018-05-01 19:00:54] $width
INFO [2018-05-01 19:00:54] [1] 2000
INFO [2018-05-01 19:00:54] 
INFO [2018-05-01 19:00:54] $fontfamily
INFO [2018-05-01 19:00:54] [1] "sans"
INFO [2018-05-01 19:00:54] 
INFO [2018-05-01 19:00:54] $cat.fontfamily
INFO [2018-05-01 19:00:54] [1] "sans"
INFO [2018-05-01 19:00:54] 
INFO [2018-05-01 19:00:54] $main.fontfamily
INFO [2018-05-01 19:00:54] [1] "sans"
INFO [2018-05-01 19:00:54] 
INFO [2018-05-01 19:00:54] $cat.fontface
INFO [2018-05-01 19:00:54] [1] "bold"
INFO [2018-05-01 19:00:54] 
INFO [2018-05-01 19:00:54] $main.fontface
INFO [2018-05-01 19:00:54] [1] "bold"
INFO [2018-05-01 19:00:54] 
INFO [2018-05-01 19:00:54] $cat.dist
INFO [2018-05-01 19:00:54] [1] 0.05
INFO [2018-05-01 19:00:54] 
INFO [2018-05-01 19:00:54] [[1]]
INFO [2018-05-01 19:00:54] mylist
INFO [2018-05-01 19:00:54] 
INFO [2018-05-01 19:00:54] $filename
INFO [2018-05-01 19:00:54] NULL
INFO [2018-05-01 19:00:54] 
INFO [2018-05-01 19:00:54] $fill
INFO [2018-05-01 19:00:54] pal[1:3]
INFO [2018-05-01 19:00:54] 
INFO [2018-05-01 19:00:54] $main.cex
INFO [2018-05-01 19:00:54] [1] 3
INFO [2018-05-01 19:00:54] 
INFO [2018-05-01 19:00:54] $cat.cex
INFO [2018-05-01 19:00:54] [1] 3
INFO [2018-05-01 19:00:54] 
INFO [2018-05-01 19:00:54] $cex
INFO [2018-05-01 19:00:54] [1] 3.5
INFO [2018-05-01 19:00:54] 
INFO [2018-05-01 19:00:54] $lty
INFO [2018-05-01 19:00:54] [1] 1
INFO [2018-05-01 19:00:54] 
INFO [2018-05-01 19:00:54] $height
INFO [2018-05-01 19:00:54] [1] 2000
INFO [2018-05-01 19:00:54] 
INFO [2018-05-01 19:00:54] $width
INFO [2018-05-01 19:00:54] [1] 2000
INFO [2018-05-01 19:00:54] 
INFO [2018-05-01 19:00:54] $fontfamily
INFO [2018-05-01 19:00:54] [1] "sans"
INFO [2018-05-01 19:00:54] 
INFO [2018-05-01 19:00:54] $cat.fontfamily
INFO [2018-05-01 19:00:54] [1] "sans"
INFO [2018-05-01 19:00:54] 
INFO [2018-05-01 19:00:54] $main.fontfamily
INFO [2018-05-01 19:00:54] [1] "sans"
INFO [2018-05-01 19:00:54] 
INFO [2018-05-01 19:00:54] $cat.fontface
INFO [2018-05-01 19:00:54] [1] "bold"
INFO [2018-05-01 19:00:54] 
INFO [2018-05-01 19:00:54] $main.fontface
INFO [2018-05-01 19:00:54] [1] "bold"
INFO [2018-05-01 19:00:54] 
INFO [2018-05-01 19:00:54] $cat.dist
INFO [2018-05-01 19:00:54] [1] 0.05
INFO [2018-05-01 19:00:54] 
