INFO [2018-04-28 10:00:53] [[1]]
INFO [2018-04-28 10:00:53] mylist
INFO [2018-04-28 10:00:53] 
INFO [2018-04-28 10:00:53] $filename
INFO [2018-04-28 10:00:53] NULL
INFO [2018-04-28 10:00:53] 
INFO [2018-04-28 10:00:53] $fill
INFO [2018-04-28 10:00:53] pal[1:4]
INFO [2018-04-28 10:00:53] 
INFO [2018-04-28 10:00:53] $main.cex
INFO [2018-04-28 10:00:53] [1] 3
INFO [2018-04-28 10:00:53] 
INFO [2018-04-28 10:00:53] $cat.cex
INFO [2018-04-28 10:00:53] [1] 2.7
INFO [2018-04-28 10:00:53] 
INFO [2018-04-28 10:00:53] $cex
INFO [2018-04-28 10:00:53] [1] 2.7
INFO [2018-04-28 10:00:53] 
INFO [2018-04-28 10:00:53] $lty
INFO [2018-04-28 10:00:53] [1] 1
INFO [2018-04-28 10:00:53] 
INFO [2018-04-28 10:00:53] $height
INFO [2018-04-28 10:00:53] [1] 2000
INFO [2018-04-28 10:00:53] 
INFO [2018-04-28 10:00:53] $width
INFO [2018-04-28 10:00:53] [1] 2000
INFO [2018-04-28 10:00:53] 
INFO [2018-04-28 10:00:53] $fontfamily
INFO [2018-04-28 10:00:53] [1] "sans"
INFO [2018-04-28 10:00:53] 
INFO [2018-04-28 10:00:53] $cat.fontfamily
INFO [2018-04-28 10:00:53] [1] "sans"
INFO [2018-04-28 10:00:53] 
INFO [2018-04-28 10:00:53] $main.fontfamily
INFO [2018-04-28 10:00:53] [1] "sans"
INFO [2018-04-28 10:00:53] 
INFO [2018-04-28 10:00:53] $cat.fontface
INFO [2018-04-28 10:00:53] [1] "bold"
INFO [2018-04-28 10:00:53] 
INFO [2018-04-28 10:00:53] $main.fontface
INFO [2018-04-28 10:00:53] [1] "bold"
INFO [2018-04-28 10:00:53] 
