INFO [2018-05-04 17:51:12] [[1]]
INFO [2018-05-04 17:51:12] mylist
INFO [2018-05-04 17:51:12] 
INFO [2018-05-04 17:51:12] $filename
INFO [2018-05-04 17:51:12] NULL
INFO [2018-05-04 17:51:12] 
INFO [2018-05-04 17:51:12] $fill
INFO [2018-05-04 17:51:12] pal[1:3]
INFO [2018-05-04 17:51:12] 
INFO [2018-05-04 17:51:12] $main.cex
INFO [2018-05-04 17:51:12] [1] 3
INFO [2018-05-04 17:51:12] 
INFO [2018-05-04 17:51:12] $cat.cex
INFO [2018-05-04 17:51:12] [1] 3
INFO [2018-05-04 17:51:12] 
INFO [2018-05-04 17:51:12] $cex
INFO [2018-05-04 17:51:12] [1] 3.5
INFO [2018-05-04 17:51:12] 
INFO [2018-05-04 17:51:12] $lty
INFO [2018-05-04 17:51:12] [1] 1
INFO [2018-05-04 17:51:12] 
INFO [2018-05-04 17:51:12] $height
INFO [2018-05-04 17:51:12] [1] 2000
INFO [2018-05-04 17:51:12] 
INFO [2018-05-04 17:51:12] $width
INFO [2018-05-04 17:51:12] [1] 2000
INFO [2018-05-04 17:51:12] 
INFO [2018-05-04 17:51:12] $fontfamily
INFO [2018-05-04 17:51:12] [1] "sans"
INFO [2018-05-04 17:51:12] 
INFO [2018-05-04 17:51:12] $cat.fontfamily
INFO [2018-05-04 17:51:12] [1] "sans"
INFO [2018-05-04 17:51:12] 
INFO [2018-05-04 17:51:12] $main.fontfamily
INFO [2018-05-04 17:51:12] [1] "sans"
INFO [2018-05-04 17:51:12] 
INFO [2018-05-04 17:51:12] $cat.fontface
INFO [2018-05-04 17:51:12] [1] "bold"
INFO [2018-05-04 17:51:12] 
INFO [2018-05-04 17:51:12] $main.fontface
INFO [2018-05-04 17:51:12] [1] "bold"
INFO [2018-05-04 17:51:12] 
INFO [2018-05-04 17:51:12] $cat.dist
INFO [2018-05-04 17:51:12] [1] 0.05
INFO [2018-05-04 17:51:12] 
INFO [2018-05-04 17:51:12] [[1]]
INFO [2018-05-04 17:51:12] mylist
INFO [2018-05-04 17:51:12] 
INFO [2018-05-04 17:51:12] $filename
INFO [2018-05-04 17:51:12] NULL
INFO [2018-05-04 17:51:12] 
INFO [2018-05-04 17:51:12] $fill
INFO [2018-05-04 17:51:12] pal[1:3]
INFO [2018-05-04 17:51:12] 
INFO [2018-05-04 17:51:12] $main.cex
INFO [2018-05-04 17:51:12] [1] 3
INFO [2018-05-04 17:51:12] 
INFO [2018-05-04 17:51:12] $cat.cex
INFO [2018-05-04 17:51:12] [1] 3
INFO [2018-05-04 17:51:12] 
INFO [2018-05-04 17:51:12] $cex
INFO [2018-05-04 17:51:12] [1] 3.5
INFO [2018-05-04 17:51:12] 
INFO [2018-05-04 17:51:12] $lty
INFO [2018-05-04 17:51:12] [1] 1
INFO [2018-05-04 17:51:12] 
INFO [2018-05-04 17:51:12] $height
INFO [2018-05-04 17:51:12] [1] 2000
INFO [2018-05-04 17:51:12] 
INFO [2018-05-04 17:51:12] $width
INFO [2018-05-04 17:51:12] [1] 2000
INFO [2018-05-04 17:51:12] 
INFO [2018-05-04 17:51:12] $fontfamily
INFO [2018-05-04 17:51:12] [1] "sans"
INFO [2018-05-04 17:51:12] 
INFO [2018-05-04 17:51:12] $cat.fontfamily
INFO [2018-05-04 17:51:12] [1] "sans"
INFO [2018-05-04 17:51:12] 
INFO [2018-05-04 17:51:12] $main.fontfamily
INFO [2018-05-04 17:51:12] [1] "sans"
INFO [2018-05-04 17:51:12] 
INFO [2018-05-04 17:51:12] $cat.fontface
INFO [2018-05-04 17:51:12] [1] "bold"
INFO [2018-05-04 17:51:12] 
INFO [2018-05-04 17:51:12] $main.fontface
INFO [2018-05-04 17:51:12] [1] "bold"
INFO [2018-05-04 17:51:12] 
INFO [2018-05-04 17:51:12] $cat.dist
INFO [2018-05-04 17:51:12] [1] 0.05
INFO [2018-05-04 17:51:12] 
INFO [2018-05-04 17:51:12] [[1]]
INFO [2018-05-04 17:51:12] mylist
INFO [2018-05-04 17:51:12] 
INFO [2018-05-04 17:51:12] $filename
INFO [2018-05-04 17:51:12] NULL
INFO [2018-05-04 17:51:12] 
INFO [2018-05-04 17:51:12] $fill
INFO [2018-05-04 17:51:12] pal[1:3]
INFO [2018-05-04 17:51:12] 
INFO [2018-05-04 17:51:12] $main.cex
INFO [2018-05-04 17:51:12] [1] 3
INFO [2018-05-04 17:51:12] 
INFO [2018-05-04 17:51:12] $cat.cex
INFO [2018-05-04 17:51:12] [1] 3
INFO [2018-05-04 17:51:12] 
INFO [2018-05-04 17:51:12] $cex
INFO [2018-05-04 17:51:12] [1] 3.5
INFO [2018-05-04 17:51:12] 
INFO [2018-05-04 17:51:12] $lty
INFO [2018-05-04 17:51:12] [1] 1
INFO [2018-05-04 17:51:12] 
INFO [2018-05-04 17:51:12] $height
INFO [2018-05-04 17:51:12] [1] 2000
INFO [2018-05-04 17:51:12] 
INFO [2018-05-04 17:51:12] $width
INFO [2018-05-04 17:51:12] [1] 2000
INFO [2018-05-04 17:51:12] 
INFO [2018-05-04 17:51:12] $fontfamily
INFO [2018-05-04 17:51:12] [1] "sans"
INFO [2018-05-04 17:51:12] 
INFO [2018-05-04 17:51:12] $cat.fontfamily
INFO [2018-05-04 17:51:12] [1] "sans"
INFO [2018-05-04 17:51:12] 
INFO [2018-05-04 17:51:12] $main.fontfamily
INFO [2018-05-04 17:51:12] [1] "sans"
INFO [2018-05-04 17:51:12] 
INFO [2018-05-04 17:51:12] $cat.fontface
INFO [2018-05-04 17:51:12] [1] "bold"
INFO [2018-05-04 17:51:12] 
INFO [2018-05-04 17:51:12] $main.fontface
INFO [2018-05-04 17:51:12] [1] "bold"
INFO [2018-05-04 17:51:12] 
INFO [2018-05-04 17:51:12] $cat.dist
INFO [2018-05-04 17:51:12] [1] 0.05
INFO [2018-05-04 17:51:12] 
INFO [2018-05-04 17:51:12] [[1]]
INFO [2018-05-04 17:51:12] mylist
INFO [2018-05-04 17:51:12] 
INFO [2018-05-04 17:51:12] $filename
INFO [2018-05-04 17:51:12] NULL
INFO [2018-05-04 17:51:12] 
INFO [2018-05-04 17:51:12] $fill
INFO [2018-05-04 17:51:12] pal[1:3]
INFO [2018-05-04 17:51:12] 
INFO [2018-05-04 17:51:12] $main.cex
INFO [2018-05-04 17:51:12] [1] 3
INFO [2018-05-04 17:51:12] 
INFO [2018-05-04 17:51:12] $cat.cex
INFO [2018-05-04 17:51:12] [1] 3
INFO [2018-05-04 17:51:12] 
INFO [2018-05-04 17:51:12] $cex
INFO [2018-05-04 17:51:12] [1] 3.5
INFO [2018-05-04 17:51:12] 
INFO [2018-05-04 17:51:12] $lty
INFO [2018-05-04 17:51:12] [1] 1
INFO [2018-05-04 17:51:12] 
INFO [2018-05-04 17:51:12] $height
INFO [2018-05-04 17:51:12] [1] 2000
INFO [2018-05-04 17:51:12] 
INFO [2018-05-04 17:51:12] $width
INFO [2018-05-04 17:51:12] [1] 2000
INFO [2018-05-04 17:51:12] 
INFO [2018-05-04 17:51:12] $fontfamily
INFO [2018-05-04 17:51:12] [1] "sans"
INFO [2018-05-04 17:51:12] 
INFO [2018-05-04 17:51:12] $cat.fontfamily
INFO [2018-05-04 17:51:12] [1] "sans"
INFO [2018-05-04 17:51:12] 
INFO [2018-05-04 17:51:12] $main.fontfamily
INFO [2018-05-04 17:51:12] [1] "sans"
INFO [2018-05-04 17:51:12] 
INFO [2018-05-04 17:51:12] $cat.fontface
INFO [2018-05-04 17:51:12] [1] "bold"
INFO [2018-05-04 17:51:12] 
INFO [2018-05-04 17:51:12] $main.fontface
INFO [2018-05-04 17:51:12] [1] "bold"
INFO [2018-05-04 17:51:12] 
INFO [2018-05-04 17:51:12] $cat.dist
INFO [2018-05-04 17:51:12] [1] 0.05
INFO [2018-05-04 17:51:12] 
INFO [2018-05-04 17:51:12] [[1]]
INFO [2018-05-04 17:51:12] mylist
INFO [2018-05-04 17:51:12] 
INFO [2018-05-04 17:51:12] $filename
INFO [2018-05-04 17:51:12] NULL
INFO [2018-05-04 17:51:12] 
INFO [2018-05-04 17:51:12] $fill
INFO [2018-05-04 17:51:12] pal[1:3]
INFO [2018-05-04 17:51:12] 
INFO [2018-05-04 17:51:12] $main.cex
INFO [2018-05-04 17:51:12] [1] 3
INFO [2018-05-04 17:51:12] 
INFO [2018-05-04 17:51:12] $cat.cex
INFO [2018-05-04 17:51:12] [1] 3
INFO [2018-05-04 17:51:12] 
INFO [2018-05-04 17:51:12] $cex
INFO [2018-05-04 17:51:12] [1] 3.5
INFO [2018-05-04 17:51:12] 
INFO [2018-05-04 17:51:12] $lty
INFO [2018-05-04 17:51:12] [1] 1
INFO [2018-05-04 17:51:12] 
INFO [2018-05-04 17:51:12] $height
INFO [2018-05-04 17:51:12] [1] 2000
INFO [2018-05-04 17:51:12] 
INFO [2018-05-04 17:51:12] $width
INFO [2018-05-04 17:51:12] [1] 2000
INFO [2018-05-04 17:51:12] 
INFO [2018-05-04 17:51:12] $fontfamily
INFO [2018-05-04 17:51:12] [1] "sans"
INFO [2018-05-04 17:51:12] 
INFO [2018-05-04 17:51:12] $cat.fontfamily
INFO [2018-05-04 17:51:12] [1] "sans"
INFO [2018-05-04 17:51:12] 
INFO [2018-05-04 17:51:12] $main.fontfamily
INFO [2018-05-04 17:51:12] [1] "sans"
INFO [2018-05-04 17:51:12] 
INFO [2018-05-04 17:51:12] $cat.fontface
INFO [2018-05-04 17:51:12] [1] "bold"
INFO [2018-05-04 17:51:12] 
INFO [2018-05-04 17:51:12] $main.fontface
INFO [2018-05-04 17:51:12] [1] "bold"
INFO [2018-05-04 17:51:12] 
INFO [2018-05-04 17:51:12] $cat.dist
INFO [2018-05-04 17:51:12] [1] 0.05
INFO [2018-05-04 17:51:12] 
ERROR [2018-05-14 15:02:10] Impossible: a4 <- n13 - n123 produces negative area
ERROR [2018-05-14 15:02:19] Impossible: a4 <- n13 - n123 produces negative area
