INFO [2018-05-01 19:22:36] [[1]]
INFO [2018-05-01 19:22:36] mylist
INFO [2018-05-01 19:22:36] 
INFO [2018-05-01 19:22:36] $filename
INFO [2018-05-01 19:22:36] NULL
INFO [2018-05-01 19:22:36] 
INFO [2018-05-01 19:22:36] $fill
INFO [2018-05-01 19:22:36] pal[1:3]
INFO [2018-05-01 19:22:36] 
INFO [2018-05-01 19:22:36] $main.cex
INFO [2018-05-01 19:22:36] [1] 3
INFO [2018-05-01 19:22:36] 
INFO [2018-05-01 19:22:36] $cat.cex
INFO [2018-05-01 19:22:36] [1] 3
INFO [2018-05-01 19:22:36] 
INFO [2018-05-01 19:22:36] $cex
INFO [2018-05-01 19:22:36] [1] 3.5
INFO [2018-05-01 19:22:36] 
INFO [2018-05-01 19:22:36] $lty
INFO [2018-05-01 19:22:36] [1] 1
INFO [2018-05-01 19:22:36] 
INFO [2018-05-01 19:22:36] $height
INFO [2018-05-01 19:22:36] [1] 2000
INFO [2018-05-01 19:22:36] 
INFO [2018-05-01 19:22:36] $width
INFO [2018-05-01 19:22:36] [1] 2000
INFO [2018-05-01 19:22:36] 
INFO [2018-05-01 19:22:36] $fontfamily
INFO [2018-05-01 19:22:36] [1] "sans"
INFO [2018-05-01 19:22:36] 
INFO [2018-05-01 19:22:36] $cat.fontfamily
INFO [2018-05-01 19:22:36] [1] "sans"
INFO [2018-05-01 19:22:36] 
INFO [2018-05-01 19:22:36] $main.fontfamily
INFO [2018-05-01 19:22:36] [1] "sans"
INFO [2018-05-01 19:22:36] 
INFO [2018-05-01 19:22:36] $cat.fontface
INFO [2018-05-01 19:22:36] [1] "bold"
INFO [2018-05-01 19:22:36] 
INFO [2018-05-01 19:22:36] $main.fontface
INFO [2018-05-01 19:22:36] [1] "bold"
INFO [2018-05-01 19:22:36] 
INFO [2018-05-01 19:22:36] $cat.dist
INFO [2018-05-01 19:22:36] [1] 0.05
INFO [2018-05-01 19:22:36] 
INFO [2018-05-01 19:22:36] [[1]]
INFO [2018-05-01 19:22:36] mylist
INFO [2018-05-01 19:22:36] 
INFO [2018-05-01 19:22:36] $filename
INFO [2018-05-01 19:22:36] NULL
INFO [2018-05-01 19:22:36] 
INFO [2018-05-01 19:22:36] $fill
INFO [2018-05-01 19:22:36] pal[1:3]
INFO [2018-05-01 19:22:36] 
INFO [2018-05-01 19:22:36] $main.cex
INFO [2018-05-01 19:22:36] [1] 3
INFO [2018-05-01 19:22:36] 
INFO [2018-05-01 19:22:36] $cat.cex
INFO [2018-05-01 19:22:36] [1] 3
INFO [2018-05-01 19:22:36] 
INFO [2018-05-01 19:22:36] $cex
INFO [2018-05-01 19:22:36] [1] 3.5
INFO [2018-05-01 19:22:36] 
INFO [2018-05-01 19:22:36] $lty
INFO [2018-05-01 19:22:36] [1] 1
INFO [2018-05-01 19:22:36] 
INFO [2018-05-01 19:22:36] $height
INFO [2018-05-01 19:22:36] [1] 2000
INFO [2018-05-01 19:22:36] 
INFO [2018-05-01 19:22:36] $width
INFO [2018-05-01 19:22:36] [1] 2000
INFO [2018-05-01 19:22:36] 
INFO [2018-05-01 19:22:36] $fontfamily
INFO [2018-05-01 19:22:36] [1] "sans"
INFO [2018-05-01 19:22:36] 
INFO [2018-05-01 19:22:36] $cat.fontfamily
INFO [2018-05-01 19:22:36] [1] "sans"
INFO [2018-05-01 19:22:36] 
INFO [2018-05-01 19:22:36] $main.fontfamily
INFO [2018-05-01 19:22:36] [1] "sans"
INFO [2018-05-01 19:22:36] 
INFO [2018-05-01 19:22:36] $cat.fontface
INFO [2018-05-01 19:22:36] [1] "bold"
INFO [2018-05-01 19:22:36] 
INFO [2018-05-01 19:22:36] $main.fontface
INFO [2018-05-01 19:22:36] [1] "bold"
INFO [2018-05-01 19:22:36] 
INFO [2018-05-01 19:22:36] $cat.dist
INFO [2018-05-01 19:22:36] [1] 0.05
INFO [2018-05-01 19:22:36] 
INFO [2018-05-01 19:22:36] [[1]]
INFO [2018-05-01 19:22:36] mylist
INFO [2018-05-01 19:22:36] 
INFO [2018-05-01 19:22:36] $filename
INFO [2018-05-01 19:22:36] NULL
INFO [2018-05-01 19:22:36] 
INFO [2018-05-01 19:22:36] $fill
INFO [2018-05-01 19:22:36] pal[1:3]
INFO [2018-05-01 19:22:36] 
INFO [2018-05-01 19:22:36] $main.cex
INFO [2018-05-01 19:22:36] [1] 3
INFO [2018-05-01 19:22:36] 
INFO [2018-05-01 19:22:36] $cat.cex
INFO [2018-05-01 19:22:36] [1] 3
INFO [2018-05-01 19:22:36] 
INFO [2018-05-01 19:22:36] $cex
INFO [2018-05-01 19:22:36] [1] 3.5
INFO [2018-05-01 19:22:36] 
INFO [2018-05-01 19:22:36] $lty
INFO [2018-05-01 19:22:36] [1] 1
INFO [2018-05-01 19:22:36] 
INFO [2018-05-01 19:22:36] $height
INFO [2018-05-01 19:22:36] [1] 2000
INFO [2018-05-01 19:22:36] 
INFO [2018-05-01 19:22:36] $width
INFO [2018-05-01 19:22:36] [1] 2000
INFO [2018-05-01 19:22:36] 
INFO [2018-05-01 19:22:36] $fontfamily
INFO [2018-05-01 19:22:36] [1] "sans"
INFO [2018-05-01 19:22:36] 
INFO [2018-05-01 19:22:36] $cat.fontfamily
INFO [2018-05-01 19:22:36] [1] "sans"
INFO [2018-05-01 19:22:36] 
INFO [2018-05-01 19:22:36] $main.fontfamily
INFO [2018-05-01 19:22:36] [1] "sans"
INFO [2018-05-01 19:22:36] 
INFO [2018-05-01 19:22:36] $cat.fontface
INFO [2018-05-01 19:22:36] [1] "bold"
INFO [2018-05-01 19:22:36] 
INFO [2018-05-01 19:22:36] $main.fontface
INFO [2018-05-01 19:22:36] [1] "bold"
INFO [2018-05-01 19:22:36] 
INFO [2018-05-01 19:22:36] $cat.dist
INFO [2018-05-01 19:22:36] [1] 0.05
INFO [2018-05-01 19:22:36] 
