INFO [2018-05-08 16:15:51] [[1]]
INFO [2018-05-08 16:15:51] mylist
INFO [2018-05-08 16:15:51] 
INFO [2018-05-08 16:15:51] $filename
INFO [2018-05-08 16:15:51] NULL
INFO [2018-05-08 16:15:51] 
INFO [2018-05-08 16:15:51] $fill
INFO [2018-05-08 16:15:51] pal[1:4]
INFO [2018-05-08 16:15:51] 
INFO [2018-05-08 16:15:51] $main.cex
INFO [2018-05-08 16:15:51] [1] 3
INFO [2018-05-08 16:15:51] 
INFO [2018-05-08 16:15:51] $cat.cex
INFO [2018-05-08 16:15:51] [1] 2.7
INFO [2018-05-08 16:15:51] 
INFO [2018-05-08 16:15:51] $cex
INFO [2018-05-08 16:15:51] [1] 2.7
INFO [2018-05-08 16:15:51] 
INFO [2018-05-08 16:15:51] $lty
INFO [2018-05-08 16:15:51] [1] 1
INFO [2018-05-08 16:15:51] 
INFO [2018-05-08 16:15:51] $height
INFO [2018-05-08 16:15:51] [1] 2000
INFO [2018-05-08 16:15:51] 
INFO [2018-05-08 16:15:51] $width
INFO [2018-05-08 16:15:51] [1] 2000
INFO [2018-05-08 16:15:51] 
INFO [2018-05-08 16:15:51] $fontfamily
INFO [2018-05-08 16:15:51] [1] "sans"
INFO [2018-05-08 16:15:51] 
INFO [2018-05-08 16:15:51] $cat.fontfamily
INFO [2018-05-08 16:15:51] [1] "sans"
INFO [2018-05-08 16:15:51] 
INFO [2018-05-08 16:15:51] $main.fontfamily
INFO [2018-05-08 16:15:51] [1] "sans"
INFO [2018-05-08 16:15:51] 
INFO [2018-05-08 16:15:51] $cat.fontface
INFO [2018-05-08 16:15:51] [1] "bold"
INFO [2018-05-08 16:15:51] 
INFO [2018-05-08 16:15:51] $main.fontface
INFO [2018-05-08 16:15:51] [1] "bold"
INFO [2018-05-08 16:15:51] 
INFO [2018-05-08 16:15:51] [[1]]
INFO [2018-05-08 16:15:51] mylist
INFO [2018-05-08 16:15:51] 
INFO [2018-05-08 16:15:51] $filename
INFO [2018-05-08 16:15:51] NULL
INFO [2018-05-08 16:15:51] 
INFO [2018-05-08 16:15:51] $fill
INFO [2018-05-08 16:15:51] pal[1:4]
INFO [2018-05-08 16:15:51] 
INFO [2018-05-08 16:15:51] $main.cex
INFO [2018-05-08 16:15:51] [1] 3
INFO [2018-05-08 16:15:51] 
INFO [2018-05-08 16:15:51] $cat.cex
INFO [2018-05-08 16:15:51] [1] 2.7
INFO [2018-05-08 16:15:51] 
INFO [2018-05-08 16:15:51] $cex
INFO [2018-05-08 16:15:51] [1] 2.7
INFO [2018-05-08 16:15:51] 
INFO [2018-05-08 16:15:51] $lty
INFO [2018-05-08 16:15:51] [1] 1
INFO [2018-05-08 16:15:51] 
INFO [2018-05-08 16:15:51] $height
INFO [2018-05-08 16:15:51] [1] 2000
INFO [2018-05-08 16:15:51] 
INFO [2018-05-08 16:15:51] $width
INFO [2018-05-08 16:15:51] [1] 2000
INFO [2018-05-08 16:15:51] 
INFO [2018-05-08 16:15:51] $fontfamily
INFO [2018-05-08 16:15:51] [1] "sans"
INFO [2018-05-08 16:15:51] 
INFO [2018-05-08 16:15:51] $cat.fontfamily
INFO [2018-05-08 16:15:51] [1] "sans"
INFO [2018-05-08 16:15:51] 
INFO [2018-05-08 16:15:51] $main.fontfamily
INFO [2018-05-08 16:15:51] [1] "sans"
INFO [2018-05-08 16:15:51] 
INFO [2018-05-08 16:15:51] $cat.fontface
INFO [2018-05-08 16:15:51] [1] "bold"
INFO [2018-05-08 16:15:51] 
INFO [2018-05-08 16:15:51] $main.fontface
INFO [2018-05-08 16:15:51] [1] "bold"
INFO [2018-05-08 16:15:51] 
