INFO [2019-06-24 20:07:48] [[1]]
INFO [2019-06-24 20:07:48] mylist
INFO [2019-06-24 20:07:48] 
INFO [2019-06-24 20:07:48] $filename
INFO [2019-06-24 20:07:48] NULL
INFO [2019-06-24 20:07:48] 
INFO [2019-06-24 20:07:48] $main
INFO [2019-06-24 20:07:48] [1] "Significant interactions in Humans (FDR 1%)"
INFO [2019-06-24 20:07:48] 
INFO [2019-06-24 20:07:48] $cex
INFO [2019-06-24 20:07:48] [1] 1.5
INFO [2019-06-24 20:07:48] 
INFO [2019-06-24 20:07:48] $fill
INFO [2019-06-24 20:07:48] pal[1:3]
INFO [2019-06-24 20:07:48] 
INFO [2019-06-24 20:07:48] $lty
INFO [2019-06-24 20:07:48] [1] 1
INFO [2019-06-24 20:07:48] 
INFO [2019-06-24 20:07:48] $height
INFO [2019-06-24 20:07:48] [1] 2000
INFO [2019-06-24 20:07:48] 
INFO [2019-06-24 20:07:48] $width
INFO [2019-06-24 20:07:48] [1] 3000
INFO [2019-06-24 20:07:48] 
