INFO [2018-05-08 16:31:48] [[1]]
INFO [2018-05-08 16:31:48] mylist
INFO [2018-05-08 16:31:48] 
INFO [2018-05-08 16:31:48] $filename
INFO [2018-05-08 16:31:48] NULL
INFO [2018-05-08 16:31:48] 
INFO [2018-05-08 16:31:48] $main
INFO [2018-05-08 16:31:48] [1] "DE genes between Heart and Liver (FDR 1%)"
INFO [2018-05-08 16:31:48] 
INFO [2018-05-08 16:31:48] $cex
INFO [2018-05-08 16:31:48] [1] 1.5
INFO [2018-05-08 16:31:48] 
INFO [2018-05-08 16:31:48] $fill
INFO [2018-05-08 16:31:48] pal[1:3]
INFO [2018-05-08 16:31:48] 
INFO [2018-05-08 16:31:48] $lty
INFO [2018-05-08 16:31:48] [1] 1
INFO [2018-05-08 16:31:48] 
INFO [2018-05-08 16:31:48] $height
INFO [2018-05-08 16:31:48] [1] 2000
INFO [2018-05-08 16:31:48] 
INFO [2018-05-08 16:31:48] $width
INFO [2018-05-08 16:31:48] [1] 3000
INFO [2018-05-08 16:31:48] 
INFO [2018-05-08 16:31:48] [[1]]
INFO [2018-05-08 16:31:48] mylist
INFO [2018-05-08 16:31:48] 
INFO [2018-05-08 16:31:48] $filename
INFO [2018-05-08 16:31:48] NULL
INFO [2018-05-08 16:31:48] 
INFO [2018-05-08 16:31:48] $main
INFO [2018-05-08 16:31:48] [1] "DE genes between Heart and Lung (FDR 1%)"
INFO [2018-05-08 16:31:48] 
INFO [2018-05-08 16:31:48] $cex
INFO [2018-05-08 16:31:48] [1] 1.5
INFO [2018-05-08 16:31:48] 
INFO [2018-05-08 16:31:48] $fill
INFO [2018-05-08 16:31:48] pal[1:3]
INFO [2018-05-08 16:31:48] 
INFO [2018-05-08 16:31:48] $lty
INFO [2018-05-08 16:31:48] [1] 1
INFO [2018-05-08 16:31:48] 
INFO [2018-05-08 16:31:48] $height
INFO [2018-05-08 16:31:48] [1] 2000
INFO [2018-05-08 16:31:48] 
INFO [2018-05-08 16:31:48] $width
INFO [2018-05-08 16:31:48] [1] 3000
INFO [2018-05-08 16:31:48] 
INFO [2018-05-08 16:31:48] [[1]]
INFO [2018-05-08 16:31:48] mylist
INFO [2018-05-08 16:31:48] 
INFO [2018-05-08 16:31:48] $filename
INFO [2018-05-08 16:31:48] NULL
INFO [2018-05-08 16:31:48] 
INFO [2018-05-08 16:31:48] $main
INFO [2018-05-08 16:31:48] [1] "DE genes between Heart and Kidney (FDR 1%)"
INFO [2018-05-08 16:31:48] 
INFO [2018-05-08 16:31:48] $cex
INFO [2018-05-08 16:31:48] [1] 1.5
INFO [2018-05-08 16:31:48] 
INFO [2018-05-08 16:31:48] $fill
INFO [2018-05-08 16:31:48] pal[1:3]
INFO [2018-05-08 16:31:48] 
INFO [2018-05-08 16:31:48] $lty
INFO [2018-05-08 16:31:48] [1] 1
INFO [2018-05-08 16:31:48] 
INFO [2018-05-08 16:31:48] $height
INFO [2018-05-08 16:31:48] [1] 2000
INFO [2018-05-08 16:31:48] 
INFO [2018-05-08 16:31:48] $width
INFO [2018-05-08 16:31:48] [1] 3000
INFO [2018-05-08 16:31:48] 
INFO [2018-05-08 16:31:48] [[1]]
INFO [2018-05-08 16:31:48] mylist
INFO [2018-05-08 16:31:48] 
INFO [2018-05-08 16:31:48] $filename
INFO [2018-05-08 16:31:48] NULL
INFO [2018-05-08 16:31:48] 
INFO [2018-05-08 16:31:48] $main
INFO [2018-05-08 16:31:48] [1] "DE genes between Liver and Lung (FDR 1%)"
INFO [2018-05-08 16:31:48] 
INFO [2018-05-08 16:31:48] $cex
INFO [2018-05-08 16:31:48] [1] 1.5
INFO [2018-05-08 16:31:48] 
INFO [2018-05-08 16:31:48] $fill
INFO [2018-05-08 16:31:48] pal[1:3]
INFO [2018-05-08 16:31:48] 
INFO [2018-05-08 16:31:48] $lty
INFO [2018-05-08 16:31:48] [1] 1
INFO [2018-05-08 16:31:48] 
INFO [2018-05-08 16:31:48] $height
INFO [2018-05-08 16:31:48] [1] 2000
INFO [2018-05-08 16:31:48] 
INFO [2018-05-08 16:31:48] $width
INFO [2018-05-08 16:31:48] [1] 3000
INFO [2018-05-08 16:31:48] 
INFO [2018-05-08 16:31:48] [[1]]
INFO [2018-05-08 16:31:48] mylist
INFO [2018-05-08 16:31:48] 
INFO [2018-05-08 16:31:48] $filename
INFO [2018-05-08 16:31:48] NULL
INFO [2018-05-08 16:31:48] 
INFO [2018-05-08 16:31:48] $main
INFO [2018-05-08 16:31:48] [1] "DE genes between Liver and Kidney (FDR 1%)"
INFO [2018-05-08 16:31:48] 
INFO [2018-05-08 16:31:48] $cex
INFO [2018-05-08 16:31:48] [1] 1.5
INFO [2018-05-08 16:31:48] 
INFO [2018-05-08 16:31:48] $lty
INFO [2018-05-08 16:31:48] [1] 1
INFO [2018-05-08 16:31:48] 
INFO [2018-05-08 16:31:48] $height
INFO [2018-05-08 16:31:48] [1] 2000
INFO [2018-05-08 16:31:48] 
INFO [2018-05-08 16:31:48] $width
INFO [2018-05-08 16:31:48] [1] 3000
INFO [2018-05-08 16:31:48] 
INFO [2018-05-08 16:31:48] [[1]]
INFO [2018-05-08 16:31:48] mylist
INFO [2018-05-08 16:31:48] 
INFO [2018-05-08 16:31:48] $filename
INFO [2018-05-08 16:31:48] NULL
INFO [2018-05-08 16:31:48] 
INFO [2018-05-08 16:31:48] $main
INFO [2018-05-08 16:31:48] [1] "DE genes between Lung and Kidney (FDR 1%)"
INFO [2018-05-08 16:31:48] 
INFO [2018-05-08 16:31:48] $cex
INFO [2018-05-08 16:31:48] [1] 1.5
INFO [2018-05-08 16:31:48] 
INFO [2018-05-08 16:31:48] $fill
INFO [2018-05-08 16:31:48] pal[1:3]
INFO [2018-05-08 16:31:48] 
INFO [2018-05-08 16:31:48] $lty
INFO [2018-05-08 16:31:48] [1] 1
INFO [2018-05-08 16:31:48] 
INFO [2018-05-08 16:31:48] $height
INFO [2018-05-08 16:31:48] [1] 2000
INFO [2018-05-08 16:31:48] 
INFO [2018-05-08 16:31:48] $width
INFO [2018-05-08 16:31:48] [1] 3000
INFO [2018-05-08 16:31:48] 
