INFO [2018-02-23 17:24:02] [[1]]
INFO [2018-02-23 17:24:02] mylist
INFO [2018-02-23 17:24:02] 
INFO [2018-02-23 17:24:02] $filename
INFO [2018-02-23 17:24:02] NULL
INFO [2018-02-23 17:24:02] 
INFO [2018-02-23 17:24:02] $main
INFO [2018-02-23 17:24:02] name_file
INFO [2018-02-23 17:24:02] 
INFO [2018-02-23 17:24:02] $main.cex
INFO [2018-02-23 17:24:02] [1] 2
INFO [2018-02-23 17:24:02] 
INFO [2018-02-23 17:24:02] $cat.cex
INFO [2018-02-23 17:24:02] [1] 1.5
INFO [2018-02-23 17:24:02] 
INFO [2018-02-23 17:24:02] $cex
INFO [2018-02-23 17:24:02] [1] 2.5
INFO [2018-02-23 17:24:02] 
INFO [2018-02-23 17:24:02] $fill
INFO [2018-02-23 17:24:02] pal[1:3]
INFO [2018-02-23 17:24:02] 
INFO [2018-02-23 17:24:02] $lty
INFO [2018-02-23 17:24:02] [1] 1
INFO [2018-02-23 17:24:02] 
INFO [2018-02-23 17:24:02] $height
INFO [2018-02-23 17:24:02] [1] 2000
INFO [2018-02-23 17:24:02] 
INFO [2018-02-23 17:24:02] $width
INFO [2018-02-23 17:24:02] [1] 3000
INFO [2018-02-23 17:24:02] 
