INFO [2018-04-26 15:38:25] [[1]]
INFO [2018-04-26 15:38:25] mylist
INFO [2018-04-26 15:38:25] 
INFO [2018-04-26 15:38:25] $filename
INFO [2018-04-26 15:38:25] NULL
INFO [2018-04-26 15:38:25] 
INFO [2018-04-26 15:38:25] $fill
INFO [2018-04-26 15:38:25] pal[1:3]
INFO [2018-04-26 15:38:25] 
INFO [2018-04-26 15:38:25] $main.cex
INFO [2018-04-26 15:38:25] [1] 3
INFO [2018-04-26 15:38:25] 
INFO [2018-04-26 15:38:25] $cat.cex
INFO [2018-04-26 15:38:25] [1] 3
INFO [2018-04-26 15:38:25] 
INFO [2018-04-26 15:38:25] $cex
INFO [2018-04-26 15:38:25] [1] 3
INFO [2018-04-26 15:38:25] 
INFO [2018-04-26 15:38:25] $lty
INFO [2018-04-26 15:38:25] [1] 1
INFO [2018-04-26 15:38:25] 
INFO [2018-04-26 15:38:25] $height
INFO [2018-04-26 15:38:25] [1] 2000
INFO [2018-04-26 15:38:25] 
INFO [2018-04-26 15:38:25] $width
INFO [2018-04-26 15:38:25] [1] 2000
INFO [2018-04-26 15:38:25] 
INFO [2018-04-26 15:38:25] $fontfamily
INFO [2018-04-26 15:38:25] [1] "sans"
INFO [2018-04-26 15:38:25] 
INFO [2018-04-26 15:38:25] $cat.fontfamily
INFO [2018-04-26 15:38:25] [1] "sans"
INFO [2018-04-26 15:38:25] 
INFO [2018-04-26 15:38:25] $main.fontfamily
INFO [2018-04-26 15:38:25] [1] "sans"
INFO [2018-04-26 15:38:25] 
INFO [2018-04-26 15:38:25] $cat.fontface
INFO [2018-04-26 15:38:25] [1] "bold"
INFO [2018-04-26 15:38:25] 
INFO [2018-04-26 15:38:25] $main.fontface
INFO [2018-04-26 15:38:25] [1] "bold"
INFO [2018-04-26 15:38:25] 
INFO [2018-04-26 15:38:25] $cat.default.pos
INFO [2018-04-26 15:38:25] [1] "outer"
INFO [2018-04-26 15:38:25] 
