INFO [2018-02-25 16:05:32] [[1]]
INFO [2018-02-25 16:05:32] mylist
INFO [2018-02-25 16:05:32] 
INFO [2018-02-25 16:05:32] $filename
INFO [2018-02-25 16:05:32] NULL
INFO [2018-02-25 16:05:32] 
INFO [2018-02-25 16:05:32] $main
INFO [2018-02-25 16:05:32] [1] "DE genes between Lung and Kidney (FDR 1%)"
INFO [2018-02-25 16:05:32] 
INFO [2018-02-25 16:05:32] $cex
INFO [2018-02-25 16:05:32] [1] 1.5
INFO [2018-02-25 16:05:32] 
INFO [2018-02-25 16:05:32] $fill
INFO [2018-02-25 16:05:32] pal[1:3]
INFO [2018-02-25 16:05:32] 
INFO [2018-02-25 16:05:32] $lty
INFO [2018-02-25 16:05:32] [1] 1
INFO [2018-02-25 16:05:32] 
INFO [2018-02-25 16:05:32] $height
INFO [2018-02-25 16:05:32] [1] 2000
INFO [2018-02-25 16:05:32] 
INFO [2018-02-25 16:05:32] $width
INFO [2018-02-25 16:05:32] [1] 3000
INFO [2018-02-25 16:05:32] 
ERROR [2018-02-25 16:05:32] Unexpected parameter length for 'fill'
