INFO [2018-04-26 17:21:10] [[1]]
INFO [2018-04-26 17:21:10] mylist
INFO [2018-04-26 17:21:10] 
INFO [2018-04-26 17:21:10] $filename
INFO [2018-04-26 17:21:10] NULL
INFO [2018-04-26 17:21:10] 
INFO [2018-04-26 17:21:10] $fill
INFO [2018-04-26 17:21:10] pal[1:4]
INFO [2018-04-26 17:21:10] 
INFO [2018-04-26 17:21:10] $main.cex
INFO [2018-04-26 17:21:10] [1] 3
INFO [2018-04-26 17:21:10] 
INFO [2018-04-26 17:21:10] $cat.cex
INFO [2018-04-26 17:21:10] [1] 2.7
INFO [2018-04-26 17:21:10] 
INFO [2018-04-26 17:21:10] $cex
INFO [2018-04-26 17:21:10] [1] 2.7
INFO [2018-04-26 17:21:10] 
INFO [2018-04-26 17:21:10] $lty
INFO [2018-04-26 17:21:10] [1] 1
INFO [2018-04-26 17:21:10] 
INFO [2018-04-26 17:21:10] $height
INFO [2018-04-26 17:21:10] [1] 2000
INFO [2018-04-26 17:21:10] 
INFO [2018-04-26 17:21:10] $width
INFO [2018-04-26 17:21:10] [1] 2000
INFO [2018-04-26 17:21:10] 
INFO [2018-04-26 17:21:10] $fontfamily
INFO [2018-04-26 17:21:10] [1] "sans"
INFO [2018-04-26 17:21:10] 
INFO [2018-04-26 17:21:10] $cat.fontfamily
INFO [2018-04-26 17:21:10] [1] "sans"
INFO [2018-04-26 17:21:10] 
INFO [2018-04-26 17:21:10] $main.fontfamily
INFO [2018-04-26 17:21:10] [1] "sans"
INFO [2018-04-26 17:21:10] 
INFO [2018-04-26 17:21:10] $cat.fontface
INFO [2018-04-26 17:21:10] [1] "bold"
INFO [2018-04-26 17:21:10] 
INFO [2018-04-26 17:21:10] $main.fontface
INFO [2018-04-26 17:21:10] [1] "bold"
INFO [2018-04-26 17:21:10] 
INFO [2018-04-26 17:21:10] [[1]]
INFO [2018-04-26 17:21:10] mylist
INFO [2018-04-26 17:21:10] 
INFO [2018-04-26 17:21:10] $filename
INFO [2018-04-26 17:21:10] NULL
INFO [2018-04-26 17:21:10] 
INFO [2018-04-26 17:21:10] $fill
INFO [2018-04-26 17:21:10] pal[1:4]
INFO [2018-04-26 17:21:10] 
INFO [2018-04-26 17:21:10] $main.cex
INFO [2018-04-26 17:21:10] [1] 3
INFO [2018-04-26 17:21:10] 
INFO [2018-04-26 17:21:10] $cat.cex
INFO [2018-04-26 17:21:10] [1] 2.7
INFO [2018-04-26 17:21:10] 
INFO [2018-04-26 17:21:10] $cex
INFO [2018-04-26 17:21:10] [1] 2.7
INFO [2018-04-26 17:21:10] 
INFO [2018-04-26 17:21:10] $lty
INFO [2018-04-26 17:21:10] [1] 1
INFO [2018-04-26 17:21:10] 
INFO [2018-04-26 17:21:10] $height
INFO [2018-04-26 17:21:10] [1] 2000
INFO [2018-04-26 17:21:10] 
INFO [2018-04-26 17:21:10] $width
INFO [2018-04-26 17:21:10] [1] 2000
INFO [2018-04-26 17:21:10] 
INFO [2018-04-26 17:21:10] $fontfamily
INFO [2018-04-26 17:21:10] [1] "sans"
INFO [2018-04-26 17:21:10] 
INFO [2018-04-26 17:21:10] $cat.fontfamily
INFO [2018-04-26 17:21:10] [1] "sans"
INFO [2018-04-26 17:21:10] 
INFO [2018-04-26 17:21:10] $main.fontfamily
INFO [2018-04-26 17:21:10] [1] "sans"
INFO [2018-04-26 17:21:10] 
INFO [2018-04-26 17:21:10] $cat.fontface
INFO [2018-04-26 17:21:10] [1] "bold"
INFO [2018-04-26 17:21:10] 
INFO [2018-04-26 17:21:10] $main.fontface
INFO [2018-04-26 17:21:10] [1] "bold"
INFO [2018-04-26 17:21:10] 
