INFO [2018-11-17 16:34:19] [[1]]
INFO [2018-11-17 16:34:19] mylist
INFO [2018-11-17 16:34:19] 
INFO [2018-11-17 16:34:19] $filename
INFO [2018-11-17 16:34:19] NULL
INFO [2018-11-17 16:34:19] 
INFO [2018-11-17 16:34:19] $fill
INFO [2018-11-17 16:34:19] pal[1:4]
INFO [2018-11-17 16:34:19] 
INFO [2018-11-17 16:34:19] $main.cex
INFO [2018-11-17 16:34:19] [1] 3
INFO [2018-11-17 16:34:19] 
INFO [2018-11-17 16:34:19] $cat.cex
INFO [2018-11-17 16:34:19] [1] 2.7
INFO [2018-11-17 16:34:19] 
INFO [2018-11-17 16:34:19] $cex
INFO [2018-11-17 16:34:19] [1] 2.7
INFO [2018-11-17 16:34:19] 
INFO [2018-11-17 16:34:19] $lty
INFO [2018-11-17 16:34:19] [1] 1
INFO [2018-11-17 16:34:19] 
INFO [2018-11-17 16:34:19] $height
INFO [2018-11-17 16:34:19] [1] 2000
INFO [2018-11-17 16:34:19] 
INFO [2018-11-17 16:34:19] $width
INFO [2018-11-17 16:34:19] [1] 2000
INFO [2018-11-17 16:34:19] 
INFO [2018-11-17 16:34:19] $fontfamily
INFO [2018-11-17 16:34:19] [1] "sans"
INFO [2018-11-17 16:34:19] 
INFO [2018-11-17 16:34:19] $cat.fontfamily
INFO [2018-11-17 16:34:19] [1] "sans"
INFO [2018-11-17 16:34:19] 
INFO [2018-11-17 16:34:19] $main.fontfamily
INFO [2018-11-17 16:34:19] [1] "sans"
INFO [2018-11-17 16:34:19] 
INFO [2018-11-17 16:34:19] $cat.fontface
INFO [2018-11-17 16:34:19] [1] "bold"
INFO [2018-11-17 16:34:19] 
INFO [2018-11-17 16:34:19] $main.fontface
INFO [2018-11-17 16:34:19] [1] "bold"
INFO [2018-11-17 16:34:19] 
INFO [2018-11-17 16:34:19] [[1]]
INFO [2018-11-17 16:34:19] mylist
INFO [2018-11-17 16:34:19] 
INFO [2018-11-17 16:34:19] $filename
INFO [2018-11-17 16:34:19] NULL
INFO [2018-11-17 16:34:19] 
INFO [2018-11-17 16:34:19] $fill
INFO [2018-11-17 16:34:19] pal[1:4]
INFO [2018-11-17 16:34:19] 
INFO [2018-11-17 16:34:19] $main.cex
INFO [2018-11-17 16:34:19] [1] 3
INFO [2018-11-17 16:34:19] 
INFO [2018-11-17 16:34:19] $cat.cex
INFO [2018-11-17 16:34:19] [1] 2.7
INFO [2018-11-17 16:34:19] 
INFO [2018-11-17 16:34:19] $cex
INFO [2018-11-17 16:34:19] [1] 2.7
INFO [2018-11-17 16:34:19] 
INFO [2018-11-17 16:34:19] $lty
INFO [2018-11-17 16:34:19] [1] 1
INFO [2018-11-17 16:34:19] 
INFO [2018-11-17 16:34:19] $height
INFO [2018-11-17 16:34:19] [1] 2000
INFO [2018-11-17 16:34:19] 
INFO [2018-11-17 16:34:19] $width
INFO [2018-11-17 16:34:19] [1] 2000
INFO [2018-11-17 16:34:19] 
INFO [2018-11-17 16:34:19] $fontfamily
INFO [2018-11-17 16:34:19] [1] "sans"
INFO [2018-11-17 16:34:19] 
INFO [2018-11-17 16:34:19] $cat.fontfamily
INFO [2018-11-17 16:34:19] [1] "sans"
INFO [2018-11-17 16:34:19] 
INFO [2018-11-17 16:34:19] $main.fontfamily
INFO [2018-11-17 16:34:19] [1] "sans"
INFO [2018-11-17 16:34:19] 
INFO [2018-11-17 16:34:19] $cat.fontface
INFO [2018-11-17 16:34:19] [1] "bold"
INFO [2018-11-17 16:34:19] 
INFO [2018-11-17 16:34:19] $main.fontface
INFO [2018-11-17 16:34:19] [1] "bold"
INFO [2018-11-17 16:34:19] 
INFO [2018-11-17 16:34:19] [[1]]
INFO [2018-11-17 16:34:19] mylist
INFO [2018-11-17 16:34:19] 
INFO [2018-11-17 16:34:19] $filename
INFO [2018-11-17 16:34:19] NULL
INFO [2018-11-17 16:34:19] 
INFO [2018-11-17 16:34:19] $fill
INFO [2018-11-17 16:34:19] pal[1:4]
INFO [2018-11-17 16:34:19] 
INFO [2018-11-17 16:34:19] $main.cex
INFO [2018-11-17 16:34:19] [1] 3
INFO [2018-11-17 16:34:19] 
INFO [2018-11-17 16:34:19] $cat.cex
INFO [2018-11-17 16:34:19] [1] 2.7
INFO [2018-11-17 16:34:19] 
INFO [2018-11-17 16:34:19] $cex
INFO [2018-11-17 16:34:19] [1] 2.7
INFO [2018-11-17 16:34:19] 
INFO [2018-11-17 16:34:19] $lty
INFO [2018-11-17 16:34:19] [1] 1
INFO [2018-11-17 16:34:19] 
INFO [2018-11-17 16:34:19] $height
INFO [2018-11-17 16:34:19] [1] 2000
INFO [2018-11-17 16:34:19] 
INFO [2018-11-17 16:34:19] $width
INFO [2018-11-17 16:34:19] [1] 2000
INFO [2018-11-17 16:34:19] 
INFO [2018-11-17 16:34:19] $fontfamily
INFO [2018-11-17 16:34:19] [1] "sans"
INFO [2018-11-17 16:34:19] 
INFO [2018-11-17 16:34:19] $cat.fontfamily
INFO [2018-11-17 16:34:19] [1] "sans"
INFO [2018-11-17 16:34:19] 
INFO [2018-11-17 16:34:19] $main.fontfamily
INFO [2018-11-17 16:34:19] [1] "sans"
INFO [2018-11-17 16:34:19] 
INFO [2018-11-17 16:34:19] $cat.fontface
INFO [2018-11-17 16:34:19] [1] "bold"
INFO [2018-11-17 16:34:19] 
INFO [2018-11-17 16:34:19] $main.fontface
INFO [2018-11-17 16:34:19] [1] "bold"
INFO [2018-11-17 16:34:19] 
INFO [2018-11-17 16:34:19] [[1]]
INFO [2018-11-17 16:34:19] mylist
INFO [2018-11-17 16:34:19] 
INFO [2018-11-17 16:34:19] $filename
INFO [2018-11-17 16:34:19] NULL
INFO [2018-11-17 16:34:19] 
INFO [2018-11-17 16:34:19] $fill
INFO [2018-11-17 16:34:19] pal[1:4]
INFO [2018-11-17 16:34:19] 
INFO [2018-11-17 16:34:19] $main.cex
INFO [2018-11-17 16:34:19] [1] 3
INFO [2018-11-17 16:34:19] 
INFO [2018-11-17 16:34:19] $cat.cex
INFO [2018-11-17 16:34:19] [1] 2.7
INFO [2018-11-17 16:34:19] 
INFO [2018-11-17 16:34:19] $cex
INFO [2018-11-17 16:34:19] [1] 2.7
INFO [2018-11-17 16:34:19] 
INFO [2018-11-17 16:34:19] $lty
INFO [2018-11-17 16:34:19] [1] 1
INFO [2018-11-17 16:34:19] 
INFO [2018-11-17 16:34:19] $height
INFO [2018-11-17 16:34:19] [1] 2000
INFO [2018-11-17 16:34:19] 
INFO [2018-11-17 16:34:19] $width
INFO [2018-11-17 16:34:19] [1] 2000
INFO [2018-11-17 16:34:19] 
INFO [2018-11-17 16:34:19] $fontfamily
INFO [2018-11-17 16:34:19] [1] "sans"
INFO [2018-11-17 16:34:19] 
INFO [2018-11-17 16:34:19] $cat.fontfamily
INFO [2018-11-17 16:34:19] [1] "sans"
INFO [2018-11-17 16:34:19] 
INFO [2018-11-17 16:34:19] $main.fontfamily
INFO [2018-11-17 16:34:19] [1] "sans"
INFO [2018-11-17 16:34:19] 
INFO [2018-11-17 16:34:19] $cat.fontface
INFO [2018-11-17 16:34:19] [1] "bold"
INFO [2018-11-17 16:34:19] 
INFO [2018-11-17 16:34:19] $main.fontface
INFO [2018-11-17 16:34:19] [1] "bold"
INFO [2018-11-17 16:34:19] 
INFO [2018-11-17 16:34:19] [[1]]
INFO [2018-11-17 16:34:19] mylist
INFO [2018-11-17 16:34:19] 
INFO [2018-11-17 16:34:19] $filename
INFO [2018-11-17 16:34:19] NULL
INFO [2018-11-17 16:34:19] 
INFO [2018-11-17 16:34:19] $fill
INFO [2018-11-17 16:34:19] pal[1:4]
INFO [2018-11-17 16:34:19] 
INFO [2018-11-17 16:34:19] $main.cex
INFO [2018-11-17 16:34:19] [1] 3
INFO [2018-11-17 16:34:19] 
INFO [2018-11-17 16:34:19] $cat.cex
INFO [2018-11-17 16:34:19] [1] 2.7
INFO [2018-11-17 16:34:19] 
INFO [2018-11-17 16:34:19] $cex
INFO [2018-11-17 16:34:19] [1] 2.7
INFO [2018-11-17 16:34:19] 
INFO [2018-11-17 16:34:19] $lty
INFO [2018-11-17 16:34:19] [1] 1
INFO [2018-11-17 16:34:19] 
INFO [2018-11-17 16:34:19] $height
INFO [2018-11-17 16:34:19] [1] 2000
INFO [2018-11-17 16:34:19] 
INFO [2018-11-17 16:34:19] $width
INFO [2018-11-17 16:34:19] [1] 2000
INFO [2018-11-17 16:34:19] 
INFO [2018-11-17 16:34:19] $fontfamily
INFO [2018-11-17 16:34:19] [1] "sans"
INFO [2018-11-17 16:34:19] 
INFO [2018-11-17 16:34:19] $cat.fontfamily
INFO [2018-11-17 16:34:19] [1] "sans"
INFO [2018-11-17 16:34:19] 
INFO [2018-11-17 16:34:19] $main.fontfamily
INFO [2018-11-17 16:34:19] [1] "sans"
INFO [2018-11-17 16:34:19] 
INFO [2018-11-17 16:34:19] $cat.fontface
INFO [2018-11-17 16:34:19] [1] "bold"
INFO [2018-11-17 16:34:19] 
INFO [2018-11-17 16:34:19] $main.fontface
INFO [2018-11-17 16:34:19] [1] "bold"
INFO [2018-11-17 16:34:19] 
