INFO [2018-05-01 18:56:21] [[1]]
INFO [2018-05-01 18:56:21] mylist
INFO [2018-05-01 18:56:21] 
INFO [2018-05-01 18:56:21] $filename
INFO [2018-05-01 18:56:21] NULL
INFO [2018-05-01 18:56:21] 
INFO [2018-05-01 18:56:21] $fill
INFO [2018-05-01 18:56:21] pal[1:3]
INFO [2018-05-01 18:56:21] 
INFO [2018-05-01 18:56:21] $main.cex
INFO [2018-05-01 18:56:21] [1] 3
INFO [2018-05-01 18:56:21] 
INFO [2018-05-01 18:56:21] $cat.cex
INFO [2018-05-01 18:56:21] [1] 3
INFO [2018-05-01 18:56:21] 
INFO [2018-05-01 18:56:21] $cex
INFO [2018-05-01 18:56:21] [1] 3.5
INFO [2018-05-01 18:56:21] 
INFO [2018-05-01 18:56:21] $lty
INFO [2018-05-01 18:56:21] [1] 1
INFO [2018-05-01 18:56:21] 
INFO [2018-05-01 18:56:21] $height
INFO [2018-05-01 18:56:21] [1] 2000
INFO [2018-05-01 18:56:21] 
INFO [2018-05-01 18:56:21] $width
INFO [2018-05-01 18:56:21] [1] 2000
INFO [2018-05-01 18:56:21] 
INFO [2018-05-01 18:56:21] $fontfamily
INFO [2018-05-01 18:56:21] [1] "sans"
INFO [2018-05-01 18:56:21] 
INFO [2018-05-01 18:56:21] $cat.fontfamily
INFO [2018-05-01 18:56:21] [1] "sans"
INFO [2018-05-01 18:56:21] 
INFO [2018-05-01 18:56:21] $main.fontfamily
INFO [2018-05-01 18:56:21] [1] "sans"
INFO [2018-05-01 18:56:21] 
INFO [2018-05-01 18:56:21] $cat.fontface
INFO [2018-05-01 18:56:21] [1] "bold"
INFO [2018-05-01 18:56:21] 
INFO [2018-05-01 18:56:21] $main.fontface
INFO [2018-05-01 18:56:21] [1] "bold"
INFO [2018-05-01 18:56:21] 
INFO [2018-05-01 18:56:21] $cat.dist
INFO [2018-05-01 18:56:21] [1] 0.05
INFO [2018-05-01 18:56:21] 
INFO [2018-05-01 18:56:21] [[1]]
INFO [2018-05-01 18:56:21] mylist
INFO [2018-05-01 18:56:21] 
INFO [2018-05-01 18:56:21] $filename
INFO [2018-05-01 18:56:21] NULL
INFO [2018-05-01 18:56:21] 
INFO [2018-05-01 18:56:21] $fill
INFO [2018-05-01 18:56:21] pal[1:3]
INFO [2018-05-01 18:56:21] 
INFO [2018-05-01 18:56:21] $main.cex
INFO [2018-05-01 18:56:21] [1] 3
INFO [2018-05-01 18:56:21] 
INFO [2018-05-01 18:56:21] $cat.cex
INFO [2018-05-01 18:56:21] [1] 3
INFO [2018-05-01 18:56:21] 
INFO [2018-05-01 18:56:21] $cex
INFO [2018-05-01 18:56:21] [1] 3.5
INFO [2018-05-01 18:56:21] 
INFO [2018-05-01 18:56:21] $lty
INFO [2018-05-01 18:56:21] [1] 1
INFO [2018-05-01 18:56:21] 
INFO [2018-05-01 18:56:21] $height
INFO [2018-05-01 18:56:21] [1] 2000
INFO [2018-05-01 18:56:21] 
INFO [2018-05-01 18:56:21] $width
INFO [2018-05-01 18:56:21] [1] 2000
INFO [2018-05-01 18:56:21] 
INFO [2018-05-01 18:56:21] $fontfamily
INFO [2018-05-01 18:56:21] [1] "sans"
INFO [2018-05-01 18:56:21] 
INFO [2018-05-01 18:56:21] $cat.fontfamily
INFO [2018-05-01 18:56:21] [1] "sans"
INFO [2018-05-01 18:56:21] 
INFO [2018-05-01 18:56:21] $main.fontfamily
INFO [2018-05-01 18:56:21] [1] "sans"
INFO [2018-05-01 18:56:21] 
INFO [2018-05-01 18:56:21] $cat.fontface
INFO [2018-05-01 18:56:21] [1] "bold"
INFO [2018-05-01 18:56:21] 
INFO [2018-05-01 18:56:21] $main.fontface
INFO [2018-05-01 18:56:21] [1] "bold"
INFO [2018-05-01 18:56:21] 
INFO [2018-05-01 18:56:21] $cat.dist
INFO [2018-05-01 18:56:21] [1] 0.05
INFO [2018-05-01 18:56:21] 
