INFO [2018-05-29 14:21:54] [[1]]
INFO [2018-05-29 14:21:54] mylist
INFO [2018-05-29 14:21:54] 
INFO [2018-05-29 14:21:54] $filename
INFO [2018-05-29 14:21:54] NULL
INFO [2018-05-29 14:21:54] 
INFO [2018-05-29 14:21:54] $fill
INFO [2018-05-29 14:21:54] pal[1:3]
INFO [2018-05-29 14:21:54] 
INFO [2018-05-29 14:21:54] $main.cex
INFO [2018-05-29 14:21:54] [1] 3
INFO [2018-05-29 14:21:54] 
INFO [2018-05-29 14:21:54] $cat.cex
INFO [2018-05-29 14:21:54] [1] 2.7
INFO [2018-05-29 14:21:54] 
INFO [2018-05-29 14:21:54] $cex
INFO [2018-05-29 14:21:54] [1] 2.7
INFO [2018-05-29 14:21:54] 
INFO [2018-05-29 14:21:54] $lty
INFO [2018-05-29 14:21:54] [1] 1
INFO [2018-05-29 14:21:54] 
INFO [2018-05-29 14:21:54] $height
INFO [2018-05-29 14:21:54] [1] 2000
INFO [2018-05-29 14:21:54] 
INFO [2018-05-29 14:21:54] $width
INFO [2018-05-29 14:21:54] [1] 2000
INFO [2018-05-29 14:21:54] 
INFO [2018-05-29 14:21:54] $fontfamily
INFO [2018-05-29 14:21:54] [1] "sans"
INFO [2018-05-29 14:21:54] 
INFO [2018-05-29 14:21:54] $cat.fontfamily
INFO [2018-05-29 14:21:54] [1] "sans"
INFO [2018-05-29 14:21:54] 
INFO [2018-05-29 14:21:54] $main.fontfamily
INFO [2018-05-29 14:21:54] [1] "sans"
INFO [2018-05-29 14:21:54] 
INFO [2018-05-29 14:21:54] $cat.fontface
INFO [2018-05-29 14:21:54] [1] "bold"
INFO [2018-05-29 14:21:54] 
INFO [2018-05-29 14:21:54] $main.fontface
INFO [2018-05-29 14:21:54] [1] "bold"
INFO [2018-05-29 14:21:54] 
