INFO [2018-05-01 19:25:56] [[1]]
INFO [2018-05-01 19:25:56] mylist
INFO [2018-05-01 19:25:56] 
INFO [2018-05-01 19:25:56] $filename
INFO [2018-05-01 19:25:56] NULL
INFO [2018-05-01 19:25:56] 
INFO [2018-05-01 19:25:56] $fill
INFO [2018-05-01 19:25:56] pal[1:3]
INFO [2018-05-01 19:25:56] 
INFO [2018-05-01 19:25:56] $main.cex
INFO [2018-05-01 19:25:56] [1] 3
INFO [2018-05-01 19:25:56] 
INFO [2018-05-01 19:25:56] $cat.cex
INFO [2018-05-01 19:25:56] [1] 3
INFO [2018-05-01 19:25:56] 
INFO [2018-05-01 19:25:56] $cex
INFO [2018-05-01 19:25:56] [1] 3.5
INFO [2018-05-01 19:25:56] 
INFO [2018-05-01 19:25:56] $lty
INFO [2018-05-01 19:25:56] [1] 1
INFO [2018-05-01 19:25:56] 
INFO [2018-05-01 19:25:56] $height
INFO [2018-05-01 19:25:56] [1] 2000
INFO [2018-05-01 19:25:56] 
INFO [2018-05-01 19:25:56] $width
INFO [2018-05-01 19:25:56] [1] 2000
INFO [2018-05-01 19:25:56] 
INFO [2018-05-01 19:25:56] $fontfamily
INFO [2018-05-01 19:25:56] [1] "sans"
INFO [2018-05-01 19:25:56] 
INFO [2018-05-01 19:25:56] $cat.fontfamily
INFO [2018-05-01 19:25:56] [1] "sans"
INFO [2018-05-01 19:25:56] 
INFO [2018-05-01 19:25:56] $main.fontfamily
INFO [2018-05-01 19:25:56] [1] "sans"
INFO [2018-05-01 19:25:56] 
INFO [2018-05-01 19:25:56] $cat.fontface
INFO [2018-05-01 19:25:56] [1] "bold"
INFO [2018-05-01 19:25:56] 
INFO [2018-05-01 19:25:56] $main.fontface
INFO [2018-05-01 19:25:56] [1] "bold"
INFO [2018-05-01 19:25:56] 
INFO [2018-05-01 19:25:56] $cat.dist
INFO [2018-05-01 19:25:56] [1] 0.05
INFO [2018-05-01 19:25:56] 
INFO [2018-05-01 19:25:56] [[1]]
INFO [2018-05-01 19:25:56] mylist
INFO [2018-05-01 19:25:56] 
INFO [2018-05-01 19:25:56] $filename
INFO [2018-05-01 19:25:56] NULL
INFO [2018-05-01 19:25:56] 
INFO [2018-05-01 19:25:56] $fill
INFO [2018-05-01 19:25:56] pal[1:3]
INFO [2018-05-01 19:25:56] 
INFO [2018-05-01 19:25:56] $main.cex
INFO [2018-05-01 19:25:56] [1] 3
INFO [2018-05-01 19:25:56] 
INFO [2018-05-01 19:25:56] $cat.cex
INFO [2018-05-01 19:25:56] [1] 3
INFO [2018-05-01 19:25:56] 
INFO [2018-05-01 19:25:56] $cex
INFO [2018-05-01 19:25:56] [1] 3.5
INFO [2018-05-01 19:25:56] 
INFO [2018-05-01 19:25:56] $lty
INFO [2018-05-01 19:25:56] [1] 1
INFO [2018-05-01 19:25:56] 
INFO [2018-05-01 19:25:56] $height
INFO [2018-05-01 19:25:56] [1] 2000
INFO [2018-05-01 19:25:56] 
INFO [2018-05-01 19:25:56] $width
INFO [2018-05-01 19:25:56] [1] 2000
INFO [2018-05-01 19:25:56] 
INFO [2018-05-01 19:25:56] $fontfamily
INFO [2018-05-01 19:25:56] [1] "sans"
INFO [2018-05-01 19:25:56] 
INFO [2018-05-01 19:25:56] $cat.fontfamily
INFO [2018-05-01 19:25:56] [1] "sans"
INFO [2018-05-01 19:25:56] 
INFO [2018-05-01 19:25:56] $main.fontfamily
INFO [2018-05-01 19:25:56] [1] "sans"
INFO [2018-05-01 19:25:56] 
INFO [2018-05-01 19:25:56] $cat.fontface
INFO [2018-05-01 19:25:56] [1] "bold"
INFO [2018-05-01 19:25:56] 
INFO [2018-05-01 19:25:56] $main.fontface
INFO [2018-05-01 19:25:56] [1] "bold"
INFO [2018-05-01 19:25:56] 
INFO [2018-05-01 19:25:56] $cat.dist
INFO [2018-05-01 19:25:56] [1] 0.05
INFO [2018-05-01 19:25:56] 
