INFO [2018-02-25 16:07:48] [[1]]
INFO [2018-02-25 16:07:48] mylist
INFO [2018-02-25 16:07:48] 
INFO [2018-02-25 16:07:48] $filename
INFO [2018-02-25 16:07:48] NULL
INFO [2018-02-25 16:07:48] 
INFO [2018-02-25 16:07:48] $main
INFO [2018-02-25 16:07:48] [1] "DE genes between Liver and Kidney (FDR 1%)"
INFO [2018-02-25 16:07:48] 
INFO [2018-02-25 16:07:48] $cex
INFO [2018-02-25 16:07:48] [1] 1.5
INFO [2018-02-25 16:07:48] 
INFO [2018-02-25 16:07:48] $lty
INFO [2018-02-25 16:07:48] [1] 1
INFO [2018-02-25 16:07:48] 
INFO [2018-02-25 16:07:48] $height
INFO [2018-02-25 16:07:48] [1] 2000
INFO [2018-02-25 16:07:48] 
INFO [2018-02-25 16:07:48] $width
INFO [2018-02-25 16:07:48] [1] 3000
INFO [2018-02-25 16:07:48] 
