INFO [2018-04-28 12:25:33] [[1]]
INFO [2018-04-28 12:25:33] mylist
INFO [2018-04-28 12:25:33] 
INFO [2018-04-28 12:25:33] $filename
INFO [2018-04-28 12:25:33] NULL
INFO [2018-04-28 12:25:33] 
INFO [2018-04-28 12:25:33] $fill
INFO [2018-04-28 12:25:33] pal[1:3]
INFO [2018-04-28 12:25:33] 
INFO [2018-04-28 12:25:33] $main.cex
INFO [2018-04-28 12:25:33] [1] 3
INFO [2018-04-28 12:25:33] 
INFO [2018-04-28 12:25:33] $cat.cex
INFO [2018-04-28 12:25:33] [1] 3
INFO [2018-04-28 12:25:33] 
INFO [2018-04-28 12:25:33] $cex
INFO [2018-04-28 12:25:33] [1] 3.5
INFO [2018-04-28 12:25:33] 
INFO [2018-04-28 12:25:33] $lty
INFO [2018-04-28 12:25:33] [1] 1
INFO [2018-04-28 12:25:33] 
INFO [2018-04-28 12:25:33] $height
INFO [2018-04-28 12:25:33] [1] 2000
INFO [2018-04-28 12:25:33] 
INFO [2018-04-28 12:25:33] $width
INFO [2018-04-28 12:25:33] [1] 2000
INFO [2018-04-28 12:25:33] 
INFO [2018-04-28 12:25:33] $fontfamily
INFO [2018-04-28 12:25:33] [1] "sans"
INFO [2018-04-28 12:25:33] 
INFO [2018-04-28 12:25:33] $cat.fontfamily
INFO [2018-04-28 12:25:33] [1] "sans"
INFO [2018-04-28 12:25:33] 
INFO [2018-04-28 12:25:33] $main.fontfamily
INFO [2018-04-28 12:25:33] [1] "sans"
INFO [2018-04-28 12:25:33] 
INFO [2018-04-28 12:25:33] $cat.fontface
INFO [2018-04-28 12:25:33] [1] "bold"
INFO [2018-04-28 12:25:33] 
INFO [2018-04-28 12:25:33] $main.fontface
INFO [2018-04-28 12:25:33] [1] "bold"
INFO [2018-04-28 12:25:33] 
INFO [2018-04-28 12:25:33] $cat.dist
INFO [2018-04-28 12:25:33] [1] 0.05
INFO [2018-04-28 12:25:33] 
INFO [2018-04-28 12:25:33] [[1]]
INFO [2018-04-28 12:25:33] mylist
INFO [2018-04-28 12:25:33] 
INFO [2018-04-28 12:25:33] $filename
INFO [2018-04-28 12:25:33] NULL
INFO [2018-04-28 12:25:33] 
INFO [2018-04-28 12:25:33] $fill
INFO [2018-04-28 12:25:33] pal[1:3]
INFO [2018-04-28 12:25:33] 
INFO [2018-04-28 12:25:33] $main.cex
INFO [2018-04-28 12:25:33] [1] 3
INFO [2018-04-28 12:25:33] 
INFO [2018-04-28 12:25:33] $cat.cex
INFO [2018-04-28 12:25:33] [1] 3
INFO [2018-04-28 12:25:33] 
INFO [2018-04-28 12:25:33] $cex
INFO [2018-04-28 12:25:33] [1] 3.5
INFO [2018-04-28 12:25:33] 
INFO [2018-04-28 12:25:33] $lty
INFO [2018-04-28 12:25:33] [1] 1
INFO [2018-04-28 12:25:33] 
INFO [2018-04-28 12:25:33] $height
INFO [2018-04-28 12:25:33] [1] 2000
INFO [2018-04-28 12:25:33] 
INFO [2018-04-28 12:25:33] $width
INFO [2018-04-28 12:25:33] [1] 2000
INFO [2018-04-28 12:25:33] 
INFO [2018-04-28 12:25:33] $fontfamily
INFO [2018-04-28 12:25:33] [1] "sans"
INFO [2018-04-28 12:25:33] 
INFO [2018-04-28 12:25:33] $cat.fontfamily
INFO [2018-04-28 12:25:33] [1] "sans"
INFO [2018-04-28 12:25:33] 
INFO [2018-04-28 12:25:33] $main.fontfamily
INFO [2018-04-28 12:25:33] [1] "sans"
INFO [2018-04-28 12:25:33] 
INFO [2018-04-28 12:25:33] $cat.fontface
INFO [2018-04-28 12:25:33] [1] "bold"
INFO [2018-04-28 12:25:33] 
INFO [2018-04-28 12:25:33] $main.fontface
INFO [2018-04-28 12:25:33] [1] "bold"
INFO [2018-04-28 12:25:33] 
INFO [2018-04-28 12:25:33] $cat.dist
INFO [2018-04-28 12:25:33] [1] 0.05
INFO [2018-04-28 12:25:33] 
INFO [2018-04-28 12:25:33] [[1]]
INFO [2018-04-28 12:25:33] mylist
INFO [2018-04-28 12:25:33] 
INFO [2018-04-28 12:25:33] $filename
INFO [2018-04-28 12:25:33] NULL
INFO [2018-04-28 12:25:33] 
INFO [2018-04-28 12:25:33] $fill
INFO [2018-04-28 12:25:33] pal[1:3]
INFO [2018-04-28 12:25:33] 
INFO [2018-04-28 12:25:33] $main.cex
INFO [2018-04-28 12:25:33] [1] 3
INFO [2018-04-28 12:25:33] 
INFO [2018-04-28 12:25:33] $cat.cex
INFO [2018-04-28 12:25:33] [1] 3
INFO [2018-04-28 12:25:33] 
INFO [2018-04-28 12:25:33] $cex
INFO [2018-04-28 12:25:33] [1] 3.5
INFO [2018-04-28 12:25:33] 
INFO [2018-04-28 12:25:33] $lty
INFO [2018-04-28 12:25:33] [1] 1
INFO [2018-04-28 12:25:33] 
INFO [2018-04-28 12:25:33] $height
INFO [2018-04-28 12:25:33] [1] 2000
INFO [2018-04-28 12:25:33] 
INFO [2018-04-28 12:25:33] $width
INFO [2018-04-28 12:25:33] [1] 2000
INFO [2018-04-28 12:25:33] 
INFO [2018-04-28 12:25:33] $fontfamily
INFO [2018-04-28 12:25:33] [1] "sans"
INFO [2018-04-28 12:25:33] 
INFO [2018-04-28 12:25:33] $cat.fontfamily
INFO [2018-04-28 12:25:33] [1] "sans"
INFO [2018-04-28 12:25:33] 
INFO [2018-04-28 12:25:33] $main.fontfamily
INFO [2018-04-28 12:25:33] [1] "sans"
INFO [2018-04-28 12:25:33] 
INFO [2018-04-28 12:25:33] $cat.fontface
INFO [2018-04-28 12:25:33] [1] "bold"
INFO [2018-04-28 12:25:33] 
INFO [2018-04-28 12:25:33] $main.fontface
INFO [2018-04-28 12:25:33] [1] "bold"
INFO [2018-04-28 12:25:33] 
INFO [2018-04-28 12:25:33] $cat.dist
INFO [2018-04-28 12:25:33] [1] 0.05
INFO [2018-04-28 12:25:33] 
INFO [2018-04-28 12:25:33] [[1]]
INFO [2018-04-28 12:25:33] mylist
INFO [2018-04-28 12:25:33] 
INFO [2018-04-28 12:25:33] $filename
INFO [2018-04-28 12:25:33] NULL
INFO [2018-04-28 12:25:33] 
INFO [2018-04-28 12:25:33] $fill
INFO [2018-04-28 12:25:33] pal[1:3]
INFO [2018-04-28 12:25:33] 
INFO [2018-04-28 12:25:33] $main.cex
INFO [2018-04-28 12:25:33] [1] 3
INFO [2018-04-28 12:25:33] 
INFO [2018-04-28 12:25:33] $cat.cex
INFO [2018-04-28 12:25:33] [1] 3
INFO [2018-04-28 12:25:33] 
INFO [2018-04-28 12:25:33] $cex
INFO [2018-04-28 12:25:33] [1] 3.5
INFO [2018-04-28 12:25:33] 
INFO [2018-04-28 12:25:33] $lty
INFO [2018-04-28 12:25:33] [1] 1
INFO [2018-04-28 12:25:33] 
INFO [2018-04-28 12:25:33] $height
INFO [2018-04-28 12:25:33] [1] 2000
INFO [2018-04-28 12:25:33] 
INFO [2018-04-28 12:25:33] $width
INFO [2018-04-28 12:25:33] [1] 2000
INFO [2018-04-28 12:25:33] 
INFO [2018-04-28 12:25:33] $fontfamily
INFO [2018-04-28 12:25:33] [1] "sans"
INFO [2018-04-28 12:25:33] 
INFO [2018-04-28 12:25:33] $cat.fontfamily
INFO [2018-04-28 12:25:33] [1] "sans"
INFO [2018-04-28 12:25:33] 
INFO [2018-04-28 12:25:33] $main.fontfamily
INFO [2018-04-28 12:25:33] [1] "sans"
INFO [2018-04-28 12:25:33] 
INFO [2018-04-28 12:25:33] $cat.fontface
INFO [2018-04-28 12:25:33] [1] "bold"
INFO [2018-04-28 12:25:33] 
INFO [2018-04-28 12:25:33] $main.fontface
INFO [2018-04-28 12:25:33] [1] "bold"
INFO [2018-04-28 12:25:33] 
INFO [2018-04-28 12:25:33] $cat.dist
INFO [2018-04-28 12:25:33] [1] 0.05
INFO [2018-04-28 12:25:33] 
INFO [2018-04-28 12:25:33] [[1]]
INFO [2018-04-28 12:25:33] mylist
INFO [2018-04-28 12:25:33] 
INFO [2018-04-28 12:25:33] $filename
INFO [2018-04-28 12:25:33] NULL
INFO [2018-04-28 12:25:33] 
INFO [2018-04-28 12:25:33] $fill
INFO [2018-04-28 12:25:33] pal[1:3]
INFO [2018-04-28 12:25:33] 
INFO [2018-04-28 12:25:33] $main.cex
INFO [2018-04-28 12:25:33] [1] 3
INFO [2018-04-28 12:25:33] 
INFO [2018-04-28 12:25:33] $cat.cex
INFO [2018-04-28 12:25:33] [1] 3
INFO [2018-04-28 12:25:33] 
INFO [2018-04-28 12:25:33] $cex
INFO [2018-04-28 12:25:33] [1] 3.5
INFO [2018-04-28 12:25:33] 
INFO [2018-04-28 12:25:33] $lty
INFO [2018-04-28 12:25:33] [1] 1
INFO [2018-04-28 12:25:33] 
INFO [2018-04-28 12:25:33] $height
INFO [2018-04-28 12:25:33] [1] 2000
INFO [2018-04-28 12:25:33] 
INFO [2018-04-28 12:25:33] $width
INFO [2018-04-28 12:25:33] [1] 2000
INFO [2018-04-28 12:25:33] 
INFO [2018-04-28 12:25:33] $fontfamily
INFO [2018-04-28 12:25:33] [1] "sans"
INFO [2018-04-28 12:25:33] 
INFO [2018-04-28 12:25:33] $cat.fontfamily
INFO [2018-04-28 12:25:33] [1] "sans"
INFO [2018-04-28 12:25:33] 
INFO [2018-04-28 12:25:33] $main.fontfamily
INFO [2018-04-28 12:25:33] [1] "sans"
INFO [2018-04-28 12:25:33] 
INFO [2018-04-28 12:25:33] $cat.fontface
INFO [2018-04-28 12:25:33] [1] "bold"
INFO [2018-04-28 12:25:33] 
INFO [2018-04-28 12:25:33] $main.fontface
INFO [2018-04-28 12:25:33] [1] "bold"
INFO [2018-04-28 12:25:33] 
INFO [2018-04-28 12:25:33] $cat.dist
INFO [2018-04-28 12:25:33] [1] 0.05
INFO [2018-04-28 12:25:33] 
INFO [2018-04-28 12:25:33] [[1]]
INFO [2018-04-28 12:25:33] mylist
INFO [2018-04-28 12:25:33] 
INFO [2018-04-28 12:25:33] $filename
INFO [2018-04-28 12:25:33] NULL
INFO [2018-04-28 12:25:33] 
INFO [2018-04-28 12:25:33] $fill
INFO [2018-04-28 12:25:33] pal[1:3]
INFO [2018-04-28 12:25:33] 
INFO [2018-04-28 12:25:33] $main.cex
INFO [2018-04-28 12:25:33] [1] 3
INFO [2018-04-28 12:25:33] 
INFO [2018-04-28 12:25:33] $cat.cex
INFO [2018-04-28 12:25:33] [1] 3
INFO [2018-04-28 12:25:33] 
INFO [2018-04-28 12:25:33] $cex
INFO [2018-04-28 12:25:33] [1] 3.5
INFO [2018-04-28 12:25:33] 
INFO [2018-04-28 12:25:33] $lty
INFO [2018-04-28 12:25:33] [1] 1
INFO [2018-04-28 12:25:33] 
INFO [2018-04-28 12:25:33] $height
INFO [2018-04-28 12:25:33] [1] 2000
INFO [2018-04-28 12:25:33] 
INFO [2018-04-28 12:25:33] $width
INFO [2018-04-28 12:25:33] [1] 2000
INFO [2018-04-28 12:25:33] 
INFO [2018-04-28 12:25:33] $fontfamily
INFO [2018-04-28 12:25:33] [1] "sans"
INFO [2018-04-28 12:25:33] 
INFO [2018-04-28 12:25:33] $cat.fontfamily
INFO [2018-04-28 12:25:33] [1] "sans"
INFO [2018-04-28 12:25:33] 
INFO [2018-04-28 12:25:33] $main.fontfamily
INFO [2018-04-28 12:25:33] [1] "sans"
INFO [2018-04-28 12:25:33] 
INFO [2018-04-28 12:25:33] $cat.fontface
INFO [2018-04-28 12:25:33] [1] "bold"
INFO [2018-04-28 12:25:33] 
INFO [2018-04-28 12:25:33] $main.fontface
INFO [2018-04-28 12:25:33] [1] "bold"
INFO [2018-04-28 12:25:33] 
INFO [2018-04-28 12:25:33] $cat.dist
INFO [2018-04-28 12:25:33] [1] 0.05
INFO [2018-04-28 12:25:33] 
INFO [2018-04-28 12:25:33] [[1]]
INFO [2018-04-28 12:25:33] mylist
INFO [2018-04-28 12:25:33] 
INFO [2018-04-28 12:25:33] $filename
INFO [2018-04-28 12:25:33] NULL
INFO [2018-04-28 12:25:33] 
INFO [2018-04-28 12:25:33] $fill
INFO [2018-04-28 12:25:33] pal[1:3]
INFO [2018-04-28 12:25:33] 
INFO [2018-04-28 12:25:33] $main.cex
INFO [2018-04-28 12:25:33] [1] 3
INFO [2018-04-28 12:25:33] 
INFO [2018-04-28 12:25:33] $cat.cex
INFO [2018-04-28 12:25:33] [1] 3
INFO [2018-04-28 12:25:33] 
INFO [2018-04-28 12:25:33] $cex
INFO [2018-04-28 12:25:33] [1] 3.5
INFO [2018-04-28 12:25:33] 
INFO [2018-04-28 12:25:33] $lty
INFO [2018-04-28 12:25:33] [1] 1
INFO [2018-04-28 12:25:33] 
INFO [2018-04-28 12:25:33] $height
INFO [2018-04-28 12:25:33] [1] 2000
INFO [2018-04-28 12:25:33] 
INFO [2018-04-28 12:25:33] $width
INFO [2018-04-28 12:25:33] [1] 2000
INFO [2018-04-28 12:25:33] 
INFO [2018-04-28 12:25:33] $fontfamily
INFO [2018-04-28 12:25:33] [1] "sans"
INFO [2018-04-28 12:25:33] 
INFO [2018-04-28 12:25:33] $cat.fontfamily
INFO [2018-04-28 12:25:33] [1] "sans"
INFO [2018-04-28 12:25:33] 
INFO [2018-04-28 12:25:33] $main.fontfamily
INFO [2018-04-28 12:25:33] [1] "sans"
INFO [2018-04-28 12:25:33] 
INFO [2018-04-28 12:25:33] $cat.fontface
INFO [2018-04-28 12:25:33] [1] "bold"
INFO [2018-04-28 12:25:33] 
INFO [2018-04-28 12:25:33] $main.fontface
INFO [2018-04-28 12:25:33] [1] "bold"
INFO [2018-04-28 12:25:33] 
INFO [2018-04-28 12:25:33] $cat.dist
INFO [2018-04-28 12:25:33] [1] 0.05
INFO [2018-04-28 12:25:33] 
INFO [2018-04-28 12:25:33] [[1]]
INFO [2018-04-28 12:25:33] mylist
INFO [2018-04-28 12:25:33] 
INFO [2018-04-28 12:25:33] $filename
INFO [2018-04-28 12:25:33] NULL
INFO [2018-04-28 12:25:33] 
INFO [2018-04-28 12:25:33] $fill
INFO [2018-04-28 12:25:33] pal[1:3]
INFO [2018-04-28 12:25:33] 
INFO [2018-04-28 12:25:33] $main.cex
INFO [2018-04-28 12:25:33] [1] 3
INFO [2018-04-28 12:25:33] 
INFO [2018-04-28 12:25:33] $cat.cex
INFO [2018-04-28 12:25:33] [1] 3
INFO [2018-04-28 12:25:33] 
INFO [2018-04-28 12:25:33] $cex
INFO [2018-04-28 12:25:33] [1] 3.5
INFO [2018-04-28 12:25:33] 
INFO [2018-04-28 12:25:33] $lty
INFO [2018-04-28 12:25:33] [1] 1
INFO [2018-04-28 12:25:33] 
INFO [2018-04-28 12:25:33] $height
INFO [2018-04-28 12:25:33] [1] 2000
INFO [2018-04-28 12:25:33] 
INFO [2018-04-28 12:25:33] $width
INFO [2018-04-28 12:25:33] [1] 2000
INFO [2018-04-28 12:25:33] 
INFO [2018-04-28 12:25:33] $fontfamily
INFO [2018-04-28 12:25:33] [1] "sans"
INFO [2018-04-28 12:25:33] 
INFO [2018-04-28 12:25:33] $cat.fontfamily
INFO [2018-04-28 12:25:33] [1] "sans"
INFO [2018-04-28 12:25:33] 
INFO [2018-04-28 12:25:33] $main.fontfamily
INFO [2018-04-28 12:25:33] [1] "sans"
INFO [2018-04-28 12:25:33] 
INFO [2018-04-28 12:25:33] $cat.fontface
INFO [2018-04-28 12:25:33] [1] "bold"
INFO [2018-04-28 12:25:33] 
INFO [2018-04-28 12:25:33] $main.fontface
INFO [2018-04-28 12:25:33] [1] "bold"
INFO [2018-04-28 12:25:33] 
INFO [2018-04-28 12:25:33] $cat.dist
INFO [2018-04-28 12:25:33] [1] 0.05
INFO [2018-04-28 12:25:33] 
