INFO [2018-05-01 19:28:38] [[1]]
INFO [2018-05-01 19:28:38] mylist
INFO [2018-05-01 19:28:38] 
INFO [2018-05-01 19:28:38] $filename
INFO [2018-05-01 19:28:38] NULL
INFO [2018-05-01 19:28:38] 
INFO [2018-05-01 19:28:38] $fill
INFO [2018-05-01 19:28:38] pal[1:3]
INFO [2018-05-01 19:28:38] 
INFO [2018-05-01 19:28:38] $main.cex
INFO [2018-05-01 19:28:38] [1] 3
INFO [2018-05-01 19:28:38] 
INFO [2018-05-01 19:28:38] $cat.cex
INFO [2018-05-01 19:28:38] [1] 3
INFO [2018-05-01 19:28:38] 
INFO [2018-05-01 19:28:38] $cex
INFO [2018-05-01 19:28:38] [1] 3.5
INFO [2018-05-01 19:28:38] 
INFO [2018-05-01 19:28:38] $lty
INFO [2018-05-01 19:28:38] [1] 1
INFO [2018-05-01 19:28:38] 
INFO [2018-05-01 19:28:38] $height
INFO [2018-05-01 19:28:38] [1] 2000
INFO [2018-05-01 19:28:38] 
INFO [2018-05-01 19:28:38] $width
INFO [2018-05-01 19:28:38] [1] 2000
INFO [2018-05-01 19:28:38] 
INFO [2018-05-01 19:28:38] $fontfamily
INFO [2018-05-01 19:28:38] [1] "sans"
INFO [2018-05-01 19:28:38] 
INFO [2018-05-01 19:28:38] $cat.fontfamily
INFO [2018-05-01 19:28:38] [1] "sans"
INFO [2018-05-01 19:28:38] 
INFO [2018-05-01 19:28:38] $main.fontfamily
INFO [2018-05-01 19:28:38] [1] "sans"
INFO [2018-05-01 19:28:38] 
INFO [2018-05-01 19:28:38] $cat.fontface
INFO [2018-05-01 19:28:38] [1] "bold"
INFO [2018-05-01 19:28:38] 
INFO [2018-05-01 19:28:38] $main.fontface
INFO [2018-05-01 19:28:38] [1] "bold"
INFO [2018-05-01 19:28:38] 
INFO [2018-05-01 19:28:38] $cat.dist
INFO [2018-05-01 19:28:38] [1] 0.05
INFO [2018-05-01 19:28:38] 
INFO [2018-05-01 19:28:38] [[1]]
INFO [2018-05-01 19:28:38] mylist
INFO [2018-05-01 19:28:38] 
INFO [2018-05-01 19:28:38] $filename
INFO [2018-05-01 19:28:38] NULL
INFO [2018-05-01 19:28:38] 
INFO [2018-05-01 19:28:38] $fill
INFO [2018-05-01 19:28:38] pal[1:3]
INFO [2018-05-01 19:28:38] 
INFO [2018-05-01 19:28:38] $main.cex
INFO [2018-05-01 19:28:38] [1] 3
INFO [2018-05-01 19:28:38] 
INFO [2018-05-01 19:28:38] $cat.cex
INFO [2018-05-01 19:28:38] [1] 3
INFO [2018-05-01 19:28:38] 
INFO [2018-05-01 19:28:38] $cex
INFO [2018-05-01 19:28:38] [1] 3.5
INFO [2018-05-01 19:28:38] 
INFO [2018-05-01 19:28:38] $lty
INFO [2018-05-01 19:28:38] [1] 1
INFO [2018-05-01 19:28:38] 
INFO [2018-05-01 19:28:38] $height
INFO [2018-05-01 19:28:38] [1] 2000
INFO [2018-05-01 19:28:38] 
INFO [2018-05-01 19:28:38] $width
INFO [2018-05-01 19:28:38] [1] 2000
INFO [2018-05-01 19:28:38] 
INFO [2018-05-01 19:28:38] $fontfamily
INFO [2018-05-01 19:28:38] [1] "sans"
INFO [2018-05-01 19:28:38] 
INFO [2018-05-01 19:28:38] $cat.fontfamily
INFO [2018-05-01 19:28:38] [1] "sans"
INFO [2018-05-01 19:28:38] 
INFO [2018-05-01 19:28:38] $main.fontfamily
INFO [2018-05-01 19:28:38] [1] "sans"
INFO [2018-05-01 19:28:38] 
INFO [2018-05-01 19:28:38] $cat.fontface
INFO [2018-05-01 19:28:38] [1] "bold"
INFO [2018-05-01 19:28:38] 
INFO [2018-05-01 19:28:38] $main.fontface
INFO [2018-05-01 19:28:38] [1] "bold"
INFO [2018-05-01 19:28:38] 
INFO [2018-05-01 19:28:38] $cat.dist
INFO [2018-05-01 19:28:38] [1] 0.05
INFO [2018-05-01 19:28:38] 
INFO [2018-05-01 19:28:38] [[1]]
INFO [2018-05-01 19:28:38] mylist
INFO [2018-05-01 19:28:38] 
INFO [2018-05-01 19:28:38] $filename
INFO [2018-05-01 19:28:38] NULL
INFO [2018-05-01 19:28:38] 
INFO [2018-05-01 19:28:38] $fill
INFO [2018-05-01 19:28:38] pal[1:3]
INFO [2018-05-01 19:28:38] 
INFO [2018-05-01 19:28:38] $main.cex
INFO [2018-05-01 19:28:38] [1] 3
INFO [2018-05-01 19:28:38] 
INFO [2018-05-01 19:28:38] $cat.cex
INFO [2018-05-01 19:28:38] [1] 3
INFO [2018-05-01 19:28:38] 
INFO [2018-05-01 19:28:38] $cex
INFO [2018-05-01 19:28:38] [1] 3.5
INFO [2018-05-01 19:28:38] 
INFO [2018-05-01 19:28:38] $lty
INFO [2018-05-01 19:28:38] [1] 1
INFO [2018-05-01 19:28:38] 
INFO [2018-05-01 19:28:38] $height
INFO [2018-05-01 19:28:38] [1] 2000
INFO [2018-05-01 19:28:38] 
INFO [2018-05-01 19:28:38] $width
INFO [2018-05-01 19:28:38] [1] 2000
INFO [2018-05-01 19:28:38] 
INFO [2018-05-01 19:28:38] $fontfamily
INFO [2018-05-01 19:28:38] [1] "sans"
INFO [2018-05-01 19:28:38] 
INFO [2018-05-01 19:28:38] $cat.fontfamily
INFO [2018-05-01 19:28:38] [1] "sans"
INFO [2018-05-01 19:28:38] 
INFO [2018-05-01 19:28:38] $main.fontfamily
INFO [2018-05-01 19:28:38] [1] "sans"
INFO [2018-05-01 19:28:38] 
INFO [2018-05-01 19:28:38] $cat.fontface
INFO [2018-05-01 19:28:38] [1] "bold"
INFO [2018-05-01 19:28:38] 
INFO [2018-05-01 19:28:38] $main.fontface
INFO [2018-05-01 19:28:38] [1] "bold"
INFO [2018-05-01 19:28:38] 
INFO [2018-05-01 19:28:38] $cat.dist
INFO [2018-05-01 19:28:38] [1] 0.05
INFO [2018-05-01 19:28:38] 
INFO [2018-05-01 19:28:38] [[1]]
INFO [2018-05-01 19:28:38] mylist
INFO [2018-05-01 19:28:38] 
INFO [2018-05-01 19:28:38] $filename
INFO [2018-05-01 19:28:38] NULL
INFO [2018-05-01 19:28:38] 
INFO [2018-05-01 19:28:38] $fill
INFO [2018-05-01 19:28:38] pal[1:3]
INFO [2018-05-01 19:28:38] 
INFO [2018-05-01 19:28:38] $main.cex
INFO [2018-05-01 19:28:38] [1] 3
INFO [2018-05-01 19:28:38] 
INFO [2018-05-01 19:28:38] $cat.cex
INFO [2018-05-01 19:28:38] [1] 3
INFO [2018-05-01 19:28:38] 
INFO [2018-05-01 19:28:38] $cex
INFO [2018-05-01 19:28:38] [1] 3.5
INFO [2018-05-01 19:28:38] 
INFO [2018-05-01 19:28:38] $lty
INFO [2018-05-01 19:28:38] [1] 1
INFO [2018-05-01 19:28:38] 
INFO [2018-05-01 19:28:38] $height
INFO [2018-05-01 19:28:38] [1] 2000
INFO [2018-05-01 19:28:38] 
INFO [2018-05-01 19:28:38] $width
INFO [2018-05-01 19:28:38] [1] 2000
INFO [2018-05-01 19:28:38] 
INFO [2018-05-01 19:28:38] $fontfamily
INFO [2018-05-01 19:28:38] [1] "sans"
INFO [2018-05-01 19:28:38] 
INFO [2018-05-01 19:28:38] $cat.fontfamily
INFO [2018-05-01 19:28:38] [1] "sans"
INFO [2018-05-01 19:28:38] 
INFO [2018-05-01 19:28:38] $main.fontfamily
INFO [2018-05-01 19:28:38] [1] "sans"
INFO [2018-05-01 19:28:38] 
INFO [2018-05-01 19:28:38] $cat.fontface
INFO [2018-05-01 19:28:38] [1] "bold"
INFO [2018-05-01 19:28:38] 
INFO [2018-05-01 19:28:38] $main.fontface
INFO [2018-05-01 19:28:38] [1] "bold"
INFO [2018-05-01 19:28:38] 
INFO [2018-05-01 19:28:38] $cat.dist
INFO [2018-05-01 19:28:38] [1] 0.05
INFO [2018-05-01 19:28:38] 
