INFO [2018-04-29 15:16:45] [[1]]
INFO [2018-04-29 15:16:45] mylist
INFO [2018-04-29 15:16:45] 
INFO [2018-04-29 15:16:45] $filename
INFO [2018-04-29 15:16:45] NULL
INFO [2018-04-29 15:16:45] 
INFO [2018-04-29 15:16:45] $fill
INFO [2018-04-29 15:16:45] pal[1:3]
INFO [2018-04-29 15:16:45] 
INFO [2018-04-29 15:16:45] $main.cex
INFO [2018-04-29 15:16:45] [1] 3
INFO [2018-04-29 15:16:45] 
INFO [2018-04-29 15:16:45] $cat.cex
INFO [2018-04-29 15:16:45] [1] 3
INFO [2018-04-29 15:16:45] 
INFO [2018-04-29 15:16:45] $cex
INFO [2018-04-29 15:16:45] [1] 3.5
INFO [2018-04-29 15:16:45] 
INFO [2018-04-29 15:16:45] $lty
INFO [2018-04-29 15:16:45] [1] 1
INFO [2018-04-29 15:16:45] 
INFO [2018-04-29 15:16:45] $height
INFO [2018-04-29 15:16:45] [1] 2000
INFO [2018-04-29 15:16:45] 
INFO [2018-04-29 15:16:45] $width
INFO [2018-04-29 15:16:45] [1] 2000
INFO [2018-04-29 15:16:45] 
INFO [2018-04-29 15:16:45] $fontfamily
INFO [2018-04-29 15:16:45] [1] "sans"
INFO [2018-04-29 15:16:45] 
INFO [2018-04-29 15:16:45] $cat.fontfamily
INFO [2018-04-29 15:16:45] [1] "sans"
INFO [2018-04-29 15:16:45] 
INFO [2018-04-29 15:16:45] $main.fontfamily
INFO [2018-04-29 15:16:45] [1] "sans"
INFO [2018-04-29 15:16:45] 
INFO [2018-04-29 15:16:45] $cat.fontface
INFO [2018-04-29 15:16:45] [1] "bold"
INFO [2018-04-29 15:16:45] 
INFO [2018-04-29 15:16:45] $main.fontface
INFO [2018-04-29 15:16:45] [1] "bold"
INFO [2018-04-29 15:16:45] 
INFO [2018-04-29 15:16:45] $cat.dist
INFO [2018-04-29 15:16:45] [1] 0.05
INFO [2018-04-29 15:16:45] 
INFO [2018-04-29 15:16:45] [[1]]
INFO [2018-04-29 15:16:45] mylist
INFO [2018-04-29 15:16:45] 
INFO [2018-04-29 15:16:45] $filename
INFO [2018-04-29 15:16:45] NULL
INFO [2018-04-29 15:16:45] 
INFO [2018-04-29 15:16:45] $fill
INFO [2018-04-29 15:16:45] pal[1:3]
INFO [2018-04-29 15:16:45] 
INFO [2018-04-29 15:16:45] $main.cex
INFO [2018-04-29 15:16:45] [1] 3
INFO [2018-04-29 15:16:45] 
INFO [2018-04-29 15:16:45] $cat.cex
INFO [2018-04-29 15:16:45] [1] 3
INFO [2018-04-29 15:16:45] 
INFO [2018-04-29 15:16:45] $cex
INFO [2018-04-29 15:16:45] [1] 3.5
INFO [2018-04-29 15:16:45] 
INFO [2018-04-29 15:16:45] $lty
INFO [2018-04-29 15:16:45] [1] 1
INFO [2018-04-29 15:16:45] 
INFO [2018-04-29 15:16:45] $height
INFO [2018-04-29 15:16:45] [1] 2000
INFO [2018-04-29 15:16:45] 
INFO [2018-04-29 15:16:45] $width
INFO [2018-04-29 15:16:45] [1] 2000
INFO [2018-04-29 15:16:45] 
INFO [2018-04-29 15:16:45] $fontfamily
INFO [2018-04-29 15:16:45] [1] "sans"
INFO [2018-04-29 15:16:45] 
INFO [2018-04-29 15:16:45] $cat.fontfamily
INFO [2018-04-29 15:16:45] [1] "sans"
INFO [2018-04-29 15:16:45] 
INFO [2018-04-29 15:16:45] $main.fontfamily
INFO [2018-04-29 15:16:45] [1] "sans"
INFO [2018-04-29 15:16:45] 
INFO [2018-04-29 15:16:45] $cat.fontface
INFO [2018-04-29 15:16:45] [1] "bold"
INFO [2018-04-29 15:16:45] 
INFO [2018-04-29 15:16:45] $main.fontface
INFO [2018-04-29 15:16:45] [1] "bold"
INFO [2018-04-29 15:16:45] 
INFO [2018-04-29 15:16:45] $cat.dist
INFO [2018-04-29 15:16:45] [1] 0.05
INFO [2018-04-29 15:16:45] 
INFO [2018-04-29 15:16:45] [[1]]
INFO [2018-04-29 15:16:45] mylist
INFO [2018-04-29 15:16:45] 
INFO [2018-04-29 15:16:45] $filename
INFO [2018-04-29 15:16:45] NULL
INFO [2018-04-29 15:16:45] 
INFO [2018-04-29 15:16:45] $fill
INFO [2018-04-29 15:16:45] pal[1:3]
INFO [2018-04-29 15:16:45] 
INFO [2018-04-29 15:16:45] $main.cex
INFO [2018-04-29 15:16:45] [1] 3
INFO [2018-04-29 15:16:45] 
INFO [2018-04-29 15:16:45] $cat.cex
INFO [2018-04-29 15:16:45] [1] 3
INFO [2018-04-29 15:16:45] 
INFO [2018-04-29 15:16:45] $cex
INFO [2018-04-29 15:16:45] [1] 3.5
INFO [2018-04-29 15:16:45] 
INFO [2018-04-29 15:16:45] $lty
INFO [2018-04-29 15:16:45] [1] 1
INFO [2018-04-29 15:16:45] 
INFO [2018-04-29 15:16:45] $height
INFO [2018-04-29 15:16:45] [1] 2000
INFO [2018-04-29 15:16:45] 
INFO [2018-04-29 15:16:45] $width
INFO [2018-04-29 15:16:45] [1] 2000
INFO [2018-04-29 15:16:45] 
INFO [2018-04-29 15:16:45] $fontfamily
INFO [2018-04-29 15:16:45] [1] "sans"
INFO [2018-04-29 15:16:45] 
INFO [2018-04-29 15:16:45] $cat.fontfamily
INFO [2018-04-29 15:16:45] [1] "sans"
INFO [2018-04-29 15:16:45] 
INFO [2018-04-29 15:16:45] $main.fontfamily
INFO [2018-04-29 15:16:45] [1] "sans"
INFO [2018-04-29 15:16:45] 
INFO [2018-04-29 15:16:45] $cat.fontface
INFO [2018-04-29 15:16:45] [1] "bold"
INFO [2018-04-29 15:16:45] 
INFO [2018-04-29 15:16:45] $main.fontface
INFO [2018-04-29 15:16:45] [1] "bold"
INFO [2018-04-29 15:16:45] 
INFO [2018-04-29 15:16:45] $cat.dist
INFO [2018-04-29 15:16:45] [1] 0.05
INFO [2018-04-29 15:16:45] 
INFO [2018-04-29 15:16:45] [[1]]
INFO [2018-04-29 15:16:45] mylist
INFO [2018-04-29 15:16:45] 
INFO [2018-04-29 15:16:45] $filename
INFO [2018-04-29 15:16:45] NULL
INFO [2018-04-29 15:16:45] 
INFO [2018-04-29 15:16:45] $fill
INFO [2018-04-29 15:16:45] pal[1:3]
INFO [2018-04-29 15:16:45] 
INFO [2018-04-29 15:16:45] $main.cex
INFO [2018-04-29 15:16:45] [1] 3
INFO [2018-04-29 15:16:45] 
INFO [2018-04-29 15:16:45] $cat.cex
INFO [2018-04-29 15:16:45] [1] 3
INFO [2018-04-29 15:16:45] 
INFO [2018-04-29 15:16:45] $cex
INFO [2018-04-29 15:16:45] [1] 3.5
INFO [2018-04-29 15:16:45] 
INFO [2018-04-29 15:16:45] $lty
INFO [2018-04-29 15:16:45] [1] 1
INFO [2018-04-29 15:16:45] 
INFO [2018-04-29 15:16:45] $height
INFO [2018-04-29 15:16:45] [1] 2000
INFO [2018-04-29 15:16:45] 
INFO [2018-04-29 15:16:45] $width
INFO [2018-04-29 15:16:45] [1] 2000
INFO [2018-04-29 15:16:45] 
INFO [2018-04-29 15:16:45] $fontfamily
INFO [2018-04-29 15:16:45] [1] "sans"
INFO [2018-04-29 15:16:45] 
INFO [2018-04-29 15:16:45] $cat.fontfamily
INFO [2018-04-29 15:16:45] [1] "sans"
INFO [2018-04-29 15:16:45] 
INFO [2018-04-29 15:16:45] $main.fontfamily
INFO [2018-04-29 15:16:45] [1] "sans"
INFO [2018-04-29 15:16:45] 
INFO [2018-04-29 15:16:45] $cat.fontface
INFO [2018-04-29 15:16:45] [1] "bold"
INFO [2018-04-29 15:16:45] 
INFO [2018-04-29 15:16:45] $main.fontface
INFO [2018-04-29 15:16:45] [1] "bold"
INFO [2018-04-29 15:16:45] 
INFO [2018-04-29 15:16:45] $cat.dist
INFO [2018-04-29 15:16:45] [1] 0.05
INFO [2018-04-29 15:16:45] 
INFO [2018-04-29 15:16:45] [[1]]
INFO [2018-04-29 15:16:45] mylist
INFO [2018-04-29 15:16:45] 
INFO [2018-04-29 15:16:45] $filename
INFO [2018-04-29 15:16:45] NULL
INFO [2018-04-29 15:16:45] 
INFO [2018-04-29 15:16:45] $fill
INFO [2018-04-29 15:16:45] pal[1:3]
INFO [2018-04-29 15:16:45] 
INFO [2018-04-29 15:16:45] $main.cex
INFO [2018-04-29 15:16:45] [1] 3
INFO [2018-04-29 15:16:45] 
INFO [2018-04-29 15:16:45] $cat.cex
INFO [2018-04-29 15:16:45] [1] 3
INFO [2018-04-29 15:16:45] 
INFO [2018-04-29 15:16:45] $cex
INFO [2018-04-29 15:16:45] [1] 3.5
INFO [2018-04-29 15:16:45] 
INFO [2018-04-29 15:16:45] $lty
INFO [2018-04-29 15:16:45] [1] 1
INFO [2018-04-29 15:16:45] 
INFO [2018-04-29 15:16:45] $height
INFO [2018-04-29 15:16:45] [1] 2000
INFO [2018-04-29 15:16:45] 
INFO [2018-04-29 15:16:45] $width
INFO [2018-04-29 15:16:45] [1] 2000
INFO [2018-04-29 15:16:45] 
INFO [2018-04-29 15:16:45] $fontfamily
INFO [2018-04-29 15:16:45] [1] "sans"
INFO [2018-04-29 15:16:45] 
INFO [2018-04-29 15:16:45] $cat.fontfamily
INFO [2018-04-29 15:16:45] [1] "sans"
INFO [2018-04-29 15:16:45] 
INFO [2018-04-29 15:16:45] $main.fontfamily
INFO [2018-04-29 15:16:45] [1] "sans"
INFO [2018-04-29 15:16:45] 
INFO [2018-04-29 15:16:45] $cat.fontface
INFO [2018-04-29 15:16:45] [1] "bold"
INFO [2018-04-29 15:16:45] 
INFO [2018-04-29 15:16:45] $main.fontface
INFO [2018-04-29 15:16:45] [1] "bold"
INFO [2018-04-29 15:16:45] 
INFO [2018-04-29 15:16:45] $cat.dist
INFO [2018-04-29 15:16:45] [1] 0.05
INFO [2018-04-29 15:16:45] 
