INFO [2018-05-08 16:11:36] [[1]]
INFO [2018-05-08 16:11:36] mylist
INFO [2018-05-08 16:11:36] 
INFO [2018-05-08 16:11:36] $filename
INFO [2018-05-08 16:11:36] NULL
INFO [2018-05-08 16:11:36] 
INFO [2018-05-08 16:11:36] $main
INFO [2018-05-08 16:11:36] [1] "DE genes between Humans and Rhesus (FDR 1%)"
INFO [2018-05-08 16:11:36] 
INFO [2018-05-08 16:11:36] $cex
INFO [2018-05-08 16:11:36] [1] 1.5
INFO [2018-05-08 16:11:36] 
INFO [2018-05-08 16:11:36] $fill
INFO [2018-05-08 16:11:36] pal[1:4]
INFO [2018-05-08 16:11:36] 
INFO [2018-05-08 16:11:36] $lty
INFO [2018-05-08 16:11:36] [1] 1
INFO [2018-05-08 16:11:36] 
INFO [2018-05-08 16:11:36] $height
INFO [2018-05-08 16:11:36] [1] 2000
INFO [2018-05-08 16:11:36] 
INFO [2018-05-08 16:11:36] $width
INFO [2018-05-08 16:11:36] [1] 3000
INFO [2018-05-08 16:11:36] 
INFO [2018-05-08 16:11:36] [[1]]
INFO [2018-05-08 16:11:36] mylist
INFO [2018-05-08 16:11:36] 
INFO [2018-05-08 16:11:36] $filename
INFO [2018-05-08 16:11:36] NULL
INFO [2018-05-08 16:11:36] 
INFO [2018-05-08 16:11:36] $main
INFO [2018-05-08 16:11:36] [1] "DE genes between Chimps and Rhesus (FDR 1%)"
INFO [2018-05-08 16:11:36] 
INFO [2018-05-08 16:11:36] $cex
INFO [2018-05-08 16:11:36] [1] 1.5
INFO [2018-05-08 16:11:36] 
INFO [2018-05-08 16:11:36] $fill
INFO [2018-05-08 16:11:36] pal[1:4]
INFO [2018-05-08 16:11:36] 
INFO [2018-05-08 16:11:36] $lty
INFO [2018-05-08 16:11:36] [1] 1
INFO [2018-05-08 16:11:36] 
INFO [2018-05-08 16:11:36] $height
INFO [2018-05-08 16:11:36] [1] 2000
INFO [2018-05-08 16:11:36] 
INFO [2018-05-08 16:11:36] $width
INFO [2018-05-08 16:11:36] [1] 3000
INFO [2018-05-08 16:11:36] 
