INFO [2018-04-26 10:08:26] [[1]]
INFO [2018-04-26 10:08:26] mylist
INFO [2018-04-26 10:08:26] 
INFO [2018-04-26 10:08:26] $filename
INFO [2018-04-26 10:08:26] NULL
INFO [2018-04-26 10:08:26] 
INFO [2018-04-26 10:08:26] $main
INFO [2018-04-26 10:08:26] [1] "Upregulated in Heart compared to Kidney (FSR 1%)"
INFO [2018-04-26 10:08:26] 
INFO [2018-04-26 10:08:26] $main.cex
INFO [2018-04-26 10:08:26] [1] 2
INFO [2018-04-26 10:08:26] 
INFO [2018-04-26 10:08:26] $cat.cex
INFO [2018-04-26 10:08:26] [1] 1.5
INFO [2018-04-26 10:08:26] 
INFO [2018-04-26 10:08:26] $cex
INFO [2018-04-26 10:08:26] [1] 2.5
INFO [2018-04-26 10:08:26] 
INFO [2018-04-26 10:08:26] $fill
INFO [2018-04-26 10:08:26] pal[1:3]
INFO [2018-04-26 10:08:26] 
INFO [2018-04-26 10:08:26] $lty
INFO [2018-04-26 10:08:26] [1] 1
INFO [2018-04-26 10:08:26] 
INFO [2018-04-26 10:08:26] $height
INFO [2018-04-26 10:08:26] [1] 2000
INFO [2018-04-26 10:08:26] 
INFO [2018-04-26 10:08:26] $width
INFO [2018-04-26 10:08:26] [1] 3000
INFO [2018-04-26 10:08:26] 
