INFO [2018-02-23 17:31:34] [[1]]
INFO [2018-02-23 17:31:34] mylist
INFO [2018-02-23 17:31:34] 
INFO [2018-02-23 17:31:34] $filename
INFO [2018-02-23 17:31:34] NULL
INFO [2018-02-23 17:31:34] 
INFO [2018-02-23 17:31:34] $main
INFO [2018-02-23 17:31:34] name_file
INFO [2018-02-23 17:31:34] 
INFO [2018-02-23 17:31:34] $main.cex
INFO [2018-02-23 17:31:34] [1] 2
INFO [2018-02-23 17:31:34] 
INFO [2018-02-23 17:31:34] $cat.cex
INFO [2018-02-23 17:31:34] [1] 1.5
INFO [2018-02-23 17:31:34] 
INFO [2018-02-23 17:31:34] $cex
INFO [2018-02-23 17:31:34] [1] 2.5
INFO [2018-02-23 17:31:34] 
INFO [2018-02-23 17:31:34] $fill
INFO [2018-02-23 17:31:34] pal[1:3]
INFO [2018-02-23 17:31:34] 
INFO [2018-02-23 17:31:34] $lty
INFO [2018-02-23 17:31:34] [1] 1
INFO [2018-02-23 17:31:34] 
INFO [2018-02-23 17:31:34] $height
INFO [2018-02-23 17:31:34] [1] 2000
INFO [2018-02-23 17:31:34] 
INFO [2018-02-23 17:31:34] $width
INFO [2018-02-23 17:31:34] [1] 3000
INFO [2018-02-23 17:31:34] 
