INFO [2019-07-25 17:41:08] [[1]]
INFO [2019-07-25 17:41:08] mylist
INFO [2019-07-25 17:41:08] 
INFO [2019-07-25 17:41:08] $filename
INFO [2019-07-25 17:41:08] NULL
INFO [2019-07-25 17:41:08] 
INFO [2019-07-25 17:41:08] $main
INFO [2019-07-25 17:41:08] [1] "Significant interactions in Humans (FDR 1%)"
INFO [2019-07-25 17:41:08] 
INFO [2019-07-25 17:41:08] $cex
INFO [2019-07-25 17:41:08] [1] 1.5
INFO [2019-07-25 17:41:08] 
INFO [2019-07-25 17:41:08] $fill
INFO [2019-07-25 17:41:08] pal[1:3]
INFO [2019-07-25 17:41:08] 
INFO [2019-07-25 17:41:08] $lty
INFO [2019-07-25 17:41:08] [1] 1
INFO [2019-07-25 17:41:08] 
INFO [2019-07-25 17:41:08] $height
INFO [2019-07-25 17:41:08] [1] 2000
INFO [2019-07-25 17:41:08] 
INFO [2019-07-25 17:41:08] $width
INFO [2019-07-25 17:41:08] [1] 3000
INFO [2019-07-25 17:41:08] 
