INFO [2018-02-25 15:49:18] [[1]]
INFO [2018-02-25 15:49:18] mylist
INFO [2018-02-25 15:49:18] 
INFO [2018-02-25 15:49:18] $filename
INFO [2018-02-25 15:49:18] NULL
INFO [2018-02-25 15:49:18] 
INFO [2018-02-25 15:49:18] $main
INFO [2018-02-25 15:49:18] name_file
INFO [2018-02-25 15:49:18] 
INFO [2018-02-25 15:49:18] $main.cex
INFO [2018-02-25 15:49:18] [1] 2
INFO [2018-02-25 15:49:18] 
INFO [2018-02-25 15:49:18] $cat.cex
INFO [2018-02-25 15:49:18] [1] 1.5
INFO [2018-02-25 15:49:18] 
INFO [2018-02-25 15:49:18] $cex
INFO [2018-02-25 15:49:18] [1] 2.5
INFO [2018-02-25 15:49:18] 
INFO [2018-02-25 15:49:18] $fill
INFO [2018-02-25 15:49:18] pal[1:3]
INFO [2018-02-25 15:49:18] 
INFO [2018-02-25 15:49:18] $lty
INFO [2018-02-25 15:49:18] [1] 1
INFO [2018-02-25 15:49:18] 
INFO [2018-02-25 15:49:18] $height
INFO [2018-02-25 15:49:18] [1] 2000
INFO [2018-02-25 15:49:18] 
INFO [2018-02-25 15:49:18] $width
INFO [2018-02-25 15:49:18] [1] 3000
INFO [2018-02-25 15:49:18] 
