INFO [2018-04-26 13:53:57] [[1]]
INFO [2018-04-26 13:53:57] mylist
INFO [2018-04-26 13:53:57] 
INFO [2018-04-26 13:53:57] $filename
INFO [2018-04-26 13:53:57] NULL
INFO [2018-04-26 13:53:57] 
INFO [2018-04-26 13:53:57] $fill
INFO [2018-04-26 13:53:57] pal[1:3]
INFO [2018-04-26 13:53:57] 
INFO [2018-04-26 13:53:57] $main.cex
INFO [2018-04-26 13:53:57] [1] 3
INFO [2018-04-26 13:53:57] 
INFO [2018-04-26 13:53:57] $cat.cex
INFO [2018-04-26 13:53:57] [1] 2.5
INFO [2018-04-26 13:53:57] 
INFO [2018-04-26 13:53:57] $cex
INFO [2018-04-26 13:53:57] [1] 2.5
INFO [2018-04-26 13:53:57] 
INFO [2018-04-26 13:53:57] $fill
INFO [2018-04-26 13:53:57] NULL
INFO [2018-04-26 13:53:57] 
INFO [2018-04-26 13:53:57] $lty
INFO [2018-04-26 13:53:57] [1] 1
INFO [2018-04-26 13:53:57] 
INFO [2018-04-26 13:53:57] $height
INFO [2018-04-26 13:53:57] [1] 20000
INFO [2018-04-26 13:53:57] 
INFO [2018-04-26 13:53:57] $width
INFO [2018-04-26 13:53:57] [1] 2e+05
INFO [2018-04-26 13:53:57] 
INFO [2018-04-26 13:53:57] $fontfamily
INFO [2018-04-26 13:53:57] [1] "sans"
INFO [2018-04-26 13:53:57] 
INFO [2018-04-26 13:53:57] $cat.fontfamily
INFO [2018-04-26 13:53:57] [1] "sans"
INFO [2018-04-26 13:53:57] 
INFO [2018-04-26 13:53:57] $main.fontfamily
INFO [2018-04-26 13:53:57] [1] "sans"
INFO [2018-04-26 13:53:57] 
INFO [2018-04-26 13:53:57] $cat.fontface
INFO [2018-04-26 13:53:57] [1] "bold"
INFO [2018-04-26 13:53:57] 
INFO [2018-04-26 13:53:57] $main.fontface
INFO [2018-04-26 13:53:57] [1] "bold"
INFO [2018-04-26 13:53:57] 
