INFO [2018-11-17 16:29:04] [[1]]
INFO [2018-11-17 16:29:04] mylist
INFO [2018-11-17 16:29:04] 
INFO [2018-11-17 16:29:04] $filename
INFO [2018-11-17 16:29:04] NULL
INFO [2018-11-17 16:29:04] 
INFO [2018-11-17 16:29:04] $main
INFO [2018-11-17 16:29:04] [1] "DE genes between Humans and Rhesus (FDR 1%)"
INFO [2018-11-17 16:29:04] 
INFO [2018-11-17 16:29:04] $cex
INFO [2018-11-17 16:29:04] [1] 1.5
INFO [2018-11-17 16:29:04] 
INFO [2018-11-17 16:29:04] $fill
INFO [2018-11-17 16:29:04] pal[1:4]
INFO [2018-11-17 16:29:04] 
INFO [2018-11-17 16:29:04] $lty
INFO [2018-11-17 16:29:04] [1] 1
INFO [2018-11-17 16:29:04] 
INFO [2018-11-17 16:29:04] $height
INFO [2018-11-17 16:29:04] [1] 2000
INFO [2018-11-17 16:29:04] 
INFO [2018-11-17 16:29:04] $width
INFO [2018-11-17 16:29:04] [1] 3000
INFO [2018-11-17 16:29:04] 
INFO [2018-11-17 16:29:04] [[1]]
INFO [2018-11-17 16:29:04] mylist
INFO [2018-11-17 16:29:04] 
INFO [2018-11-17 16:29:04] $filename
INFO [2018-11-17 16:29:04] NULL
INFO [2018-11-17 16:29:04] 
INFO [2018-11-17 16:29:04] $main
INFO [2018-11-17 16:29:04] [1] "DE genes between Chimps and Rhesus (FDR 1%)"
INFO [2018-11-17 16:29:04] 
INFO [2018-11-17 16:29:04] $cex
INFO [2018-11-17 16:29:04] [1] 1.5
INFO [2018-11-17 16:29:04] 
INFO [2018-11-17 16:29:04] $fill
INFO [2018-11-17 16:29:04] pal[1:4]
INFO [2018-11-17 16:29:04] 
INFO [2018-11-17 16:29:04] $lty
INFO [2018-11-17 16:29:04] [1] 1
INFO [2018-11-17 16:29:04] 
INFO [2018-11-17 16:29:04] $height
INFO [2018-11-17 16:29:04] [1] 2000
INFO [2018-11-17 16:29:04] 
INFO [2018-11-17 16:29:04] $width
INFO [2018-11-17 16:29:04] [1] 3000
INFO [2018-11-17 16:29:04] 
