INFO [2018-06-04 10:38:25] [[1]]
INFO [2018-06-04 10:38:25] mylist
INFO [2018-06-04 10:38:25] 
INFO [2018-06-04 10:38:25] $filename
INFO [2018-06-04 10:38:25] NULL
INFO [2018-06-04 10:38:25] 
INFO [2018-06-04 10:38:25] $main
INFO [2018-06-04 10:38:25] [1] "DE genes between Humans and Chimps (FDR 1%)"
INFO [2018-06-04 10:38:25] 
INFO [2018-06-04 10:38:25] $cex
INFO [2018-06-04 10:38:25] [1] 1.5
INFO [2018-06-04 10:38:25] 
INFO [2018-06-04 10:38:25] $fill
INFO [2018-06-04 10:38:25] pal[1:4]
INFO [2018-06-04 10:38:25] 
INFO [2018-06-04 10:38:25] $lty
INFO [2018-06-04 10:38:25] [1] 1
INFO [2018-06-04 10:38:25] 
INFO [2018-06-04 10:38:25] $height
INFO [2018-06-04 10:38:25] [1] 2000
INFO [2018-06-04 10:38:25] 
INFO [2018-06-04 10:38:25] $width
INFO [2018-06-04 10:38:25] [1] 3000
INFO [2018-06-04 10:38:25] 
INFO [2018-06-04 10:38:25] $fontfamily
INFO [2018-06-04 10:38:25] [1] "sans"
INFO [2018-06-04 10:38:25] 
INFO [2018-06-04 10:38:25] $cat.fontfamily
INFO [2018-06-04 10:38:25] [1] "sans"
INFO [2018-06-04 10:38:25] 
INFO [2018-06-04 10:38:25] $main.fontfamily
INFO [2018-06-04 10:38:25] [1] "sans"
INFO [2018-06-04 10:38:25] 
INFO [2018-06-04 10:38:25] $cat.fontface
INFO [2018-06-04 10:38:25] [1] "bold"
INFO [2018-06-04 10:38:25] 
INFO [2018-06-04 10:38:25] $main.fontface
INFO [2018-06-04 10:38:25] [1] "bold"
INFO [2018-06-04 10:38:25] 
INFO [2018-06-04 10:38:25] $cat.cex
INFO [2018-06-04 10:38:25] [1] 1.2
INFO [2018-06-04 10:38:25] 
INFO [2018-06-04 10:38:25] $main.cex
INFO [2018-06-04 10:38:25] [1] 1.5
INFO [2018-06-04 10:38:25] 
