INFO [2018-04-26 15:05:55] [[1]]
INFO [2018-04-26 15:05:55] mylist
INFO [2018-04-26 15:05:55] 
INFO [2018-04-26 15:05:55] $filename
INFO [2018-04-26 15:05:55] NULL
INFO [2018-04-26 15:05:55] 
INFO [2018-04-26 15:05:55] $fill
INFO [2018-04-26 15:05:55] pal[1:3]
INFO [2018-04-26 15:05:55] 
INFO [2018-04-26 15:05:55] $main.cex
INFO [2018-04-26 15:05:55] [1] 3
INFO [2018-04-26 15:05:55] 
INFO [2018-04-26 15:05:55] $cat.cex
INFO [2018-04-26 15:05:55] [1] 3
INFO [2018-04-26 15:05:55] 
INFO [2018-04-26 15:05:55] $cex
INFO [2018-04-26 15:05:55] [1] 3
INFO [2018-04-26 15:05:55] 
INFO [2018-04-26 15:05:55] $lty
INFO [2018-04-26 15:05:55] [1] 1
INFO [2018-04-26 15:05:55] 
INFO [2018-04-26 15:05:55] $height
INFO [2018-04-26 15:05:55] [1] 2000
INFO [2018-04-26 15:05:55] 
INFO [2018-04-26 15:05:55] $width
INFO [2018-04-26 15:05:55] [1] 2000
INFO [2018-04-26 15:05:55] 
INFO [2018-04-26 15:05:55] $fontfamily
INFO [2018-04-26 15:05:55] [1] "sans"
INFO [2018-04-26 15:05:55] 
INFO [2018-04-26 15:05:55] $cat.fontfamily
INFO [2018-04-26 15:05:55] [1] "sans"
INFO [2018-04-26 15:05:55] 
INFO [2018-04-26 15:05:55] $main.fontfamily
INFO [2018-04-26 15:05:55] [1] "sans"
INFO [2018-04-26 15:05:55] 
INFO [2018-04-26 15:05:55] $cat.fontface
INFO [2018-04-26 15:05:55] [1] "bold"
INFO [2018-04-26 15:05:55] 
INFO [2018-04-26 15:05:55] $main.fontface
INFO [2018-04-26 15:05:55] [1] "bold"
INFO [2018-04-26 15:05:55] 
