INFO [2019-06-24 20:46:02] [[1]]
INFO [2019-06-24 20:46:02] mylist
INFO [2019-06-24 20:46:02] 
INFO [2019-06-24 20:46:02] $filename
INFO [2019-06-24 20:46:02] NULL
INFO [2019-06-24 20:46:02] 
INFO [2019-06-24 20:46:02] $main
INFO [2019-06-24 20:46:02] [1] "Significant interactions in Humans (FDR 1%)"
INFO [2019-06-24 20:46:02] 
INFO [2019-06-24 20:46:02] $cex
INFO [2019-06-24 20:46:02] [1] 1.5
INFO [2019-06-24 20:46:02] 
INFO [2019-06-24 20:46:02] $fill
INFO [2019-06-24 20:46:02] pal[1:3]
INFO [2019-06-24 20:46:02] 
INFO [2019-06-24 20:46:02] $lty
INFO [2019-06-24 20:46:02] [1] 1
INFO [2019-06-24 20:46:02] 
INFO [2019-06-24 20:46:02] $height
INFO [2019-06-24 20:46:02] [1] 2000
INFO [2019-06-24 20:46:02] 
INFO [2019-06-24 20:46:02] $width
INFO [2019-06-24 20:46:02] [1] 3000
INFO [2019-06-24 20:46:02] 
INFO [2019-06-24 20:46:02] [[1]]
INFO [2019-06-24 20:46:02] mylist
INFO [2019-06-24 20:46:02] 
INFO [2019-06-24 20:46:02] $filename
INFO [2019-06-24 20:46:02] NULL
INFO [2019-06-24 20:46:02] 
INFO [2019-06-24 20:46:02] $main
INFO [2019-06-24 20:46:02] [1] "Significant interactions in Rhesus (FDR 1%)"
INFO [2019-06-24 20:46:02] 
INFO [2019-06-24 20:46:02] $cex
INFO [2019-06-24 20:46:02] [1] 1.5
INFO [2019-06-24 20:46:02] 
INFO [2019-06-24 20:46:02] $fill
INFO [2019-06-24 20:46:02] pal[1:3]
INFO [2019-06-24 20:46:02] 
INFO [2019-06-24 20:46:02] $lty
INFO [2019-06-24 20:46:02] [1] 1
INFO [2019-06-24 20:46:02] 
INFO [2019-06-24 20:46:02] $height
INFO [2019-06-24 20:46:02] [1] 2000
INFO [2019-06-24 20:46:02] 
INFO [2019-06-24 20:46:02] $width
INFO [2019-06-24 20:46:02] [1] 3000
INFO [2019-06-24 20:46:02] 
