INFO [2018-04-05 10:17:44] [[1]]
INFO [2018-04-05 10:17:44] mylist
INFO [2018-04-05 10:17:44] 
INFO [2018-04-05 10:17:44] $filename
INFO [2018-04-05 10:17:44] NULL
INFO [2018-04-05 10:17:44] 
INFO [2018-04-05 10:17:44] $filetype
INFO [2018-04-05 10:17:44] [1] "tiff"
INFO [2018-04-05 10:17:44] 
INFO [2018-04-05 10:17:44] $lwd
INFO [2018-04-05 10:17:44] [1] 0.5
INFO [2018-04-05 10:17:44] 
INFO [2018-04-05 10:17:44] $main
INFO [2018-04-05 10:17:44] name_file
INFO [2018-04-05 10:17:44] 
INFO [2018-04-05 10:17:44] $main.cex
INFO [2018-04-05 10:17:44] [1] 3
INFO [2018-04-05 10:17:44] 
INFO [2018-04-05 10:17:44] $cat.cex
INFO [2018-04-05 10:17:44] [1] 2.5
INFO [2018-04-05 10:17:44] 
INFO [2018-04-05 10:17:44] $cex
INFO [2018-04-05 10:17:44] [1] 2.5
INFO [2018-04-05 10:17:44] 
INFO [2018-04-05 10:17:44] $fill
INFO [2018-04-05 10:17:44] pal[1:3]
INFO [2018-04-05 10:17:44] 
INFO [2018-04-05 10:17:44] $lty
INFO [2018-04-05 10:17:44] [1] 1
INFO [2018-04-05 10:17:44] 
INFO [2018-04-05 10:17:44] $height
INFO [2018-04-05 10:17:44] [1] 20000
INFO [2018-04-05 10:17:44] 
INFO [2018-04-05 10:17:44] $width
INFO [2018-04-05 10:17:44] [1] 2e+05
INFO [2018-04-05 10:17:44] 
INFO [2018-04-05 10:17:44] $fontfamily
INFO [2018-04-05 10:17:44] [1] "sans"
INFO [2018-04-05 10:17:44] 
INFO [2018-04-05 10:17:44] $cat.fontfamily
INFO [2018-04-05 10:17:44] [1] "sans"
INFO [2018-04-05 10:17:44] 
INFO [2018-04-05 10:17:44] $main.fontfamily
INFO [2018-04-05 10:17:44] [1] "sans"
INFO [2018-04-05 10:17:44] 
INFO [2018-04-05 10:17:44] $cat.fontface
INFO [2018-04-05 10:17:44] [1] "bold"
INFO [2018-04-05 10:17:44] 
INFO [2018-04-05 10:17:44] $main.fontface
INFO [2018-04-05 10:17:44] [1] "bold"
INFO [2018-04-05 10:17:44] 
INFO [2018-04-05 10:17:44] $cat.dist
INFO [2018-04-05 10:17:44] -0.045
INFO [2018-04-05 10:17:44] 
