INFO [2018-04-26 13:55:59] [[1]]
INFO [2018-04-26 13:55:59] mylist
INFO [2018-04-26 13:55:59] 
INFO [2018-04-26 13:55:59] $filename
INFO [2018-04-26 13:55:59] NULL
INFO [2018-04-26 13:55:59] 
INFO [2018-04-26 13:55:59] $fill
INFO [2018-04-26 13:55:59] pal[1:3]
INFO [2018-04-26 13:55:59] 
INFO [2018-04-26 13:55:59] $main.cex
INFO [2018-04-26 13:55:59] [1] 3
INFO [2018-04-26 13:55:59] 
INFO [2018-04-26 13:55:59] $cat.cex
INFO [2018-04-26 13:55:59] [1] 2.5
INFO [2018-04-26 13:55:59] 
INFO [2018-04-26 13:55:59] $cex
INFO [2018-04-26 13:55:59] [1] 2.5
INFO [2018-04-26 13:55:59] 
INFO [2018-04-26 13:55:59] $lty
INFO [2018-04-26 13:55:59] [1] 1
INFO [2018-04-26 13:55:59] 
INFO [2018-04-26 13:55:59] $height
INFO [2018-04-26 13:55:59] [1] 20000
INFO [2018-04-26 13:55:59] 
INFO [2018-04-26 13:55:59] $width
INFO [2018-04-26 13:55:59] [1] 2e+05
INFO [2018-04-26 13:55:59] 
INFO [2018-04-26 13:55:59] $fontfamily
INFO [2018-04-26 13:55:59] [1] "sans"
INFO [2018-04-26 13:55:59] 
INFO [2018-04-26 13:55:59] $cat.fontfamily
INFO [2018-04-26 13:55:59] [1] "sans"
INFO [2018-04-26 13:55:59] 
INFO [2018-04-26 13:55:59] $main.fontfamily
INFO [2018-04-26 13:55:59] [1] "sans"
INFO [2018-04-26 13:55:59] 
INFO [2018-04-26 13:55:59] $cat.fontface
INFO [2018-04-26 13:55:59] [1] "bold"
INFO [2018-04-26 13:55:59] 
INFO [2018-04-26 13:55:59] $main.fontface
INFO [2018-04-26 13:55:59] [1] "bold"
INFO [2018-04-26 13:55:59] 
