INFO [2018-04-05 08:56:59] [[1]]
INFO [2018-04-05 08:56:59] mylist
INFO [2018-04-05 08:56:59] 
INFO [2018-04-05 08:56:59] $filename
INFO [2018-04-05 08:56:59] NULL
INFO [2018-04-05 08:56:59] 
INFO [2018-04-05 08:56:59] $main
INFO [2018-04-05 08:56:59] [1] "DE genes between Heart and Liver (FDR 1%)"
INFO [2018-04-05 08:56:59] 
INFO [2018-04-05 08:56:59] $cex
INFO [2018-04-05 08:56:59] [1] 1.5
INFO [2018-04-05 08:56:59] 
INFO [2018-04-05 08:56:59] $fill
INFO [2018-04-05 08:56:59] pal[1:3]
INFO [2018-04-05 08:56:59] 
INFO [2018-04-05 08:56:59] $lty
INFO [2018-04-05 08:56:59] [1] 1
INFO [2018-04-05 08:56:59] 
INFO [2018-04-05 08:56:59] $height
INFO [2018-04-05 08:56:59] [1] 2000
INFO [2018-04-05 08:56:59] 
INFO [2018-04-05 08:56:59] $width
INFO [2018-04-05 08:56:59] [1] 3000
INFO [2018-04-05 08:56:59] 
INFO [2018-04-05 08:56:59] [[1]]
INFO [2018-04-05 08:56:59] mylist
INFO [2018-04-05 08:56:59] 
INFO [2018-04-05 08:56:59] $filename
INFO [2018-04-05 08:56:59] NULL
INFO [2018-04-05 08:56:59] 
INFO [2018-04-05 08:56:59] $main
INFO [2018-04-05 08:56:59] [1] "DE genes between Heart and Lung (FDR 1%)"
INFO [2018-04-05 08:56:59] 
INFO [2018-04-05 08:56:59] $cex
INFO [2018-04-05 08:56:59] [1] 1.5
INFO [2018-04-05 08:56:59] 
INFO [2018-04-05 08:56:59] $fill
INFO [2018-04-05 08:56:59] pal[1:3]
INFO [2018-04-05 08:56:59] 
INFO [2018-04-05 08:56:59] $lty
INFO [2018-04-05 08:56:59] [1] 1
INFO [2018-04-05 08:56:59] 
INFO [2018-04-05 08:56:59] $height
INFO [2018-04-05 08:56:59] [1] 2000
INFO [2018-04-05 08:56:59] 
INFO [2018-04-05 08:56:59] $width
INFO [2018-04-05 08:56:59] [1] 3000
INFO [2018-04-05 08:56:59] 
INFO [2018-04-05 08:56:59] [[1]]
INFO [2018-04-05 08:56:59] mylist
INFO [2018-04-05 08:56:59] 
INFO [2018-04-05 08:56:59] $filename
INFO [2018-04-05 08:56:59] NULL
INFO [2018-04-05 08:56:59] 
INFO [2018-04-05 08:56:59] $main
INFO [2018-04-05 08:56:59] [1] "DE genes between Heart and Kidney (FDR 1%)"
INFO [2018-04-05 08:56:59] 
INFO [2018-04-05 08:56:59] $cex
INFO [2018-04-05 08:56:59] [1] 1.5
INFO [2018-04-05 08:56:59] 
INFO [2018-04-05 08:56:59] $fill
INFO [2018-04-05 08:56:59] pal[1:3]
INFO [2018-04-05 08:56:59] 
INFO [2018-04-05 08:56:59] $lty
INFO [2018-04-05 08:56:59] [1] 1
INFO [2018-04-05 08:56:59] 
INFO [2018-04-05 08:56:59] $height
INFO [2018-04-05 08:56:59] [1] 2000
INFO [2018-04-05 08:56:59] 
INFO [2018-04-05 08:56:59] $width
INFO [2018-04-05 08:56:59] [1] 3000
INFO [2018-04-05 08:56:59] 
