INFO [2018-02-23 11:28:59] [[1]]
INFO [2018-02-23 11:28:59] mylist
INFO [2018-02-23 11:28:59] 
INFO [2018-02-23 11:28:59] $filename
INFO [2018-02-23 11:28:59] NULL
INFO [2018-02-23 11:28:59] 
INFO [2018-02-23 11:28:59] $main
INFO [2018-02-23 11:28:59] [1] "DE genes between Chimps and Rhesus (FDR 1%)"
INFO [2018-02-23 11:28:59] 
INFO [2018-02-23 11:28:59] $cex
INFO [2018-02-23 11:28:59] [1] 1.5
INFO [2018-02-23 11:28:59] 
INFO [2018-02-23 11:28:59] $fill
INFO [2018-02-23 11:28:59] pal[1:4]
INFO [2018-02-23 11:28:59] 
INFO [2018-02-23 11:28:59] $lty
INFO [2018-02-23 11:28:59] [1] 1
INFO [2018-02-23 11:28:59] 
INFO [2018-02-23 11:28:59] $height
INFO [2018-02-23 11:28:59] [1] 2000
INFO [2018-02-23 11:28:59] 
INFO [2018-02-23 11:28:59] $width
INFO [2018-02-23 11:28:59] [1] 3000
INFO [2018-02-23 11:28:59] 
