INFO [2018-04-28 12:38:51] [[1]]
INFO [2018-04-28 12:38:51] mylist
INFO [2018-04-28 12:38:51] 
INFO [2018-04-28 12:38:51] $filename
INFO [2018-04-28 12:38:51] NULL
INFO [2018-04-28 12:38:51] 
INFO [2018-04-28 12:38:51] $fill
INFO [2018-04-28 12:38:51] pal[1:3]
INFO [2018-04-28 12:38:51] 
INFO [2018-04-28 12:38:51] $main.cex
INFO [2018-04-28 12:38:51] [1] 3
INFO [2018-04-28 12:38:51] 
INFO [2018-04-28 12:38:51] $cat.cex
INFO [2018-04-28 12:38:51] [1] 3
INFO [2018-04-28 12:38:51] 
INFO [2018-04-28 12:38:51] $cex
INFO [2018-04-28 12:38:51] [1] 3.5
INFO [2018-04-28 12:38:51] 
INFO [2018-04-28 12:38:51] $lty
INFO [2018-04-28 12:38:51] [1] 1
INFO [2018-04-28 12:38:51] 
INFO [2018-04-28 12:38:51] $height
INFO [2018-04-28 12:38:51] [1] 2000
INFO [2018-04-28 12:38:51] 
INFO [2018-04-28 12:38:51] $width
INFO [2018-04-28 12:38:51] [1] 2000
INFO [2018-04-28 12:38:51] 
INFO [2018-04-28 12:38:51] $fontfamily
INFO [2018-04-28 12:38:51] [1] "sans"
INFO [2018-04-28 12:38:51] 
INFO [2018-04-28 12:38:51] $cat.fontfamily
INFO [2018-04-28 12:38:51] [1] "sans"
INFO [2018-04-28 12:38:51] 
INFO [2018-04-28 12:38:51] $main.fontfamily
INFO [2018-04-28 12:38:51] [1] "sans"
INFO [2018-04-28 12:38:51] 
INFO [2018-04-28 12:38:51] $cat.fontface
INFO [2018-04-28 12:38:51] [1] "bold"
INFO [2018-04-28 12:38:51] 
INFO [2018-04-28 12:38:51] $main.fontface
INFO [2018-04-28 12:38:51] [1] "bold"
INFO [2018-04-28 12:38:51] 
INFO [2018-04-28 12:38:51] $cat.dist
INFO [2018-04-28 12:38:51] [1] 0.05
INFO [2018-04-28 12:38:51] 
INFO [2018-04-28 12:38:51] [[1]]
INFO [2018-04-28 12:38:51] mylist
INFO [2018-04-28 12:38:51] 
INFO [2018-04-28 12:38:51] $filename
INFO [2018-04-28 12:38:51] NULL
INFO [2018-04-28 12:38:51] 
INFO [2018-04-28 12:38:51] $fill
INFO [2018-04-28 12:38:51] pal[1:3]
INFO [2018-04-28 12:38:51] 
INFO [2018-04-28 12:38:51] $main.cex
INFO [2018-04-28 12:38:51] [1] 3
INFO [2018-04-28 12:38:51] 
INFO [2018-04-28 12:38:51] $cat.cex
INFO [2018-04-28 12:38:51] [1] 3
INFO [2018-04-28 12:38:51] 
INFO [2018-04-28 12:38:51] $cex
INFO [2018-04-28 12:38:51] [1] 3.5
INFO [2018-04-28 12:38:51] 
INFO [2018-04-28 12:38:51] $lty
INFO [2018-04-28 12:38:51] [1] 1
INFO [2018-04-28 12:38:51] 
INFO [2018-04-28 12:38:51] $height
INFO [2018-04-28 12:38:51] [1] 2000
INFO [2018-04-28 12:38:51] 
INFO [2018-04-28 12:38:51] $width
INFO [2018-04-28 12:38:51] [1] 2000
INFO [2018-04-28 12:38:51] 
INFO [2018-04-28 12:38:51] $fontfamily
INFO [2018-04-28 12:38:51] [1] "sans"
INFO [2018-04-28 12:38:51] 
INFO [2018-04-28 12:38:51] $cat.fontfamily
INFO [2018-04-28 12:38:51] [1] "sans"
INFO [2018-04-28 12:38:51] 
INFO [2018-04-28 12:38:51] $main.fontfamily
INFO [2018-04-28 12:38:51] [1] "sans"
INFO [2018-04-28 12:38:51] 
INFO [2018-04-28 12:38:51] $cat.fontface
INFO [2018-04-28 12:38:51] [1] "bold"
INFO [2018-04-28 12:38:51] 
INFO [2018-04-28 12:38:51] $main.fontface
INFO [2018-04-28 12:38:51] [1] "bold"
INFO [2018-04-28 12:38:51] 
INFO [2018-04-28 12:38:51] $cat.dist
INFO [2018-04-28 12:38:51] [1] 0.05
INFO [2018-04-28 12:38:51] 
