INFO [2019-06-24 18:47:49] [[1]]
INFO [2019-06-24 18:47:49] mylist
INFO [2019-06-24 18:47:49] 
INFO [2019-06-24 18:47:49] $filename
INFO [2019-06-24 18:47:49] NULL
INFO [2019-06-24 18:47:49] 
INFO [2019-06-24 18:47:49] $main
INFO [2019-06-24 18:47:49] [1] "Significant interactions in Humans (FDR 1%)"
INFO [2019-06-24 18:47:49] 
INFO [2019-06-24 18:47:49] $cex
INFO [2019-06-24 18:47:49] [1] 1.5
INFO [2019-06-24 18:47:49] 
INFO [2019-06-24 18:47:49] $fill
INFO [2019-06-24 18:47:49] pal[1:3]
INFO [2019-06-24 18:47:49] 
INFO [2019-06-24 18:47:49] $lty
INFO [2019-06-24 18:47:49] [1] 1
INFO [2019-06-24 18:47:49] 
INFO [2019-06-24 18:47:49] $height
INFO [2019-06-24 18:47:49] [1] 2000
INFO [2019-06-24 18:47:49] 
INFO [2019-06-24 18:47:49] $width
INFO [2019-06-24 18:47:49] [1] 3000
INFO [2019-06-24 18:47:49] 
INFO [2019-06-24 18:47:49] [[1]]
INFO [2019-06-24 18:47:49] mylist
INFO [2019-06-24 18:47:49] 
INFO [2019-06-24 18:47:49] $filename
INFO [2019-06-24 18:47:49] NULL
INFO [2019-06-24 18:47:49] 
INFO [2019-06-24 18:47:49] $main
INFO [2019-06-24 18:47:49] [1] "Significant interactions in Rhesus (FDR 1%)"
INFO [2019-06-24 18:47:49] 
INFO [2019-06-24 18:47:49] $cex
INFO [2019-06-24 18:47:49] [1] 1.5
INFO [2019-06-24 18:47:49] 
INFO [2019-06-24 18:47:49] $fill
INFO [2019-06-24 18:47:49] pal[1:3]
INFO [2019-06-24 18:47:49] 
INFO [2019-06-24 18:47:49] $lty
INFO [2019-06-24 18:47:49] [1] 1
INFO [2019-06-24 18:47:49] 
INFO [2019-06-24 18:47:49] $height
INFO [2019-06-24 18:47:49] [1] 2000
INFO [2019-06-24 18:47:49] 
INFO [2019-06-24 18:47:49] $width
INFO [2019-06-24 18:47:49] [1] 3000
INFO [2019-06-24 18:47:49] 
