INFO [2019-06-24 20:18:42] [[1]]
INFO [2019-06-24 20:18:42] mylist
INFO [2019-06-24 20:18:42] 
INFO [2019-06-24 20:18:42] $filename
INFO [2019-06-24 20:18:42] NULL
INFO [2019-06-24 20:18:42] 
INFO [2019-06-24 20:18:42] $main
INFO [2019-06-24 20:18:42] [1] "Significant interactions in Rhesus (FDR 1%)"
INFO [2019-06-24 20:18:42] 
INFO [2019-06-24 20:18:42] $cex
INFO [2019-06-24 20:18:42] [1] 1.5
INFO [2019-06-24 20:18:42] 
INFO [2019-06-24 20:18:42] $fill
INFO [2019-06-24 20:18:42] pal[1:3]
INFO [2019-06-24 20:18:42] 
INFO [2019-06-24 20:18:42] $lty
INFO [2019-06-24 20:18:42] [1] 1
INFO [2019-06-24 20:18:42] 
INFO [2019-06-24 20:18:42] $height
INFO [2019-06-24 20:18:42] [1] 2000
INFO [2019-06-24 20:18:42] 
INFO [2019-06-24 20:18:42] $width
INFO [2019-06-24 20:18:42] [1] 3000
INFO [2019-06-24 20:18:42] 
