INFO [2018-04-26 16:42:47] [[1]]
INFO [2018-04-26 16:42:47] mylist
INFO [2018-04-26 16:42:47] 
INFO [2018-04-26 16:42:47] $filename
INFO [2018-04-26 16:42:47] NULL
INFO [2018-04-26 16:42:47] 
INFO [2018-04-26 16:42:47] $fill
INFO [2018-04-26 16:42:47] pal[1:3]
INFO [2018-04-26 16:42:47] 
INFO [2018-04-26 16:42:47] $main.cex
INFO [2018-04-26 16:42:47] [1] 3
INFO [2018-04-26 16:42:47] 
INFO [2018-04-26 16:42:47] $cat.cex
INFO [2018-04-26 16:42:47] [1] 3
INFO [2018-04-26 16:42:47] 
INFO [2018-04-26 16:42:47] $cex
INFO [2018-04-26 16:42:47] [1] 3.5
INFO [2018-04-26 16:42:47] 
INFO [2018-04-26 16:42:47] $lty
INFO [2018-04-26 16:42:47] [1] 1
INFO [2018-04-26 16:42:47] 
INFO [2018-04-26 16:42:47] $height
INFO [2018-04-26 16:42:47] [1] 2000
INFO [2018-04-26 16:42:47] 
INFO [2018-04-26 16:42:47] $width
INFO [2018-04-26 16:42:47] [1] 2000
INFO [2018-04-26 16:42:47] 
INFO [2018-04-26 16:42:47] $fontfamily
INFO [2018-04-26 16:42:47] [1] "sans"
INFO [2018-04-26 16:42:47] 
INFO [2018-04-26 16:42:47] $cat.fontfamily
INFO [2018-04-26 16:42:47] [1] "sans"
INFO [2018-04-26 16:42:47] 
INFO [2018-04-26 16:42:47] $main.fontfamily
INFO [2018-04-26 16:42:47] [1] "sans"
INFO [2018-04-26 16:42:47] 
INFO [2018-04-26 16:42:47] $cat.fontface
INFO [2018-04-26 16:42:47] [1] "bold"
INFO [2018-04-26 16:42:47] 
INFO [2018-04-26 16:42:47] $main.fontface
INFO [2018-04-26 16:42:47] [1] "bold"
INFO [2018-04-26 16:42:47] 
INFO [2018-04-26 16:42:47] $cat.dist
INFO [2018-04-26 16:42:47] [1] 0.05
INFO [2018-04-26 16:42:47] 
INFO [2018-04-26 16:42:47] [[1]]
INFO [2018-04-26 16:42:47] mylist
INFO [2018-04-26 16:42:47] 
INFO [2018-04-26 16:42:47] $filename
INFO [2018-04-26 16:42:47] NULL
INFO [2018-04-26 16:42:47] 
INFO [2018-04-26 16:42:47] $fill
INFO [2018-04-26 16:42:47] pal[1:3]
INFO [2018-04-26 16:42:47] 
INFO [2018-04-26 16:42:47] $main.cex
INFO [2018-04-26 16:42:47] [1] 3
INFO [2018-04-26 16:42:47] 
INFO [2018-04-26 16:42:47] $cat.cex
INFO [2018-04-26 16:42:47] [1] 3
INFO [2018-04-26 16:42:47] 
INFO [2018-04-26 16:42:47] $cex
INFO [2018-04-26 16:42:47] [1] 3.5
INFO [2018-04-26 16:42:47] 
INFO [2018-04-26 16:42:47] $lty
INFO [2018-04-26 16:42:47] [1] 1
INFO [2018-04-26 16:42:47] 
INFO [2018-04-26 16:42:47] $height
INFO [2018-04-26 16:42:47] [1] 2000
INFO [2018-04-26 16:42:47] 
INFO [2018-04-26 16:42:47] $width
INFO [2018-04-26 16:42:47] [1] 2000
INFO [2018-04-26 16:42:47] 
INFO [2018-04-26 16:42:47] $fontfamily
INFO [2018-04-26 16:42:47] [1] "sans"
INFO [2018-04-26 16:42:47] 
INFO [2018-04-26 16:42:47] $cat.fontfamily
INFO [2018-04-26 16:42:47] [1] "sans"
INFO [2018-04-26 16:42:47] 
INFO [2018-04-26 16:42:47] $main.fontfamily
INFO [2018-04-26 16:42:47] [1] "sans"
INFO [2018-04-26 16:42:47] 
INFO [2018-04-26 16:42:47] $cat.fontface
INFO [2018-04-26 16:42:47] [1] "bold"
INFO [2018-04-26 16:42:47] 
INFO [2018-04-26 16:42:47] $main.fontface
INFO [2018-04-26 16:42:47] [1] "bold"
INFO [2018-04-26 16:42:47] 
INFO [2018-04-26 16:42:47] $cat.dist
INFO [2018-04-26 16:42:47] [1] 0.05
INFO [2018-04-26 16:42:47] 
INFO [2018-04-26 16:42:47] [[1]]
INFO [2018-04-26 16:42:47] mylist
INFO [2018-04-26 16:42:47] 
INFO [2018-04-26 16:42:47] $filename
INFO [2018-04-26 16:42:47] NULL
INFO [2018-04-26 16:42:47] 
INFO [2018-04-26 16:42:47] $fill
INFO [2018-04-26 16:42:47] pal[1:3]
INFO [2018-04-26 16:42:47] 
INFO [2018-04-26 16:42:47] $main.cex
INFO [2018-04-26 16:42:47] [1] 3
INFO [2018-04-26 16:42:47] 
INFO [2018-04-26 16:42:47] $cat.cex
INFO [2018-04-26 16:42:47] [1] 3
INFO [2018-04-26 16:42:47] 
INFO [2018-04-26 16:42:47] $cex
INFO [2018-04-26 16:42:47] [1] 3.5
INFO [2018-04-26 16:42:47] 
INFO [2018-04-26 16:42:47] $lty
INFO [2018-04-26 16:42:47] [1] 1
INFO [2018-04-26 16:42:47] 
INFO [2018-04-26 16:42:47] $height
INFO [2018-04-26 16:42:47] [1] 2000
INFO [2018-04-26 16:42:47] 
INFO [2018-04-26 16:42:47] $width
INFO [2018-04-26 16:42:47] [1] 2000
INFO [2018-04-26 16:42:47] 
INFO [2018-04-26 16:42:47] $fontfamily
INFO [2018-04-26 16:42:47] [1] "sans"
INFO [2018-04-26 16:42:47] 
INFO [2018-04-26 16:42:47] $cat.fontfamily
INFO [2018-04-26 16:42:47] [1] "sans"
INFO [2018-04-26 16:42:47] 
INFO [2018-04-26 16:42:47] $main.fontfamily
INFO [2018-04-26 16:42:47] [1] "sans"
INFO [2018-04-26 16:42:47] 
INFO [2018-04-26 16:42:47] $cat.fontface
INFO [2018-04-26 16:42:47] [1] "bold"
INFO [2018-04-26 16:42:47] 
INFO [2018-04-26 16:42:47] $main.fontface
INFO [2018-04-26 16:42:47] [1] "bold"
INFO [2018-04-26 16:42:47] 
INFO [2018-04-26 16:42:47] $cat.dist
INFO [2018-04-26 16:42:47] [1] 0.05
INFO [2018-04-26 16:42:47] 
INFO [2018-04-26 16:42:47] [[1]]
INFO [2018-04-26 16:42:47] mylist
INFO [2018-04-26 16:42:47] 
INFO [2018-04-26 16:42:47] $filename
INFO [2018-04-26 16:42:47] NULL
INFO [2018-04-26 16:42:47] 
INFO [2018-04-26 16:42:47] $fill
INFO [2018-04-26 16:42:47] pal[1:3]
INFO [2018-04-26 16:42:47] 
INFO [2018-04-26 16:42:47] $main.cex
INFO [2018-04-26 16:42:47] [1] 3
INFO [2018-04-26 16:42:47] 
INFO [2018-04-26 16:42:47] $cat.cex
INFO [2018-04-26 16:42:47] [1] 3
INFO [2018-04-26 16:42:47] 
INFO [2018-04-26 16:42:47] $cex
INFO [2018-04-26 16:42:47] [1] 3.5
INFO [2018-04-26 16:42:47] 
INFO [2018-04-26 16:42:47] $lty
INFO [2018-04-26 16:42:47] [1] 1
INFO [2018-04-26 16:42:47] 
INFO [2018-04-26 16:42:47] $height
INFO [2018-04-26 16:42:47] [1] 2000
INFO [2018-04-26 16:42:47] 
INFO [2018-04-26 16:42:47] $width
INFO [2018-04-26 16:42:47] [1] 2000
INFO [2018-04-26 16:42:47] 
INFO [2018-04-26 16:42:47] $fontfamily
INFO [2018-04-26 16:42:47] [1] "sans"
INFO [2018-04-26 16:42:47] 
INFO [2018-04-26 16:42:47] $cat.fontfamily
INFO [2018-04-26 16:42:47] [1] "sans"
INFO [2018-04-26 16:42:47] 
INFO [2018-04-26 16:42:47] $main.fontfamily
INFO [2018-04-26 16:42:47] [1] "sans"
INFO [2018-04-26 16:42:47] 
INFO [2018-04-26 16:42:47] $cat.fontface
INFO [2018-04-26 16:42:47] [1] "bold"
INFO [2018-04-26 16:42:47] 
INFO [2018-04-26 16:42:47] $main.fontface
INFO [2018-04-26 16:42:47] [1] "bold"
INFO [2018-04-26 16:42:47] 
INFO [2018-04-26 16:42:47] $cat.dist
INFO [2018-04-26 16:42:47] [1] 0.05
INFO [2018-04-26 16:42:47] 
INFO [2018-04-26 16:42:47] [[1]]
INFO [2018-04-26 16:42:47] mylist
INFO [2018-04-26 16:42:47] 
INFO [2018-04-26 16:42:47] $filename
INFO [2018-04-26 16:42:47] NULL
INFO [2018-04-26 16:42:47] 
INFO [2018-04-26 16:42:47] $fill
INFO [2018-04-26 16:42:47] pal[1:3]
INFO [2018-04-26 16:42:47] 
INFO [2018-04-26 16:42:47] $main.cex
INFO [2018-04-26 16:42:47] [1] 3
INFO [2018-04-26 16:42:47] 
INFO [2018-04-26 16:42:47] $cat.cex
INFO [2018-04-26 16:42:47] [1] 3
INFO [2018-04-26 16:42:47] 
INFO [2018-04-26 16:42:47] $cex
INFO [2018-04-26 16:42:47] [1] 3.5
INFO [2018-04-26 16:42:47] 
INFO [2018-04-26 16:42:47] $lty
INFO [2018-04-26 16:42:47] [1] 1
INFO [2018-04-26 16:42:47] 
INFO [2018-04-26 16:42:47] $height
INFO [2018-04-26 16:42:47] [1] 2000
INFO [2018-04-26 16:42:47] 
INFO [2018-04-26 16:42:47] $width
INFO [2018-04-26 16:42:47] [1] 2000
INFO [2018-04-26 16:42:47] 
INFO [2018-04-26 16:42:47] $fontfamily
INFO [2018-04-26 16:42:47] [1] "sans"
INFO [2018-04-26 16:42:47] 
INFO [2018-04-26 16:42:47] $cat.fontfamily
INFO [2018-04-26 16:42:47] [1] "sans"
INFO [2018-04-26 16:42:47] 
INFO [2018-04-26 16:42:47] $main.fontfamily
INFO [2018-04-26 16:42:47] [1] "sans"
INFO [2018-04-26 16:42:47] 
INFO [2018-04-26 16:42:47] $cat.fontface
INFO [2018-04-26 16:42:47] [1] "bold"
INFO [2018-04-26 16:42:47] 
INFO [2018-04-26 16:42:47] $main.fontface
INFO [2018-04-26 16:42:47] [1] "bold"
INFO [2018-04-26 16:42:47] 
INFO [2018-04-26 16:42:47] $cat.dist
INFO [2018-04-26 16:42:47] [1] 0.05
INFO [2018-04-26 16:42:47] 
INFO [2018-04-26 16:42:47] [[1]]
INFO [2018-04-26 16:42:47] mylist
INFO [2018-04-26 16:42:47] 
INFO [2018-04-26 16:42:47] $filename
INFO [2018-04-26 16:42:47] NULL
INFO [2018-04-26 16:42:47] 
INFO [2018-04-26 16:42:47] $fill
INFO [2018-04-26 16:42:47] pal[1:3]
INFO [2018-04-26 16:42:47] 
INFO [2018-04-26 16:42:47] $main.cex
INFO [2018-04-26 16:42:47] [1] 3
INFO [2018-04-26 16:42:47] 
INFO [2018-04-26 16:42:47] $cat.cex
INFO [2018-04-26 16:42:47] [1] 3
INFO [2018-04-26 16:42:47] 
INFO [2018-04-26 16:42:47] $cex
INFO [2018-04-26 16:42:47] [1] 3.5
INFO [2018-04-26 16:42:47] 
INFO [2018-04-26 16:42:47] $lty
INFO [2018-04-26 16:42:47] [1] 1
INFO [2018-04-26 16:42:47] 
INFO [2018-04-26 16:42:47] $height
INFO [2018-04-26 16:42:47] [1] 2000
INFO [2018-04-26 16:42:47] 
INFO [2018-04-26 16:42:47] $width
INFO [2018-04-26 16:42:47] [1] 2000
INFO [2018-04-26 16:42:47] 
INFO [2018-04-26 16:42:47] $fontfamily
INFO [2018-04-26 16:42:47] [1] "sans"
INFO [2018-04-26 16:42:47] 
INFO [2018-04-26 16:42:47] $cat.fontfamily
INFO [2018-04-26 16:42:47] [1] "sans"
INFO [2018-04-26 16:42:47] 
INFO [2018-04-26 16:42:47] $main.fontfamily
INFO [2018-04-26 16:42:47] [1] "sans"
INFO [2018-04-26 16:42:47] 
INFO [2018-04-26 16:42:47] $cat.fontface
INFO [2018-04-26 16:42:47] [1] "bold"
INFO [2018-04-26 16:42:47] 
INFO [2018-04-26 16:42:47] $main.fontface
INFO [2018-04-26 16:42:47] [1] "bold"
INFO [2018-04-26 16:42:47] 
INFO [2018-04-26 16:42:47] $cat.dist
INFO [2018-04-26 16:42:47] [1] 0.05
INFO [2018-04-26 16:42:47] 
INFO [2018-04-26 16:42:47] [[1]]
INFO [2018-04-26 16:42:47] mylist
INFO [2018-04-26 16:42:47] 
INFO [2018-04-26 16:42:47] $filename
INFO [2018-04-26 16:42:47] NULL
INFO [2018-04-26 16:42:47] 
INFO [2018-04-26 16:42:47] $fill
INFO [2018-04-26 16:42:47] pal[1:3]
INFO [2018-04-26 16:42:47] 
INFO [2018-04-26 16:42:47] $main.cex
INFO [2018-04-26 16:42:47] [1] 3
INFO [2018-04-26 16:42:47] 
INFO [2018-04-26 16:42:47] $cat.cex
INFO [2018-04-26 16:42:47] [1] 3
INFO [2018-04-26 16:42:47] 
INFO [2018-04-26 16:42:47] $cex
INFO [2018-04-26 16:42:47] [1] 3.5
INFO [2018-04-26 16:42:47] 
INFO [2018-04-26 16:42:47] $lty
INFO [2018-04-26 16:42:47] [1] 1
INFO [2018-04-26 16:42:47] 
INFO [2018-04-26 16:42:47] $height
INFO [2018-04-26 16:42:47] [1] 2000
INFO [2018-04-26 16:42:47] 
INFO [2018-04-26 16:42:47] $width
INFO [2018-04-26 16:42:47] [1] 2000
INFO [2018-04-26 16:42:47] 
INFO [2018-04-26 16:42:47] $fontfamily
INFO [2018-04-26 16:42:47] [1] "sans"
INFO [2018-04-26 16:42:47] 
INFO [2018-04-26 16:42:47] $cat.fontfamily
INFO [2018-04-26 16:42:47] [1] "sans"
INFO [2018-04-26 16:42:47] 
INFO [2018-04-26 16:42:47] $main.fontfamily
INFO [2018-04-26 16:42:47] [1] "sans"
INFO [2018-04-26 16:42:47] 
INFO [2018-04-26 16:42:47] $cat.fontface
INFO [2018-04-26 16:42:47] [1] "bold"
INFO [2018-04-26 16:42:47] 
INFO [2018-04-26 16:42:47] $main.fontface
INFO [2018-04-26 16:42:47] [1] "bold"
INFO [2018-04-26 16:42:47] 
INFO [2018-04-26 16:42:47] $cat.dist
INFO [2018-04-26 16:42:47] [1] 0.05
INFO [2018-04-26 16:42:47] 
INFO [2018-04-26 16:42:47] [[1]]
INFO [2018-04-26 16:42:47] mylist
INFO [2018-04-26 16:42:47] 
INFO [2018-04-26 16:42:47] $filename
INFO [2018-04-26 16:42:47] NULL
INFO [2018-04-26 16:42:47] 
INFO [2018-04-26 16:42:47] $fill
INFO [2018-04-26 16:42:47] pal[1:3]
INFO [2018-04-26 16:42:47] 
INFO [2018-04-26 16:42:47] $main.cex
INFO [2018-04-26 16:42:47] [1] 3
INFO [2018-04-26 16:42:47] 
INFO [2018-04-26 16:42:47] $cat.cex
INFO [2018-04-26 16:42:47] [1] 3
INFO [2018-04-26 16:42:47] 
INFO [2018-04-26 16:42:47] $cex
INFO [2018-04-26 16:42:47] [1] 3.5
INFO [2018-04-26 16:42:47] 
INFO [2018-04-26 16:42:47] $lty
INFO [2018-04-26 16:42:47] [1] 1
INFO [2018-04-26 16:42:47] 
INFO [2018-04-26 16:42:47] $height
INFO [2018-04-26 16:42:47] [1] 2000
INFO [2018-04-26 16:42:47] 
INFO [2018-04-26 16:42:47] $width
INFO [2018-04-26 16:42:47] [1] 2000
INFO [2018-04-26 16:42:47] 
INFO [2018-04-26 16:42:47] $fontfamily
INFO [2018-04-26 16:42:47] [1] "sans"
INFO [2018-04-26 16:42:47] 
INFO [2018-04-26 16:42:47] $cat.fontfamily
INFO [2018-04-26 16:42:47] [1] "sans"
INFO [2018-04-26 16:42:47] 
INFO [2018-04-26 16:42:47] $main.fontfamily
INFO [2018-04-26 16:42:47] [1] "sans"
INFO [2018-04-26 16:42:47] 
INFO [2018-04-26 16:42:47] $cat.fontface
INFO [2018-04-26 16:42:47] [1] "bold"
INFO [2018-04-26 16:42:47] 
INFO [2018-04-26 16:42:47] $main.fontface
INFO [2018-04-26 16:42:47] [1] "bold"
INFO [2018-04-26 16:42:47] 
INFO [2018-04-26 16:42:47] $cat.dist
INFO [2018-04-26 16:42:47] [1] 0.05
INFO [2018-04-26 16:42:47] 
