INFO [2018-02-23 17:17:14] [[1]]
INFO [2018-02-23 17:17:14] mylist
INFO [2018-02-23 17:17:14] 
INFO [2018-02-23 17:17:14] $filename
INFO [2018-02-23 17:17:14] NULL
INFO [2018-02-23 17:17:14] 
INFO [2018-02-23 17:17:14] $main
INFO [2018-02-23 17:17:14] [1] "Upregulated heart specific (FSR 1%)"
INFO [2018-02-23 17:17:14] 
INFO [2018-02-23 17:17:14] $main.cex
INFO [2018-02-23 17:17:14] [1] 2
INFO [2018-02-23 17:17:14] 
INFO [2018-02-23 17:17:14] $cat.cex
INFO [2018-02-23 17:17:14] [1] 1.5
INFO [2018-02-23 17:17:14] 
INFO [2018-02-23 17:17:14] $cex
INFO [2018-02-23 17:17:14] [1] 2.5
INFO [2018-02-23 17:17:14] 
INFO [2018-02-23 17:17:14] $fill
INFO [2018-02-23 17:17:14] pal[1:3]
INFO [2018-02-23 17:17:14] 
INFO [2018-02-23 17:17:14] $lty
INFO [2018-02-23 17:17:14] [1] 1
INFO [2018-02-23 17:17:14] 
INFO [2018-02-23 17:17:14] $height
INFO [2018-02-23 17:17:14] [1] 2000
INFO [2018-02-23 17:17:14] 
INFO [2018-02-23 17:17:14] $width
INFO [2018-02-23 17:17:14] [1] 3000
INFO [2018-02-23 17:17:14] 
