INFO [2018-05-08 16:36:07] [[1]]
INFO [2018-05-08 16:36:07] mylist
INFO [2018-05-08 16:36:07] 
INFO [2018-05-08 16:36:07] $filename
INFO [2018-05-08 16:36:07] NULL
INFO [2018-05-08 16:36:07] 
INFO [2018-05-08 16:36:07] $fill
INFO [2018-05-08 16:36:07] pal[1:4]
INFO [2018-05-08 16:36:07] 
INFO [2018-05-08 16:36:07] $main.cex
INFO [2018-05-08 16:36:07] [1] 3
INFO [2018-05-08 16:36:07] 
INFO [2018-05-08 16:36:07] $cat.cex
INFO [2018-05-08 16:36:07] [1] 2.7
INFO [2018-05-08 16:36:07] 
INFO [2018-05-08 16:36:07] $cex
INFO [2018-05-08 16:36:07] [1] 2.7
INFO [2018-05-08 16:36:07] 
INFO [2018-05-08 16:36:07] $lty
INFO [2018-05-08 16:36:07] [1] 1
INFO [2018-05-08 16:36:07] 
INFO [2018-05-08 16:36:07] $height
INFO [2018-05-08 16:36:07] [1] 2000
INFO [2018-05-08 16:36:07] 
INFO [2018-05-08 16:36:07] $width
INFO [2018-05-08 16:36:07] [1] 2000
INFO [2018-05-08 16:36:07] 
INFO [2018-05-08 16:36:07] $fontfamily
INFO [2018-05-08 16:36:07] [1] "sans"
INFO [2018-05-08 16:36:07] 
INFO [2018-05-08 16:36:07] $cat.fontfamily
INFO [2018-05-08 16:36:07] [1] "sans"
INFO [2018-05-08 16:36:07] 
INFO [2018-05-08 16:36:07] $main.fontfamily
INFO [2018-05-08 16:36:07] [1] "sans"
INFO [2018-05-08 16:36:07] 
INFO [2018-05-08 16:36:07] $cat.fontface
INFO [2018-05-08 16:36:07] [1] "bold"
INFO [2018-05-08 16:36:07] 
INFO [2018-05-08 16:36:07] $main.fontface
INFO [2018-05-08 16:36:07] [1] "bold"
INFO [2018-05-08 16:36:07] 
