INFO [2019-06-24 20:10:11] [[1]]
INFO [2019-06-24 20:10:11] mylist
INFO [2019-06-24 20:10:11] 
INFO [2019-06-24 20:10:11] $filename
INFO [2019-06-24 20:10:11] NULL
INFO [2019-06-24 20:10:11] 
INFO [2019-06-24 20:10:11] $main
INFO [2019-06-24 20:10:11] [1] "Significant interactions in Rhesus (FDR 1%)"
INFO [2019-06-24 20:10:11] 
INFO [2019-06-24 20:10:11] $cex
INFO [2019-06-24 20:10:11] [1] 1.5
INFO [2019-06-24 20:10:11] 
INFO [2019-06-24 20:10:11] $fill
INFO [2019-06-24 20:10:11] pal[1:3]
INFO [2019-06-24 20:10:11] 
INFO [2019-06-24 20:10:11] $lty
INFO [2019-06-24 20:10:11] [1] 1
INFO [2019-06-24 20:10:11] 
INFO [2019-06-24 20:10:11] $height
INFO [2019-06-24 20:10:11] [1] 2000
INFO [2019-06-24 20:10:11] 
INFO [2019-06-24 20:10:11] $width
INFO [2019-06-24 20:10:11] [1] 3000
INFO [2019-06-24 20:10:11] 
