INFO [2018-04-26 13:53:15] [[1]]
INFO [2018-04-26 13:53:15] mylist
INFO [2018-04-26 13:53:15] 
INFO [2018-04-26 13:53:15] $filename
INFO [2018-04-26 13:53:15] NULL
INFO [2018-04-26 13:53:15] 
INFO [2018-04-26 13:53:15] $main.cex
INFO [2018-04-26 13:53:15] [1] 3
INFO [2018-04-26 13:53:15] 
INFO [2018-04-26 13:53:15] $cat.cex
INFO [2018-04-26 13:53:15] [1] 2.5
INFO [2018-04-26 13:53:15] 
INFO [2018-04-26 13:53:15] $cex
INFO [2018-04-26 13:53:15] [1] 2.5
INFO [2018-04-26 13:53:15] 
INFO [2018-04-26 13:53:15] $fill
INFO [2018-04-26 13:53:15] NULL
INFO [2018-04-26 13:53:15] 
INFO [2018-04-26 13:53:15] $lty
INFO [2018-04-26 13:53:15] [1] 1
INFO [2018-04-26 13:53:15] 
INFO [2018-04-26 13:53:15] $height
INFO [2018-04-26 13:53:15] [1] 20000
INFO [2018-04-26 13:53:15] 
INFO [2018-04-26 13:53:15] $width
INFO [2018-04-26 13:53:15] [1] 2e+05
INFO [2018-04-26 13:53:15] 
INFO [2018-04-26 13:53:15] $fontfamily
INFO [2018-04-26 13:53:15] [1] "sans"
INFO [2018-04-26 13:53:15] 
INFO [2018-04-26 13:53:15] $cat.fontfamily
INFO [2018-04-26 13:53:15] [1] "sans"
INFO [2018-04-26 13:53:15] 
INFO [2018-04-26 13:53:15] $main.fontfamily
INFO [2018-04-26 13:53:15] [1] "sans"
INFO [2018-04-26 13:53:15] 
INFO [2018-04-26 13:53:15] $cat.fontface
INFO [2018-04-26 13:53:15] [1] "bold"
INFO [2018-04-26 13:53:15] 
INFO [2018-04-26 13:53:15] $main.fontface
INFO [2018-04-26 13:53:15] [1] "bold"
INFO [2018-04-26 13:53:15] 
INFO [2018-04-26 13:53:15] $cat.dist
INFO [2018-04-26 13:53:15] -0.045
INFO [2018-04-26 13:53:15] 
