INFO [2018-05-01 20:25:20] [[1]]
INFO [2018-05-01 20:25:20] mylist
INFO [2018-05-01 20:25:20] 
INFO [2018-05-01 20:25:20] $filename
INFO [2018-05-01 20:25:20] NULL
INFO [2018-05-01 20:25:20] 
INFO [2018-05-01 20:25:20] $fill
INFO [2018-05-01 20:25:20] pal[1:3]
INFO [2018-05-01 20:25:20] 
INFO [2018-05-01 20:25:20] $main.cex
INFO [2018-05-01 20:25:20] [1] 3
INFO [2018-05-01 20:25:20] 
INFO [2018-05-01 20:25:20] $cat.cex
INFO [2018-05-01 20:25:20] [1] 3
INFO [2018-05-01 20:25:20] 
INFO [2018-05-01 20:25:20] $cex
INFO [2018-05-01 20:25:20] [1] 3.5
INFO [2018-05-01 20:25:20] 
INFO [2018-05-01 20:25:20] $lty
INFO [2018-05-01 20:25:20] [1] 1
INFO [2018-05-01 20:25:20] 
INFO [2018-05-01 20:25:20] $height
INFO [2018-05-01 20:25:20] [1] 2000
INFO [2018-05-01 20:25:20] 
INFO [2018-05-01 20:25:20] $width
INFO [2018-05-01 20:25:20] [1] 2000
INFO [2018-05-01 20:25:20] 
INFO [2018-05-01 20:25:20] $fontfamily
INFO [2018-05-01 20:25:20] [1] "sans"
INFO [2018-05-01 20:25:20] 
INFO [2018-05-01 20:25:20] $cat.fontfamily
INFO [2018-05-01 20:25:20] [1] "sans"
INFO [2018-05-01 20:25:20] 
INFO [2018-05-01 20:25:20] $main.fontfamily
INFO [2018-05-01 20:25:20] [1] "sans"
INFO [2018-05-01 20:25:20] 
INFO [2018-05-01 20:25:20] $cat.fontface
INFO [2018-05-01 20:25:20] [1] "bold"
INFO [2018-05-01 20:25:20] 
INFO [2018-05-01 20:25:20] $main.fontface
INFO [2018-05-01 20:25:20] [1] "bold"
INFO [2018-05-01 20:25:20] 
INFO [2018-05-01 20:25:20] $cat.dist
INFO [2018-05-01 20:25:20] [1] 0.05
INFO [2018-05-01 20:25:20] 
INFO [2018-05-01 20:25:20] [[1]]
INFO [2018-05-01 20:25:20] mylist
INFO [2018-05-01 20:25:20] 
INFO [2018-05-01 20:25:20] $filename
INFO [2018-05-01 20:25:20] NULL
INFO [2018-05-01 20:25:20] 
INFO [2018-05-01 20:25:20] $fill
INFO [2018-05-01 20:25:20] pal[1:3]
INFO [2018-05-01 20:25:20] 
INFO [2018-05-01 20:25:20] $main.cex
INFO [2018-05-01 20:25:20] [1] 3
INFO [2018-05-01 20:25:20] 
INFO [2018-05-01 20:25:20] $cat.cex
INFO [2018-05-01 20:25:20] [1] 3
INFO [2018-05-01 20:25:20] 
INFO [2018-05-01 20:25:20] $cex
INFO [2018-05-01 20:25:20] [1] 3.5
INFO [2018-05-01 20:25:20] 
INFO [2018-05-01 20:25:20] $lty
INFO [2018-05-01 20:25:20] [1] 1
INFO [2018-05-01 20:25:20] 
INFO [2018-05-01 20:25:20] $height
INFO [2018-05-01 20:25:20] [1] 2000
INFO [2018-05-01 20:25:20] 
INFO [2018-05-01 20:25:20] $width
INFO [2018-05-01 20:25:20] [1] 2000
INFO [2018-05-01 20:25:20] 
INFO [2018-05-01 20:25:20] $fontfamily
INFO [2018-05-01 20:25:20] [1] "sans"
INFO [2018-05-01 20:25:20] 
INFO [2018-05-01 20:25:20] $cat.fontfamily
INFO [2018-05-01 20:25:20] [1] "sans"
INFO [2018-05-01 20:25:20] 
INFO [2018-05-01 20:25:20] $main.fontfamily
INFO [2018-05-01 20:25:20] [1] "sans"
INFO [2018-05-01 20:25:20] 
INFO [2018-05-01 20:25:20] $cat.fontface
INFO [2018-05-01 20:25:20] [1] "bold"
INFO [2018-05-01 20:25:20] 
INFO [2018-05-01 20:25:20] $main.fontface
INFO [2018-05-01 20:25:20] [1] "bold"
INFO [2018-05-01 20:25:20] 
INFO [2018-05-01 20:25:20] $cat.dist
INFO [2018-05-01 20:25:20] [1] 0.05
INFO [2018-05-01 20:25:20] 
INFO [2018-05-01 20:25:20] [[1]]
INFO [2018-05-01 20:25:20] mylist
INFO [2018-05-01 20:25:20] 
INFO [2018-05-01 20:25:20] $filename
INFO [2018-05-01 20:25:20] NULL
INFO [2018-05-01 20:25:20] 
INFO [2018-05-01 20:25:20] $fill
INFO [2018-05-01 20:25:20] pal[1:3]
INFO [2018-05-01 20:25:20] 
INFO [2018-05-01 20:25:20] $main.cex
INFO [2018-05-01 20:25:20] [1] 3
INFO [2018-05-01 20:25:20] 
INFO [2018-05-01 20:25:20] $cat.cex
INFO [2018-05-01 20:25:20] [1] 3
INFO [2018-05-01 20:25:20] 
INFO [2018-05-01 20:25:20] $cex
INFO [2018-05-01 20:25:20] [1] 3.5
INFO [2018-05-01 20:25:20] 
INFO [2018-05-01 20:25:20] $lty
INFO [2018-05-01 20:25:20] [1] 1
INFO [2018-05-01 20:25:20] 
INFO [2018-05-01 20:25:20] $height
INFO [2018-05-01 20:25:20] [1] 2000
INFO [2018-05-01 20:25:20] 
INFO [2018-05-01 20:25:20] $width
INFO [2018-05-01 20:25:20] [1] 2000
INFO [2018-05-01 20:25:20] 
INFO [2018-05-01 20:25:20] $fontfamily
INFO [2018-05-01 20:25:20] [1] "sans"
INFO [2018-05-01 20:25:20] 
INFO [2018-05-01 20:25:20] $cat.fontfamily
INFO [2018-05-01 20:25:20] [1] "sans"
INFO [2018-05-01 20:25:20] 
INFO [2018-05-01 20:25:20] $main.fontfamily
INFO [2018-05-01 20:25:20] [1] "sans"
INFO [2018-05-01 20:25:20] 
INFO [2018-05-01 20:25:20] $cat.fontface
INFO [2018-05-01 20:25:20] [1] "bold"
INFO [2018-05-01 20:25:20] 
INFO [2018-05-01 20:25:20] $main.fontface
INFO [2018-05-01 20:25:20] [1] "bold"
INFO [2018-05-01 20:25:20] 
INFO [2018-05-01 20:25:20] $cat.dist
INFO [2018-05-01 20:25:20] [1] 0.05
INFO [2018-05-01 20:25:20] 
INFO [2018-05-01 20:25:20] [[1]]
INFO [2018-05-01 20:25:20] mylist
INFO [2018-05-01 20:25:20] 
INFO [2018-05-01 20:25:20] $filename
INFO [2018-05-01 20:25:20] NULL
INFO [2018-05-01 20:25:20] 
INFO [2018-05-01 20:25:20] $fill
INFO [2018-05-01 20:25:20] pal[1:3]
INFO [2018-05-01 20:25:20] 
INFO [2018-05-01 20:25:20] $main.cex
INFO [2018-05-01 20:25:20] [1] 3
INFO [2018-05-01 20:25:20] 
INFO [2018-05-01 20:25:20] $cat.cex
INFO [2018-05-01 20:25:20] [1] 3
INFO [2018-05-01 20:25:20] 
INFO [2018-05-01 20:25:20] $cex
INFO [2018-05-01 20:25:20] [1] 3.5
INFO [2018-05-01 20:25:20] 
INFO [2018-05-01 20:25:20] $lty
INFO [2018-05-01 20:25:20] [1] 1
INFO [2018-05-01 20:25:20] 
INFO [2018-05-01 20:25:20] $height
INFO [2018-05-01 20:25:20] [1] 2000
INFO [2018-05-01 20:25:20] 
INFO [2018-05-01 20:25:20] $width
INFO [2018-05-01 20:25:20] [1] 2000
INFO [2018-05-01 20:25:20] 
INFO [2018-05-01 20:25:20] $fontfamily
INFO [2018-05-01 20:25:20] [1] "sans"
INFO [2018-05-01 20:25:20] 
INFO [2018-05-01 20:25:20] $cat.fontfamily
INFO [2018-05-01 20:25:20] [1] "sans"
INFO [2018-05-01 20:25:20] 
INFO [2018-05-01 20:25:20] $main.fontfamily
INFO [2018-05-01 20:25:20] [1] "sans"
INFO [2018-05-01 20:25:20] 
INFO [2018-05-01 20:25:20] $cat.fontface
INFO [2018-05-01 20:25:20] [1] "bold"
INFO [2018-05-01 20:25:20] 
INFO [2018-05-01 20:25:20] $main.fontface
INFO [2018-05-01 20:25:20] [1] "bold"
INFO [2018-05-01 20:25:20] 
INFO [2018-05-01 20:25:20] $cat.dist
INFO [2018-05-01 20:25:20] [1] 0.05
INFO [2018-05-01 20:25:20] 
INFO [2018-05-01 20:25:20] [[1]]
INFO [2018-05-01 20:25:20] mylist
INFO [2018-05-01 20:25:20] 
INFO [2018-05-01 20:25:20] $filename
INFO [2018-05-01 20:25:20] NULL
INFO [2018-05-01 20:25:20] 
INFO [2018-05-01 20:25:20] $fill
INFO [2018-05-01 20:25:20] pal[1:3]
INFO [2018-05-01 20:25:20] 
INFO [2018-05-01 20:25:20] $main.cex
INFO [2018-05-01 20:25:20] [1] 3
INFO [2018-05-01 20:25:20] 
INFO [2018-05-01 20:25:20] $cat.cex
INFO [2018-05-01 20:25:20] [1] 3
INFO [2018-05-01 20:25:20] 
INFO [2018-05-01 20:25:20] $cex
INFO [2018-05-01 20:25:20] [1] 3.5
INFO [2018-05-01 20:25:20] 
INFO [2018-05-01 20:25:20] $lty
INFO [2018-05-01 20:25:20] [1] 1
INFO [2018-05-01 20:25:20] 
INFO [2018-05-01 20:25:20] $height
INFO [2018-05-01 20:25:20] [1] 2000
INFO [2018-05-01 20:25:20] 
INFO [2018-05-01 20:25:20] $width
INFO [2018-05-01 20:25:20] [1] 2000
INFO [2018-05-01 20:25:20] 
INFO [2018-05-01 20:25:20] $fontfamily
INFO [2018-05-01 20:25:20] [1] "sans"
INFO [2018-05-01 20:25:20] 
INFO [2018-05-01 20:25:20] $cat.fontfamily
INFO [2018-05-01 20:25:20] [1] "sans"
INFO [2018-05-01 20:25:20] 
INFO [2018-05-01 20:25:20] $main.fontfamily
INFO [2018-05-01 20:25:20] [1] "sans"
INFO [2018-05-01 20:25:20] 
INFO [2018-05-01 20:25:20] $cat.fontface
INFO [2018-05-01 20:25:20] [1] "bold"
INFO [2018-05-01 20:25:20] 
INFO [2018-05-01 20:25:20] $main.fontface
INFO [2018-05-01 20:25:20] [1] "bold"
INFO [2018-05-01 20:25:20] 
INFO [2018-05-01 20:25:20] $cat.dist
INFO [2018-05-01 20:25:20] [1] 0.05
INFO [2018-05-01 20:25:20] 
INFO [2018-05-01 20:25:20] [[1]]
INFO [2018-05-01 20:25:20] mylist
INFO [2018-05-01 20:25:20] 
INFO [2018-05-01 20:25:20] $filename
INFO [2018-05-01 20:25:20] NULL
INFO [2018-05-01 20:25:20] 
INFO [2018-05-01 20:25:20] $fill
INFO [2018-05-01 20:25:20] pal[1:3]
INFO [2018-05-01 20:25:20] 
INFO [2018-05-01 20:25:20] $main.cex
INFO [2018-05-01 20:25:20] [1] 3
INFO [2018-05-01 20:25:20] 
INFO [2018-05-01 20:25:20] $cat.cex
INFO [2018-05-01 20:25:20] [1] 3
INFO [2018-05-01 20:25:20] 
INFO [2018-05-01 20:25:20] $cex
INFO [2018-05-01 20:25:20] [1] 3.5
INFO [2018-05-01 20:25:20] 
INFO [2018-05-01 20:25:20] $lty
INFO [2018-05-01 20:25:20] [1] 1
INFO [2018-05-01 20:25:20] 
INFO [2018-05-01 20:25:20] $height
INFO [2018-05-01 20:25:20] [1] 2000
INFO [2018-05-01 20:25:20] 
INFO [2018-05-01 20:25:20] $width
INFO [2018-05-01 20:25:20] [1] 2000
INFO [2018-05-01 20:25:20] 
INFO [2018-05-01 20:25:20] $fontfamily
INFO [2018-05-01 20:25:20] [1] "sans"
INFO [2018-05-01 20:25:20] 
INFO [2018-05-01 20:25:20] $cat.fontfamily
INFO [2018-05-01 20:25:20] [1] "sans"
INFO [2018-05-01 20:25:20] 
INFO [2018-05-01 20:25:20] $main.fontfamily
INFO [2018-05-01 20:25:20] [1] "sans"
INFO [2018-05-01 20:25:20] 
INFO [2018-05-01 20:25:20] $cat.fontface
INFO [2018-05-01 20:25:20] [1] "bold"
INFO [2018-05-01 20:25:20] 
INFO [2018-05-01 20:25:20] $main.fontface
INFO [2018-05-01 20:25:20] [1] "bold"
INFO [2018-05-01 20:25:20] 
INFO [2018-05-01 20:25:20] $cat.dist
INFO [2018-05-01 20:25:20] [1] 0.05
INFO [2018-05-01 20:25:20] 
