INFO [2018-04-28 13:55:40] [[1]]
INFO [2018-04-28 13:55:40] mylist
INFO [2018-04-28 13:55:40] 
INFO [2018-04-28 13:55:40] $filename
INFO [2018-04-28 13:55:40] NULL
INFO [2018-04-28 13:55:40] 
INFO [2018-04-28 13:55:40] $fill
INFO [2018-04-28 13:55:40] pal[1:3]
INFO [2018-04-28 13:55:40] 
INFO [2018-04-28 13:55:40] $main.cex
INFO [2018-04-28 13:55:40] [1] 3
INFO [2018-04-28 13:55:40] 
INFO [2018-04-28 13:55:40] $cat.cex
INFO [2018-04-28 13:55:40] [1] 3
INFO [2018-04-28 13:55:40] 
INFO [2018-04-28 13:55:40] $cex
INFO [2018-04-28 13:55:40] [1] 3.5
INFO [2018-04-28 13:55:40] 
INFO [2018-04-28 13:55:40] $lty
INFO [2018-04-28 13:55:40] [1] 1
INFO [2018-04-28 13:55:40] 
INFO [2018-04-28 13:55:40] $height
INFO [2018-04-28 13:55:40] [1] 2000
INFO [2018-04-28 13:55:40] 
INFO [2018-04-28 13:55:40] $width
INFO [2018-04-28 13:55:40] [1] 2000
INFO [2018-04-28 13:55:40] 
INFO [2018-04-28 13:55:40] $fontfamily
INFO [2018-04-28 13:55:40] [1] "sans"
INFO [2018-04-28 13:55:40] 
INFO [2018-04-28 13:55:40] $cat.fontfamily
INFO [2018-04-28 13:55:40] [1] "sans"
INFO [2018-04-28 13:55:40] 
INFO [2018-04-28 13:55:40] $main.fontfamily
INFO [2018-04-28 13:55:40] [1] "sans"
INFO [2018-04-28 13:55:40] 
INFO [2018-04-28 13:55:40] $cat.fontface
INFO [2018-04-28 13:55:40] [1] "bold"
INFO [2018-04-28 13:55:40] 
INFO [2018-04-28 13:55:40] $main.fontface
INFO [2018-04-28 13:55:40] [1] "bold"
INFO [2018-04-28 13:55:40] 
INFO [2018-04-28 13:55:40] $cat.dist
INFO [2018-04-28 13:55:40] [1] 0.05
INFO [2018-04-28 13:55:40] 
INFO [2018-04-28 13:55:40] [[1]]
INFO [2018-04-28 13:55:40] mylist
INFO [2018-04-28 13:55:40] 
INFO [2018-04-28 13:55:40] $filename
INFO [2018-04-28 13:55:40] NULL
INFO [2018-04-28 13:55:40] 
INFO [2018-04-28 13:55:40] $fill
INFO [2018-04-28 13:55:40] pal[1:3]
INFO [2018-04-28 13:55:40] 
INFO [2018-04-28 13:55:40] $main.cex
INFO [2018-04-28 13:55:40] [1] 3
INFO [2018-04-28 13:55:40] 
INFO [2018-04-28 13:55:40] $cat.cex
INFO [2018-04-28 13:55:40] [1] 3
INFO [2018-04-28 13:55:40] 
INFO [2018-04-28 13:55:40] $cex
INFO [2018-04-28 13:55:40] [1] 3.5
INFO [2018-04-28 13:55:40] 
INFO [2018-04-28 13:55:40] $lty
INFO [2018-04-28 13:55:40] [1] 1
INFO [2018-04-28 13:55:40] 
INFO [2018-04-28 13:55:40] $height
INFO [2018-04-28 13:55:40] [1] 2000
INFO [2018-04-28 13:55:40] 
INFO [2018-04-28 13:55:40] $width
INFO [2018-04-28 13:55:40] [1] 2000
INFO [2018-04-28 13:55:40] 
INFO [2018-04-28 13:55:40] $fontfamily
INFO [2018-04-28 13:55:40] [1] "sans"
INFO [2018-04-28 13:55:40] 
INFO [2018-04-28 13:55:40] $cat.fontfamily
INFO [2018-04-28 13:55:40] [1] "sans"
INFO [2018-04-28 13:55:40] 
INFO [2018-04-28 13:55:40] $main.fontfamily
INFO [2018-04-28 13:55:40] [1] "sans"
INFO [2018-04-28 13:55:40] 
INFO [2018-04-28 13:55:40] $cat.fontface
INFO [2018-04-28 13:55:40] [1] "bold"
INFO [2018-04-28 13:55:40] 
INFO [2018-04-28 13:55:40] $main.fontface
INFO [2018-04-28 13:55:40] [1] "bold"
INFO [2018-04-28 13:55:40] 
INFO [2018-04-28 13:55:40] $cat.dist
INFO [2018-04-28 13:55:40] [1] 0.05
INFO [2018-04-28 13:55:40] 
INFO [2018-04-28 13:55:40] [[1]]
INFO [2018-04-28 13:55:40] mylist
INFO [2018-04-28 13:55:40] 
INFO [2018-04-28 13:55:40] $filename
INFO [2018-04-28 13:55:40] NULL
INFO [2018-04-28 13:55:40] 
INFO [2018-04-28 13:55:40] $fill
INFO [2018-04-28 13:55:40] pal[1:3]
INFO [2018-04-28 13:55:40] 
INFO [2018-04-28 13:55:40] $main.cex
INFO [2018-04-28 13:55:40] [1] 3
INFO [2018-04-28 13:55:40] 
INFO [2018-04-28 13:55:40] $cat.cex
INFO [2018-04-28 13:55:40] [1] 3
INFO [2018-04-28 13:55:40] 
INFO [2018-04-28 13:55:40] $cex
INFO [2018-04-28 13:55:40] [1] 3.5
INFO [2018-04-28 13:55:40] 
INFO [2018-04-28 13:55:40] $lty
INFO [2018-04-28 13:55:40] [1] 1
INFO [2018-04-28 13:55:40] 
INFO [2018-04-28 13:55:40] $height
INFO [2018-04-28 13:55:40] [1] 2000
INFO [2018-04-28 13:55:40] 
INFO [2018-04-28 13:55:40] $width
INFO [2018-04-28 13:55:40] [1] 2000
INFO [2018-04-28 13:55:40] 
INFO [2018-04-28 13:55:40] $fontfamily
INFO [2018-04-28 13:55:40] [1] "sans"
INFO [2018-04-28 13:55:40] 
INFO [2018-04-28 13:55:40] $cat.fontfamily
INFO [2018-04-28 13:55:40] [1] "sans"
INFO [2018-04-28 13:55:40] 
INFO [2018-04-28 13:55:40] $main.fontfamily
INFO [2018-04-28 13:55:40] [1] "sans"
INFO [2018-04-28 13:55:40] 
INFO [2018-04-28 13:55:40] $cat.fontface
INFO [2018-04-28 13:55:40] [1] "bold"
INFO [2018-04-28 13:55:40] 
INFO [2018-04-28 13:55:40] $main.fontface
INFO [2018-04-28 13:55:40] [1] "bold"
INFO [2018-04-28 13:55:40] 
INFO [2018-04-28 13:55:40] $cat.dist
INFO [2018-04-28 13:55:40] [1] 0.05
INFO [2018-04-28 13:55:40] 
INFO [2018-04-28 13:55:40] [[1]]
INFO [2018-04-28 13:55:40] mylist
INFO [2018-04-28 13:55:40] 
INFO [2018-04-28 13:55:40] $filename
INFO [2018-04-28 13:55:40] NULL
INFO [2018-04-28 13:55:40] 
INFO [2018-04-28 13:55:40] $fill
INFO [2018-04-28 13:55:40] pal[1:3]
INFO [2018-04-28 13:55:40] 
INFO [2018-04-28 13:55:40] $main.cex
INFO [2018-04-28 13:55:40] [1] 3
INFO [2018-04-28 13:55:40] 
INFO [2018-04-28 13:55:40] $cat.cex
INFO [2018-04-28 13:55:40] [1] 3
INFO [2018-04-28 13:55:40] 
INFO [2018-04-28 13:55:40] $cex
INFO [2018-04-28 13:55:40] [1] 3.5
INFO [2018-04-28 13:55:40] 
INFO [2018-04-28 13:55:40] $lty
INFO [2018-04-28 13:55:40] [1] 1
INFO [2018-04-28 13:55:40] 
INFO [2018-04-28 13:55:40] $height
INFO [2018-04-28 13:55:40] [1] 2000
INFO [2018-04-28 13:55:40] 
INFO [2018-04-28 13:55:40] $width
INFO [2018-04-28 13:55:40] [1] 2000
INFO [2018-04-28 13:55:40] 
INFO [2018-04-28 13:55:40] $fontfamily
INFO [2018-04-28 13:55:40] [1] "sans"
INFO [2018-04-28 13:55:40] 
INFO [2018-04-28 13:55:40] $cat.fontfamily
INFO [2018-04-28 13:55:40] [1] "sans"
INFO [2018-04-28 13:55:40] 
INFO [2018-04-28 13:55:40] $main.fontfamily
INFO [2018-04-28 13:55:40] [1] "sans"
INFO [2018-04-28 13:55:40] 
INFO [2018-04-28 13:55:40] $cat.fontface
INFO [2018-04-28 13:55:40] [1] "bold"
INFO [2018-04-28 13:55:40] 
INFO [2018-04-28 13:55:40] $main.fontface
INFO [2018-04-28 13:55:40] [1] "bold"
INFO [2018-04-28 13:55:40] 
INFO [2018-04-28 13:55:40] $cat.dist
INFO [2018-04-28 13:55:40] [1] 0.05
INFO [2018-04-28 13:55:40] 
INFO [2018-04-28 13:55:40] [[1]]
INFO [2018-04-28 13:55:40] mylist
INFO [2018-04-28 13:55:40] 
INFO [2018-04-28 13:55:40] $filename
INFO [2018-04-28 13:55:40] NULL
INFO [2018-04-28 13:55:40] 
INFO [2018-04-28 13:55:40] $fill
INFO [2018-04-28 13:55:40] pal[1:3]
INFO [2018-04-28 13:55:40] 
INFO [2018-04-28 13:55:40] $main.cex
INFO [2018-04-28 13:55:40] [1] 3
INFO [2018-04-28 13:55:40] 
INFO [2018-04-28 13:55:40] $cat.cex
INFO [2018-04-28 13:55:40] [1] 3
INFO [2018-04-28 13:55:40] 
INFO [2018-04-28 13:55:40] $cex
INFO [2018-04-28 13:55:40] [1] 3.5
INFO [2018-04-28 13:55:40] 
INFO [2018-04-28 13:55:40] $lty
INFO [2018-04-28 13:55:40] [1] 1
INFO [2018-04-28 13:55:40] 
INFO [2018-04-28 13:55:40] $height
INFO [2018-04-28 13:55:40] [1] 2000
INFO [2018-04-28 13:55:40] 
INFO [2018-04-28 13:55:40] $width
INFO [2018-04-28 13:55:40] [1] 2000
INFO [2018-04-28 13:55:40] 
INFO [2018-04-28 13:55:40] $fontfamily
INFO [2018-04-28 13:55:40] [1] "sans"
INFO [2018-04-28 13:55:40] 
INFO [2018-04-28 13:55:40] $cat.fontfamily
INFO [2018-04-28 13:55:40] [1] "sans"
INFO [2018-04-28 13:55:40] 
INFO [2018-04-28 13:55:40] $main.fontfamily
INFO [2018-04-28 13:55:40] [1] "sans"
INFO [2018-04-28 13:55:40] 
INFO [2018-04-28 13:55:40] $cat.fontface
INFO [2018-04-28 13:55:40] [1] "bold"
INFO [2018-04-28 13:55:40] 
INFO [2018-04-28 13:55:40] $main.fontface
INFO [2018-04-28 13:55:40] [1] "bold"
INFO [2018-04-28 13:55:40] 
INFO [2018-04-28 13:55:40] $cat.dist
INFO [2018-04-28 13:55:40] [1] 0.05
INFO [2018-04-28 13:55:40] 
INFO [2018-04-28 13:55:40] [[1]]
INFO [2018-04-28 13:55:40] mylist
INFO [2018-04-28 13:55:40] 
INFO [2018-04-28 13:55:40] $filename
INFO [2018-04-28 13:55:40] NULL
INFO [2018-04-28 13:55:40] 
INFO [2018-04-28 13:55:40] $fill
INFO [2018-04-28 13:55:40] pal[1:3]
INFO [2018-04-28 13:55:40] 
INFO [2018-04-28 13:55:40] $main.cex
INFO [2018-04-28 13:55:40] [1] 3
INFO [2018-04-28 13:55:40] 
INFO [2018-04-28 13:55:40] $cat.cex
INFO [2018-04-28 13:55:40] [1] 3
INFO [2018-04-28 13:55:40] 
INFO [2018-04-28 13:55:40] $cex
INFO [2018-04-28 13:55:40] [1] 3.5
INFO [2018-04-28 13:55:40] 
INFO [2018-04-28 13:55:40] $lty
INFO [2018-04-28 13:55:40] [1] 1
INFO [2018-04-28 13:55:40] 
INFO [2018-04-28 13:55:40] $height
INFO [2018-04-28 13:55:40] [1] 2000
INFO [2018-04-28 13:55:40] 
INFO [2018-04-28 13:55:40] $width
INFO [2018-04-28 13:55:40] [1] 2000
INFO [2018-04-28 13:55:40] 
INFO [2018-04-28 13:55:40] $fontfamily
INFO [2018-04-28 13:55:40] [1] "sans"
INFO [2018-04-28 13:55:40] 
INFO [2018-04-28 13:55:40] $cat.fontfamily
INFO [2018-04-28 13:55:40] [1] "sans"
INFO [2018-04-28 13:55:40] 
INFO [2018-04-28 13:55:40] $main.fontfamily
INFO [2018-04-28 13:55:40] [1] "sans"
INFO [2018-04-28 13:55:40] 
INFO [2018-04-28 13:55:40] $cat.fontface
INFO [2018-04-28 13:55:40] [1] "bold"
INFO [2018-04-28 13:55:40] 
INFO [2018-04-28 13:55:40] $main.fontface
INFO [2018-04-28 13:55:40] [1] "bold"
INFO [2018-04-28 13:55:40] 
INFO [2018-04-28 13:55:40] $cat.dist
INFO [2018-04-28 13:55:40] [1] 0.05
INFO [2018-04-28 13:55:40] 
INFO [2018-04-28 13:55:40] [[1]]
INFO [2018-04-28 13:55:40] mylist
INFO [2018-04-28 13:55:40] 
INFO [2018-04-28 13:55:40] $filename
INFO [2018-04-28 13:55:40] NULL
INFO [2018-04-28 13:55:40] 
INFO [2018-04-28 13:55:40] $fill
INFO [2018-04-28 13:55:40] pal[1:3]
INFO [2018-04-28 13:55:40] 
INFO [2018-04-28 13:55:40] $main.cex
INFO [2018-04-28 13:55:40] [1] 3
INFO [2018-04-28 13:55:40] 
INFO [2018-04-28 13:55:40] $cat.cex
INFO [2018-04-28 13:55:40] [1] 3
INFO [2018-04-28 13:55:40] 
INFO [2018-04-28 13:55:40] $cex
INFO [2018-04-28 13:55:40] [1] 3.5
INFO [2018-04-28 13:55:40] 
INFO [2018-04-28 13:55:40] $lty
INFO [2018-04-28 13:55:40] [1] 1
INFO [2018-04-28 13:55:40] 
INFO [2018-04-28 13:55:40] $height
INFO [2018-04-28 13:55:40] [1] 2000
INFO [2018-04-28 13:55:40] 
INFO [2018-04-28 13:55:40] $width
INFO [2018-04-28 13:55:40] [1] 2000
INFO [2018-04-28 13:55:40] 
INFO [2018-04-28 13:55:40] $fontfamily
INFO [2018-04-28 13:55:40] [1] "sans"
INFO [2018-04-28 13:55:40] 
INFO [2018-04-28 13:55:40] $cat.fontfamily
INFO [2018-04-28 13:55:40] [1] "sans"
INFO [2018-04-28 13:55:40] 
INFO [2018-04-28 13:55:40] $main.fontfamily
INFO [2018-04-28 13:55:40] [1] "sans"
INFO [2018-04-28 13:55:40] 
INFO [2018-04-28 13:55:40] $cat.fontface
INFO [2018-04-28 13:55:40] [1] "bold"
INFO [2018-04-28 13:55:40] 
INFO [2018-04-28 13:55:40] $main.fontface
INFO [2018-04-28 13:55:40] [1] "bold"
INFO [2018-04-28 13:55:40] 
INFO [2018-04-28 13:55:40] $cat.dist
INFO [2018-04-28 13:55:40] [1] 0.05
INFO [2018-04-28 13:55:40] 
INFO [2018-04-28 13:55:40] [[1]]
INFO [2018-04-28 13:55:40] mylist
INFO [2018-04-28 13:55:40] 
INFO [2018-04-28 13:55:40] $filename
INFO [2018-04-28 13:55:40] NULL
INFO [2018-04-28 13:55:40] 
INFO [2018-04-28 13:55:40] $fill
INFO [2018-04-28 13:55:40] pal[1:3]
INFO [2018-04-28 13:55:40] 
INFO [2018-04-28 13:55:40] $main.cex
INFO [2018-04-28 13:55:40] [1] 3
INFO [2018-04-28 13:55:40] 
INFO [2018-04-28 13:55:40] $cat.cex
INFO [2018-04-28 13:55:40] [1] 3
INFO [2018-04-28 13:55:40] 
INFO [2018-04-28 13:55:40] $cex
INFO [2018-04-28 13:55:40] [1] 3.5
INFO [2018-04-28 13:55:40] 
INFO [2018-04-28 13:55:40] $lty
INFO [2018-04-28 13:55:40] [1] 1
INFO [2018-04-28 13:55:40] 
INFO [2018-04-28 13:55:40] $height
INFO [2018-04-28 13:55:40] [1] 2000
INFO [2018-04-28 13:55:40] 
INFO [2018-04-28 13:55:40] $width
INFO [2018-04-28 13:55:40] [1] 2000
INFO [2018-04-28 13:55:40] 
INFO [2018-04-28 13:55:40] $fontfamily
INFO [2018-04-28 13:55:40] [1] "sans"
INFO [2018-04-28 13:55:40] 
INFO [2018-04-28 13:55:40] $cat.fontfamily
INFO [2018-04-28 13:55:40] [1] "sans"
INFO [2018-04-28 13:55:40] 
INFO [2018-04-28 13:55:40] $main.fontfamily
INFO [2018-04-28 13:55:40] [1] "sans"
INFO [2018-04-28 13:55:40] 
INFO [2018-04-28 13:55:40] $cat.fontface
INFO [2018-04-28 13:55:40] [1] "bold"
INFO [2018-04-28 13:55:40] 
INFO [2018-04-28 13:55:40] $main.fontface
INFO [2018-04-28 13:55:40] [1] "bold"
INFO [2018-04-28 13:55:40] 
INFO [2018-04-28 13:55:40] $cat.dist
INFO [2018-04-28 13:55:40] [1] 0.05
INFO [2018-04-28 13:55:40] 
