INFO [2018-02-23 17:46:17] [[1]]
INFO [2018-02-23 17:46:17] mylist
INFO [2018-02-23 17:46:17] 
INFO [2018-02-23 17:46:17] $filename
INFO [2018-02-23 17:46:17] NULL
INFO [2018-02-23 17:46:17] 
INFO [2018-02-23 17:46:17] $main
INFO [2018-02-23 17:46:17] name_file
INFO [2018-02-23 17:46:17] 
INFO [2018-02-23 17:46:17] $main.cex
INFO [2018-02-23 17:46:17] [1] 2
INFO [2018-02-23 17:46:17] 
INFO [2018-02-23 17:46:17] $cat.cex
INFO [2018-02-23 17:46:17] [1] 1.5
INFO [2018-02-23 17:46:17] 
INFO [2018-02-23 17:46:17] $cex
INFO [2018-02-23 17:46:17] [1] 2.5
INFO [2018-02-23 17:46:17] 
INFO [2018-02-23 17:46:17] $fill
INFO [2018-02-23 17:46:17] pal[1:3]
INFO [2018-02-23 17:46:17] 
INFO [2018-02-23 17:46:17] $lty
INFO [2018-02-23 17:46:17] [1] 1
INFO [2018-02-23 17:46:17] 
INFO [2018-02-23 17:46:17] $height
INFO [2018-02-23 17:46:17] [1] 2000
INFO [2018-02-23 17:46:17] 
INFO [2018-02-23 17:46:17] $width
INFO [2018-02-23 17:46:17] [1] 3000
INFO [2018-02-23 17:46:17] 
