INFO [2018-05-01 19:06:28] [[1]]
INFO [2018-05-01 19:06:28] mylist
INFO [2018-05-01 19:06:28] 
INFO [2018-05-01 19:06:28] $filename
INFO [2018-05-01 19:06:28] NULL
INFO [2018-05-01 19:06:28] 
INFO [2018-05-01 19:06:28] $fill
INFO [2018-05-01 19:06:28] pal[1:3]
INFO [2018-05-01 19:06:28] 
INFO [2018-05-01 19:06:28] $main.cex
INFO [2018-05-01 19:06:28] [1] 3
INFO [2018-05-01 19:06:28] 
INFO [2018-05-01 19:06:28] $cat.cex
INFO [2018-05-01 19:06:28] [1] 3
INFO [2018-05-01 19:06:28] 
INFO [2018-05-01 19:06:28] $cex
INFO [2018-05-01 19:06:28] [1] 3.5
INFO [2018-05-01 19:06:28] 
INFO [2018-05-01 19:06:28] $lty
INFO [2018-05-01 19:06:28] [1] 1
INFO [2018-05-01 19:06:28] 
INFO [2018-05-01 19:06:28] $height
INFO [2018-05-01 19:06:28] [1] 2000
INFO [2018-05-01 19:06:28] 
INFO [2018-05-01 19:06:28] $width
INFO [2018-05-01 19:06:28] [1] 2000
INFO [2018-05-01 19:06:28] 
INFO [2018-05-01 19:06:28] $fontfamily
INFO [2018-05-01 19:06:28] [1] "sans"
INFO [2018-05-01 19:06:28] 
INFO [2018-05-01 19:06:28] $cat.fontfamily
INFO [2018-05-01 19:06:28] [1] "sans"
INFO [2018-05-01 19:06:28] 
INFO [2018-05-01 19:06:28] $main.fontfamily
INFO [2018-05-01 19:06:28] [1] "sans"
INFO [2018-05-01 19:06:28] 
INFO [2018-05-01 19:06:28] $cat.fontface
INFO [2018-05-01 19:06:28] [1] "bold"
INFO [2018-05-01 19:06:28] 
INFO [2018-05-01 19:06:28] $main.fontface
INFO [2018-05-01 19:06:28] [1] "bold"
INFO [2018-05-01 19:06:28] 
INFO [2018-05-01 19:06:28] $cat.dist
INFO [2018-05-01 19:06:28] [1] 0.05
INFO [2018-05-01 19:06:28] 
INFO [2018-05-01 19:06:28] [[1]]
INFO [2018-05-01 19:06:28] mylist
INFO [2018-05-01 19:06:28] 
INFO [2018-05-01 19:06:28] $filename
INFO [2018-05-01 19:06:28] NULL
INFO [2018-05-01 19:06:28] 
INFO [2018-05-01 19:06:28] $fill
INFO [2018-05-01 19:06:28] pal[1:3]
INFO [2018-05-01 19:06:28] 
INFO [2018-05-01 19:06:28] $main.cex
INFO [2018-05-01 19:06:28] [1] 3
INFO [2018-05-01 19:06:28] 
INFO [2018-05-01 19:06:28] $cat.cex
INFO [2018-05-01 19:06:28] [1] 3
INFO [2018-05-01 19:06:28] 
INFO [2018-05-01 19:06:28] $cex
INFO [2018-05-01 19:06:28] [1] 3.5
INFO [2018-05-01 19:06:28] 
INFO [2018-05-01 19:06:28] $lty
INFO [2018-05-01 19:06:28] [1] 1
INFO [2018-05-01 19:06:28] 
INFO [2018-05-01 19:06:28] $height
INFO [2018-05-01 19:06:28] [1] 2000
INFO [2018-05-01 19:06:28] 
INFO [2018-05-01 19:06:28] $width
INFO [2018-05-01 19:06:28] [1] 2000
INFO [2018-05-01 19:06:28] 
INFO [2018-05-01 19:06:28] $fontfamily
INFO [2018-05-01 19:06:28] [1] "sans"
INFO [2018-05-01 19:06:28] 
INFO [2018-05-01 19:06:28] $cat.fontfamily
INFO [2018-05-01 19:06:28] [1] "sans"
INFO [2018-05-01 19:06:28] 
INFO [2018-05-01 19:06:28] $main.fontfamily
INFO [2018-05-01 19:06:28] [1] "sans"
INFO [2018-05-01 19:06:28] 
INFO [2018-05-01 19:06:28] $cat.fontface
INFO [2018-05-01 19:06:28] [1] "bold"
INFO [2018-05-01 19:06:28] 
INFO [2018-05-01 19:06:28] $main.fontface
INFO [2018-05-01 19:06:28] [1] "bold"
INFO [2018-05-01 19:06:28] 
INFO [2018-05-01 19:06:28] $cat.dist
INFO [2018-05-01 19:06:28] [1] 0.05
INFO [2018-05-01 19:06:28] 
INFO [2018-05-01 19:06:28] [[1]]
INFO [2018-05-01 19:06:28] mylist
INFO [2018-05-01 19:06:28] 
INFO [2018-05-01 19:06:28] $filename
INFO [2018-05-01 19:06:28] NULL
INFO [2018-05-01 19:06:28] 
INFO [2018-05-01 19:06:28] $fill
INFO [2018-05-01 19:06:28] pal[1:3]
INFO [2018-05-01 19:06:28] 
INFO [2018-05-01 19:06:28] $main.cex
INFO [2018-05-01 19:06:28] [1] 3
INFO [2018-05-01 19:06:28] 
INFO [2018-05-01 19:06:28] $cat.cex
INFO [2018-05-01 19:06:28] [1] 3
INFO [2018-05-01 19:06:28] 
INFO [2018-05-01 19:06:28] $cex
INFO [2018-05-01 19:06:28] [1] 3.5
INFO [2018-05-01 19:06:28] 
INFO [2018-05-01 19:06:28] $lty
INFO [2018-05-01 19:06:28] [1] 1
INFO [2018-05-01 19:06:28] 
INFO [2018-05-01 19:06:28] $height
INFO [2018-05-01 19:06:28] [1] 2000
INFO [2018-05-01 19:06:28] 
INFO [2018-05-01 19:06:28] $width
INFO [2018-05-01 19:06:28] [1] 2000
INFO [2018-05-01 19:06:28] 
INFO [2018-05-01 19:06:28] $fontfamily
INFO [2018-05-01 19:06:28] [1] "sans"
INFO [2018-05-01 19:06:28] 
INFO [2018-05-01 19:06:28] $cat.fontfamily
INFO [2018-05-01 19:06:28] [1] "sans"
INFO [2018-05-01 19:06:28] 
INFO [2018-05-01 19:06:28] $main.fontfamily
INFO [2018-05-01 19:06:28] [1] "sans"
INFO [2018-05-01 19:06:28] 
INFO [2018-05-01 19:06:28] $cat.fontface
INFO [2018-05-01 19:06:28] [1] "bold"
INFO [2018-05-01 19:06:28] 
INFO [2018-05-01 19:06:28] $main.fontface
INFO [2018-05-01 19:06:28] [1] "bold"
INFO [2018-05-01 19:06:28] 
INFO [2018-05-01 19:06:28] $cat.dist
INFO [2018-05-01 19:06:28] [1] 0.05
INFO [2018-05-01 19:06:28] 
INFO [2018-05-01 19:06:28] [[1]]
INFO [2018-05-01 19:06:28] mylist
INFO [2018-05-01 19:06:28] 
INFO [2018-05-01 19:06:28] $filename
INFO [2018-05-01 19:06:28] NULL
INFO [2018-05-01 19:06:28] 
INFO [2018-05-01 19:06:28] $fill
INFO [2018-05-01 19:06:28] pal[1:3]
INFO [2018-05-01 19:06:28] 
INFO [2018-05-01 19:06:28] $main.cex
INFO [2018-05-01 19:06:28] [1] 3
INFO [2018-05-01 19:06:28] 
INFO [2018-05-01 19:06:28] $cat.cex
INFO [2018-05-01 19:06:28] [1] 3
INFO [2018-05-01 19:06:28] 
INFO [2018-05-01 19:06:28] $cex
INFO [2018-05-01 19:06:28] [1] 3.5
INFO [2018-05-01 19:06:28] 
INFO [2018-05-01 19:06:28] $lty
INFO [2018-05-01 19:06:28] [1] 1
INFO [2018-05-01 19:06:28] 
INFO [2018-05-01 19:06:28] $height
INFO [2018-05-01 19:06:28] [1] 2000
INFO [2018-05-01 19:06:28] 
INFO [2018-05-01 19:06:28] $width
INFO [2018-05-01 19:06:28] [1] 2000
INFO [2018-05-01 19:06:28] 
INFO [2018-05-01 19:06:28] $fontfamily
INFO [2018-05-01 19:06:28] [1] "sans"
INFO [2018-05-01 19:06:28] 
INFO [2018-05-01 19:06:28] $cat.fontfamily
INFO [2018-05-01 19:06:28] [1] "sans"
INFO [2018-05-01 19:06:28] 
INFO [2018-05-01 19:06:28] $main.fontfamily
INFO [2018-05-01 19:06:28] [1] "sans"
INFO [2018-05-01 19:06:28] 
INFO [2018-05-01 19:06:28] $cat.fontface
INFO [2018-05-01 19:06:28] [1] "bold"
INFO [2018-05-01 19:06:28] 
INFO [2018-05-01 19:06:28] $main.fontface
INFO [2018-05-01 19:06:28] [1] "bold"
INFO [2018-05-01 19:06:28] 
INFO [2018-05-01 19:06:28] $cat.dist
INFO [2018-05-01 19:06:28] [1] 0.05
INFO [2018-05-01 19:06:28] 
INFO [2018-05-01 19:06:28] [[1]]
INFO [2018-05-01 19:06:28] mylist
INFO [2018-05-01 19:06:28] 
INFO [2018-05-01 19:06:28] $filename
INFO [2018-05-01 19:06:28] NULL
INFO [2018-05-01 19:06:28] 
INFO [2018-05-01 19:06:28] $fill
INFO [2018-05-01 19:06:28] pal[1:3]
INFO [2018-05-01 19:06:28] 
INFO [2018-05-01 19:06:28] $main.cex
INFO [2018-05-01 19:06:28] [1] 3
INFO [2018-05-01 19:06:28] 
INFO [2018-05-01 19:06:28] $cat.cex
INFO [2018-05-01 19:06:28] [1] 3
INFO [2018-05-01 19:06:28] 
INFO [2018-05-01 19:06:28] $cex
INFO [2018-05-01 19:06:28] [1] 3.5
INFO [2018-05-01 19:06:28] 
INFO [2018-05-01 19:06:28] $lty
INFO [2018-05-01 19:06:28] [1] 1
INFO [2018-05-01 19:06:28] 
INFO [2018-05-01 19:06:28] $height
INFO [2018-05-01 19:06:28] [1] 2000
INFO [2018-05-01 19:06:28] 
INFO [2018-05-01 19:06:28] $width
INFO [2018-05-01 19:06:28] [1] 2000
INFO [2018-05-01 19:06:28] 
INFO [2018-05-01 19:06:28] $fontfamily
INFO [2018-05-01 19:06:28] [1] "sans"
INFO [2018-05-01 19:06:28] 
INFO [2018-05-01 19:06:28] $cat.fontfamily
INFO [2018-05-01 19:06:28] [1] "sans"
INFO [2018-05-01 19:06:28] 
INFO [2018-05-01 19:06:28] $main.fontfamily
INFO [2018-05-01 19:06:28] [1] "sans"
INFO [2018-05-01 19:06:28] 
INFO [2018-05-01 19:06:28] $cat.fontface
INFO [2018-05-01 19:06:28] [1] "bold"
INFO [2018-05-01 19:06:28] 
INFO [2018-05-01 19:06:28] $main.fontface
INFO [2018-05-01 19:06:28] [1] "bold"
INFO [2018-05-01 19:06:28] 
INFO [2018-05-01 19:06:28] $cat.dist
INFO [2018-05-01 19:06:28] [1] 0.05
INFO [2018-05-01 19:06:28] 
INFO [2018-05-01 19:06:28] [[1]]
INFO [2018-05-01 19:06:28] mylist
INFO [2018-05-01 19:06:28] 
INFO [2018-05-01 19:06:28] $filename
INFO [2018-05-01 19:06:28] NULL
INFO [2018-05-01 19:06:28] 
INFO [2018-05-01 19:06:28] $fill
INFO [2018-05-01 19:06:28] pal[1:3]
INFO [2018-05-01 19:06:28] 
INFO [2018-05-01 19:06:28] $main.cex
INFO [2018-05-01 19:06:28] [1] 3
INFO [2018-05-01 19:06:28] 
INFO [2018-05-01 19:06:28] $cat.cex
INFO [2018-05-01 19:06:28] [1] 3
INFO [2018-05-01 19:06:28] 
INFO [2018-05-01 19:06:28] $cex
INFO [2018-05-01 19:06:28] [1] 3.5
INFO [2018-05-01 19:06:28] 
INFO [2018-05-01 19:06:28] $lty
INFO [2018-05-01 19:06:28] [1] 1
INFO [2018-05-01 19:06:28] 
INFO [2018-05-01 19:06:28] $height
INFO [2018-05-01 19:06:28] [1] 2000
INFO [2018-05-01 19:06:28] 
INFO [2018-05-01 19:06:28] $width
INFO [2018-05-01 19:06:28] [1] 2000
INFO [2018-05-01 19:06:28] 
INFO [2018-05-01 19:06:28] $fontfamily
INFO [2018-05-01 19:06:28] [1] "sans"
INFO [2018-05-01 19:06:28] 
INFO [2018-05-01 19:06:28] $cat.fontfamily
INFO [2018-05-01 19:06:28] [1] "sans"
INFO [2018-05-01 19:06:28] 
INFO [2018-05-01 19:06:28] $main.fontfamily
INFO [2018-05-01 19:06:28] [1] "sans"
INFO [2018-05-01 19:06:28] 
INFO [2018-05-01 19:06:28] $cat.fontface
INFO [2018-05-01 19:06:28] [1] "bold"
INFO [2018-05-01 19:06:28] 
INFO [2018-05-01 19:06:28] $main.fontface
INFO [2018-05-01 19:06:28] [1] "bold"
INFO [2018-05-01 19:06:28] 
INFO [2018-05-01 19:06:28] $cat.dist
INFO [2018-05-01 19:06:28] [1] 0.05
INFO [2018-05-01 19:06:28] 
INFO [2018-05-01 19:06:28] [[1]]
INFO [2018-05-01 19:06:28] mylist
INFO [2018-05-01 19:06:28] 
INFO [2018-05-01 19:06:28] $filename
INFO [2018-05-01 19:06:28] NULL
INFO [2018-05-01 19:06:28] 
INFO [2018-05-01 19:06:28] $fill
INFO [2018-05-01 19:06:28] pal[1:3]
INFO [2018-05-01 19:06:28] 
INFO [2018-05-01 19:06:28] $main.cex
INFO [2018-05-01 19:06:28] [1] 3
INFO [2018-05-01 19:06:28] 
INFO [2018-05-01 19:06:28] $cat.cex
INFO [2018-05-01 19:06:28] [1] 3
INFO [2018-05-01 19:06:28] 
INFO [2018-05-01 19:06:28] $cex
INFO [2018-05-01 19:06:28] [1] 3.5
INFO [2018-05-01 19:06:28] 
INFO [2018-05-01 19:06:28] $lty
INFO [2018-05-01 19:06:28] [1] 1
INFO [2018-05-01 19:06:28] 
INFO [2018-05-01 19:06:28] $height
INFO [2018-05-01 19:06:28] [1] 2000
INFO [2018-05-01 19:06:28] 
INFO [2018-05-01 19:06:28] $width
INFO [2018-05-01 19:06:28] [1] 2000
INFO [2018-05-01 19:06:28] 
INFO [2018-05-01 19:06:28] $fontfamily
INFO [2018-05-01 19:06:28] [1] "sans"
INFO [2018-05-01 19:06:28] 
INFO [2018-05-01 19:06:28] $cat.fontfamily
INFO [2018-05-01 19:06:28] [1] "sans"
INFO [2018-05-01 19:06:28] 
INFO [2018-05-01 19:06:28] $main.fontfamily
INFO [2018-05-01 19:06:28] [1] "sans"
INFO [2018-05-01 19:06:28] 
INFO [2018-05-01 19:06:28] $cat.fontface
INFO [2018-05-01 19:06:28] [1] "bold"
INFO [2018-05-01 19:06:28] 
INFO [2018-05-01 19:06:28] $main.fontface
INFO [2018-05-01 19:06:28] [1] "bold"
INFO [2018-05-01 19:06:28] 
INFO [2018-05-01 19:06:28] $cat.dist
INFO [2018-05-01 19:06:28] [1] 0.05
INFO [2018-05-01 19:06:28] 
