INFO [2018-04-25 17:23:56] [[1]]
INFO [2018-04-25 17:23:56] mylist
INFO [2018-04-25 17:23:56] 
INFO [2018-04-25 17:23:56] $filename
INFO [2018-04-25 17:23:56] NULL
INFO [2018-04-25 17:23:56] 
INFO [2018-04-25 17:23:56] $main
INFO [2018-04-25 17:23:56] [1] "DE genes between Humans and Chimps (FDR 1%)"
INFO [2018-04-25 17:23:56] 
INFO [2018-04-25 17:23:56] $cex
INFO [2018-04-25 17:23:56] [1] 1.5
INFO [2018-04-25 17:23:56] 
INFO [2018-04-25 17:23:56] $fill
INFO [2018-04-25 17:23:56] pal[1:4]
INFO [2018-04-25 17:23:56] 
INFO [2018-04-25 17:23:56] $lty
INFO [2018-04-25 17:23:56] [1] 1
INFO [2018-04-25 17:23:56] 
INFO [2018-04-25 17:23:56] $height
INFO [2018-04-25 17:23:56] [1] 2000
INFO [2018-04-25 17:23:56] 
INFO [2018-04-25 17:23:56] $width
INFO [2018-04-25 17:23:56] [1] 3000
INFO [2018-04-25 17:23:56] 
INFO [2018-04-25 17:23:56] $fontfamily
INFO [2018-04-25 17:23:56] [1] "sans"
INFO [2018-04-25 17:23:56] 
INFO [2018-04-25 17:23:56] $cat.fontfamily
INFO [2018-04-25 17:23:56] [1] "sans"
INFO [2018-04-25 17:23:56] 
INFO [2018-04-25 17:23:56] $main.fontfamily
INFO [2018-04-25 17:23:56] [1] "sans"
INFO [2018-04-25 17:23:56] 
INFO [2018-04-25 17:23:56] $cat.fontface
INFO [2018-04-25 17:23:56] [1] "bold"
INFO [2018-04-25 17:23:56] 
INFO [2018-04-25 17:23:56] $main.fontface
INFO [2018-04-25 17:23:56] [1] "bold"
INFO [2018-04-25 17:23:56] 
INFO [2018-04-25 17:23:56] $cat.cex
INFO [2018-04-25 17:23:56] [1] 1.2
INFO [2018-04-25 17:23:56] 
INFO [2018-04-25 17:23:56] $main.cex
INFO [2018-04-25 17:23:56] [1] 1.5
INFO [2018-04-25 17:23:56] 
