INFO [2018-04-26 17:29:21] [[1]]
INFO [2018-04-26 17:29:21] mylist
INFO [2018-04-26 17:29:21] 
INFO [2018-04-26 17:29:21] $filename
INFO [2018-04-26 17:29:21] NULL
INFO [2018-04-26 17:29:21] 
INFO [2018-04-26 17:29:21] $fill
INFO [2018-04-26 17:29:21] pal[1:4]
INFO [2018-04-26 17:29:21] 
INFO [2018-04-26 17:29:21] $main.cex
INFO [2018-04-26 17:29:21] [1] 3
INFO [2018-04-26 17:29:21] 
INFO [2018-04-26 17:29:21] $cat.cex
INFO [2018-04-26 17:29:21] [1] 2.7
INFO [2018-04-26 17:29:21] 
INFO [2018-04-26 17:29:21] $cex
INFO [2018-04-26 17:29:21] [1] 2.7
INFO [2018-04-26 17:29:21] 
INFO [2018-04-26 17:29:21] $lty
INFO [2018-04-26 17:29:21] [1] 1
INFO [2018-04-26 17:29:21] 
INFO [2018-04-26 17:29:21] $height
INFO [2018-04-26 17:29:21] [1] 2000
INFO [2018-04-26 17:29:21] 
INFO [2018-04-26 17:29:21] $width
INFO [2018-04-26 17:29:21] [1] 2000
INFO [2018-04-26 17:29:21] 
INFO [2018-04-26 17:29:21] $fontfamily
INFO [2018-04-26 17:29:21] [1] "sans"
INFO [2018-04-26 17:29:21] 
INFO [2018-04-26 17:29:21] $cat.fontfamily
INFO [2018-04-26 17:29:21] [1] "sans"
INFO [2018-04-26 17:29:21] 
INFO [2018-04-26 17:29:21] $main.fontfamily
INFO [2018-04-26 17:29:21] [1] "sans"
INFO [2018-04-26 17:29:21] 
INFO [2018-04-26 17:29:21] $cat.fontface
INFO [2018-04-26 17:29:21] [1] "bold"
INFO [2018-04-26 17:29:21] 
INFO [2018-04-26 17:29:21] $main.fontface
INFO [2018-04-26 17:29:21] [1] "bold"
INFO [2018-04-26 17:29:21] 
INFO [2018-04-26 17:29:21] [[1]]
INFO [2018-04-26 17:29:21] mylist
INFO [2018-04-26 17:29:21] 
INFO [2018-04-26 17:29:21] $filename
INFO [2018-04-26 17:29:21] NULL
INFO [2018-04-26 17:29:21] 
INFO [2018-04-26 17:29:21] $fill
INFO [2018-04-26 17:29:21] pal[1:4]
INFO [2018-04-26 17:29:21] 
INFO [2018-04-26 17:29:21] $main.cex
INFO [2018-04-26 17:29:21] [1] 3
INFO [2018-04-26 17:29:21] 
INFO [2018-04-26 17:29:21] $cat.cex
INFO [2018-04-26 17:29:21] [1] 2.7
INFO [2018-04-26 17:29:21] 
INFO [2018-04-26 17:29:21] $cex
INFO [2018-04-26 17:29:21] [1] 2.7
INFO [2018-04-26 17:29:21] 
INFO [2018-04-26 17:29:21] $lty
INFO [2018-04-26 17:29:21] [1] 1
INFO [2018-04-26 17:29:21] 
INFO [2018-04-26 17:29:21] $height
INFO [2018-04-26 17:29:21] [1] 2000
INFO [2018-04-26 17:29:21] 
INFO [2018-04-26 17:29:21] $width
INFO [2018-04-26 17:29:21] [1] 2000
INFO [2018-04-26 17:29:21] 
INFO [2018-04-26 17:29:21] $fontfamily
INFO [2018-04-26 17:29:21] [1] "sans"
INFO [2018-04-26 17:29:21] 
INFO [2018-04-26 17:29:21] $cat.fontfamily
INFO [2018-04-26 17:29:21] [1] "sans"
INFO [2018-04-26 17:29:21] 
INFO [2018-04-26 17:29:21] $main.fontfamily
INFO [2018-04-26 17:29:21] [1] "sans"
INFO [2018-04-26 17:29:21] 
INFO [2018-04-26 17:29:21] $cat.fontface
INFO [2018-04-26 17:29:21] [1] "bold"
INFO [2018-04-26 17:29:21] 
INFO [2018-04-26 17:29:21] $main.fontface
INFO [2018-04-26 17:29:21] [1] "bold"
INFO [2018-04-26 17:29:21] 
INFO [2018-04-26 17:29:21] [[1]]
INFO [2018-04-26 17:29:21] mylist
INFO [2018-04-26 17:29:21] 
INFO [2018-04-26 17:29:21] $filename
INFO [2018-04-26 17:29:21] NULL
INFO [2018-04-26 17:29:21] 
INFO [2018-04-26 17:29:21] $fill
INFO [2018-04-26 17:29:21] pal[1:4]
INFO [2018-04-26 17:29:21] 
INFO [2018-04-26 17:29:21] $main.cex
INFO [2018-04-26 17:29:21] [1] 3
INFO [2018-04-26 17:29:21] 
INFO [2018-04-26 17:29:21] $cat.cex
INFO [2018-04-26 17:29:21] [1] 2.7
INFO [2018-04-26 17:29:21] 
INFO [2018-04-26 17:29:21] $cex
INFO [2018-04-26 17:29:21] [1] 2.7
INFO [2018-04-26 17:29:21] 
INFO [2018-04-26 17:29:21] $lty
INFO [2018-04-26 17:29:21] [1] 1
INFO [2018-04-26 17:29:21] 
INFO [2018-04-26 17:29:21] $height
INFO [2018-04-26 17:29:21] [1] 2000
INFO [2018-04-26 17:29:21] 
INFO [2018-04-26 17:29:21] $width
INFO [2018-04-26 17:29:21] [1] 2000
INFO [2018-04-26 17:29:21] 
INFO [2018-04-26 17:29:21] $fontfamily
INFO [2018-04-26 17:29:21] [1] "sans"
INFO [2018-04-26 17:29:21] 
INFO [2018-04-26 17:29:21] $cat.fontfamily
INFO [2018-04-26 17:29:21] [1] "sans"
INFO [2018-04-26 17:29:21] 
INFO [2018-04-26 17:29:21] $main.fontfamily
INFO [2018-04-26 17:29:21] [1] "sans"
INFO [2018-04-26 17:29:21] 
INFO [2018-04-26 17:29:21] $cat.fontface
INFO [2018-04-26 17:29:21] [1] "bold"
INFO [2018-04-26 17:29:21] 
INFO [2018-04-26 17:29:21] $main.fontface
INFO [2018-04-26 17:29:21] [1] "bold"
INFO [2018-04-26 17:29:21] 
INFO [2018-04-26 17:29:21] [[1]]
INFO [2018-04-26 17:29:21] mylist
INFO [2018-04-26 17:29:21] 
INFO [2018-04-26 17:29:21] $filename
INFO [2018-04-26 17:29:21] NULL
INFO [2018-04-26 17:29:21] 
INFO [2018-04-26 17:29:21] $fill
INFO [2018-04-26 17:29:21] pal[1:4]
INFO [2018-04-26 17:29:21] 
INFO [2018-04-26 17:29:21] $main.cex
INFO [2018-04-26 17:29:21] [1] 3
INFO [2018-04-26 17:29:21] 
INFO [2018-04-26 17:29:21] $cat.cex
INFO [2018-04-26 17:29:21] [1] 2.7
INFO [2018-04-26 17:29:21] 
INFO [2018-04-26 17:29:21] $cex
INFO [2018-04-26 17:29:21] [1] 2.7
INFO [2018-04-26 17:29:21] 
INFO [2018-04-26 17:29:21] $lty
INFO [2018-04-26 17:29:21] [1] 1
INFO [2018-04-26 17:29:21] 
INFO [2018-04-26 17:29:21] $height
INFO [2018-04-26 17:29:21] [1] 2000
INFO [2018-04-26 17:29:21] 
INFO [2018-04-26 17:29:21] $width
INFO [2018-04-26 17:29:21] [1] 2000
INFO [2018-04-26 17:29:21] 
INFO [2018-04-26 17:29:21] $fontfamily
INFO [2018-04-26 17:29:21] [1] "sans"
INFO [2018-04-26 17:29:21] 
INFO [2018-04-26 17:29:21] $cat.fontfamily
INFO [2018-04-26 17:29:21] [1] "sans"
INFO [2018-04-26 17:29:21] 
INFO [2018-04-26 17:29:21] $main.fontfamily
INFO [2018-04-26 17:29:21] [1] "sans"
INFO [2018-04-26 17:29:21] 
INFO [2018-04-26 17:29:21] $cat.fontface
INFO [2018-04-26 17:29:21] [1] "bold"
INFO [2018-04-26 17:29:21] 
INFO [2018-04-26 17:29:21] $main.fontface
INFO [2018-04-26 17:29:21] [1] "bold"
INFO [2018-04-26 17:29:21] 
INFO [2018-04-26 17:29:21] [[1]]
INFO [2018-04-26 17:29:21] mylist
INFO [2018-04-26 17:29:21] 
INFO [2018-04-26 17:29:21] $filename
INFO [2018-04-26 17:29:21] NULL
INFO [2018-04-26 17:29:21] 
INFO [2018-04-26 17:29:21] $fill
INFO [2018-04-26 17:29:21] pal[1:4]
INFO [2018-04-26 17:29:21] 
INFO [2018-04-26 17:29:21] $main.cex
INFO [2018-04-26 17:29:21] [1] 3
INFO [2018-04-26 17:29:21] 
INFO [2018-04-26 17:29:21] $cat.cex
INFO [2018-04-26 17:29:21] [1] 2.7
INFO [2018-04-26 17:29:21] 
INFO [2018-04-26 17:29:21] $cex
INFO [2018-04-26 17:29:21] [1] 2.7
INFO [2018-04-26 17:29:21] 
INFO [2018-04-26 17:29:21] $lty
INFO [2018-04-26 17:29:21] [1] 1
INFO [2018-04-26 17:29:21] 
INFO [2018-04-26 17:29:21] $height
INFO [2018-04-26 17:29:21] [1] 2000
INFO [2018-04-26 17:29:21] 
INFO [2018-04-26 17:29:21] $width
INFO [2018-04-26 17:29:21] [1] 2000
INFO [2018-04-26 17:29:21] 
INFO [2018-04-26 17:29:21] $fontfamily
INFO [2018-04-26 17:29:21] [1] "sans"
INFO [2018-04-26 17:29:21] 
INFO [2018-04-26 17:29:21] $cat.fontfamily
INFO [2018-04-26 17:29:21] [1] "sans"
INFO [2018-04-26 17:29:21] 
INFO [2018-04-26 17:29:21] $main.fontfamily
INFO [2018-04-26 17:29:21] [1] "sans"
INFO [2018-04-26 17:29:21] 
INFO [2018-04-26 17:29:21] $cat.fontface
INFO [2018-04-26 17:29:21] [1] "bold"
INFO [2018-04-26 17:29:21] 
INFO [2018-04-26 17:29:21] $main.fontface
INFO [2018-04-26 17:29:21] [1] "bold"
INFO [2018-04-26 17:29:21] 
