INFO [2018-04-28 10:12:13] [[1]]
INFO [2018-04-28 10:12:13] mylist
INFO [2018-04-28 10:12:13] 
INFO [2018-04-28 10:12:13] $filename
INFO [2018-04-28 10:12:13] NULL
INFO [2018-04-28 10:12:13] 
INFO [2018-04-28 10:12:13] $fill
INFO [2018-04-28 10:12:13] pal[1:4]
INFO [2018-04-28 10:12:13] 
INFO [2018-04-28 10:12:13] $main.cex
INFO [2018-04-28 10:12:13] [1] 3
INFO [2018-04-28 10:12:13] 
INFO [2018-04-28 10:12:13] $cat.cex
INFO [2018-04-28 10:12:13] [1] 2.7
INFO [2018-04-28 10:12:13] 
INFO [2018-04-28 10:12:13] $cex
INFO [2018-04-28 10:12:13] [1] 2.7
INFO [2018-04-28 10:12:13] 
INFO [2018-04-28 10:12:13] $lty
INFO [2018-04-28 10:12:13] [1] 1
INFO [2018-04-28 10:12:13] 
INFO [2018-04-28 10:12:13] $height
INFO [2018-04-28 10:12:13] [1] 2000
INFO [2018-04-28 10:12:13] 
INFO [2018-04-28 10:12:13] $width
INFO [2018-04-28 10:12:13] [1] 2000
INFO [2018-04-28 10:12:13] 
INFO [2018-04-28 10:12:13] $fontfamily
INFO [2018-04-28 10:12:13] [1] "sans"
INFO [2018-04-28 10:12:13] 
INFO [2018-04-28 10:12:13] $cat.fontfamily
INFO [2018-04-28 10:12:13] [1] "sans"
INFO [2018-04-28 10:12:13] 
INFO [2018-04-28 10:12:13] $main.fontfamily
INFO [2018-04-28 10:12:13] [1] "sans"
INFO [2018-04-28 10:12:13] 
INFO [2018-04-28 10:12:13] $cat.fontface
INFO [2018-04-28 10:12:13] [1] "bold"
INFO [2018-04-28 10:12:13] 
INFO [2018-04-28 10:12:13] $main.fontface
INFO [2018-04-28 10:12:13] [1] "bold"
INFO [2018-04-28 10:12:13] 
INFO [2018-04-28 10:12:13] [[1]]
INFO [2018-04-28 10:12:13] mylist
INFO [2018-04-28 10:12:13] 
INFO [2018-04-28 10:12:13] $filename
INFO [2018-04-28 10:12:13] NULL
INFO [2018-04-28 10:12:13] 
INFO [2018-04-28 10:12:13] $fill
INFO [2018-04-28 10:12:13] pal[1:4]
INFO [2018-04-28 10:12:13] 
INFO [2018-04-28 10:12:13] $main.cex
INFO [2018-04-28 10:12:13] [1] 3
INFO [2018-04-28 10:12:13] 
INFO [2018-04-28 10:12:13] $cat.cex
INFO [2018-04-28 10:12:13] [1] 2.7
INFO [2018-04-28 10:12:13] 
INFO [2018-04-28 10:12:13] $cex
INFO [2018-04-28 10:12:13] [1] 2.7
INFO [2018-04-28 10:12:13] 
INFO [2018-04-28 10:12:13] $lty
INFO [2018-04-28 10:12:13] [1] 1
INFO [2018-04-28 10:12:13] 
INFO [2018-04-28 10:12:13] $height
INFO [2018-04-28 10:12:13] [1] 2000
INFO [2018-04-28 10:12:13] 
INFO [2018-04-28 10:12:13] $width
INFO [2018-04-28 10:12:13] [1] 2000
INFO [2018-04-28 10:12:13] 
INFO [2018-04-28 10:12:13] $fontfamily
INFO [2018-04-28 10:12:13] [1] "sans"
INFO [2018-04-28 10:12:13] 
INFO [2018-04-28 10:12:13] $cat.fontfamily
INFO [2018-04-28 10:12:13] [1] "sans"
INFO [2018-04-28 10:12:13] 
INFO [2018-04-28 10:12:13] $main.fontfamily
INFO [2018-04-28 10:12:13] [1] "sans"
INFO [2018-04-28 10:12:13] 
INFO [2018-04-28 10:12:13] $cat.fontface
INFO [2018-04-28 10:12:13] [1] "bold"
INFO [2018-04-28 10:12:13] 
INFO [2018-04-28 10:12:13] $main.fontface
INFO [2018-04-28 10:12:13] [1] "bold"
INFO [2018-04-28 10:12:13] 
INFO [2018-04-28 10:12:13] [[1]]
INFO [2018-04-28 10:12:13] mylist
INFO [2018-04-28 10:12:13] 
INFO [2018-04-28 10:12:13] $filename
INFO [2018-04-28 10:12:13] NULL
INFO [2018-04-28 10:12:13] 
INFO [2018-04-28 10:12:13] $fill
INFO [2018-04-28 10:12:13] pal[1:4]
INFO [2018-04-28 10:12:13] 
INFO [2018-04-28 10:12:13] $main.cex
INFO [2018-04-28 10:12:13] [1] 3
INFO [2018-04-28 10:12:13] 
INFO [2018-04-28 10:12:13] $cat.cex
INFO [2018-04-28 10:12:13] [1] 2.7
INFO [2018-04-28 10:12:13] 
INFO [2018-04-28 10:12:13] $cex
INFO [2018-04-28 10:12:13] [1] 2.7
INFO [2018-04-28 10:12:13] 
INFO [2018-04-28 10:12:13] $lty
INFO [2018-04-28 10:12:13] [1] 1
INFO [2018-04-28 10:12:13] 
INFO [2018-04-28 10:12:13] $height
INFO [2018-04-28 10:12:13] [1] 2000
INFO [2018-04-28 10:12:13] 
INFO [2018-04-28 10:12:13] $width
INFO [2018-04-28 10:12:13] [1] 2000
INFO [2018-04-28 10:12:13] 
INFO [2018-04-28 10:12:13] $fontfamily
INFO [2018-04-28 10:12:13] [1] "sans"
INFO [2018-04-28 10:12:13] 
INFO [2018-04-28 10:12:13] $cat.fontfamily
INFO [2018-04-28 10:12:13] [1] "sans"
INFO [2018-04-28 10:12:13] 
INFO [2018-04-28 10:12:13] $main.fontfamily
INFO [2018-04-28 10:12:13] [1] "sans"
INFO [2018-04-28 10:12:13] 
INFO [2018-04-28 10:12:13] $cat.fontface
INFO [2018-04-28 10:12:13] [1] "bold"
INFO [2018-04-28 10:12:13] 
INFO [2018-04-28 10:12:13] $main.fontface
INFO [2018-04-28 10:12:13] [1] "bold"
INFO [2018-04-28 10:12:13] 
INFO [2018-04-28 10:12:13] [[1]]
INFO [2018-04-28 10:12:13] mylist
INFO [2018-04-28 10:12:13] 
INFO [2018-04-28 10:12:13] $filename
INFO [2018-04-28 10:12:13] NULL
INFO [2018-04-28 10:12:13] 
INFO [2018-04-28 10:12:13] $fill
INFO [2018-04-28 10:12:13] pal[1:4]
INFO [2018-04-28 10:12:13] 
INFO [2018-04-28 10:12:13] $main.cex
INFO [2018-04-28 10:12:13] [1] 3
INFO [2018-04-28 10:12:13] 
INFO [2018-04-28 10:12:13] $cat.cex
INFO [2018-04-28 10:12:13] [1] 2.7
INFO [2018-04-28 10:12:13] 
INFO [2018-04-28 10:12:13] $cex
INFO [2018-04-28 10:12:13] [1] 2.7
INFO [2018-04-28 10:12:13] 
INFO [2018-04-28 10:12:13] $lty
INFO [2018-04-28 10:12:13] [1] 1
INFO [2018-04-28 10:12:13] 
INFO [2018-04-28 10:12:13] $height
INFO [2018-04-28 10:12:13] [1] 2000
INFO [2018-04-28 10:12:13] 
INFO [2018-04-28 10:12:13] $width
INFO [2018-04-28 10:12:13] [1] 2000
INFO [2018-04-28 10:12:13] 
INFO [2018-04-28 10:12:13] $fontfamily
INFO [2018-04-28 10:12:13] [1] "sans"
INFO [2018-04-28 10:12:13] 
INFO [2018-04-28 10:12:13] $cat.fontfamily
INFO [2018-04-28 10:12:13] [1] "sans"
INFO [2018-04-28 10:12:13] 
INFO [2018-04-28 10:12:13] $main.fontfamily
INFO [2018-04-28 10:12:13] [1] "sans"
INFO [2018-04-28 10:12:13] 
INFO [2018-04-28 10:12:13] $cat.fontface
INFO [2018-04-28 10:12:13] [1] "bold"
INFO [2018-04-28 10:12:13] 
INFO [2018-04-28 10:12:13] $main.fontface
INFO [2018-04-28 10:12:13] [1] "bold"
INFO [2018-04-28 10:12:13] 
INFO [2018-04-28 10:12:13] [[1]]
INFO [2018-04-28 10:12:13] mylist
INFO [2018-04-28 10:12:13] 
INFO [2018-04-28 10:12:13] $filename
INFO [2018-04-28 10:12:13] NULL
INFO [2018-04-28 10:12:13] 
INFO [2018-04-28 10:12:13] $fill
INFO [2018-04-28 10:12:13] pal[1:4]
INFO [2018-04-28 10:12:13] 
INFO [2018-04-28 10:12:13] $main.cex
INFO [2018-04-28 10:12:13] [1] 3
INFO [2018-04-28 10:12:13] 
INFO [2018-04-28 10:12:13] $cat.cex
INFO [2018-04-28 10:12:13] [1] 2.7
INFO [2018-04-28 10:12:13] 
INFO [2018-04-28 10:12:13] $cex
INFO [2018-04-28 10:12:13] [1] 2.7
INFO [2018-04-28 10:12:13] 
INFO [2018-04-28 10:12:13] $lty
INFO [2018-04-28 10:12:13] [1] 1
INFO [2018-04-28 10:12:13] 
INFO [2018-04-28 10:12:13] $height
INFO [2018-04-28 10:12:13] [1] 2000
INFO [2018-04-28 10:12:13] 
INFO [2018-04-28 10:12:13] $width
INFO [2018-04-28 10:12:13] [1] 2000
INFO [2018-04-28 10:12:13] 
INFO [2018-04-28 10:12:13] $fontfamily
INFO [2018-04-28 10:12:13] [1] "sans"
INFO [2018-04-28 10:12:13] 
INFO [2018-04-28 10:12:13] $cat.fontfamily
INFO [2018-04-28 10:12:13] [1] "sans"
INFO [2018-04-28 10:12:13] 
INFO [2018-04-28 10:12:13] $main.fontfamily
INFO [2018-04-28 10:12:13] [1] "sans"
INFO [2018-04-28 10:12:13] 
INFO [2018-04-28 10:12:13] $cat.fontface
INFO [2018-04-28 10:12:13] [1] "bold"
INFO [2018-04-28 10:12:13] 
INFO [2018-04-28 10:12:13] $main.fontface
INFO [2018-04-28 10:12:13] [1] "bold"
INFO [2018-04-28 10:12:13] 
