INFO [2018-02-25 15:56:47] [[1]]
INFO [2018-02-25 15:56:47] mylist
INFO [2018-02-25 15:56:47] 
INFO [2018-02-25 15:56:47] $filename
INFO [2018-02-25 15:56:47] NULL
INFO [2018-02-25 15:56:47] 
INFO [2018-02-25 15:56:47] $main
INFO [2018-02-25 15:56:47] [1] "Upregulated heart specific (FDR 1%)"
INFO [2018-02-25 15:56:47] 
INFO [2018-02-25 15:56:47] $main.cex
INFO [2018-02-25 15:56:47] [1] 2
INFO [2018-02-25 15:56:47] 
INFO [2018-02-25 15:56:47] $cat.cex
INFO [2018-02-25 15:56:47] [1] 1.5
INFO [2018-02-25 15:56:47] 
INFO [2018-02-25 15:56:47] $cex
INFO [2018-02-25 15:56:47] [1] 2.5
INFO [2018-02-25 15:56:47] 
INFO [2018-02-25 15:56:47] $fill
INFO [2018-02-25 15:56:47] pal[1:3]
INFO [2018-02-25 15:56:47] 
INFO [2018-02-25 15:56:47] $lty
INFO [2018-02-25 15:56:47] [1] 1
INFO [2018-02-25 15:56:47] 
INFO [2018-02-25 15:56:47] $height
INFO [2018-02-25 15:56:47] [1] 2000
INFO [2018-02-25 15:56:47] 
INFO [2018-02-25 15:56:47] $width
INFO [2018-02-25 15:56:47] [1] 3000
INFO [2018-02-25 15:56:47] 
