INFO [2018-06-22 00:40:59] [[1]]
INFO [2018-06-22 00:40:59] mylist
INFO [2018-06-22 00:40:59] 
INFO [2018-06-22 00:40:59] $filename
INFO [2018-06-22 00:40:59] NULL
INFO [2018-06-22 00:40:59] 
INFO [2018-06-22 00:40:59] $fill
INFO [2018-06-22 00:40:59] pal[1:3]
INFO [2018-06-22 00:40:59] 
INFO [2018-06-22 00:40:59] $main.cex
INFO [2018-06-22 00:40:59] [1] 3
INFO [2018-06-22 00:40:59] 
INFO [2018-06-22 00:40:59] $cat.cex
INFO [2018-06-22 00:40:59] [1] 3
INFO [2018-06-22 00:40:59] 
INFO [2018-06-22 00:40:59] $cex
INFO [2018-06-22 00:40:59] [1] 3.5
INFO [2018-06-22 00:40:59] 
INFO [2018-06-22 00:40:59] $lty
INFO [2018-06-22 00:40:59] [1] 1
INFO [2018-06-22 00:40:59] 
INFO [2018-06-22 00:40:59] $height
INFO [2018-06-22 00:40:59] [1] 2000
INFO [2018-06-22 00:40:59] 
INFO [2018-06-22 00:40:59] $width
INFO [2018-06-22 00:40:59] [1] 2000
INFO [2018-06-22 00:40:59] 
INFO [2018-06-22 00:40:59] $fontfamily
INFO [2018-06-22 00:40:59] [1] "sans"
INFO [2018-06-22 00:40:59] 
INFO [2018-06-22 00:40:59] $cat.fontfamily
INFO [2018-06-22 00:40:59] [1] "sans"
INFO [2018-06-22 00:40:59] 
INFO [2018-06-22 00:40:59] $main.fontfamily
INFO [2018-06-22 00:40:59] [1] "sans"
INFO [2018-06-22 00:40:59] 
INFO [2018-06-22 00:40:59] $cat.fontface
INFO [2018-06-22 00:40:59] [1] "bold"
INFO [2018-06-22 00:40:59] 
INFO [2018-06-22 00:40:59] $main.fontface
INFO [2018-06-22 00:40:59] [1] "bold"
INFO [2018-06-22 00:40:59] 
INFO [2018-06-22 00:40:59] $cat.dist
INFO [2018-06-22 00:40:59] [1] 0.05
INFO [2018-06-22 00:40:59] 
