INFO [2018-05-04 17:11:50] [[1]]
INFO [2018-05-04 17:11:50] mylist
INFO [2018-05-04 17:11:50] 
INFO [2018-05-04 17:11:50] $filename
INFO [2018-05-04 17:11:50] NULL
INFO [2018-05-04 17:11:50] 
INFO [2018-05-04 17:11:50] $fill
INFO [2018-05-04 17:11:50] pal[1:3]
INFO [2018-05-04 17:11:50] 
INFO [2018-05-04 17:11:50] $main.cex
INFO [2018-05-04 17:11:50] [1] 3
INFO [2018-05-04 17:11:50] 
INFO [2018-05-04 17:11:50] $cat.cex
INFO [2018-05-04 17:11:50] [1] 3
INFO [2018-05-04 17:11:50] 
INFO [2018-05-04 17:11:50] $cex
INFO [2018-05-04 17:11:50] [1] 3.5
INFO [2018-05-04 17:11:50] 
INFO [2018-05-04 17:11:50] $lty
INFO [2018-05-04 17:11:50] [1] 1
INFO [2018-05-04 17:11:50] 
INFO [2018-05-04 17:11:50] $height
INFO [2018-05-04 17:11:50] [1] 2000
INFO [2018-05-04 17:11:50] 
INFO [2018-05-04 17:11:50] $width
INFO [2018-05-04 17:11:50] [1] 2000
INFO [2018-05-04 17:11:50] 
INFO [2018-05-04 17:11:50] $fontfamily
INFO [2018-05-04 17:11:50] [1] "sans"
INFO [2018-05-04 17:11:50] 
INFO [2018-05-04 17:11:50] $cat.fontfamily
INFO [2018-05-04 17:11:50] [1] "sans"
INFO [2018-05-04 17:11:50] 
INFO [2018-05-04 17:11:50] $main.fontfamily
INFO [2018-05-04 17:11:50] [1] "sans"
INFO [2018-05-04 17:11:50] 
INFO [2018-05-04 17:11:50] $cat.fontface
INFO [2018-05-04 17:11:50] [1] "bold"
INFO [2018-05-04 17:11:50] 
INFO [2018-05-04 17:11:50] $main.fontface
INFO [2018-05-04 17:11:50] [1] "bold"
INFO [2018-05-04 17:11:50] 
INFO [2018-05-04 17:11:50] $cat.dist
INFO [2018-05-04 17:11:50] [1] 0.05
INFO [2018-05-04 17:11:50] 
INFO [2018-05-04 17:11:50] [[1]]
INFO [2018-05-04 17:11:50] mylist
INFO [2018-05-04 17:11:50] 
INFO [2018-05-04 17:11:50] $filename
INFO [2018-05-04 17:11:50] NULL
INFO [2018-05-04 17:11:50] 
INFO [2018-05-04 17:11:50] $fill
INFO [2018-05-04 17:11:50] pal[1:3]
INFO [2018-05-04 17:11:50] 
INFO [2018-05-04 17:11:50] $main.cex
INFO [2018-05-04 17:11:50] [1] 3
INFO [2018-05-04 17:11:50] 
INFO [2018-05-04 17:11:50] $cat.cex
INFO [2018-05-04 17:11:50] [1] 3
INFO [2018-05-04 17:11:50] 
INFO [2018-05-04 17:11:50] $cex
INFO [2018-05-04 17:11:50] [1] 3.5
INFO [2018-05-04 17:11:50] 
INFO [2018-05-04 17:11:50] $lty
INFO [2018-05-04 17:11:50] [1] 1
INFO [2018-05-04 17:11:50] 
INFO [2018-05-04 17:11:50] $height
INFO [2018-05-04 17:11:50] [1] 2000
INFO [2018-05-04 17:11:50] 
INFO [2018-05-04 17:11:50] $width
INFO [2018-05-04 17:11:50] [1] 2000
INFO [2018-05-04 17:11:50] 
INFO [2018-05-04 17:11:50] $fontfamily
INFO [2018-05-04 17:11:50] [1] "sans"
INFO [2018-05-04 17:11:50] 
INFO [2018-05-04 17:11:50] $cat.fontfamily
INFO [2018-05-04 17:11:50] [1] "sans"
INFO [2018-05-04 17:11:50] 
INFO [2018-05-04 17:11:50] $main.fontfamily
INFO [2018-05-04 17:11:50] [1] "sans"
INFO [2018-05-04 17:11:50] 
INFO [2018-05-04 17:11:50] $cat.fontface
INFO [2018-05-04 17:11:50] [1] "bold"
INFO [2018-05-04 17:11:50] 
INFO [2018-05-04 17:11:50] $main.fontface
INFO [2018-05-04 17:11:50] [1] "bold"
INFO [2018-05-04 17:11:50] 
INFO [2018-05-04 17:11:50] $cat.dist
INFO [2018-05-04 17:11:50] [1] 0.05
INFO [2018-05-04 17:11:50] 
INFO [2018-05-04 17:11:50] [[1]]
INFO [2018-05-04 17:11:50] mylist
INFO [2018-05-04 17:11:50] 
INFO [2018-05-04 17:11:50] $filename
INFO [2018-05-04 17:11:50] NULL
INFO [2018-05-04 17:11:50] 
INFO [2018-05-04 17:11:50] $fill
INFO [2018-05-04 17:11:50] pal[1:3]
INFO [2018-05-04 17:11:50] 
INFO [2018-05-04 17:11:50] $main.cex
INFO [2018-05-04 17:11:50] [1] 3
INFO [2018-05-04 17:11:50] 
INFO [2018-05-04 17:11:50] $cat.cex
INFO [2018-05-04 17:11:50] [1] 3
INFO [2018-05-04 17:11:50] 
INFO [2018-05-04 17:11:50] $cex
INFO [2018-05-04 17:11:50] [1] 3.5
INFO [2018-05-04 17:11:50] 
INFO [2018-05-04 17:11:50] $lty
INFO [2018-05-04 17:11:50] [1] 1
INFO [2018-05-04 17:11:50] 
INFO [2018-05-04 17:11:50] $height
INFO [2018-05-04 17:11:50] [1] 2000
INFO [2018-05-04 17:11:50] 
INFO [2018-05-04 17:11:50] $width
INFO [2018-05-04 17:11:50] [1] 2000
INFO [2018-05-04 17:11:50] 
INFO [2018-05-04 17:11:50] $fontfamily
INFO [2018-05-04 17:11:50] [1] "sans"
INFO [2018-05-04 17:11:50] 
INFO [2018-05-04 17:11:50] $cat.fontfamily
INFO [2018-05-04 17:11:50] [1] "sans"
INFO [2018-05-04 17:11:50] 
INFO [2018-05-04 17:11:50] $main.fontfamily
INFO [2018-05-04 17:11:50] [1] "sans"
INFO [2018-05-04 17:11:50] 
INFO [2018-05-04 17:11:50] $cat.fontface
INFO [2018-05-04 17:11:50] [1] "bold"
INFO [2018-05-04 17:11:50] 
INFO [2018-05-04 17:11:50] $main.fontface
INFO [2018-05-04 17:11:50] [1] "bold"
INFO [2018-05-04 17:11:50] 
INFO [2018-05-04 17:11:50] $cat.dist
INFO [2018-05-04 17:11:50] [1] 0.05
INFO [2018-05-04 17:11:50] 
INFO [2018-05-04 17:11:50] [[1]]
INFO [2018-05-04 17:11:50] mylist
INFO [2018-05-04 17:11:50] 
INFO [2018-05-04 17:11:50] $filename
INFO [2018-05-04 17:11:50] NULL
INFO [2018-05-04 17:11:50] 
INFO [2018-05-04 17:11:50] $fill
INFO [2018-05-04 17:11:50] pal[1:3]
INFO [2018-05-04 17:11:50] 
INFO [2018-05-04 17:11:50] $main.cex
INFO [2018-05-04 17:11:50] [1] 3
INFO [2018-05-04 17:11:50] 
INFO [2018-05-04 17:11:50] $cat.cex
INFO [2018-05-04 17:11:50] [1] 3
INFO [2018-05-04 17:11:50] 
INFO [2018-05-04 17:11:50] $cex
INFO [2018-05-04 17:11:50] [1] 3.5
INFO [2018-05-04 17:11:50] 
INFO [2018-05-04 17:11:50] $lty
INFO [2018-05-04 17:11:50] [1] 1
INFO [2018-05-04 17:11:50] 
INFO [2018-05-04 17:11:50] $height
INFO [2018-05-04 17:11:50] [1] 2000
INFO [2018-05-04 17:11:50] 
INFO [2018-05-04 17:11:50] $width
INFO [2018-05-04 17:11:50] [1] 2000
INFO [2018-05-04 17:11:50] 
INFO [2018-05-04 17:11:50] $fontfamily
INFO [2018-05-04 17:11:50] [1] "sans"
INFO [2018-05-04 17:11:50] 
INFO [2018-05-04 17:11:50] $cat.fontfamily
INFO [2018-05-04 17:11:50] [1] "sans"
INFO [2018-05-04 17:11:50] 
INFO [2018-05-04 17:11:50] $main.fontfamily
INFO [2018-05-04 17:11:50] [1] "sans"
INFO [2018-05-04 17:11:50] 
INFO [2018-05-04 17:11:50] $cat.fontface
INFO [2018-05-04 17:11:50] [1] "bold"
INFO [2018-05-04 17:11:50] 
INFO [2018-05-04 17:11:50] $main.fontface
INFO [2018-05-04 17:11:50] [1] "bold"
INFO [2018-05-04 17:11:50] 
INFO [2018-05-04 17:11:50] $cat.dist
INFO [2018-05-04 17:11:50] [1] 0.05
INFO [2018-05-04 17:11:50] 
INFO [2018-05-04 17:11:50] [[1]]
INFO [2018-05-04 17:11:50] mylist
INFO [2018-05-04 17:11:50] 
INFO [2018-05-04 17:11:50] $filename
INFO [2018-05-04 17:11:50] NULL
INFO [2018-05-04 17:11:50] 
INFO [2018-05-04 17:11:50] $fill
INFO [2018-05-04 17:11:50] pal[1:3]
INFO [2018-05-04 17:11:50] 
INFO [2018-05-04 17:11:50] $main.cex
INFO [2018-05-04 17:11:50] [1] 3
INFO [2018-05-04 17:11:50] 
INFO [2018-05-04 17:11:50] $cat.cex
INFO [2018-05-04 17:11:50] [1] 3
INFO [2018-05-04 17:11:50] 
INFO [2018-05-04 17:11:50] $cex
INFO [2018-05-04 17:11:50] [1] 3.5
INFO [2018-05-04 17:11:50] 
INFO [2018-05-04 17:11:50] $lty
INFO [2018-05-04 17:11:50] [1] 1
INFO [2018-05-04 17:11:50] 
INFO [2018-05-04 17:11:50] $height
INFO [2018-05-04 17:11:50] [1] 2000
INFO [2018-05-04 17:11:50] 
INFO [2018-05-04 17:11:50] $width
INFO [2018-05-04 17:11:50] [1] 2000
INFO [2018-05-04 17:11:50] 
INFO [2018-05-04 17:11:50] $fontfamily
INFO [2018-05-04 17:11:50] [1] "sans"
INFO [2018-05-04 17:11:50] 
INFO [2018-05-04 17:11:50] $cat.fontfamily
INFO [2018-05-04 17:11:50] [1] "sans"
INFO [2018-05-04 17:11:50] 
INFO [2018-05-04 17:11:50] $main.fontfamily
INFO [2018-05-04 17:11:50] [1] "sans"
INFO [2018-05-04 17:11:50] 
INFO [2018-05-04 17:11:50] $cat.fontface
INFO [2018-05-04 17:11:50] [1] "bold"
INFO [2018-05-04 17:11:50] 
INFO [2018-05-04 17:11:50] $main.fontface
INFO [2018-05-04 17:11:50] [1] "bold"
INFO [2018-05-04 17:11:50] 
INFO [2018-05-04 17:11:50] $cat.dist
INFO [2018-05-04 17:11:50] [1] 0.05
INFO [2018-05-04 17:11:50] 
INFO [2018-05-04 17:11:50] [[1]]
INFO [2018-05-04 17:11:50] mylist
INFO [2018-05-04 17:11:50] 
INFO [2018-05-04 17:11:50] $filename
INFO [2018-05-04 17:11:50] NULL
INFO [2018-05-04 17:11:50] 
INFO [2018-05-04 17:11:50] $fill
INFO [2018-05-04 17:11:50] pal[1:3]
INFO [2018-05-04 17:11:50] 
INFO [2018-05-04 17:11:50] $main.cex
INFO [2018-05-04 17:11:50] [1] 3
INFO [2018-05-04 17:11:50] 
INFO [2018-05-04 17:11:50] $cat.cex
INFO [2018-05-04 17:11:50] [1] 3
INFO [2018-05-04 17:11:50] 
INFO [2018-05-04 17:11:50] $cex
INFO [2018-05-04 17:11:50] [1] 3.5
INFO [2018-05-04 17:11:50] 
INFO [2018-05-04 17:11:50] $lty
INFO [2018-05-04 17:11:50] [1] 1
INFO [2018-05-04 17:11:50] 
INFO [2018-05-04 17:11:50] $height
INFO [2018-05-04 17:11:50] [1] 2000
INFO [2018-05-04 17:11:50] 
INFO [2018-05-04 17:11:50] $width
INFO [2018-05-04 17:11:50] [1] 2000
INFO [2018-05-04 17:11:50] 
INFO [2018-05-04 17:11:50] $fontfamily
INFO [2018-05-04 17:11:50] [1] "sans"
INFO [2018-05-04 17:11:50] 
INFO [2018-05-04 17:11:50] $cat.fontfamily
INFO [2018-05-04 17:11:50] [1] "sans"
INFO [2018-05-04 17:11:50] 
INFO [2018-05-04 17:11:50] $main.fontfamily
INFO [2018-05-04 17:11:50] [1] "sans"
INFO [2018-05-04 17:11:50] 
INFO [2018-05-04 17:11:50] $cat.fontface
INFO [2018-05-04 17:11:50] [1] "bold"
INFO [2018-05-04 17:11:50] 
INFO [2018-05-04 17:11:50] $main.fontface
INFO [2018-05-04 17:11:50] [1] "bold"
INFO [2018-05-04 17:11:50] 
INFO [2018-05-04 17:11:50] $cat.dist
INFO [2018-05-04 17:11:50] [1] 0.05
INFO [2018-05-04 17:11:50] 
INFO [2018-05-04 17:11:50] [[1]]
INFO [2018-05-04 17:11:50] mylist
INFO [2018-05-04 17:11:50] 
INFO [2018-05-04 17:11:50] $filename
INFO [2018-05-04 17:11:50] NULL
INFO [2018-05-04 17:11:50] 
INFO [2018-05-04 17:11:50] $fill
INFO [2018-05-04 17:11:50] pal[1:3]
INFO [2018-05-04 17:11:50] 
INFO [2018-05-04 17:11:50] $main.cex
INFO [2018-05-04 17:11:50] [1] 3
INFO [2018-05-04 17:11:50] 
INFO [2018-05-04 17:11:50] $cat.cex
INFO [2018-05-04 17:11:50] [1] 3
INFO [2018-05-04 17:11:50] 
INFO [2018-05-04 17:11:50] $cex
INFO [2018-05-04 17:11:50] [1] 3.5
INFO [2018-05-04 17:11:50] 
INFO [2018-05-04 17:11:50] $lty
INFO [2018-05-04 17:11:50] [1] 1
INFO [2018-05-04 17:11:50] 
INFO [2018-05-04 17:11:50] $height
INFO [2018-05-04 17:11:50] [1] 2000
INFO [2018-05-04 17:11:50] 
INFO [2018-05-04 17:11:50] $width
INFO [2018-05-04 17:11:50] [1] 2000
INFO [2018-05-04 17:11:50] 
INFO [2018-05-04 17:11:50] $fontfamily
INFO [2018-05-04 17:11:50] [1] "sans"
INFO [2018-05-04 17:11:50] 
INFO [2018-05-04 17:11:50] $cat.fontfamily
INFO [2018-05-04 17:11:50] [1] "sans"
INFO [2018-05-04 17:11:50] 
INFO [2018-05-04 17:11:50] $main.fontfamily
INFO [2018-05-04 17:11:50] [1] "sans"
INFO [2018-05-04 17:11:50] 
INFO [2018-05-04 17:11:50] $cat.fontface
INFO [2018-05-04 17:11:50] [1] "bold"
INFO [2018-05-04 17:11:50] 
INFO [2018-05-04 17:11:50] $main.fontface
INFO [2018-05-04 17:11:50] [1] "bold"
INFO [2018-05-04 17:11:50] 
INFO [2018-05-04 17:11:50] $cat.dist
INFO [2018-05-04 17:11:50] [1] 0.05
INFO [2018-05-04 17:11:50] 
INFO [2018-05-04 17:11:50] [[1]]
INFO [2018-05-04 17:11:50] mylist
INFO [2018-05-04 17:11:50] 
INFO [2018-05-04 17:11:50] $filename
INFO [2018-05-04 17:11:50] NULL
INFO [2018-05-04 17:11:50] 
INFO [2018-05-04 17:11:50] $fill
INFO [2018-05-04 17:11:50] pal[1:3]
INFO [2018-05-04 17:11:50] 
INFO [2018-05-04 17:11:50] $main.cex
INFO [2018-05-04 17:11:50] [1] 3
INFO [2018-05-04 17:11:50] 
INFO [2018-05-04 17:11:50] $cat.cex
INFO [2018-05-04 17:11:50] [1] 3
INFO [2018-05-04 17:11:50] 
INFO [2018-05-04 17:11:50] $cex
INFO [2018-05-04 17:11:50] [1] 3.5
INFO [2018-05-04 17:11:50] 
INFO [2018-05-04 17:11:50] $lty
INFO [2018-05-04 17:11:50] [1] 1
INFO [2018-05-04 17:11:50] 
INFO [2018-05-04 17:11:50] $height
INFO [2018-05-04 17:11:50] [1] 2000
INFO [2018-05-04 17:11:50] 
INFO [2018-05-04 17:11:50] $width
INFO [2018-05-04 17:11:50] [1] 2000
INFO [2018-05-04 17:11:50] 
INFO [2018-05-04 17:11:50] $fontfamily
INFO [2018-05-04 17:11:50] [1] "sans"
INFO [2018-05-04 17:11:50] 
INFO [2018-05-04 17:11:50] $cat.fontfamily
INFO [2018-05-04 17:11:50] [1] "sans"
INFO [2018-05-04 17:11:50] 
INFO [2018-05-04 17:11:50] $main.fontfamily
INFO [2018-05-04 17:11:50] [1] "sans"
INFO [2018-05-04 17:11:50] 
INFO [2018-05-04 17:11:50] $cat.fontface
INFO [2018-05-04 17:11:50] [1] "bold"
INFO [2018-05-04 17:11:50] 
INFO [2018-05-04 17:11:50] $main.fontface
INFO [2018-05-04 17:11:50] [1] "bold"
INFO [2018-05-04 17:11:50] 
INFO [2018-05-04 17:11:50] $cat.dist
INFO [2018-05-04 17:11:50] [1] 0.05
INFO [2018-05-04 17:11:50] 
INFO [2018-05-04 17:11:50] [[1]]
INFO [2018-05-04 17:11:50] mylist
INFO [2018-05-04 17:11:50] 
INFO [2018-05-04 17:11:50] $filename
INFO [2018-05-04 17:11:50] NULL
INFO [2018-05-04 17:11:50] 
INFO [2018-05-04 17:11:50] $fill
INFO [2018-05-04 17:11:50] pal[1:3]
INFO [2018-05-04 17:11:50] 
INFO [2018-05-04 17:11:50] $main.cex
INFO [2018-05-04 17:11:50] [1] 3
INFO [2018-05-04 17:11:50] 
INFO [2018-05-04 17:11:50] $cat.cex
INFO [2018-05-04 17:11:50] [1] 3
INFO [2018-05-04 17:11:50] 
INFO [2018-05-04 17:11:50] $cex
INFO [2018-05-04 17:11:50] [1] 3.5
INFO [2018-05-04 17:11:50] 
INFO [2018-05-04 17:11:50] $lty
INFO [2018-05-04 17:11:50] [1] 1
INFO [2018-05-04 17:11:50] 
INFO [2018-05-04 17:11:50] $height
INFO [2018-05-04 17:11:50] [1] 2000
INFO [2018-05-04 17:11:50] 
INFO [2018-05-04 17:11:50] $width
INFO [2018-05-04 17:11:50] [1] 2000
INFO [2018-05-04 17:11:50] 
INFO [2018-05-04 17:11:50] $fontfamily
INFO [2018-05-04 17:11:50] [1] "sans"
INFO [2018-05-04 17:11:50] 
INFO [2018-05-04 17:11:50] $cat.fontfamily
INFO [2018-05-04 17:11:50] [1] "sans"
INFO [2018-05-04 17:11:50] 
INFO [2018-05-04 17:11:50] $main.fontfamily
INFO [2018-05-04 17:11:50] [1] "sans"
INFO [2018-05-04 17:11:50] 
INFO [2018-05-04 17:11:50] $cat.fontface
INFO [2018-05-04 17:11:50] [1] "bold"
INFO [2018-05-04 17:11:50] 
INFO [2018-05-04 17:11:50] $main.fontface
INFO [2018-05-04 17:11:50] [1] "bold"
INFO [2018-05-04 17:11:50] 
INFO [2018-05-04 17:11:50] $cat.dist
INFO [2018-05-04 17:11:50] [1] 0.05
INFO [2018-05-04 17:11:50] 
INFO [2018-05-04 17:11:50] [[1]]
INFO [2018-05-04 17:11:50] mylist
INFO [2018-05-04 17:11:50] 
INFO [2018-05-04 17:11:50] $filename
INFO [2018-05-04 17:11:50] NULL
INFO [2018-05-04 17:11:50] 
INFO [2018-05-04 17:11:50] $fill
INFO [2018-05-04 17:11:50] pal[1:3]
INFO [2018-05-04 17:11:50] 
INFO [2018-05-04 17:11:50] $main.cex
INFO [2018-05-04 17:11:50] [1] 3
INFO [2018-05-04 17:11:50] 
INFO [2018-05-04 17:11:50] $cat.cex
INFO [2018-05-04 17:11:50] [1] 3
INFO [2018-05-04 17:11:50] 
INFO [2018-05-04 17:11:50] $cex
INFO [2018-05-04 17:11:50] [1] 3.5
INFO [2018-05-04 17:11:50] 
INFO [2018-05-04 17:11:50] $lty
INFO [2018-05-04 17:11:50] [1] 1
INFO [2018-05-04 17:11:50] 
INFO [2018-05-04 17:11:50] $height
INFO [2018-05-04 17:11:50] [1] 2000
INFO [2018-05-04 17:11:50] 
INFO [2018-05-04 17:11:50] $width
INFO [2018-05-04 17:11:50] [1] 2000
INFO [2018-05-04 17:11:50] 
INFO [2018-05-04 17:11:50] $fontfamily
INFO [2018-05-04 17:11:50] [1] "sans"
INFO [2018-05-04 17:11:50] 
INFO [2018-05-04 17:11:50] $cat.fontfamily
INFO [2018-05-04 17:11:50] [1] "sans"
INFO [2018-05-04 17:11:50] 
INFO [2018-05-04 17:11:50] $main.fontfamily
INFO [2018-05-04 17:11:50] [1] "sans"
INFO [2018-05-04 17:11:50] 
INFO [2018-05-04 17:11:50] $cat.fontface
INFO [2018-05-04 17:11:50] [1] "bold"
INFO [2018-05-04 17:11:50] 
INFO [2018-05-04 17:11:50] $main.fontface
INFO [2018-05-04 17:11:50] [1] "bold"
INFO [2018-05-04 17:11:50] 
INFO [2018-05-04 17:11:50] $cat.dist
INFO [2018-05-04 17:11:50] [1] 0.05
INFO [2018-05-04 17:11:50] 
INFO [2018-05-04 17:11:50] [[1]]
INFO [2018-05-04 17:11:50] mylist
INFO [2018-05-04 17:11:50] 
INFO [2018-05-04 17:11:50] $filename
INFO [2018-05-04 17:11:50] NULL
INFO [2018-05-04 17:11:50] 
INFO [2018-05-04 17:11:50] $fill
INFO [2018-05-04 17:11:50] pal[1:3]
INFO [2018-05-04 17:11:50] 
INFO [2018-05-04 17:11:50] $main.cex
INFO [2018-05-04 17:11:50] [1] 3
INFO [2018-05-04 17:11:50] 
INFO [2018-05-04 17:11:50] $cat.cex
INFO [2018-05-04 17:11:50] [1] 3
INFO [2018-05-04 17:11:50] 
INFO [2018-05-04 17:11:50] $cex
INFO [2018-05-04 17:11:50] [1] 3.5
INFO [2018-05-04 17:11:50] 
INFO [2018-05-04 17:11:50] $lty
INFO [2018-05-04 17:11:50] [1] 1
INFO [2018-05-04 17:11:50] 
INFO [2018-05-04 17:11:50] $height
INFO [2018-05-04 17:11:50] [1] 2000
INFO [2018-05-04 17:11:50] 
INFO [2018-05-04 17:11:50] $width
INFO [2018-05-04 17:11:50] [1] 2000
INFO [2018-05-04 17:11:50] 
INFO [2018-05-04 17:11:50] $fontfamily
INFO [2018-05-04 17:11:50] [1] "sans"
INFO [2018-05-04 17:11:50] 
INFO [2018-05-04 17:11:50] $cat.fontfamily
INFO [2018-05-04 17:11:50] [1] "sans"
INFO [2018-05-04 17:11:50] 
INFO [2018-05-04 17:11:50] $main.fontfamily
INFO [2018-05-04 17:11:50] [1] "sans"
INFO [2018-05-04 17:11:50] 
INFO [2018-05-04 17:11:50] $cat.fontface
INFO [2018-05-04 17:11:50] [1] "bold"
INFO [2018-05-04 17:11:50] 
INFO [2018-05-04 17:11:50] $main.fontface
INFO [2018-05-04 17:11:50] [1] "bold"
INFO [2018-05-04 17:11:50] 
INFO [2018-05-04 17:11:50] $cat.dist
INFO [2018-05-04 17:11:50] [1] 0.05
INFO [2018-05-04 17:11:50] 
