INFO [2018-05-08 16:11:35] [[1]]
INFO [2018-05-08 16:11:35] mylist
INFO [2018-05-08 16:11:35] 
INFO [2018-05-08 16:11:35] $filename
INFO [2018-05-08 16:11:35] NULL
INFO [2018-05-08 16:11:35] 
INFO [2018-05-08 16:11:35] $main
INFO [2018-05-08 16:11:35] [1] "DE genes between Humans and Chimps (FDR 1%)"
INFO [2018-05-08 16:11:35] 
INFO [2018-05-08 16:11:35] $cex
INFO [2018-05-08 16:11:35] [1] 1.5
INFO [2018-05-08 16:11:35] 
INFO [2018-05-08 16:11:35] $fill
INFO [2018-05-08 16:11:35] pal[1:4]
INFO [2018-05-08 16:11:35] 
INFO [2018-05-08 16:11:35] $lty
INFO [2018-05-08 16:11:35] [1] 1
INFO [2018-05-08 16:11:35] 
INFO [2018-05-08 16:11:35] $height
INFO [2018-05-08 16:11:35] [1] 2000
INFO [2018-05-08 16:11:35] 
INFO [2018-05-08 16:11:35] $width
INFO [2018-05-08 16:11:35] [1] 3000
INFO [2018-05-08 16:11:35] 
INFO [2018-05-08 16:11:35] $fontfamily
INFO [2018-05-08 16:11:35] [1] "sans"
INFO [2018-05-08 16:11:35] 
INFO [2018-05-08 16:11:35] $cat.fontfamily
INFO [2018-05-08 16:11:35] [1] "sans"
INFO [2018-05-08 16:11:35] 
INFO [2018-05-08 16:11:35] $main.fontfamily
INFO [2018-05-08 16:11:35] [1] "sans"
INFO [2018-05-08 16:11:35] 
INFO [2018-05-08 16:11:35] $cat.fontface
INFO [2018-05-08 16:11:35] [1] "bold"
INFO [2018-05-08 16:11:35] 
INFO [2018-05-08 16:11:35] $main.fontface
INFO [2018-05-08 16:11:35] [1] "bold"
INFO [2018-05-08 16:11:35] 
INFO [2018-05-08 16:11:35] $cat.cex
INFO [2018-05-08 16:11:35] [1] 1.2
INFO [2018-05-08 16:11:35] 
INFO [2018-05-08 16:11:35] $main.cex
INFO [2018-05-08 16:11:35] [1] 1.5
INFO [2018-05-08 16:11:35] 
