INFO [2019-06-24 20:18:41] [[1]]
INFO [2019-06-24 20:18:41] mylist
INFO [2019-06-24 20:18:41] 
INFO [2019-06-24 20:18:41] $filename
INFO [2019-06-24 20:18:41] NULL
INFO [2019-06-24 20:18:41] 
INFO [2019-06-24 20:18:41] $main
INFO [2019-06-24 20:18:41] [1] "Significant interactions in Humans (FDR 1%)"
INFO [2019-06-24 20:18:41] 
INFO [2019-06-24 20:18:41] $cex
INFO [2019-06-24 20:18:41] [1] 1.5
INFO [2019-06-24 20:18:41] 
INFO [2019-06-24 20:18:41] $fill
INFO [2019-06-24 20:18:41] pal[1:3]
INFO [2019-06-24 20:18:41] 
INFO [2019-06-24 20:18:41] $lty
INFO [2019-06-24 20:18:41] [1] 1
INFO [2019-06-24 20:18:41] 
INFO [2019-06-24 20:18:41] $height
INFO [2019-06-24 20:18:41] [1] 2000
INFO [2019-06-24 20:18:41] 
INFO [2019-06-24 20:18:41] $width
INFO [2019-06-24 20:18:41] [1] 3000
INFO [2019-06-24 20:18:41] 
